[2022-09-18 18:37:30,722] {taskinstance.py:826} INFO - Dependencies all met for <TaskInstance: bigquery_dag.query_big_query_table 2022-09-16T03:00:00+00:00 [queued]>
[2022-09-18 18:37:30,928] {taskinstance.py:826} INFO - Dependencies all met for <TaskInstance: bigquery_dag.query_big_query_table 2022-09-16T03:00:00+00:00 [queued]>
[2022-09-18 18:37:30,933] {taskinstance.py:1017} INFO - 
--------------------------------------------------------------------------------
[2022-09-18 18:37:30,936] {taskinstance.py:1018} INFO - Starting attempt 1 of 3
[2022-09-18 18:37:30,941] {taskinstance.py:1019} INFO - 
--------------------------------------------------------------------------------
[2022-09-18 18:37:31,200] {taskinstance.py:1038} INFO - Executing <Task(BigQueryOperator): query_big_query_table> on 2022-09-16T03:00:00+00:00
[2022-09-18 18:37:31,315] {standard_task_runner.py:51} INFO - Started process 429 to run task
[2022-09-18 18:37:31,444] {standard_task_runner.py:75} INFO - Running: ['airflow', 'tasks', 'run', 'bigquery_dag', 'query_big_query_table', '2022-09-16T03:00:00+00:00', '--job-id', '305', '--pool', 'default_pool', '--raw', '--subdir', 'DAGS_FOLDER/dag_with_bigquery.py', '--cfg-path', '/tmp/tmpwisgotw3']
[2022-09-18 18:37:31,534] {standard_task_runner.py:76} INFO - Job 305: Subtask query_big_query_table
[2022-09-18 18:37:34,689] {logging_mixin.py:103} INFO - Running <TaskInstance: bigquery_dag.query_big_query_table 2022-09-16T03:00:00+00:00 [running]> on host 27377494ab8b
[2022-09-18 18:37:35,897] {taskinstance.py:1232} INFO - Exporting the following env vars:
AIRFLOW_CTX_DAG_OWNER=Dave
AIRFLOW_CTX_DAG_ID=bigquery_dag
AIRFLOW_CTX_TASK_ID=query_big_query_table
AIRFLOW_CTX_EXECUTION_DATE=2022-09-16T03:00:00+00:00
AIRFLOW_CTX_DAG_RUN_ID=scheduled__2022-09-16T03:00:00+00:00
[2022-09-18 18:37:36,035] {bigquery.py:680} INFO - Executing: 
           select id from githubarchive.day.20220914
        
[2022-09-18 18:37:36,358] {logging_mixin.py:103} WARNING - /home/airflow/.local/lib/python3.6/site-packages/airflow/providers/google/cloud/hooks/bigquery.py:2052 DeprecationWarning: This method is deprecated. Please use `BigQueryHook.insert_job` method.
[2022-09-18 18:37:36,918] {bigquery.py:1510} INFO - Inserting job airflow_1663526256900802_06d2bf8b43be9b79a3e89edf3b53e367
[2022-09-18 18:37:46,260] {taskinstance.py:1142} INFO - Marking task as SUCCESS. dag_id=bigquery_dag, task_id=query_big_query_table, execution_date=20220916T030000, start_date=20220918T183730, end_date=20220918T183746
[2022-09-18 18:37:49,555] {local_task_job.py:170} WARNING - State of this instance has been externally set to success. Terminating instance.
[2022-09-18 18:37:49,853] {process_utils.py:95} INFO - Sending Signals.SIGTERM to GPID 429
[2022-09-18 18:37:49,874] {taskinstance.py:1214} ERROR - Received SIGTERM. Terminating subprocesses.
[2022-09-18 18:37:49,887] {bigquery.py:740} INFO - Cancelling running query
[2022-09-18 18:37:49,941] {logging_mixin.py:103} WARNING - /home/airflow/.local/lib/python3.6/site-packages/airflow/providers/google/cloud/hooks/bigquery.py:1371 DeprecationWarning: This method is deprecated. Please use `BigQueryHook.cancel_job`.
[2022-09-18 18:37:50,851] {bigquery.py:1398} INFO - No running BigQuery jobs to cancel.
[2022-09-18 18:37:51,194] {process_utils.py:61} INFO - Process psutil.Process(pid=429, status='terminated', exitcode=1, started='18:37:30') (429) terminated with exit code 1
[2022-09-18 18:37:51,244] {local_task_job.py:118} INFO - Task exited with return code 1
[2022-09-18 19:42:16,229] {taskinstance.py:826} INFO - Dependencies all met for <TaskInstance: bigquery_dag.query_big_query_table 2022-09-16T03:00:00+00:00 [queued]>
[2022-09-18 19:42:16,298] {taskinstance.py:826} INFO - Dependencies all met for <TaskInstance: bigquery_dag.query_big_query_table 2022-09-16T03:00:00+00:00 [queued]>
[2022-09-18 19:42:16,300] {taskinstance.py:1017} INFO - 
--------------------------------------------------------------------------------
[2022-09-18 19:42:16,303] {taskinstance.py:1018} INFO - Starting attempt 1 of 3
[2022-09-18 19:42:16,304] {taskinstance.py:1019} INFO - 
--------------------------------------------------------------------------------
[2022-09-18 19:42:16,354] {taskinstance.py:1038} INFO - Executing <Task(BigQueryOperator): query_big_query_table> on 2022-09-16T03:00:00+00:00
[2022-09-18 19:42:16,380] {standard_task_runner.py:51} INFO - Started process 4174 to run task
[2022-09-18 19:42:16,441] {standard_task_runner.py:75} INFO - Running: ['airflow', 'tasks', 'run', 'bigquery_dag', 'query_big_query_table', '2022-09-16T03:00:00+00:00', '--job-id', '437', '--pool', 'default_pool', '--raw', '--subdir', 'DAGS_FOLDER/dag_with_bigquery.py', '--cfg-path', '/tmp/tmpmji9geua']
[2022-09-18 19:42:16,460] {standard_task_runner.py:76} INFO - Job 437: Subtask query_big_query_table
[2022-09-18 19:42:16,767] {logging_mixin.py:103} INFO - Running <TaskInstance: bigquery_dag.query_big_query_table 2022-09-16T03:00:00+00:00 [running]> on host 27377494ab8b
[2022-09-18 19:42:17,106] {taskinstance.py:1232} INFO - Exporting the following env vars:
AIRFLOW_CTX_DAG_OWNER=Dave
AIRFLOW_CTX_DAG_ID=bigquery_dag
AIRFLOW_CTX_TASK_ID=query_big_query_table
AIRFLOW_CTX_EXECUTION_DATE=2022-09-16T03:00:00+00:00
AIRFLOW_CTX_DAG_RUN_ID=scheduled__2022-09-16T03:00:00+00:00
[2022-09-18 19:42:17,118] {bigquery.py:680} INFO - Executing: 
           select id from githubarchive.day.20220914
        
[2022-09-18 19:42:17,276] {logging_mixin.py:103} WARNING - /home/airflow/.local/lib/python3.6/site-packages/airflow/providers/google/cloud/hooks/bigquery.py:2052 DeprecationWarning: This method is deprecated. Please use `BigQueryHook.insert_job` method.
[2022-09-18 19:42:17,405] {bigquery.py:1510} INFO - Inserting job airflow_1663530137402379_06d2bf8b43be9b79a3e89edf3b53e367
[2022-09-18 19:42:19,263] {taskinstance.py:1142} INFO - Marking task as SUCCESS. dag_id=bigquery_dag, task_id=query_big_query_table, execution_date=20220916T030000, start_date=20220918T194216, end_date=20220918T194219
[2022-09-18 19:42:20,335] {taskinstance.py:1195} INFO - 0 downstream tasks scheduled from follow-on schedule check
[2022-09-18 19:42:20,494] {local_task_job.py:118} INFO - Task exited with return code 0
[2022-09-18 20:14:10,653] {taskinstance.py:826} INFO - Dependencies all met for <TaskInstance: bigquery_dag.query_big_query_table 2022-09-16T03:00:00+00:00 [queued]>
[2022-09-18 20:14:10,875] {taskinstance.py:826} INFO - Dependencies all met for <TaskInstance: bigquery_dag.query_big_query_table 2022-09-16T03:00:00+00:00 [queued]>
[2022-09-18 20:14:10,883] {taskinstance.py:1017} INFO - 
--------------------------------------------------------------------------------
[2022-09-18 20:14:10,888] {taskinstance.py:1018} INFO - Starting attempt 1 of 3
[2022-09-18 20:14:10,893] {taskinstance.py:1019} INFO - 
--------------------------------------------------------------------------------
[2022-09-18 20:14:11,310] {taskinstance.py:1038} INFO - Executing <Task(BigQueryOperator): query_big_query_table> on 2022-09-16T03:00:00+00:00
[2022-09-18 20:14:11,376] {standard_task_runner.py:51} INFO - Started process 919 to run task
[2022-09-18 20:14:11,609] {standard_task_runner.py:75} INFO - Running: ['airflow', 'tasks', 'run', 'bigquery_dag', 'query_big_query_table', '2022-09-16T03:00:00+00:00', '--job-id', '461', '--pool', 'default_pool', '--raw', '--subdir', 'DAGS_FOLDER/dag_with_bigquery.py', '--cfg-path', '/tmp/tmprl7hkcy9']
[2022-09-18 20:14:11,694] {standard_task_runner.py:76} INFO - Job 461: Subtask query_big_query_table
[2022-09-18 20:14:13,424] {logging_mixin.py:103} INFO - Running <TaskInstance: bigquery_dag.query_big_query_table 2022-09-16T03:00:00+00:00 [running]> on host 27377494ab8b
[2022-09-18 20:14:15,032] {taskinstance.py:1232} INFO - Exporting the following env vars:
AIRFLOW_CTX_DAG_OWNER=Dave
AIRFLOW_CTX_DAG_ID=bigquery_dag
AIRFLOW_CTX_TASK_ID=query_big_query_table
AIRFLOW_CTX_EXECUTION_DATE=2022-09-16T03:00:00+00:00
AIRFLOW_CTX_DAG_RUN_ID=scheduled__2022-09-16T03:00:00+00:00
[2022-09-18 20:14:15,087] {bigquery.py:680} INFO - Executing: 
           select id from githubarchive.day.20220914
        
[2022-09-18 20:14:15,592] {logging_mixin.py:103} WARNING - /home/airflow/.local/lib/python3.6/site-packages/airflow/providers/google/cloud/hooks/bigquery.py:2052 DeprecationWarning: This method is deprecated. Please use `BigQueryHook.insert_job` method.
[2022-09-18 20:14:16,210] {bigquery.py:1510} INFO - Inserting job airflow_1663532056068026_06d2bf8b43be9b79a3e89edf3b53e367
[2022-09-18 20:14:21,374] {taskinstance.py:1142} INFO - Marking task as SUCCESS. dag_id=bigquery_dag, task_id=query_big_query_table, execution_date=20220916T030000, start_date=20220918T201410, end_date=20220918T201421
[2022-09-18 20:14:23,302] {local_task_job.py:170} WARNING - State of this instance has been externally set to success. Terminating instance.
[2022-09-18 20:14:23,381] {process_utils.py:95} INFO - Sending Signals.SIGTERM to GPID 919
[2022-09-18 20:14:23,395] {taskinstance.py:1214} ERROR - Received SIGTERM. Terminating subprocesses.
[2022-09-18 20:14:23,408] {bigquery.py:740} INFO - Cancelling running query
[2022-09-18 20:14:23,437] {logging_mixin.py:103} WARNING - /home/airflow/.local/lib/python3.6/site-packages/airflow/providers/google/cloud/hooks/bigquery.py:1371 DeprecationWarning: This method is deprecated. Please use `BigQueryHook.cancel_job`.
[2022-09-18 20:14:23,878] {bigquery.py:1398} INFO - No running BigQuery jobs to cancel.
[2022-09-18 20:14:24,009] {process_utils.py:61} INFO - Process psutil.Process(pid=919, status='terminated', exitcode=1, started='20:14:10') (919) terminated with exit code 1
[2022-09-18 20:14:24,016] {local_task_job.py:118} INFO - Task exited with return code 1
