[2022-09-19 13:40:35,111] {taskinstance.py:826} INFO - Dependencies all met for <TaskInstance: first_py_dag.bash_dir 2022-09-18T03:00:00+00:00 [queued]>
[2022-09-19 13:40:36,865] {taskinstance.py:826} INFO - Dependencies all met for <TaskInstance: first_py_dag.bash_dir 2022-09-18T03:00:00+00:00 [queued]>
[2022-09-19 13:40:36,992] {taskinstance.py:1017} INFO - 
--------------------------------------------------------------------------------
[2022-09-19 13:40:37,021] {taskinstance.py:1018} INFO - Starting attempt 1 of 3
[2022-09-19 13:40:37,089] {taskinstance.py:1019} INFO - 
--------------------------------------------------------------------------------
[2022-09-19 13:40:40,431] {taskinstance.py:1038} INFO - Executing <Task(BashOperator): bash_dir> on 2022-09-18T03:00:00+00:00
[2022-09-19 13:40:41,435] {standard_task_runner.py:51} INFO - Started process 36193 to run task
[2022-09-19 13:40:42,871] {standard_task_runner.py:75} INFO - Running: ['airflow', 'tasks', 'run', 'first_py_dag', 'bash_dir', '2022-09-18T03:00:00+00:00', '--job-id', '510', '--pool', 'default_pool', '--raw', '--subdir', 'DAGS_FOLDER/dag_with_python_operator.py', '--cfg-path', '/tmp/tmpntl4x8i7']
[2022-09-19 13:40:43,065] {standard_task_runner.py:76} INFO - Job 510: Subtask bash_dir
[2022-09-19 13:40:47,281] {logging_mixin.py:103} INFO - Running <TaskInstance: first_py_dag.bash_dir 2022-09-18T03:00:00+00:00 [running]> on host 27377494ab8b
[2022-09-19 13:40:49,969] {taskinstance.py:1232} INFO - Exporting the following env vars:
AIRFLOW_CTX_DAG_OWNER=Dave
AIRFLOW_CTX_DAG_ID=first_py_dag
AIRFLOW_CTX_TASK_ID=bash_dir
AIRFLOW_CTX_EXECUTION_DATE=2022-09-18T03:00:00+00:00
AIRFLOW_CTX_DAG_RUN_ID=scheduled__2022-09-18T03:00:00+00:00
[2022-09-19 13:40:50,272] {bash.py:135} INFO - Tmp dir root location: 
 /tmp
[2022-09-19 13:40:50,335] {bash.py:158} INFO - Running command: ls
[2022-09-19 13:40:51,808] {bash.py:169} INFO - Output:
[2022-09-19 13:40:53,189] {bash.py:177} INFO - Command exited with return code 0
[2022-09-19 13:40:55,685] {taskinstance.py:1142} INFO - Marking task as SUCCESS. dag_id=first_py_dag, task_id=bash_dir, execution_date=20220918T030000, start_date=20220919T134036, end_date=20220919T134055
[2022-09-19 13:40:57,898] {taskinstance.py:1195} INFO - 1 downstream tasks scheduled from follow-on schedule check
[2022-09-19 13:40:58,421] {local_task_job.py:118} INFO - Task exited with return code 0
