[2022-09-13 13:17:31,911] {taskinstance.py:826} INFO - Dependencies all met for <TaskInstance: first_py_dag.python_task_1 2022-09-13T13:17:24.472102+00:00 [queued]>
[2022-09-13 13:17:31,955] {taskinstance.py:826} INFO - Dependencies all met for <TaskInstance: first_py_dag.python_task_1 2022-09-13T13:17:24.472102+00:00 [queued]>
[2022-09-13 13:17:31,957] {taskinstance.py:1017} INFO - 
--------------------------------------------------------------------------------
[2022-09-13 13:17:31,958] {taskinstance.py:1018} INFO - Starting attempt 1 of 3
[2022-09-13 13:17:31,960] {taskinstance.py:1019} INFO - 
--------------------------------------------------------------------------------
[2022-09-13 13:17:31,985] {taskinstance.py:1038} INFO - Executing <Task(PythonOperator): python_task_1> on 2022-09-13T13:17:24.472102+00:00
[2022-09-13 13:17:31,990] {standard_task_runner.py:51} INFO - Started process 10071 to run task
[2022-09-13 13:17:32,001] {standard_task_runner.py:75} INFO - Running: ['airflow', 'tasks', 'run', 'first_py_dag', 'python_task_1', '2022-09-13T13:17:24.472102+00:00', '--job-id', '12', '--pool', 'default_pool', '--raw', '--subdir', 'DAGS_FOLDER/dag_with_python_operator.py', '--cfg-path', '/tmp/tmpa5y74x3s']
[2022-09-13 13:17:32,011] {standard_task_runner.py:76} INFO - Job 12: Subtask python_task_1
[2022-09-13 13:17:32,111] {logging_mixin.py:103} INFO - Running <TaskInstance: first_py_dag.python_task_1 2022-09-13T13:17:24.472102+00:00 [running]> on host 27377494ab8b
[2022-09-13 13:17:32,204] {taskinstance.py:1232} INFO - Exporting the following env vars:
AIRFLOW_CTX_DAG_OWNER=Dave
AIRFLOW_CTX_DAG_ID=first_py_dag
AIRFLOW_CTX_TASK_ID=python_task_1
AIRFLOW_CTX_EXECUTION_DATE=2022-09-13T13:17:24.472102+00:00
AIRFLOW_CTX_DAG_RUN_ID=manual__2022-09-13T13:17:24.472102+00:00
[2022-09-13 13:17:32,231] {logging_mixin.py:103} INFO - hELLO Layo
[2022-09-13 13:17:32,233] {logging_mixin.py:103} INFO - 
[2022-09-13 13:17:32,234] {python.py:118} INFO - Done. Returned value was: None
[2022-09-13 13:17:32,255] {taskinstance.py:1142} INFO - Marking task as SUCCESS. dag_id=first_py_dag, task_id=python_task_1, execution_date=20220913T131724, start_date=20220913T131731, end_date=20220913T131732
[2022-09-13 13:17:32,657] {taskinstance.py:1195} INFO - 0 downstream tasks scheduled from follow-on schedule check
[2022-09-13 13:17:32,694] {local_task_job.py:118} INFO - Task exited with return code 0
