[2022-09-17 03:00:04,287] {taskinstance.py:826} INFO - Dependencies all met for <TaskInstance: first_py_dag.python_task_2 2022-09-16T03:00:00+00:00 [queued]>
[2022-09-17 03:00:04,370] {taskinstance.py:826} INFO - Dependencies all met for <TaskInstance: first_py_dag.python_task_2 2022-09-16T03:00:00+00:00 [queued]>
[2022-09-17 03:00:04,373] {taskinstance.py:1017} INFO - 
--------------------------------------------------------------------------------
[2022-09-17 03:00:04,375] {taskinstance.py:1018} INFO - Starting attempt 1 of 3
[2022-09-17 03:00:04,376] {taskinstance.py:1019} INFO - 
--------------------------------------------------------------------------------
[2022-09-17 03:00:04,438] {taskinstance.py:1038} INFO - Executing <Task(PythonOperator): python_task_2> on 2022-09-16T03:00:00+00:00
[2022-09-17 03:00:04,458] {standard_task_runner.py:51} INFO - Started process 46763 to run task
[2022-09-17 03:00:04,489] {standard_task_runner.py:75} INFO - Running: ['airflow', 'tasks', 'run', 'first_py_dag', 'python_task_2', '2022-09-16T03:00:00+00:00', '--job-id', '223', '--pool', 'default_pool', '--raw', '--subdir', 'DAGS_FOLDER/dag_with_python_operator.py', '--cfg-path', '/tmp/tmp368wglom']
[2022-09-17 03:00:04,507] {standard_task_runner.py:76} INFO - Job 223: Subtask python_task_2
[2022-09-17 03:00:04,737] {logging_mixin.py:103} INFO - Running <TaskInstance: first_py_dag.python_task_2 2022-09-16T03:00:00+00:00 [running]> on host 27377494ab8b
[2022-09-17 03:00:04,900] {taskinstance.py:1232} INFO - Exporting the following env vars:
AIRFLOW_CTX_DAG_OWNER=Dave
AIRFLOW_CTX_DAG_ID=first_py_dag
AIRFLOW_CTX_TASK_ID=python_task_2
AIRFLOW_CTX_EXECUTION_DATE=2022-09-16T03:00:00+00:00
AIRFLOW_CTX_DAG_RUN_ID=scheduled__2022-09-16T03:00:00+00:00
[2022-09-17 03:00:04,934] {python.py:118} INFO - Done. Returned value was: None
[2022-09-17 03:00:04,956] {taskinstance.py:1142} INFO - Marking task as SUCCESS. dag_id=first_py_dag, task_id=python_task_2, execution_date=20220916T030000, start_date=20220917T030004, end_date=20220917T030004
[2022-09-17 03:00:05,476] {taskinstance.py:1195} INFO - 1 downstream tasks scheduled from follow-on schedule check
[2022-09-17 03:00:05,566] {local_task_job.py:118} INFO - Task exited with return code 0
