[2022-09-13 13:38:32,862] {taskinstance.py:826} INFO - Dependencies all met for <TaskInstance: postgres_dag.create_employee_table 2022-09-12T03:00:00+00:00 [queued]>
[2022-09-13 13:38:32,937] {taskinstance.py:826} INFO - Dependencies all met for <TaskInstance: postgres_dag.create_employee_table 2022-09-12T03:00:00+00:00 [queued]>
[2022-09-13 13:38:32,940] {taskinstance.py:1017} INFO - 
--------------------------------------------------------------------------------
[2022-09-13 13:38:32,941] {taskinstance.py:1018} INFO - Starting attempt 3 of 3
[2022-09-13 13:38:32,942] {taskinstance.py:1019} INFO - 
--------------------------------------------------------------------------------
[2022-09-13 13:38:32,990] {taskinstance.py:1038} INFO - Executing <Task(PostgresOperator): create_employee_table> on 2022-09-12T03:00:00+00:00
[2022-09-13 13:38:33,007] {standard_task_runner.py:51} INFO - Started process 41905 to run task
[2022-09-13 13:38:33,059] {standard_task_runner.py:75} INFO - Running: ['airflow', 'tasks', 'run', 'postgres_dag', 'create_employee_table', '2022-09-12T03:00:00+00:00', '--job-id', '39', '--pool', 'default_pool', '--raw', '--subdir', 'DAGS_FOLDER/dag_with_postgres.py', '--cfg-path', '/tmp/tmp570bimn9']
[2022-09-13 13:38:33,080] {standard_task_runner.py:76} INFO - Job 39: Subtask create_employee_table
[2022-09-13 13:38:33,395] {logging_mixin.py:103} INFO - Running <TaskInstance: postgres_dag.create_employee_table 2022-09-12T03:00:00+00:00 [running]> on host 27377494ab8b
[2022-09-13 13:38:33,627] {taskinstance.py:1232} INFO - Exporting the following env vars:
AIRFLOW_CTX_DAG_OWNER=Dave
AIRFLOW_CTX_DAG_ID=postgres_dag
AIRFLOW_CTX_TASK_ID=create_employee_table
AIRFLOW_CTX_EXECUTION_DATE=2022-09-12T03:00:00+00:00
AIRFLOW_CTX_DAG_RUN_ID=scheduled__2022-09-12T03:00:00+00:00
[2022-09-13 13:38:33,629] {postgres.py:69} INFO - Executing: 
            create table if not exists employee(
                emp_id varchar,
                first_name varchar,
                last_name varchar,
                designation varchar
                primary key (emp_id)
            )
        
[2022-09-13 13:38:33,734] {base.py:74} INFO - Using connection to: id: local_postgres. Host: host.docker.internal, Port: 5432, Schema: airflow, Login: postgres, Password: XXXXXXXX, extra: None
[2022-09-13 13:38:33,768] {taskinstance.py:1396} ERROR - FATAL:  database "airflow" does not exist
Traceback (most recent call last):
  File "/home/airflow/.local/lib/python3.6/site-packages/airflow/models/taskinstance.py", line 1086, in _run_raw_task
    self._prepare_and_execute_task_with_callbacks(context, task)
  File "/home/airflow/.local/lib/python3.6/site-packages/airflow/models/taskinstance.py", line 1260, in _prepare_and_execute_task_with_callbacks
    result = self._execute_task(context, task_copy)
  File "/home/airflow/.local/lib/python3.6/site-packages/airflow/models/taskinstance.py", line 1300, in _execute_task
    result = task_copy.execute(context=context)
  File "/home/airflow/.local/lib/python3.6/site-packages/airflow/providers/postgres/operators/postgres.py", line 71, in execute
    self.hook.run(self.sql, self.autocommit, parameters=self.parameters)
  File "/home/airflow/.local/lib/python3.6/site-packages/airflow/hooks/dbapi.py", line 173, in run
    with closing(self.get_conn()) as conn:
  File "/home/airflow/.local/lib/python3.6/site-packages/airflow/providers/postgres/hooks/postgres.py", line 108, in get_conn
    self.conn = psycopg2.connect(**conn_args)
  File "/home/airflow/.local/lib/python3.6/site-packages/psycopg2/__init__.py", line 127, in connect
    conn = _connect(dsn, connection_factory=connection_factory, **kwasync)
psycopg2.OperationalError: FATAL:  database "airflow" does not exist

[2022-09-13 13:38:33,788] {taskinstance.py:1440} INFO - Marking task as FAILED. dag_id=postgres_dag, task_id=create_employee_table, execution_date=20220912T030000, start_date=20220913T133832, end_date=20220913T133833
[2022-09-13 13:38:33,936] {local_task_job.py:118} INFO - Task exited with return code 1
[2022-09-13 13:41:15,903] {taskinstance.py:826} INFO - Dependencies all met for <TaskInstance: postgres_dag.create_employee_table 2022-09-12T03:00:00+00:00 [queued]>
[2022-09-13 13:41:15,970] {taskinstance.py:826} INFO - Dependencies all met for <TaskInstance: postgres_dag.create_employee_table 2022-09-12T03:00:00+00:00 [queued]>
[2022-09-13 13:41:15,971] {taskinstance.py:1017} INFO - 
--------------------------------------------------------------------------------
[2022-09-13 13:41:15,973] {taskinstance.py:1018} INFO - Starting attempt 3 of 3
[2022-09-13 13:41:15,974] {taskinstance.py:1019} INFO - 
--------------------------------------------------------------------------------
[2022-09-13 13:41:16,005] {taskinstance.py:1038} INFO - Executing <Task(PostgresOperator): create_employee_table> on 2022-09-12T03:00:00+00:00
[2022-09-13 13:41:16,014] {standard_task_runner.py:51} INFO - Started process 44683 to run task
[2022-09-13 13:41:16,033] {standard_task_runner.py:75} INFO - Running: ['airflow', 'tasks', 'run', 'postgres_dag', 'create_employee_table', '2022-09-12T03:00:00+00:00', '--job-id', '55', '--pool', 'default_pool', '--raw', '--subdir', 'DAGS_FOLDER/dag_with_postgres.py', '--cfg-path', '/tmp/tmpsgg_7rgs']
[2022-09-13 13:41:16,039] {standard_task_runner.py:76} INFO - Job 55: Subtask create_employee_table
[2022-09-13 13:41:16,161] {logging_mixin.py:103} INFO - Running <TaskInstance: postgres_dag.create_employee_table 2022-09-12T03:00:00+00:00 [running]> on host 27377494ab8b
[2022-09-13 13:41:16,302] {taskinstance.py:1232} INFO - Exporting the following env vars:
AIRFLOW_CTX_DAG_OWNER=Dave
AIRFLOW_CTX_DAG_ID=postgres_dag
AIRFLOW_CTX_TASK_ID=create_employee_table
AIRFLOW_CTX_EXECUTION_DATE=2022-09-12T03:00:00+00:00
AIRFLOW_CTX_DAG_RUN_ID=scheduled__2022-09-12T03:00:00+00:00
[2022-09-13 13:41:16,306] {postgres.py:69} INFO - Executing: 
            create table if not exists employee(
                emp_id varchar,
                first_name varchar,
                last_name varchar,
                designation varchar
                primary key (emp_id)
            )
        
[2022-09-13 13:41:16,350] {base.py:74} INFO - Using connection to: id: local_postgres. Host: host.docker.internal, Port: 5432, Schema: airflow, Login: postgres, Password: XXXXXXXX, extra: None
[2022-09-13 13:41:16,365] {taskinstance.py:1396} ERROR - FATAL:  database "airflow" does not exist
Traceback (most recent call last):
  File "/home/airflow/.local/lib/python3.6/site-packages/airflow/models/taskinstance.py", line 1086, in _run_raw_task
    self._prepare_and_execute_task_with_callbacks(context, task)
  File "/home/airflow/.local/lib/python3.6/site-packages/airflow/models/taskinstance.py", line 1260, in _prepare_and_execute_task_with_callbacks
    result = self._execute_task(context, task_copy)
  File "/home/airflow/.local/lib/python3.6/site-packages/airflow/models/taskinstance.py", line 1300, in _execute_task
    result = task_copy.execute(context=context)
  File "/home/airflow/.local/lib/python3.6/site-packages/airflow/providers/postgres/operators/postgres.py", line 71, in execute
    self.hook.run(self.sql, self.autocommit, parameters=self.parameters)
  File "/home/airflow/.local/lib/python3.6/site-packages/airflow/hooks/dbapi.py", line 173, in run
    with closing(self.get_conn()) as conn:
  File "/home/airflow/.local/lib/python3.6/site-packages/airflow/providers/postgres/hooks/postgres.py", line 108, in get_conn
    self.conn = psycopg2.connect(**conn_args)
  File "/home/airflow/.local/lib/python3.6/site-packages/psycopg2/__init__.py", line 127, in connect
    conn = _connect(dsn, connection_factory=connection_factory, **kwasync)
psycopg2.OperationalError: FATAL:  database "airflow" does not exist

[2022-09-13 13:41:16,376] {taskinstance.py:1440} INFO - Marking task as FAILED. dag_id=postgres_dag, task_id=create_employee_table, execution_date=20220912T030000, start_date=20220913T134115, end_date=20220913T134116
[2022-09-13 13:41:16,436] {local_task_job.py:118} INFO - Task exited with return code 1
[2022-09-13 14:34:23,992] {taskinstance.py:826} INFO - Dependencies all met for <TaskInstance: postgres_dag.create_employee_table 2022-09-12T03:00:00+00:00 [queued]>
[2022-09-13 14:34:24,039] {taskinstance.py:826} INFO - Dependencies all met for <TaskInstance: postgres_dag.create_employee_table 2022-09-12T03:00:00+00:00 [queued]>
[2022-09-13 14:34:24,041] {taskinstance.py:1017} INFO - 
--------------------------------------------------------------------------------
[2022-09-13 14:34:24,042] {taskinstance.py:1018} INFO - Starting attempt 3 of 3
[2022-09-13 14:34:24,043] {taskinstance.py:1019} INFO - 
--------------------------------------------------------------------------------
[2022-09-13 14:34:24,080] {taskinstance.py:1038} INFO - Executing <Task(PostgresOperator): create_employee_table> on 2022-09-12T03:00:00+00:00
[2022-09-13 14:34:24,094] {standard_task_runner.py:51} INFO - Started process 29924 to run task
[2022-09-13 14:34:24,105] {standard_task_runner.py:75} INFO - Running: ['airflow', 'tasks', 'run', 'postgres_dag', 'create_employee_table', '2022-09-12T03:00:00+00:00', '--job-id', '68', '--pool', 'default_pool', '--raw', '--subdir', 'DAGS_FOLDER/dag_with_postgres.py', '--cfg-path', '/tmp/tmptxadzfu9']
[2022-09-13 14:34:24,115] {standard_task_runner.py:76} INFO - Job 68: Subtask create_employee_table
[2022-09-13 14:34:24,294] {logging_mixin.py:103} INFO - Running <TaskInstance: postgres_dag.create_employee_table 2022-09-12T03:00:00+00:00 [running]> on host 27377494ab8b
[2022-09-13 14:34:24,429] {taskinstance.py:1232} INFO - Exporting the following env vars:
AIRFLOW_CTX_DAG_OWNER=Dave
AIRFLOW_CTX_DAG_ID=postgres_dag
AIRFLOW_CTX_TASK_ID=create_employee_table
AIRFLOW_CTX_EXECUTION_DATE=2022-09-12T03:00:00+00:00
AIRFLOW_CTX_DAG_RUN_ID=scheduled__2022-09-12T03:00:00+00:00
[2022-09-13 14:34:24,432] {postgres.py:69} INFO - Executing: 
            create table if not exists employee(
                emp_id varchar,
                first_name varchar,
                last_name varchar,
                designation varchar
                primary key (emp_id)
            )
        
[2022-09-13 14:34:24,474] {base.py:74} INFO - Using connection to: id: local_postgres. Host: host.docker.internal, Port: 5432, Schema: student, Login: postgres, Password: XXXXXXXX, extra: None
[2022-09-13 14:34:24,500] {dbapi.py:180} INFO - Running statement: 
            create table if not exists employee(
                emp_id varchar,
                first_name varchar,
                last_name varchar,
                designation varchar
                primary key (emp_id)
            )
        , parameters: None
[2022-09-13 14:34:24,513] {taskinstance.py:1396} ERROR - syntax error at or near "("
LINE 7:                 primary key (emp_id)
                                    ^
Traceback (most recent call last):
  File "/home/airflow/.local/lib/python3.6/site-packages/airflow/models/taskinstance.py", line 1086, in _run_raw_task
    self._prepare_and_execute_task_with_callbacks(context, task)
  File "/home/airflow/.local/lib/python3.6/site-packages/airflow/models/taskinstance.py", line 1260, in _prepare_and_execute_task_with_callbacks
    result = self._execute_task(context, task_copy)
  File "/home/airflow/.local/lib/python3.6/site-packages/airflow/models/taskinstance.py", line 1300, in _execute_task
    result = task_copy.execute(context=context)
  File "/home/airflow/.local/lib/python3.6/site-packages/airflow/providers/postgres/operators/postgres.py", line 71, in execute
    self.hook.run(self.sql, self.autocommit, parameters=self.parameters)
  File "/home/airflow/.local/lib/python3.6/site-packages/airflow/hooks/dbapi.py", line 184, in run
    cur.execute(sql_statement)
psycopg2.errors.SyntaxError: syntax error at or near "("
LINE 7:                 primary key (emp_id)
                                    ^

[2022-09-13 14:34:24,527] {taskinstance.py:1440} INFO - Marking task as FAILED. dag_id=postgres_dag, task_id=create_employee_table, execution_date=20220912T030000, start_date=20220913T143423, end_date=20220913T143424
[2022-09-13 14:34:24,646] {local_task_job.py:118} INFO - Task exited with return code 1
