[2022-09-13 14:36:11,162] {taskinstance.py:826} INFO - Dependencies all met for <TaskInstance: postgres_dag.insert_records 2022-09-13T14:36:03.653539+00:00 [queued]>
[2022-09-13 14:36:11,222] {taskinstance.py:826} INFO - Dependencies all met for <TaskInstance: postgres_dag.insert_records 2022-09-13T14:36:03.653539+00:00 [queued]>
[2022-09-13 14:36:11,224] {taskinstance.py:1017} INFO - 
--------------------------------------------------------------------------------
[2022-09-13 14:36:11,226] {taskinstance.py:1018} INFO - Starting attempt 1 of 3
[2022-09-13 14:36:11,227] {taskinstance.py:1019} INFO - 
--------------------------------------------------------------------------------
[2022-09-13 14:36:11,259] {taskinstance.py:1038} INFO - Executing <Task(PostgresOperator): insert_records> on 2022-09-13T14:36:03.653539+00:00
[2022-09-13 14:36:11,266] {standard_task_runner.py:51} INFO - Started process 31820 to run task
[2022-09-13 14:36:11,275] {standard_task_runner.py:75} INFO - Running: ['airflow', 'tasks', 'run', 'postgres_dag', 'insert_records', '2022-09-13T14:36:03.653539+00:00', '--job-id', '73', '--pool', 'default_pool', '--raw', '--subdir', 'DAGS_FOLDER/dag_with_postgres.py', '--cfg-path', '/tmp/tmp6u8f7vw5']
[2022-09-13 14:36:11,282] {standard_task_runner.py:76} INFO - Job 73: Subtask insert_records
[2022-09-13 14:36:11,375] {logging_mixin.py:103} INFO - Running <TaskInstance: postgres_dag.insert_records 2022-09-13T14:36:03.653539+00:00 [running]> on host 27377494ab8b
[2022-09-13 14:36:11,465] {taskinstance.py:1232} INFO - Exporting the following env vars:
AIRFLOW_CTX_DAG_OWNER=Dave
AIRFLOW_CTX_DAG_ID=postgres_dag
AIRFLOW_CTX_TASK_ID=insert_records
AIRFLOW_CTX_EXECUTION_DATE=2022-09-13T14:36:03.653539+00:00
AIRFLOW_CTX_DAG_RUN_ID=manual__2022-09-13T14:36:03.653539+00:00
[2022-09-13 14:36:11,468] {postgres.py:69} INFO - Executing: 
            INSERT INTO employee (emp_id,first_name,last_name,designation)
            VALUES ('l101','Bayo','Lanre','Software-developer');
            INSERT INTO employee (emp_id,first_name,last_name,designation)
            VALUES ('l1201','Diaz','Mora','Data Scientist');
            INSERT INTO employee (emp_id,first_name,last_name,designation)
            VALUES ('l4101','Chris','Muff','scrum-master');
            INSERT INTO employee (emp_id,first_name,last_name,designation)
            VALUES ('l1301','Inder','Ajith','Manager');
        
[2022-09-13 14:36:11,507] {base.py:74} INFO - Using connection to: id: local_postgres. Host: host.docker.internal, Port: 5432, Schema: student, Login: postgres, Password: XXXXXXXX, extra: None
[2022-09-13 14:36:11,528] {dbapi.py:180} INFO - Running statement: 
            INSERT INTO employee (emp_id,first_name,last_name,designation)
            VALUES ('l101','Bayo','Lanre','Software-developer');
            INSERT INTO employee (emp_id,first_name,last_name,designation)
            VALUES ('l1201','Diaz','Mora','Data Scientist');
            INSERT INTO employee (emp_id,first_name,last_name,designation)
            VALUES ('l4101','Chris','Muff','scrum-master');
            INSERT INTO employee (emp_id,first_name,last_name,designation)
            VALUES ('l1301','Inder','Ajith','Manager');
        , parameters: None
[2022-09-13 14:36:11,537] {dbapi.py:186} INFO - Rows affected: 1
[2022-09-13 14:36:11,559] {taskinstance.py:1142} INFO - Marking task as SUCCESS. dag_id=postgres_dag, task_id=insert_records, execution_date=20220913T143603, start_date=20220913T143611, end_date=20220913T143611
[2022-09-13 14:36:12,106] {taskinstance.py:1195} INFO - 1 downstream tasks scheduled from follow-on schedule check
[2022-09-13 14:36:12,152] {local_task_job.py:118} INFO - Task exited with return code 0
