[2022-09-15 03:00:11,133] {taskinstance.py:826} INFO - Dependencies all met for <TaskInstance: first_py_dag.python_task_1 2022-09-14T03:00:00+00:00 [queued]>
[2022-09-15 03:00:11,197] {taskinstance.py:826} INFO - Dependencies all met for <TaskInstance: first_py_dag.python_task_1 2022-09-14T03:00:00+00:00 [queued]>
[2022-09-15 03:00:11,206] {taskinstance.py:1017} INFO - 
--------------------------------------------------------------------------------
[2022-09-15 03:00:11,210] {taskinstance.py:1018} INFO - Starting attempt 1 of 3
[2022-09-15 03:00:11,213] {taskinstance.py:1019} INFO - 
--------------------------------------------------------------------------------
[2022-09-15 03:00:11,260] {taskinstance.py:1038} INFO - Executing <Task(PythonOperator): python_task_1> on 2022-09-14T03:00:00+00:00
[2022-09-15 03:00:11,270] {standard_task_runner.py:51} INFO - Started process 31141 to run task
[2022-09-15 03:00:11,290] {standard_task_runner.py:75} INFO - Running: ['airflow', 'tasks', 'run', 'first_py_dag', 'python_task_1', '2022-09-14T03:00:00+00:00', '--job-id', '114', '--pool', 'default_pool', '--raw', '--subdir', 'DAGS_FOLDER/dag_with_python_operator.py', '--cfg-path', '/tmp/tmp4lvgxcmk']
[2022-09-15 03:00:11,300] {standard_task_runner.py:76} INFO - Job 114: Subtask python_task_1
[2022-09-15 03:00:11,427] {logging_mixin.py:103} INFO - Running <TaskInstance: first_py_dag.python_task_1 2022-09-14T03:00:00+00:00 [running]> on host 27377494ab8b
[2022-09-15 03:00:11,574] {taskinstance.py:1232} INFO - Exporting the following env vars:
AIRFLOW_CTX_DAG_OWNER=Dave
AIRFLOW_CTX_DAG_ID=first_py_dag
AIRFLOW_CTX_TASK_ID=python_task_1
AIRFLOW_CTX_EXECUTION_DATE=2022-09-14T03:00:00+00:00
AIRFLOW_CTX_DAG_RUN_ID=scheduled__2022-09-14T03:00:00+00:00
[2022-09-15 03:00:11,615] {logging_mixin.py:103} INFO - hELLO Layo
[2022-09-15 03:00:11,618] {logging_mixin.py:103} INFO - 
[2022-09-15 03:00:11,619] {python.py:118} INFO - Done. Returned value was: None
[2022-09-15 03:00:11,651] {taskinstance.py:1142} INFO - Marking task as SUCCESS. dag_id=first_py_dag, task_id=python_task_1, execution_date=20220914T030000, start_date=20220915T030011, end_date=20220915T030011
[2022-09-15 03:00:12,119] {taskinstance.py:1195} INFO - 0 downstream tasks scheduled from follow-on schedule check
[2022-09-15 03:00:12,144] {local_task_job.py:118} INFO - Task exited with return code 0
