[2022-09-18 18:29:13,639] {taskinstance.py:826} INFO - Dependencies all met for <TaskInstance: bigquery_dag.check_query_big_query_table 2022-09-16T03:00:00+00:00 [queued]>
[2022-09-18 18:29:13,708] {taskinstance.py:826} INFO - Dependencies all met for <TaskInstance: bigquery_dag.check_query_big_query_table 2022-09-16T03:00:00+00:00 [queued]>
[2022-09-18 18:29:13,710] {taskinstance.py:1017} INFO - 
--------------------------------------------------------------------------------
[2022-09-18 18:29:13,711] {taskinstance.py:1018} INFO - Starting attempt 1 of 3
[2022-09-18 18:29:13,712] {taskinstance.py:1019} INFO - 
--------------------------------------------------------------------------------
[2022-09-18 18:29:13,751] {taskinstance.py:1038} INFO - Executing <Task(BigQueryCheckOperator): check_query_big_query_table> on 2022-09-16T03:00:00+00:00
[2022-09-18 18:29:13,771] {standard_task_runner.py:51} INFO - Started process 30887 to run task
[2022-09-18 18:29:13,812] {standard_task_runner.py:75} INFO - Running: ['airflow', 'tasks', 'run', 'bigquery_dag', 'check_query_big_query_table', '2022-09-16T03:00:00+00:00', '--job-id', '262', '--pool', 'default_pool', '--raw', '--subdir', 'DAGS_FOLDER/dag_with_bigquery.py', '--cfg-path', '/tmp/tmptod3mqta']
[2022-09-18 18:29:13,826] {standard_task_runner.py:76} INFO - Job 262: Subtask check_query_big_query_table
[2022-09-18 18:29:14,023] {logging_mixin.py:103} INFO - Running <TaskInstance: bigquery_dag.check_query_big_query_table 2022-09-16T03:00:00+00:00 [running]> on host 27377494ab8b
[2022-09-18 18:29:14,053] {local_task_job.py:77} ERROR - Received SIGTERM. Terminating subprocesses
[2022-09-18 18:29:14,068] {process_utils.py:95} INFO - Sending Signals.SIGTERM to GPID 30887
[2022-09-18 18:29:14,086] {process_utils.py:61} INFO - Process psutil.Process(pid=30887, status='terminated', exitcode=<Negsignal.SIGTERM: -15>, started='18:29:13') (30887) terminated with exit code Negsignal.SIGTERM
[2022-09-18 18:33:19,010] {taskinstance.py:826} INFO - Dependencies all met for <TaskInstance: bigquery_dag.check_query_big_query_table 2022-09-16T03:00:00+00:00 [queued]>
[2022-09-18 18:33:19,345] {taskinstance.py:826} INFO - Dependencies all met for <TaskInstance: bigquery_dag.check_query_big_query_table 2022-09-16T03:00:00+00:00 [queued]>
[2022-09-18 18:33:19,371] {taskinstance.py:1017} INFO - 
--------------------------------------------------------------------------------
[2022-09-18 18:33:19,379] {taskinstance.py:1018} INFO - Starting attempt 1 of 3
[2022-09-18 18:33:19,385] {taskinstance.py:1019} INFO - 
--------------------------------------------------------------------------------
[2022-09-18 18:33:19,804] {taskinstance.py:1038} INFO - Executing <Task(BigQueryCheckOperator): check_query_big_query_table> on 2022-09-16T03:00:00+00:00
[2022-09-18 18:33:19,844] {standard_task_runner.py:51} INFO - Started process 2109 to run task
[2022-09-18 18:33:21,203] {standard_task_runner.py:75} INFO - Running: ['airflow', 'tasks', 'run', 'bigquery_dag', 'check_query_big_query_table', '2022-09-16T03:00:00+00:00', '--job-id', '286', '--pool', 'default_pool', '--raw', '--subdir', 'DAGS_FOLDER/dag_with_bigquery.py', '--cfg-path', '/tmp/tmpunp_xkxw']
[2022-09-18 18:33:21,291] {standard_task_runner.py:76} INFO - Job 286: Subtask check_query_big_query_table
[2022-09-18 18:33:24,273] {logging_mixin.py:103} INFO - Running <TaskInstance: bigquery_dag.check_query_big_query_table 2022-09-16T03:00:00+00:00 [running]> on host 27377494ab8b
[2022-09-18 18:33:25,521] {taskinstance.py:1232} INFO - Exporting the following env vars:
AIRFLOW_CTX_DAG_OWNER=Dave
AIRFLOW_CTX_DAG_ID=bigquery_dag
AIRFLOW_CTX_TASK_ID=check_query_big_query_table
AIRFLOW_CTX_EXECUTION_DATE=2022-09-16T03:00:00+00:00
AIRFLOW_CTX_DAG_RUN_ID=scheduled__2022-09-16T03:00:00+00:00
[2022-09-18 18:33:25,721] {sql.py:87} INFO - Executing SQL check: 
           select id from githubarchive.day.20220914
        
[2022-09-18 18:33:26,645] {logging_mixin.py:103} WARNING - /home/airflow/.local/lib/python3.6/site-packages/airflow/providers/google/cloud/hooks/bigquery.py:120 DeprecationWarning: This method will be deprecated. Please use `BigQueryHook.get_client` method
[2022-09-18 18:33:31,151] {logging_mixin.py:103} WARNING - /home/airflow/.local/lib/python3.6/site-packages/airflow/providers/google/cloud/hooks/bigquery.py:2052 DeprecationWarning: This method is deprecated. Please use `BigQueryHook.insert_job` method.
[2022-09-18 18:33:31,240] {bigquery.py:1510} INFO - Inserting job airflow_1663526011187683_06d2bf8b43be9b79a3e89edf3b53e367
[2022-09-18 18:34:04,522] {local_task_job.py:118} INFO - Task exited with return code Negsignal.SIGKILL
[2022-09-18 19:16:14,186] {taskinstance.py:826} INFO - Dependencies all met for <TaskInstance: bigquery_dag.check_query_big_query_table 2022-09-16T03:00:00+00:00 [queued]>
[2022-09-18 19:16:14,458] {taskinstance.py:826} INFO - Dependencies all met for <TaskInstance: bigquery_dag.check_query_big_query_table 2022-09-16T03:00:00+00:00 [queued]>
[2022-09-18 19:16:14,467] {taskinstance.py:1017} INFO - 
--------------------------------------------------------------------------------
[2022-09-18 19:16:14,474] {taskinstance.py:1018} INFO - Starting attempt 1 of 3
[2022-09-18 19:16:14,476] {taskinstance.py:1019} INFO - 
--------------------------------------------------------------------------------
[2022-09-18 19:16:14,765] {taskinstance.py:1038} INFO - Executing <Task(BigQueryCheckOperator): check_query_big_query_table> on 2022-09-16T03:00:00+00:00
[2022-09-18 19:16:14,815] {standard_task_runner.py:51} INFO - Started process 1679 to run task
[2022-09-18 19:16:14,891] {standard_task_runner.py:75} INFO - Running: ['airflow', 'tasks', 'run', 'bigquery_dag', 'check_query_big_query_table', '2022-09-16T03:00:00+00:00', '--job-id', '357', '--pool', 'default_pool', '--raw', '--subdir', 'DAGS_FOLDER/dag_with_bigquery.py', '--cfg-path', '/tmp/tmp6xpgxj5r']
[2022-09-18 19:16:14,906] {standard_task_runner.py:76} INFO - Job 357: Subtask check_query_big_query_table
[2022-09-18 19:16:15,285] {logging_mixin.py:103} INFO - Running <TaskInstance: bigquery_dag.check_query_big_query_table 2022-09-16T03:00:00+00:00 [running]> on host 27377494ab8b
[2022-09-18 19:16:15,703] {taskinstance.py:1232} INFO - Exporting the following env vars:
AIRFLOW_CTX_DAG_OWNER=Dave
AIRFLOW_CTX_DAG_ID=bigquery_dag
AIRFLOW_CTX_TASK_ID=check_query_big_query_table
AIRFLOW_CTX_EXECUTION_DATE=2022-09-16T03:00:00+00:00
AIRFLOW_CTX_DAG_RUN_ID=scheduled__2022-09-16T03:00:00+00:00
[2022-09-18 19:16:15,731] {sql.py:87} INFO - Executing SQL check: 
           select id from githubarchive.day.20220914
        
[2022-09-18 19:16:15,846] {logging_mixin.py:103} WARNING - /home/airflow/.local/lib/python3.6/site-packages/airflow/providers/google/cloud/hooks/bigquery.py:120 DeprecationWarning: This method will be deprecated. Please use `BigQueryHook.get_client` method
[2022-09-18 19:16:17,499] {logging_mixin.py:103} WARNING - /home/airflow/.local/lib/python3.6/site-packages/airflow/providers/google/cloud/hooks/bigquery.py:2052 DeprecationWarning: This method is deprecated. Please use `BigQueryHook.insert_job` method.
[2022-09-18 19:16:17,521] {bigquery.py:1510} INFO - Inserting job airflow_1663528577517574_06d2bf8b43be9b79a3e89edf3b53e367
[2022-09-18 19:16:18,173] {taskinstance.py:1396} ERROR - 403 POST https://bigquery.googleapis.com/bigquery/v2/projects/quick-keel-213611/jobs?prettyPrint=false: Access Denied: Project quick-keel-213611: User does not have bigquery.jobs.create permission in project quick-keel-213611.

(job ID: airflow_1663528577517574_06d2bf8b43be9b79a3e89edf3b53e367)

             -----Query Job SQL Follows-----             

    |    .    |    .    |    .    |    .    |    .    |
   1:
   2:           select id from githubarchive.day.20220914
   3:        
    |    .    |    .    |    .    |    .    |    .    |

(job ID: airflow_1663528577517574_06d2bf8b43be9b79a3e89edf3b53e367)

             -----Query Job SQL Follows-----             

    |    .    |    .    |    .    |    .    |    .    |
   1:
   2:           select id from githubarchive.day.20220914
   3:        
    |    .    |    .    |    .    |    .    |    .    |
Traceback (most recent call last):
  File "/home/airflow/.local/lib/python3.6/site-packages/airflow/models/taskinstance.py", line 1086, in _run_raw_task
    self._prepare_and_execute_task_with_callbacks(context, task)
  File "/home/airflow/.local/lib/python3.6/site-packages/airflow/models/taskinstance.py", line 1260, in _prepare_and_execute_task_with_callbacks
    result = self._execute_task(context, task_copy)
  File "/home/airflow/.local/lib/python3.6/site-packages/airflow/models/taskinstance.py", line 1300, in _execute_task
    result = task_copy.execute(context=context)
  File "/home/airflow/.local/lib/python3.6/site-packages/airflow/operators/sql.py", line 88, in execute
    records = self.get_db_hook().get_first(self.sql)
  File "/home/airflow/.local/lib/python3.6/site-packages/airflow/hooks/dbapi.py", line 152, in get_first
    cur.execute(sql)
  File "/home/airflow/.local/lib/python3.6/site-packages/airflow/providers/google/cloud/hooks/bigquery.py", line 2639, in execute
    self.job_id = self.hook.run_query(sql)
  File "/home/airflow/.local/lib/python3.6/site-packages/airflow/providers/google/cloud/hooks/bigquery.py", line 2186, in run_query
    job = self.insert_job(configuration=configuration, project_id=self.project_id)
  File "/home/airflow/.local/lib/python3.6/site-packages/airflow/providers/google/common/hooks/base_google.py", line 425, in inner_wrapper
    return func(self, *args, **kwargs)
  File "/home/airflow/.local/lib/python3.6/site-packages/airflow/providers/google/cloud/hooks/bigquery.py", line 1512, in insert_job
    job.result()
  File "/home/airflow/.local/lib/python3.6/site-packages/google/cloud/bigquery/job/query.py", line 1159, in result
    super(QueryJob, self).result(retry=retry, timeout=timeout)
  File "/home/airflow/.local/lib/python3.6/site-packages/google/cloud/bigquery/job/base.py", line 628, in result
    self._begin(retry=retry, timeout=timeout)
  File "/home/airflow/.local/lib/python3.6/site-packages/google/cloud/bigquery/job/query.py", line 1069, in _begin
    super(QueryJob, self)._begin(client=client, retry=retry, timeout=timeout)
  File "/home/airflow/.local/lib/python3.6/site-packages/google/cloud/bigquery/job/base.py", line 438, in _begin
    timeout=timeout,
  File "/home/airflow/.local/lib/python3.6/site-packages/google/cloud/bigquery/client.py", line 640, in _call_api
    return call()
  File "/home/airflow/.local/lib/python3.6/site-packages/google/api_core/retry.py", line 286, in retry_wrapped_func
    on_error=on_error,
  File "/home/airflow/.local/lib/python3.6/site-packages/google/api_core/retry.py", line 184, in retry_target
    return target()
  File "/home/airflow/.local/lib/python3.6/site-packages/google/cloud/_http.py", line 483, in api_request
    raise exceptions.from_http_response(response)
google.api_core.exceptions.Forbidden: 403 POST https://bigquery.googleapis.com/bigquery/v2/projects/quick-keel-213611/jobs?prettyPrint=false: Access Denied: Project quick-keel-213611: User does not have bigquery.jobs.create permission in project quick-keel-213611.

(job ID: airflow_1663528577517574_06d2bf8b43be9b79a3e89edf3b53e367)

             -----Query Job SQL Follows-----             

    |    .    |    .    |    .    |    .    |    .    |
   1:
   2:           select id from githubarchive.day.20220914
   3:        
    |    .    |    .    |    .    |    .    |    .    |

(job ID: airflow_1663528577517574_06d2bf8b43be9b79a3e89edf3b53e367)

             -----Query Job SQL Follows-----             

    |    .    |    .    |    .    |    .    |    .    |
   1:
   2:           select id from githubarchive.day.20220914
   3:        
    |    .    |    .    |    .    |    .    |    .    |
[2022-09-18 19:16:18,260] {taskinstance.py:1440} INFO - Marking task as UP_FOR_RETRY. dag_id=bigquery_dag, task_id=check_query_big_query_table, execution_date=20220916T030000, start_date=20220918T191614, end_date=20220918T191618
[2022-09-18 19:16:18,792] {local_task_job.py:118} INFO - Task exited with return code 1
[2022-09-18 19:33:20,325] {taskinstance.py:826} INFO - Dependencies all met for <TaskInstance: bigquery_dag.check_query_big_query_table 2022-09-16T03:00:00+00:00 [queued]>
[2022-09-18 19:33:20,435] {taskinstance.py:826} INFO - Dependencies all met for <TaskInstance: bigquery_dag.check_query_big_query_table 2022-09-16T03:00:00+00:00 [queued]>
[2022-09-18 19:33:20,437] {taskinstance.py:1017} INFO - 
--------------------------------------------------------------------------------
[2022-09-18 19:33:20,439] {taskinstance.py:1018} INFO - Starting attempt 1 of 3
[2022-09-18 19:33:20,440] {taskinstance.py:1019} INFO - 
--------------------------------------------------------------------------------
[2022-09-18 19:33:20,534] {taskinstance.py:1038} INFO - Executing <Task(BigQueryCheckOperator): check_query_big_query_table> on 2022-09-16T03:00:00+00:00
[2022-09-18 19:33:20,605] {standard_task_runner.py:75} INFO - Running: ['airflow', 'tasks', 'run', 'bigquery_dag', 'check_query_big_query_table', '2022-09-16T03:00:00+00:00', '--job-id', '381', '--pool', 'default_pool', '--raw', '--subdir', 'DAGS_FOLDER/dag_with_bigquery.py', '--cfg-path', '/tmp/tmp7qqpn2zr']
[2022-09-18 19:33:20,614] {standard_task_runner.py:76} INFO - Job 381: Subtask check_query_big_query_table
[2022-09-18 19:33:20,593] {standard_task_runner.py:51} INFO - Started process 22181 to run task
[2022-09-18 19:33:20,873] {logging_mixin.py:103} INFO - Running <TaskInstance: bigquery_dag.check_query_big_query_table 2022-09-16T03:00:00+00:00 [running]> on host 27377494ab8b
[2022-09-18 19:33:21,166] {taskinstance.py:1232} INFO - Exporting the following env vars:
AIRFLOW_CTX_DAG_OWNER=Dave
AIRFLOW_CTX_DAG_ID=bigquery_dag
AIRFLOW_CTX_TASK_ID=check_query_big_query_table
AIRFLOW_CTX_EXECUTION_DATE=2022-09-16T03:00:00+00:00
AIRFLOW_CTX_DAG_RUN_ID=scheduled__2022-09-16T03:00:00+00:00
[2022-09-18 19:33:21,191] {sql.py:87} INFO - Executing SQL check: 
           select id from githubarchive.day.20220914
        
[2022-09-18 19:33:21,317] {logging_mixin.py:103} WARNING - /home/airflow/.local/lib/python3.6/site-packages/airflow/providers/google/cloud/hooks/bigquery.py:120 DeprecationWarning: This method will be deprecated. Please use `BigQueryHook.get_client` method
[2022-09-18 19:33:22,548] {logging_mixin.py:103} WARNING - /home/airflow/.local/lib/python3.6/site-packages/airflow/providers/google/cloud/hooks/bigquery.py:2052 DeprecationWarning: This method is deprecated. Please use `BigQueryHook.insert_job` method.
[2022-09-18 19:33:22,556] {bigquery.py:1510} INFO - Inserting job airflow_1663529602552964_06d2bf8b43be9b79a3e89edf3b53e367
[2022-09-18 19:33:24,450] {local_task_job.py:77} ERROR - Received SIGTERM. Terminating subprocesses
[2022-09-18 19:37:36,162] {taskinstance.py:826} INFO - Dependencies all met for <TaskInstance: bigquery_dag.check_query_big_query_table 2022-09-16T03:00:00+00:00 [queued]>
[2022-09-18 19:37:36,420] {taskinstance.py:826} INFO - Dependencies all met for <TaskInstance: bigquery_dag.check_query_big_query_table 2022-09-16T03:00:00+00:00 [queued]>
[2022-09-18 19:37:36,430] {taskinstance.py:1017} INFO - 
--------------------------------------------------------------------------------
[2022-09-18 19:37:36,433] {taskinstance.py:1018} INFO - Starting attempt 1 of 3
[2022-09-18 19:37:36,442] {taskinstance.py:1019} INFO - 
--------------------------------------------------------------------------------
[2022-09-18 19:37:36,677] {taskinstance.py:1038} INFO - Executing <Task(BigQueryCheckOperator): check_query_big_query_table> on 2022-09-16T03:00:00+00:00
[2022-09-18 19:37:36,741] {standard_task_runner.py:51} INFO - Started process 1810 to run task
[2022-09-18 19:37:36,766] {standard_task_runner.py:75} INFO - Running: ['airflow', 'tasks', 'run', 'bigquery_dag', 'check_query_big_query_table', '2022-09-16T03:00:00+00:00', '--job-id', '404', '--pool', 'default_pool', '--raw', '--subdir', 'DAGS_FOLDER/dag_with_bigquery.py', '--cfg-path', '/tmp/tmp9qa0kq19']
[2022-09-18 19:37:36,803] {standard_task_runner.py:76} INFO - Job 404: Subtask check_query_big_query_table
[2022-09-18 19:37:38,480] {logging_mixin.py:103} INFO - Running <TaskInstance: bigquery_dag.check_query_big_query_table 2022-09-16T03:00:00+00:00 [running]> on host 27377494ab8b
[2022-09-18 19:37:38,969] {taskinstance.py:1232} INFO - Exporting the following env vars:
AIRFLOW_CTX_DAG_OWNER=Dave
AIRFLOW_CTX_DAG_ID=bigquery_dag
AIRFLOW_CTX_TASK_ID=check_query_big_query_table
AIRFLOW_CTX_EXECUTION_DATE=2022-09-16T03:00:00+00:00
AIRFLOW_CTX_DAG_RUN_ID=scheduled__2022-09-16T03:00:00+00:00
[2022-09-18 19:37:39,005] {sql.py:87} INFO - Executing SQL check: 
           select id from githubarchive.day.20220914
        
[2022-09-18 19:37:39,194] {logging_mixin.py:103} WARNING - /home/airflow/.local/lib/python3.6/site-packages/airflow/providers/google/cloud/hooks/bigquery.py:120 DeprecationWarning: This method will be deprecated. Please use `BigQueryHook.get_client` method
[2022-09-18 19:37:43,391] {logging_mixin.py:103} WARNING - /home/airflow/.local/lib/python3.6/site-packages/airflow/providers/google/cloud/hooks/bigquery.py:2052 DeprecationWarning: This method is deprecated. Please use `BigQueryHook.insert_job` method.
[2022-09-18 19:37:43,439] {bigquery.py:1510} INFO - Inserting job airflow_1663529863421403_06d2bf8b43be9b79a3e89edf3b53e367
[2022-09-18 19:38:08,798] {local_task_job.py:118} INFO - Task exited with return code Negsignal.SIGKILL
[2022-09-18 20:12:36,430] {taskinstance.py:826} INFO - Dependencies all met for <TaskInstance: bigquery_dag.check_query_big_query_table 2022-09-16T03:00:00+00:00 [queued]>
[2022-09-18 20:12:36,523] {taskinstance.py:826} INFO - Dependencies all met for <TaskInstance: bigquery_dag.check_query_big_query_table 2022-09-16T03:00:00+00:00 [queued]>
[2022-09-18 20:12:36,526] {taskinstance.py:1017} INFO - 
--------------------------------------------------------------------------------
[2022-09-18 20:12:36,530] {taskinstance.py:1018} INFO - Starting attempt 1 of 3
[2022-09-18 20:12:36,533] {taskinstance.py:1019} INFO - 
--------------------------------------------------------------------------------
[2022-09-18 20:12:36,633] {taskinstance.py:1038} INFO - Executing <Task(BigQueryCheckOperator): check_query_big_query_table> on 2022-09-16T03:00:00+00:00
[2022-09-18 20:12:36,683] {standard_task_runner.py:51} INFO - Started process 513 to run task
[2022-09-18 20:12:36,732] {standard_task_runner.py:75} INFO - Running: ['airflow', 'tasks', 'run', 'bigquery_dag', 'check_query_big_query_table', '2022-09-16T03:00:00+00:00', '--job-id', '454', '--pool', 'default_pool', '--raw', '--subdir', 'DAGS_FOLDER/dag_with_bigquery.py', '--cfg-path', '/tmp/tmpv3_53tac']
[2022-09-18 20:12:36,756] {standard_task_runner.py:76} INFO - Job 454: Subtask check_query_big_query_table
[2022-09-18 20:12:37,427] {logging_mixin.py:103} INFO - Running <TaskInstance: bigquery_dag.check_query_big_query_table 2022-09-16T03:00:00+00:00 [running]> on host 27377494ab8b
[2022-09-18 20:12:39,362] {taskinstance.py:1232} INFO - Exporting the following env vars:
AIRFLOW_CTX_DAG_OWNER=Dave
AIRFLOW_CTX_DAG_ID=bigquery_dag
AIRFLOW_CTX_TASK_ID=check_query_big_query_table
AIRFLOW_CTX_EXECUTION_DATE=2022-09-16T03:00:00+00:00
AIRFLOW_CTX_DAG_RUN_ID=scheduled__2022-09-16T03:00:00+00:00
[2022-09-18 20:12:39,411] {sql.py:87} INFO - Executing SQL check: 
           select id from githubarchive.day.20220914
        
[2022-09-18 20:12:39,774] {logging_mixin.py:103} WARNING - /home/airflow/.local/lib/python3.6/site-packages/airflow/providers/google/cloud/hooks/bigquery.py:120 DeprecationWarning: This method will be deprecated. Please use `BigQueryHook.get_client` method
[2022-09-18 20:12:41,451] {logging_mixin.py:103} WARNING - /home/airflow/.local/lib/python3.6/site-packages/airflow/providers/google/cloud/hooks/bigquery.py:2052 DeprecationWarning: This method is deprecated. Please use `BigQueryHook.insert_job` method.
[2022-09-18 20:12:41,498] {bigquery.py:1510} INFO - Inserting job airflow_1663531961457762_06d2bf8b43be9b79a3e89edf3b53e367
[2022-09-18 20:13:39,387] {sql.py:90} INFO - Record: ['23990728531']
[2022-09-18 20:13:39,453] {sql.py:96} INFO - Success.
[2022-09-18 20:13:39,710] {taskinstance.py:1142} INFO - Marking task as SUCCESS. dag_id=bigquery_dag, task_id=check_query_big_query_table, execution_date=20220916T030000, start_date=20220918T201236, end_date=20220918T201339
[2022-09-18 20:13:41,141] {taskinstance.py:1195} INFO - 2 downstream tasks scheduled from follow-on schedule check
[2022-09-18 20:13:41,873] {local_task_job.py:170} WARNING - State of this instance has been externally set to success. Terminating instance.
[2022-09-18 20:13:42,239] {process_utils.py:95} INFO - Sending Signals.SIGTERM to GPID 513
[2022-09-18 20:13:42,432] {process_utils.py:61} INFO - Process psutil.Process(pid=513, status='terminated', exitcode=0, started='20:12:36') (513) terminated with exit code 0
[2022-09-18 20:13:42,439] {local_task_job.py:118} INFO - Task exited with return code 0
