[2022-09-18 18:29:41,706] {taskinstance.py:826} INFO - Dependencies all met for <TaskInstance: bigquery_dag.check_query_big_query_table 2022-09-16T03:00:00+00:00 [queued]>
[2022-09-18 18:29:41,753] {taskinstance.py:826} INFO - Dependencies all met for <TaskInstance: bigquery_dag.check_query_big_query_table 2022-09-16T03:00:00+00:00 [queued]>
[2022-09-18 18:29:41,755] {taskinstance.py:1017} INFO - 
--------------------------------------------------------------------------------
[2022-09-18 18:29:41,756] {taskinstance.py:1018} INFO - Starting attempt 2 of 3
[2022-09-18 18:29:41,758] {taskinstance.py:1019} INFO - 
--------------------------------------------------------------------------------
[2022-09-18 18:29:41,798] {taskinstance.py:1038} INFO - Executing <Task(BigQueryCheckOperator): check_query_big_query_table> on 2022-09-16T03:00:00+00:00
[2022-09-18 18:29:41,816] {standard_task_runner.py:51} INFO - Started process 381 to run task
[2022-09-18 18:29:41,840] {standard_task_runner.py:75} INFO - Running: ['airflow', 'tasks', 'run', 'bigquery_dag', 'check_query_big_query_table', '2022-09-16T03:00:00+00:00', '--job-id', '264', '--pool', 'default_pool', '--raw', '--subdir', 'DAGS_FOLDER/dag_with_bigquery.py', '--cfg-path', '/tmp/tmpzrksu6q_']
[2022-09-18 18:29:41,848] {standard_task_runner.py:76} INFO - Job 264: Subtask check_query_big_query_table
[2022-09-18 18:29:41,990] {logging_mixin.py:103} INFO - Running <TaskInstance: bigquery_dag.check_query_big_query_table 2022-09-16T03:00:00+00:00 [running]> on host 27377494ab8b
[2022-09-18 18:29:42,246] {taskinstance.py:1232} INFO - Exporting the following env vars:
AIRFLOW_CTX_DAG_OWNER=Dave
AIRFLOW_CTX_DAG_ID=bigquery_dag
AIRFLOW_CTX_TASK_ID=check_query_big_query_table
AIRFLOW_CTX_EXECUTION_DATE=2022-09-16T03:00:00+00:00
AIRFLOW_CTX_DAG_RUN_ID=scheduled__2022-09-16T03:00:00+00:00
[2022-09-18 18:29:42,259] {sql.py:87} INFO - Executing SQL check: 
           select id from githubarchive.day.20220914
        
[2022-09-18 18:29:42,395] {logging_mixin.py:103} WARNING - /home/airflow/.local/lib/python3.6/site-packages/airflow/providers/google/cloud/hooks/bigquery.py:120 DeprecationWarning: This method will be deprecated. Please use `BigQueryHook.get_client` method
[2022-09-18 18:29:42,441] {taskinstance.py:1396} ERROR - [Errno 2] No such file or directory: '/opt/airflow/dags/dags/support/quick-keel-213611-2877771d11bf.json'
Traceback (most recent call last):
  File "/home/airflow/.local/lib/python3.6/site-packages/airflow/models/taskinstance.py", line 1086, in _run_raw_task
    self._prepare_and_execute_task_with_callbacks(context, task)
  File "/home/airflow/.local/lib/python3.6/site-packages/airflow/models/taskinstance.py", line 1260, in _prepare_and_execute_task_with_callbacks
    result = self._execute_task(context, task_copy)
  File "/home/airflow/.local/lib/python3.6/site-packages/airflow/models/taskinstance.py", line 1300, in _execute_task
    result = task_copy.execute(context=context)
  File "/home/airflow/.local/lib/python3.6/site-packages/airflow/operators/sql.py", line 88, in execute
    records = self.get_db_hook().get_first(self.sql)
  File "/home/airflow/.local/lib/python3.6/site-packages/airflow/hooks/dbapi.py", line 147, in get_first
    with closing(self.get_conn()) as conn:
  File "/home/airflow/.local/lib/python3.6/site-packages/airflow/providers/google/cloud/hooks/bigquery.py", line 107, in get_conn
    service = self.get_service()
  File "/home/airflow/.local/lib/python3.6/site-packages/airflow/providers/google/cloud/hooks/bigquery.py", line 122, in get_service
    http_authorized = self._authorize()
  File "/home/airflow/.local/lib/python3.6/site-packages/airflow/providers/google/common/hooks/base_google.py", line 280, in _authorize
    credentials = self._get_credentials()
  File "/home/airflow/.local/lib/python3.6/site-packages/airflow/providers/google/common/hooks/base_google.py", line 251, in _get_credentials
    credentials, _ = self._get_credentials_and_project_id()
  File "/home/airflow/.local/lib/python3.6/site-packages/airflow/providers/google/common/hooks/base_google.py", line 237, in _get_credentials_and_project_id
    delegates=delegates,
  File "/home/airflow/.local/lib/python3.6/site-packages/airflow/providers/google/cloud/utils/credentials_provider.py", line 309, in get_credentials_and_project_id
    return _CredentialProvider(*args, **kwargs).get_credentials_and_project()
  File "/home/airflow/.local/lib/python3.6/site-packages/airflow/providers/google/cloud/utils/credentials_provider.py", line 238, in get_credentials_and_project
    credentials, project_id = self._get_credentials_using_key_path()
  File "/home/airflow/.local/lib/python3.6/site-packages/airflow/providers/google/cloud/utils/credentials_provider.py", line 286, in _get_credentials_using_key_path
    self.key_path, scopes=self.scopes
  File "/home/airflow/.local/lib/python3.6/site-packages/google/oauth2/service_account.py", line 234, in from_service_account_file
    filename, require=["client_email", "token_uri"]
  File "/home/airflow/.local/lib/python3.6/site-packages/google/auth/_service_account_info.py", line 72, in from_filename
    with io.open(filename, "r", encoding="utf-8") as json_file:
FileNotFoundError: [Errno 2] No such file or directory: '/opt/airflow/dags/dags/support/quick-keel-213611-2877771d11bf.json'
[2022-09-18 18:29:42,506] {taskinstance.py:1440} INFO - Marking task as UP_FOR_RETRY. dag_id=bigquery_dag, task_id=check_query_big_query_table, execution_date=20220916T030000, start_date=20220918T182941, end_date=20220918T182942
[2022-09-18 18:29:42,734] {local_task_job.py:118} INFO - Task exited with return code 1
[2022-09-18 18:35:26,132] {taskinstance.py:826} INFO - Dependencies all met for <TaskInstance: bigquery_dag.check_query_big_query_table 2022-09-16T03:00:00+00:00 [None]>
[2022-09-18 18:35:26,216] {taskinstance.py:826} INFO - Dependencies all met for <TaskInstance: bigquery_dag.check_query_big_query_table 2022-09-16T03:00:00+00:00 [None]>
[2022-09-18 18:35:26,219] {taskinstance.py:1017} INFO - 
--------------------------------------------------------------------------------
[2022-09-18 18:35:26,221] {taskinstance.py:1018} INFO - Starting attempt 2 of 3
[2022-09-18 18:35:26,223] {taskinstance.py:1019} INFO - 
--------------------------------------------------------------------------------
[2022-09-18 18:35:26,318] {taskinstance.py:1038} INFO - Executing <Task(BigQueryCheckOperator): check_query_big_query_table> on 2022-09-16T03:00:00+00:00
[2022-09-18 18:35:26,337] {standard_task_runner.py:51} INFO - Started process 3390 to run task
[2022-09-18 18:35:26,368] {standard_task_runner.py:75} INFO - Running: ['airflow', 'tasks', 'run', 'bigquery_dag', 'check_query_big_query_table', '2022-09-16T03:00:00+00:00', '--job-id', '294', '--pool', 'default_pool', '--raw', '--subdir', 'DAGS_FOLDER/dag_with_bigquery.py', '--cfg-path', '/tmp/tmpvr4f5r6o']
[2022-09-18 18:35:26,377] {standard_task_runner.py:76} INFO - Job 294: Subtask check_query_big_query_table
[2022-09-18 18:35:26,617] {logging_mixin.py:103} INFO - Running <TaskInstance: bigquery_dag.check_query_big_query_table 2022-09-16T03:00:00+00:00 [running]> on host 27377494ab8b
[2022-09-18 18:35:26,781] {taskinstance.py:1232} INFO - Exporting the following env vars:
AIRFLOW_CTX_DAG_OWNER=Dave
AIRFLOW_CTX_DAG_ID=bigquery_dag
AIRFLOW_CTX_TASK_ID=check_query_big_query_table
AIRFLOW_CTX_EXECUTION_DATE=2022-09-16T03:00:00+00:00
[2022-09-18 18:35:26,791] {sql.py:87} INFO - Executing SQL check: 
           select id from githubarchive.day.20220914
        
[2022-09-18 18:35:26,888] {logging_mixin.py:103} WARNING - /home/airflow/.local/lib/python3.6/site-packages/airflow/providers/google/cloud/hooks/bigquery.py:120 DeprecationWarning: This method will be deprecated. Please use `BigQueryHook.get_client` method
[2022-09-18 18:35:27,894] {logging_mixin.py:103} WARNING - /home/airflow/.local/lib/python3.6/site-packages/airflow/providers/google/cloud/hooks/bigquery.py:2052 DeprecationWarning: This method is deprecated. Please use `BigQueryHook.insert_job` method.
[2022-09-18 18:35:27,909] {bigquery.py:1510} INFO - Inserting job airflow_1663526127906177_06d2bf8b43be9b79a3e89edf3b53e367
[2022-09-18 18:35:56,456] {sql.py:90} INFO - Record: ['23992050950']
[2022-09-18 18:35:56,486] {sql.py:96} INFO - Success.
[2022-09-18 18:35:56,566] {taskinstance.py:1142} INFO - Marking task as SUCCESS. dag_id=bigquery_dag, task_id=check_query_big_query_table, execution_date=20220916T030000, start_date=20220918T183526, end_date=20220918T183556
[2022-09-18 18:35:56,943] {local_task_job.py:118} INFO - Task exited with return code 1
[2022-09-18 19:17:32,721] {taskinstance.py:826} INFO - Dependencies all met for <TaskInstance: bigquery_dag.check_query_big_query_table 2022-09-16T03:00:00+00:00 [queued]>
[2022-09-18 19:17:32,821] {taskinstance.py:826} INFO - Dependencies all met for <TaskInstance: bigquery_dag.check_query_big_query_table 2022-09-16T03:00:00+00:00 [queued]>
[2022-09-18 19:17:32,824] {taskinstance.py:1017} INFO - 
--------------------------------------------------------------------------------
[2022-09-18 19:17:32,825] {taskinstance.py:1018} INFO - Starting attempt 2 of 3
[2022-09-18 19:17:32,832] {taskinstance.py:1019} INFO - 
--------------------------------------------------------------------------------
[2022-09-18 19:17:32,943] {taskinstance.py:1038} INFO - Executing <Task(BigQueryCheckOperator): check_query_big_query_table> on 2022-09-16T03:00:00+00:00
[2022-09-18 19:17:32,979] {standard_task_runner.py:51} INFO - Started process 2808 to run task
[2022-09-18 19:17:33,007] {standard_task_runner.py:75} INFO - Running: ['airflow', 'tasks', 'run', 'bigquery_dag', 'check_query_big_query_table', '2022-09-16T03:00:00+00:00', '--job-id', '363', '--pool', 'default_pool', '--raw', '--subdir', 'DAGS_FOLDER/dag_with_bigquery.py', '--cfg-path', '/tmp/tmps60qzig3']
[2022-09-18 19:17:33,033] {standard_task_runner.py:76} INFO - Job 363: Subtask check_query_big_query_table
[2022-09-18 19:17:33,455] {logging_mixin.py:103} INFO - Running <TaskInstance: bigquery_dag.check_query_big_query_table 2022-09-16T03:00:00+00:00 [running]> on host 27377494ab8b
[2022-09-18 19:17:33,746] {taskinstance.py:1232} INFO - Exporting the following env vars:
AIRFLOW_CTX_DAG_OWNER=Dave
AIRFLOW_CTX_DAG_ID=bigquery_dag
AIRFLOW_CTX_TASK_ID=check_query_big_query_table
AIRFLOW_CTX_EXECUTION_DATE=2022-09-16T03:00:00+00:00
AIRFLOW_CTX_DAG_RUN_ID=scheduled__2022-09-16T03:00:00+00:00
[2022-09-18 19:17:33,785] {sql.py:87} INFO - Executing SQL check: 
           select id from githubarchive.day.20220914
        
[2022-09-18 19:17:33,890] {logging_mixin.py:103} WARNING - /home/airflow/.local/lib/python3.6/site-packages/airflow/providers/google/cloud/hooks/bigquery.py:120 DeprecationWarning: This method will be deprecated. Please use `BigQueryHook.get_client` method
[2022-09-18 19:17:35,322] {logging_mixin.py:103} WARNING - /home/airflow/.local/lib/python3.6/site-packages/airflow/providers/google/cloud/hooks/bigquery.py:2052 DeprecationWarning: This method is deprecated. Please use `BigQueryHook.insert_job` method.
[2022-09-18 19:17:35,337] {bigquery.py:1510} INFO - Inserting job airflow_1663528655334502_06d2bf8b43be9b79a3e89edf3b53e367
[2022-09-18 19:17:36,060] {taskinstance.py:1396} ERROR - 403 POST https://bigquery.googleapis.com/bigquery/v2/projects/quick-keel-213611/jobs?prettyPrint=false: Access Denied: Project quick-keel-213611: User does not have bigquery.jobs.create permission in project quick-keel-213611.

(job ID: airflow_1663528655334502_06d2bf8b43be9b79a3e89edf3b53e367)

             -----Query Job SQL Follows-----             

    |    .    |    .    |    .    |    .    |    .    |
   1:
   2:           select id from githubarchive.day.20220914
   3:        
    |    .    |    .    |    .    |    .    |    .    |

(job ID: airflow_1663528655334502_06d2bf8b43be9b79a3e89edf3b53e367)

             -----Query Job SQL Follows-----             

    |    .    |    .    |    .    |    .    |    .    |
   1:
   2:           select id from githubarchive.day.20220914
   3:        
    |    .    |    .    |    .    |    .    |    .    |
Traceback (most recent call last):
  File "/home/airflow/.local/lib/python3.6/site-packages/airflow/models/taskinstance.py", line 1086, in _run_raw_task
    self._prepare_and_execute_task_with_callbacks(context, task)
  File "/home/airflow/.local/lib/python3.6/site-packages/airflow/models/taskinstance.py", line 1260, in _prepare_and_execute_task_with_callbacks
    result = self._execute_task(context, task_copy)
  File "/home/airflow/.local/lib/python3.6/site-packages/airflow/models/taskinstance.py", line 1300, in _execute_task
    result = task_copy.execute(context=context)
  File "/home/airflow/.local/lib/python3.6/site-packages/airflow/operators/sql.py", line 88, in execute
    records = self.get_db_hook().get_first(self.sql)
  File "/home/airflow/.local/lib/python3.6/site-packages/airflow/hooks/dbapi.py", line 152, in get_first
    cur.execute(sql)
  File "/home/airflow/.local/lib/python3.6/site-packages/airflow/providers/google/cloud/hooks/bigquery.py", line 2639, in execute
    self.job_id = self.hook.run_query(sql)
  File "/home/airflow/.local/lib/python3.6/site-packages/airflow/providers/google/cloud/hooks/bigquery.py", line 2186, in run_query
    job = self.insert_job(configuration=configuration, project_id=self.project_id)
  File "/home/airflow/.local/lib/python3.6/site-packages/airflow/providers/google/common/hooks/base_google.py", line 425, in inner_wrapper
    return func(self, *args, **kwargs)
  File "/home/airflow/.local/lib/python3.6/site-packages/airflow/providers/google/cloud/hooks/bigquery.py", line 1512, in insert_job
    job.result()
  File "/home/airflow/.local/lib/python3.6/site-packages/google/cloud/bigquery/job/query.py", line 1159, in result
    super(QueryJob, self).result(retry=retry, timeout=timeout)
  File "/home/airflow/.local/lib/python3.6/site-packages/google/cloud/bigquery/job/base.py", line 628, in result
    self._begin(retry=retry, timeout=timeout)
  File "/home/airflow/.local/lib/python3.6/site-packages/google/cloud/bigquery/job/query.py", line 1069, in _begin
    super(QueryJob, self)._begin(client=client, retry=retry, timeout=timeout)
  File "/home/airflow/.local/lib/python3.6/site-packages/google/cloud/bigquery/job/base.py", line 438, in _begin
    timeout=timeout,
  File "/home/airflow/.local/lib/python3.6/site-packages/google/cloud/bigquery/client.py", line 640, in _call_api
    return call()
  File "/home/airflow/.local/lib/python3.6/site-packages/google/api_core/retry.py", line 286, in retry_wrapped_func
    on_error=on_error,
  File "/home/airflow/.local/lib/python3.6/site-packages/google/api_core/retry.py", line 184, in retry_target
    return target()
  File "/home/airflow/.local/lib/python3.6/site-packages/google/cloud/_http.py", line 483, in api_request
    raise exceptions.from_http_response(response)
google.api_core.exceptions.Forbidden: 403 POST https://bigquery.googleapis.com/bigquery/v2/projects/quick-keel-213611/jobs?prettyPrint=false: Access Denied: Project quick-keel-213611: User does not have bigquery.jobs.create permission in project quick-keel-213611.

(job ID: airflow_1663528655334502_06d2bf8b43be9b79a3e89edf3b53e367)

             -----Query Job SQL Follows-----             

    |    .    |    .    |    .    |    .    |    .    |
   1:
   2:           select id from githubarchive.day.20220914
   3:        
    |    .    |    .    |    .    |    .    |    .    |

(job ID: airflow_1663528655334502_06d2bf8b43be9b79a3e89edf3b53e367)

             -----Query Job SQL Follows-----             

    |    .    |    .    |    .    |    .    |    .    |
   1:
   2:           select id from githubarchive.day.20220914
   3:        
    |    .    |    .    |    .    |    .    |    .    |
[2022-09-18 19:17:36,149] {taskinstance.py:1440} INFO - Marking task as UP_FOR_RETRY. dag_id=bigquery_dag, task_id=check_query_big_query_table, execution_date=20220916T030000, start_date=20220918T191732, end_date=20220918T191736
[2022-09-18 19:17:36,500] {local_task_job.py:118} INFO - Task exited with return code 1
[2022-09-18 19:34:04,632] {taskinstance.py:826} INFO - Dependencies all met for <TaskInstance: bigquery_dag.check_query_big_query_table 2022-09-16T03:00:00+00:00 [queued]>
[2022-09-18 19:34:04,790] {taskinstance.py:826} INFO - Dependencies all met for <TaskInstance: bigquery_dag.check_query_big_query_table 2022-09-16T03:00:00+00:00 [queued]>
[2022-09-18 19:34:04,793] {taskinstance.py:1017} INFO - 
--------------------------------------------------------------------------------
[2022-09-18 19:34:04,795] {taskinstance.py:1018} INFO - Starting attempt 2 of 3
[2022-09-18 19:34:04,800] {taskinstance.py:1019} INFO - 
--------------------------------------------------------------------------------
[2022-09-18 19:34:05,003] {taskinstance.py:1038} INFO - Executing <Task(BigQueryCheckOperator): check_query_big_query_table> on 2022-09-16T03:00:00+00:00
[2022-09-18 19:34:05,092] {standard_task_runner.py:51} INFO - Started process 414 to run task
[2022-09-18 19:34:05,215] {standard_task_runner.py:75} INFO - Running: ['airflow', 'tasks', 'run', 'bigquery_dag', 'check_query_big_query_table', '2022-09-16T03:00:00+00:00', '--job-id', '391', '--pool', 'default_pool', '--raw', '--subdir', 'DAGS_FOLDER/dag_with_bigquery.py', '--cfg-path', '/tmp/tmpidw9iya_']
[2022-09-18 19:34:05,259] {standard_task_runner.py:76} INFO - Job 391: Subtask check_query_big_query_table
[2022-09-18 19:34:06,467] {logging_mixin.py:103} INFO - Running <TaskInstance: bigquery_dag.check_query_big_query_table 2022-09-16T03:00:00+00:00 [running]> on host 27377494ab8b
[2022-09-18 19:34:09,048] {taskinstance.py:1232} INFO - Exporting the following env vars:
AIRFLOW_CTX_DAG_OWNER=Dave
AIRFLOW_CTX_DAG_ID=bigquery_dag
AIRFLOW_CTX_TASK_ID=check_query_big_query_table
AIRFLOW_CTX_EXECUTION_DATE=2022-09-16T03:00:00+00:00
AIRFLOW_CTX_DAG_RUN_ID=scheduled__2022-09-16T03:00:00+00:00
[2022-09-18 19:34:09,194] {sql.py:87} INFO - Executing SQL check: 
           select id from githubarchive.day.20220914
        
[2022-09-18 19:34:09,926] {logging_mixin.py:103} WARNING - /home/airflow/.local/lib/python3.6/site-packages/airflow/providers/google/cloud/hooks/bigquery.py:120 DeprecationWarning: This method will be deprecated. Please use `BigQueryHook.get_client` method
[2022-09-18 19:34:16,301] {logging_mixin.py:103} WARNING - /home/airflow/.local/lib/python3.6/site-packages/airflow/providers/google/cloud/hooks/bigquery.py:2052 DeprecationWarning: This method is deprecated. Please use `BigQueryHook.insert_job` method.
[2022-09-18 19:34:16,327] {bigquery.py:1510} INFO - Inserting job airflow_1663529656317943_06d2bf8b43be9b79a3e89edf3b53e367
[2022-09-18 19:34:43,680] {local_task_job.py:118} INFO - Task exited with return code Negsignal.SIGKILL
[2022-09-18 19:39:39,768] {taskinstance.py:826} INFO - Dependencies all met for <TaskInstance: bigquery_dag.check_query_big_query_table 2022-09-16T03:00:00+00:00 [queued]>
[2022-09-18 19:39:39,947] {taskinstance.py:826} INFO - Dependencies all met for <TaskInstance: bigquery_dag.check_query_big_query_table 2022-09-16T03:00:00+00:00 [queued]>
[2022-09-18 19:39:39,953] {taskinstance.py:1017} INFO - 
--------------------------------------------------------------------------------
[2022-09-18 19:39:39,955] {taskinstance.py:1018} INFO - Starting attempt 2 of 3
[2022-09-18 19:39:39,960] {taskinstance.py:1019} INFO - 
--------------------------------------------------------------------------------
[2022-09-18 19:39:40,020] {taskinstance.py:1038} INFO - Executing <Task(BigQueryCheckOperator): check_query_big_query_table> on 2022-09-16T03:00:00+00:00
[2022-09-18 19:39:40,055] {standard_task_runner.py:51} INFO - Started process 2655 to run task
[2022-09-18 19:39:40,084] {standard_task_runner.py:75} INFO - Running: ['airflow', 'tasks', 'run', 'bigquery_dag', 'check_query_big_query_table', '2022-09-16T03:00:00+00:00', '--job-id', '415', '--pool', 'default_pool', '--raw', '--subdir', 'DAGS_FOLDER/dag_with_bigquery.py', '--cfg-path', '/tmp/tmpicd3nnv1']
[2022-09-18 19:39:40,118] {standard_task_runner.py:76} INFO - Job 415: Subtask check_query_big_query_table
[2022-09-18 19:39:40,468] {logging_mixin.py:103} INFO - Running <TaskInstance: bigquery_dag.check_query_big_query_table 2022-09-16T03:00:00+00:00 [running]> on host 27377494ab8b
[2022-09-18 19:39:40,742] {taskinstance.py:1232} INFO - Exporting the following env vars:
AIRFLOW_CTX_DAG_OWNER=Dave
AIRFLOW_CTX_DAG_ID=bigquery_dag
AIRFLOW_CTX_TASK_ID=check_query_big_query_table
AIRFLOW_CTX_EXECUTION_DATE=2022-09-16T03:00:00+00:00
AIRFLOW_CTX_DAG_RUN_ID=scheduled__2022-09-16T03:00:00+00:00
[2022-09-18 19:39:40,752] {sql.py:87} INFO - Executing SQL check: 
           select id from githubarchive.day.20220914
        
[2022-09-18 19:39:40,852] {logging_mixin.py:103} WARNING - /home/airflow/.local/lib/python3.6/site-packages/airflow/providers/google/cloud/hooks/bigquery.py:120 DeprecationWarning: This method will be deprecated. Please use `BigQueryHook.get_client` method
[2022-09-18 19:39:42,252] {logging_mixin.py:103} WARNING - /home/airflow/.local/lib/python3.6/site-packages/airflow/providers/google/cloud/hooks/bigquery.py:2052 DeprecationWarning: This method is deprecated. Please use `BigQueryHook.insert_job` method.
[2022-09-18 19:39:42,276] {bigquery.py:1510} INFO - Inserting job airflow_1663529982264446_06d2bf8b43be9b79a3e89edf3b53e367
[2022-09-18 19:40:00,796] {local_task_job.py:118} INFO - Task exited with return code Negsignal.SIGKILL
