[2022-09-18 20:14:07,947] {taskinstance.py:826} INFO - Dependencies all met for <TaskInstance: bigquery_dag.query_big_query_table 2022-09-18T20:11:33.502888+00:00 [queued]>
[2022-09-18 20:14:08,196] {taskinstance.py:826} INFO - Dependencies all met for <TaskInstance: bigquery_dag.query_big_query_table 2022-09-18T20:11:33.502888+00:00 [queued]>
[2022-09-18 20:14:08,201] {taskinstance.py:1017} INFO - 
--------------------------------------------------------------------------------
[2022-09-18 20:14:08,204] {taskinstance.py:1018} INFO - Starting attempt 1 of 3
[2022-09-18 20:14:08,207] {taskinstance.py:1019} INFO - 
--------------------------------------------------------------------------------
[2022-09-18 20:14:08,404] {taskinstance.py:1038} INFO - Executing <Task(BigQueryOperator): query_big_query_table> on 2022-09-18T20:11:33.502888+00:00
[2022-09-18 20:14:08,441] {standard_task_runner.py:51} INFO - Started process 899 to run task
[2022-09-18 20:14:08,513] {standard_task_runner.py:75} INFO - Running: ['airflow', 'tasks', 'run', 'bigquery_dag', 'query_big_query_table', '2022-09-18T20:11:33.502888+00:00', '--job-id', '458', '--pool', 'default_pool', '--raw', '--subdir', 'DAGS_FOLDER/dag_with_bigquery.py', '--cfg-path', '/tmp/tmpkea33nns']
[2022-09-18 20:14:08,533] {standard_task_runner.py:76} INFO - Job 458: Subtask query_big_query_table
[2022-09-18 20:14:09,190] {logging_mixin.py:103} INFO - Running <TaskInstance: bigquery_dag.query_big_query_table 2022-09-18T20:11:33.502888+00:00 [running]> on host 27377494ab8b
[2022-09-18 20:14:10,475] {taskinstance.py:1232} INFO - Exporting the following env vars:
AIRFLOW_CTX_DAG_OWNER=Dave
AIRFLOW_CTX_DAG_ID=bigquery_dag
AIRFLOW_CTX_TASK_ID=query_big_query_table
AIRFLOW_CTX_EXECUTION_DATE=2022-09-18T20:11:33.502888+00:00
AIRFLOW_CTX_DAG_RUN_ID=manual__2022-09-18T20:11:33.502888+00:00
[2022-09-18 20:14:10,616] {bigquery.py:680} INFO - Executing: 
           select id from githubarchive.day.20220914
        
[2022-09-18 20:14:10,990] {logging_mixin.py:103} WARNING - /home/airflow/.local/lib/python3.6/site-packages/airflow/providers/google/cloud/hooks/bigquery.py:2052 DeprecationWarning: This method is deprecated. Please use `BigQueryHook.insert_job` method.
[2022-09-18 20:14:11,594] {bigquery.py:1510} INFO - Inserting job airflow_1663532051578970_06d2bf8b43be9b79a3e89edf3b53e367
[2022-09-18 20:14:18,668] {taskinstance.py:1142} INFO - Marking task as SUCCESS. dag_id=bigquery_dag, task_id=query_big_query_table, execution_date=20220918T201133, start_date=20220918T201407, end_date=20220918T201418
[2022-09-18 20:14:19,614] {local_task_job.py:170} WARNING - State of this instance has been externally set to success. Terminating instance.
[2022-09-18 20:14:19,670] {process_utils.py:95} INFO - Sending Signals.SIGTERM to GPID 899
[2022-09-18 20:14:20,835] {taskinstance.py:1214} ERROR - Received SIGTERM. Terminating subprocesses.
[2022-09-18 20:14:20,855] {bigquery.py:740} INFO - Cancelling running query
[2022-09-18 20:14:20,994] {logging_mixin.py:103} WARNING - /home/airflow/.local/lib/python3.6/site-packages/airflow/providers/google/cloud/hooks/bigquery.py:1371 DeprecationWarning: This method is deprecated. Please use `BigQueryHook.cancel_job`.
[2022-09-18 20:14:22,126] {bigquery.py:1398} INFO - No running BigQuery jobs to cancel.
[2022-09-18 20:14:22,331] {process_utils.py:61} INFO - Process psutil.Process(pid=899, status='terminated', exitcode=1, started='20:14:07') (899) terminated with exit code 1
[2022-09-18 20:14:22,339] {local_task_job.py:118} INFO - Task exited with return code 1
