[2022-09-18 18:29:10,805] {taskinstance.py:826} INFO - Dependencies all met for <TaskInstance: bigquery_dag.check_query_big_query_table 2022-09-14T03:00:00+00:00 [queued]>
[2022-09-18 18:29:11,028] {taskinstance.py:826} INFO - Dependencies all met for <TaskInstance: bigquery_dag.check_query_big_query_table 2022-09-14T03:00:00+00:00 [queued]>
[2022-09-18 18:29:11,030] {taskinstance.py:1017} INFO - 
--------------------------------------------------------------------------------
[2022-09-18 18:29:11,032] {taskinstance.py:1018} INFO - Starting attempt 1 of 3
[2022-09-18 18:29:11,034] {taskinstance.py:1019} INFO - 
--------------------------------------------------------------------------------
[2022-09-18 18:29:11,180] {taskinstance.py:1038} INFO - Executing <Task(BigQueryCheckOperator): check_query_big_query_table> on 2022-09-14T03:00:00+00:00
[2022-09-18 18:29:11,221] {standard_task_runner.py:51} INFO - Started process 30879 to run task
[2022-09-18 18:29:11,328] {standard_task_runner.py:75} INFO - Running: ['airflow', 'tasks', 'run', 'bigquery_dag', 'check_query_big_query_table', '2022-09-14T03:00:00+00:00', '--job-id', '258', '--pool', 'default_pool', '--raw', '--subdir', 'DAGS_FOLDER/dag_with_bigquery.py', '--cfg-path', '/tmp/tmpz_f0ai89']
[2022-09-18 18:29:11,367] {standard_task_runner.py:76} INFO - Job 258: Subtask check_query_big_query_table
[2022-09-18 18:29:11,829] {logging_mixin.py:103} INFO - Running <TaskInstance: bigquery_dag.check_query_big_query_table 2022-09-14T03:00:00+00:00 [running]> on host 27377494ab8b
[2022-09-18 18:29:12,154] {taskinstance.py:1232} INFO - Exporting the following env vars:
AIRFLOW_CTX_DAG_OWNER=Dave
AIRFLOW_CTX_DAG_ID=bigquery_dag
AIRFLOW_CTX_TASK_ID=check_query_big_query_table
AIRFLOW_CTX_EXECUTION_DATE=2022-09-14T03:00:00+00:00
AIRFLOW_CTX_DAG_RUN_ID=scheduled__2022-09-14T03:00:00+00:00
[2022-09-18 18:29:12,176] {sql.py:87} INFO - Executing SQL check: 
           select id from githubarchive.day.20220914
        
[2022-09-18 18:29:12,334] {logging_mixin.py:103} WARNING - /home/airflow/.local/lib/python3.6/site-packages/airflow/providers/google/cloud/hooks/bigquery.py:120 DeprecationWarning: This method will be deprecated. Please use `BigQueryHook.get_client` method
[2022-09-18 18:29:12,353] {taskinstance.py:1396} ERROR - [Errno 2] No such file or directory: '/opt/airflow/dags/dags/support/quick-keel-213611-2877771d11bf.json'
Traceback (most recent call last):
  File "/home/airflow/.local/lib/python3.6/site-packages/airflow/models/taskinstance.py", line 1086, in _run_raw_task
    self._prepare_and_execute_task_with_callbacks(context, task)
  File "/home/airflow/.local/lib/python3.6/site-packages/airflow/models/taskinstance.py", line 1260, in _prepare_and_execute_task_with_callbacks
    result = self._execute_task(context, task_copy)
  File "/home/airflow/.local/lib/python3.6/site-packages/airflow/models/taskinstance.py", line 1300, in _execute_task
    result = task_copy.execute(context=context)
  File "/home/airflow/.local/lib/python3.6/site-packages/airflow/operators/sql.py", line 88, in execute
    records = self.get_db_hook().get_first(self.sql)
  File "/home/airflow/.local/lib/python3.6/site-packages/airflow/hooks/dbapi.py", line 147, in get_first
    with closing(self.get_conn()) as conn:
  File "/home/airflow/.local/lib/python3.6/site-packages/airflow/providers/google/cloud/hooks/bigquery.py", line 107, in get_conn
    service = self.get_service()
  File "/home/airflow/.local/lib/python3.6/site-packages/airflow/providers/google/cloud/hooks/bigquery.py", line 122, in get_service
    http_authorized = self._authorize()
  File "/home/airflow/.local/lib/python3.6/site-packages/airflow/providers/google/common/hooks/base_google.py", line 280, in _authorize
    credentials = self._get_credentials()
  File "/home/airflow/.local/lib/python3.6/site-packages/airflow/providers/google/common/hooks/base_google.py", line 251, in _get_credentials
    credentials, _ = self._get_credentials_and_project_id()
  File "/home/airflow/.local/lib/python3.6/site-packages/airflow/providers/google/common/hooks/base_google.py", line 237, in _get_credentials_and_project_id
    delegates=delegates,
  File "/home/airflow/.local/lib/python3.6/site-packages/airflow/providers/google/cloud/utils/credentials_provider.py", line 309, in get_credentials_and_project_id
    return _CredentialProvider(*args, **kwargs).get_credentials_and_project()
  File "/home/airflow/.local/lib/python3.6/site-packages/airflow/providers/google/cloud/utils/credentials_provider.py", line 238, in get_credentials_and_project
    credentials, project_id = self._get_credentials_using_key_path()
  File "/home/airflow/.local/lib/python3.6/site-packages/airflow/providers/google/cloud/utils/credentials_provider.py", line 286, in _get_credentials_using_key_path
    self.key_path, scopes=self.scopes
  File "/home/airflow/.local/lib/python3.6/site-packages/google/oauth2/service_account.py", line 234, in from_service_account_file
    filename, require=["client_email", "token_uri"]
  File "/home/airflow/.local/lib/python3.6/site-packages/google/auth/_service_account_info.py", line 72, in from_filename
    with io.open(filename, "r", encoding="utf-8") as json_file:
FileNotFoundError: [Errno 2] No such file or directory: '/opt/airflow/dags/dags/support/quick-keel-213611-2877771d11bf.json'
[2022-09-18 18:29:12,405] {taskinstance.py:1440} INFO - Marking task as UP_FOR_RETRY. dag_id=bigquery_dag, task_id=check_query_big_query_table, execution_date=20220914T030000, start_date=20220918T182910, end_date=20220918T182912
[2022-09-18 18:29:12,601] {local_task_job.py:118} INFO - Task exited with return code 1
[2022-09-18 18:31:53,907] {taskinstance.py:826} INFO - Dependencies all met for <TaskInstance: bigquery_dag.check_query_big_query_table 2022-09-14T03:00:00+00:00 [None]>
[2022-09-18 18:31:54,022] {taskinstance.py:826} INFO - Dependencies all met for <TaskInstance: bigquery_dag.check_query_big_query_table 2022-09-14T03:00:00+00:00 [None]>
[2022-09-18 18:31:54,027] {taskinstance.py:1017} INFO - 
--------------------------------------------------------------------------------
[2022-09-18 18:31:54,033] {taskinstance.py:1018} INFO - Starting attempt 1 of 3
[2022-09-18 18:31:54,035] {taskinstance.py:1019} INFO - 
--------------------------------------------------------------------------------
[2022-09-18 18:31:54,105] {taskinstance.py:1038} INFO - Executing <Task(BigQueryCheckOperator): check_query_big_query_table> on 2022-09-14T03:00:00+00:00
[2022-09-18 18:31:54,116] {standard_task_runner.py:51} INFO - Started process 1607 to run task
[2022-09-18 18:31:54,140] {standard_task_runner.py:75} INFO - Running: ['airflow', 'tasks', 'run', 'bigquery_dag', 'check_query_big_query_table', '2022-09-14T03:00:00+00:00', '--job-id', '281', '--pool', 'default_pool', '--raw', '--subdir', 'DAGS_FOLDER/dag_with_bigquery.py', '--cfg-path', '/tmp/tmpprvbad_w']
[2022-09-18 18:31:54,164] {standard_task_runner.py:76} INFO - Job 281: Subtask check_query_big_query_table
[2022-09-18 18:31:54,380] {logging_mixin.py:103} INFO - Running <TaskInstance: bigquery_dag.check_query_big_query_table 2022-09-14T03:00:00+00:00 [running]> on host 27377494ab8b
[2022-09-18 18:31:54,580] {taskinstance.py:1232} INFO - Exporting the following env vars:
AIRFLOW_CTX_DAG_OWNER=Dave
AIRFLOW_CTX_DAG_ID=bigquery_dag
AIRFLOW_CTX_TASK_ID=check_query_big_query_table
AIRFLOW_CTX_EXECUTION_DATE=2022-09-14T03:00:00+00:00
[2022-09-18 18:31:54,592] {sql.py:87} INFO - Executing SQL check: 
           select id from githubarchive.day.20220914
        
[2022-09-18 18:31:54,648] {logging_mixin.py:103} WARNING - /home/airflow/.local/lib/python3.6/site-packages/airflow/providers/google/cloud/hooks/bigquery.py:120 DeprecationWarning: This method will be deprecated. Please use `BigQueryHook.get_client` method
[2022-09-18 18:31:55,643] {logging_mixin.py:103} WARNING - /home/airflow/.local/lib/python3.6/site-packages/airflow/providers/google/cloud/hooks/bigquery.py:2052 DeprecationWarning: This method is deprecated. Please use `BigQueryHook.insert_job` method.
[2022-09-18 18:31:55,649] {bigquery.py:1510} INFO - Inserting job airflow_1663525915647124_06d2bf8b43be9b79a3e89edf3b53e367
[2022-09-18 18:32:30,380] {sql.py:90} INFO - Record: ['23992050950']
[2022-09-18 18:32:30,408] {sql.py:96} INFO - Success.
[2022-09-18 18:32:30,555] {taskinstance.py:1142} INFO - Marking task as SUCCESS. dag_id=bigquery_dag, task_id=check_query_big_query_table, execution_date=20220914T030000, start_date=20220918T183153, end_date=20220918T183230
[2022-09-18 18:32:30,822] {local_task_job.py:118} INFO - Task exited with return code 1
[2022-09-18 18:37:29,311] {taskinstance.py:826} INFO - Dependencies all met for <TaskInstance: bigquery_dag.check_query_big_query_table 2022-09-14T03:00:00+00:00 [queued]>
[2022-09-18 18:37:29,654] {taskinstance.py:826} INFO - Dependencies all met for <TaskInstance: bigquery_dag.check_query_big_query_table 2022-09-14T03:00:00+00:00 [queued]>
[2022-09-18 18:37:29,666] {taskinstance.py:1017} INFO - 
--------------------------------------------------------------------------------
[2022-09-18 18:37:29,668] {taskinstance.py:1018} INFO - Starting attempt 1 of 3
[2022-09-18 18:37:29,675] {taskinstance.py:1019} INFO - 
--------------------------------------------------------------------------------
[2022-09-18 18:37:30,012] {taskinstance.py:1038} INFO - Executing <Task(BigQueryCheckOperator): check_query_big_query_table> on 2022-09-14T03:00:00+00:00
[2022-09-18 18:37:30,124] {standard_task_runner.py:51} INFO - Started process 425 to run task
[2022-09-18 18:37:30,175] {standard_task_runner.py:75} INFO - Running: ['airflow', 'tasks', 'run', 'bigquery_dag', 'check_query_big_query_table', '2022-09-14T03:00:00+00:00', '--job-id', '302', '--pool', 'default_pool', '--raw', '--subdir', 'DAGS_FOLDER/dag_with_bigquery.py', '--cfg-path', '/tmp/tmpizfcicxj']
[2022-09-18 18:37:30,247] {standard_task_runner.py:76} INFO - Job 302: Subtask check_query_big_query_table
[2022-09-18 18:37:31,258] {logging_mixin.py:103} INFO - Running <TaskInstance: bigquery_dag.check_query_big_query_table 2022-09-14T03:00:00+00:00 [running]> on host 27377494ab8b
[2022-09-18 18:37:34,927] {taskinstance.py:1232} INFO - Exporting the following env vars:
AIRFLOW_CTX_DAG_OWNER=Dave
AIRFLOW_CTX_DAG_ID=bigquery_dag
AIRFLOW_CTX_TASK_ID=check_query_big_query_table
AIRFLOW_CTX_EXECUTION_DATE=2022-09-14T03:00:00+00:00
AIRFLOW_CTX_DAG_RUN_ID=scheduled__2022-09-14T03:00:00+00:00
[2022-09-18 18:37:35,138] {sql.py:87} INFO - Executing SQL check: 
           select id from githubarchive.day.20220914
        
[2022-09-18 18:37:35,821] {logging_mixin.py:103} WARNING - /home/airflow/.local/lib/python3.6/site-packages/airflow/providers/google/cloud/hooks/bigquery.py:120 DeprecationWarning: This method will be deprecated. Please use `BigQueryHook.get_client` method
[2022-09-18 18:37:43,064] {logging_mixin.py:103} WARNING - /home/airflow/.local/lib/python3.6/site-packages/airflow/providers/google/cloud/hooks/bigquery.py:2052 DeprecationWarning: This method is deprecated. Please use `BigQueryHook.insert_job` method.
[2022-09-18 18:37:43,105] {bigquery.py:1510} INFO - Inserting job airflow_1663526263088893_06d2bf8b43be9b79a3e89edf3b53e367
[2022-09-18 18:39:27,228] {sql.py:90} INFO - Record: ['23992050950']
[2022-09-18 18:39:27,263] {sql.py:96} INFO - Success.
[2022-09-18 18:39:27,424] {taskinstance.py:1142} INFO - Marking task as SUCCESS. dag_id=bigquery_dag, task_id=check_query_big_query_table, execution_date=20220914T030000, start_date=20220918T183729, end_date=20220918T183927
[2022-09-18 18:39:29,310] {taskinstance.py:1195} INFO - 2 downstream tasks scheduled from follow-on schedule check
[2022-09-18 18:39:30,029] {local_task_job.py:118} INFO - Task exited with return code 0
[2022-09-18 19:33:19,331] {taskinstance.py:826} INFO - Dependencies all met for <TaskInstance: bigquery_dag.check_query_big_query_table 2022-09-14T03:00:00+00:00 [queued]>
[2022-09-18 19:33:19,502] {taskinstance.py:826} INFO - Dependencies all met for <TaskInstance: bigquery_dag.check_query_big_query_table 2022-09-14T03:00:00+00:00 [queued]>
[2022-09-18 19:33:19,508] {taskinstance.py:1017} INFO - 
--------------------------------------------------------------------------------
[2022-09-18 19:33:19,516] {taskinstance.py:1018} INFO - Starting attempt 1 of 3
[2022-09-18 19:33:19,519] {taskinstance.py:1019} INFO - 
--------------------------------------------------------------------------------
[2022-09-18 19:33:19,611] {taskinstance.py:1038} INFO - Executing <Task(BigQueryCheckOperator): check_query_big_query_table> on 2022-09-14T03:00:00+00:00
[2022-09-18 19:33:19,635] {standard_task_runner.py:51} INFO - Started process 22179 to run task
[2022-09-18 19:33:19,714] {standard_task_runner.py:75} INFO - Running: ['airflow', 'tasks', 'run', 'bigquery_dag', 'check_query_big_query_table', '2022-09-14T03:00:00+00:00', '--job-id', '380', '--pool', 'default_pool', '--raw', '--subdir', 'DAGS_FOLDER/dag_with_bigquery.py', '--cfg-path', '/tmp/tmpfbyjj8vt']
[2022-09-18 19:33:19,756] {standard_task_runner.py:76} INFO - Job 380: Subtask check_query_big_query_table
[2022-09-18 19:33:20,171] {logging_mixin.py:103} INFO - Running <TaskInstance: bigquery_dag.check_query_big_query_table 2022-09-14T03:00:00+00:00 [running]> on host 27377494ab8b
[2022-09-18 19:33:20,651] {taskinstance.py:1232} INFO - Exporting the following env vars:
AIRFLOW_CTX_DAG_OWNER=Dave
AIRFLOW_CTX_DAG_ID=bigquery_dag
AIRFLOW_CTX_TASK_ID=check_query_big_query_table
AIRFLOW_CTX_EXECUTION_DATE=2022-09-14T03:00:00+00:00
AIRFLOW_CTX_DAG_RUN_ID=scheduled__2022-09-14T03:00:00+00:00
[2022-09-18 19:33:20,668] {sql.py:87} INFO - Executing SQL check: 
           select id from githubarchive.day.20220914
        
[2022-09-18 19:33:20,783] {logging_mixin.py:103} WARNING - /home/airflow/.local/lib/python3.6/site-packages/airflow/providers/google/cloud/hooks/bigquery.py:120 DeprecationWarning: This method will be deprecated. Please use `BigQueryHook.get_client` method
[2022-09-18 19:33:21,823] {logging_mixin.py:103} WARNING - /home/airflow/.local/lib/python3.6/site-packages/airflow/providers/google/cloud/hooks/bigquery.py:2052 DeprecationWarning: This method is deprecated. Please use `BigQueryHook.insert_job` method.
[2022-09-18 19:33:21,834] {bigquery.py:1510} INFO - Inserting job airflow_1663529601831423_06d2bf8b43be9b79a3e89edf3b53e367
[2022-09-18 19:33:24,465] {local_task_job.py:77} ERROR - Received SIGTERM. Terminating subprocesses
[2022-09-18 19:37:35,938] {taskinstance.py:826} INFO - Dependencies all met for <TaskInstance: bigquery_dag.check_query_big_query_table 2022-09-14T03:00:00+00:00 [queued]>
[2022-09-18 19:37:36,131] {taskinstance.py:826} INFO - Dependencies all met for <TaskInstance: bigquery_dag.check_query_big_query_table 2022-09-14T03:00:00+00:00 [queued]>
[2022-09-18 19:37:36,139] {taskinstance.py:1017} INFO - 
--------------------------------------------------------------------------------
[2022-09-18 19:37:36,141] {taskinstance.py:1018} INFO - Starting attempt 1 of 3
[2022-09-18 19:37:36,143] {taskinstance.py:1019} INFO - 
--------------------------------------------------------------------------------
[2022-09-18 19:37:36,335] {taskinstance.py:1038} INFO - Executing <Task(BigQueryCheckOperator): check_query_big_query_table> on 2022-09-14T03:00:00+00:00
[2022-09-18 19:37:36,386] {standard_task_runner.py:51} INFO - Started process 1808 to run task
[2022-09-18 19:37:36,517] {standard_task_runner.py:75} INFO - Running: ['airflow', 'tasks', 'run', 'bigquery_dag', 'check_query_big_query_table', '2022-09-14T03:00:00+00:00', '--job-id', '403', '--pool', 'default_pool', '--raw', '--subdir', 'DAGS_FOLDER/dag_with_bigquery.py', '--cfg-path', '/tmp/tmpagxeyb32']
[2022-09-18 19:37:36,599] {standard_task_runner.py:76} INFO - Job 403: Subtask check_query_big_query_table
[2022-09-18 19:37:38,471] {logging_mixin.py:103} INFO - Running <TaskInstance: bigquery_dag.check_query_big_query_table 2022-09-14T03:00:00+00:00 [running]> on host 27377494ab8b
[2022-09-18 19:37:39,199] {taskinstance.py:1232} INFO - Exporting the following env vars:
AIRFLOW_CTX_DAG_OWNER=Dave
AIRFLOW_CTX_DAG_ID=bigquery_dag
AIRFLOW_CTX_TASK_ID=check_query_big_query_table
AIRFLOW_CTX_EXECUTION_DATE=2022-09-14T03:00:00+00:00
AIRFLOW_CTX_DAG_RUN_ID=scheduled__2022-09-14T03:00:00+00:00
[2022-09-18 19:37:39,243] {sql.py:87} INFO - Executing SQL check: 
           select id from githubarchive.day.20220914
        
[2022-09-18 19:37:39,605] {logging_mixin.py:103} WARNING - /home/airflow/.local/lib/python3.6/site-packages/airflow/providers/google/cloud/hooks/bigquery.py:120 DeprecationWarning: This method will be deprecated. Please use `BigQueryHook.get_client` method
[2022-09-18 19:37:43,738] {logging_mixin.py:103} WARNING - /home/airflow/.local/lib/python3.6/site-packages/airflow/providers/google/cloud/hooks/bigquery.py:2052 DeprecationWarning: This method is deprecated. Please use `BigQueryHook.insert_job` method.
[2022-09-18 19:37:43,837] {bigquery.py:1510} INFO - Inserting job airflow_1663529863795487_06d2bf8b43be9b79a3e89edf3b53e367
[2022-09-18 19:38:19,013] {local_task_job.py:118} INFO - Task exited with return code Negsignal.SIGKILL
