[2022-09-18 18:30:28,798] {taskinstance.py:826} INFO - Dependencies all met for <TaskInstance: bigquery_dag.check_query_big_query_table 2022-09-14T03:00:00+00:00 [queued]>
[2022-09-18 18:30:28,885] {taskinstance.py:826} INFO - Dependencies all met for <TaskInstance: bigquery_dag.check_query_big_query_table 2022-09-14T03:00:00+00:00 [queued]>
[2022-09-18 18:30:28,887] {taskinstance.py:1017} INFO - 
--------------------------------------------------------------------------------
[2022-09-18 18:30:28,888] {taskinstance.py:1018} INFO - Starting attempt 2 of 3
[2022-09-18 18:30:28,889] {taskinstance.py:1019} INFO - 
--------------------------------------------------------------------------------
[2022-09-18 18:30:28,955] {taskinstance.py:1038} INFO - Executing <Task(BigQueryCheckOperator): check_query_big_query_table> on 2022-09-14T03:00:00+00:00
[2022-09-18 18:30:28,997] {standard_task_runner.py:51} INFO - Started process 808 to run task
[2022-09-18 18:30:29,019] {standard_task_runner.py:75} INFO - Running: ['airflow', 'tasks', 'run', 'bigquery_dag', 'check_query_big_query_table', '2022-09-14T03:00:00+00:00', '--job-id', '269', '--pool', 'default_pool', '--raw', '--subdir', 'DAGS_FOLDER/dag_with_bigquery.py', '--cfg-path', '/tmp/tmpjr_ni1or']
[2022-09-18 18:30:29,041] {standard_task_runner.py:76} INFO - Job 269: Subtask check_query_big_query_table
[2022-09-18 18:30:29,464] {logging_mixin.py:103} INFO - Running <TaskInstance: bigquery_dag.check_query_big_query_table 2022-09-14T03:00:00+00:00 [running]> on host 27377494ab8b
[2022-09-18 18:30:29,786] {taskinstance.py:1232} INFO - Exporting the following env vars:
AIRFLOW_CTX_DAG_OWNER=Dave
AIRFLOW_CTX_DAG_ID=bigquery_dag
AIRFLOW_CTX_TASK_ID=check_query_big_query_table
AIRFLOW_CTX_EXECUTION_DATE=2022-09-14T03:00:00+00:00
AIRFLOW_CTX_DAG_RUN_ID=scheduled__2022-09-14T03:00:00+00:00
[2022-09-18 18:30:29,813] {sql.py:87} INFO - Executing SQL check: 
           select id from githubarchive.day.20220914
        
[2022-09-18 18:30:29,930] {logging_mixin.py:103} WARNING - /home/airflow/.local/lib/python3.6/site-packages/airflow/providers/google/cloud/hooks/bigquery.py:120 DeprecationWarning: This method will be deprecated. Please use `BigQueryHook.get_client` method
[2022-09-18 18:30:29,940] {taskinstance.py:1396} ERROR - [Errno 2] No such file or directory: '/opt/airflow/dags/dags/support/quick-keel-213611-2877771d11bf.json'
Traceback (most recent call last):
  File "/home/airflow/.local/lib/python3.6/site-packages/airflow/models/taskinstance.py", line 1086, in _run_raw_task
    self._prepare_and_execute_task_with_callbacks(context, task)
  File "/home/airflow/.local/lib/python3.6/site-packages/airflow/models/taskinstance.py", line 1260, in _prepare_and_execute_task_with_callbacks
    result = self._execute_task(context, task_copy)
  File "/home/airflow/.local/lib/python3.6/site-packages/airflow/models/taskinstance.py", line 1300, in _execute_task
    result = task_copy.execute(context=context)
  File "/home/airflow/.local/lib/python3.6/site-packages/airflow/operators/sql.py", line 88, in execute
    records = self.get_db_hook().get_first(self.sql)
  File "/home/airflow/.local/lib/python3.6/site-packages/airflow/hooks/dbapi.py", line 147, in get_first
    with closing(self.get_conn()) as conn:
  File "/home/airflow/.local/lib/python3.6/site-packages/airflow/providers/google/cloud/hooks/bigquery.py", line 107, in get_conn
    service = self.get_service()
  File "/home/airflow/.local/lib/python3.6/site-packages/airflow/providers/google/cloud/hooks/bigquery.py", line 122, in get_service
    http_authorized = self._authorize()
  File "/home/airflow/.local/lib/python3.6/site-packages/airflow/providers/google/common/hooks/base_google.py", line 280, in _authorize
    credentials = self._get_credentials()
  File "/home/airflow/.local/lib/python3.6/site-packages/airflow/providers/google/common/hooks/base_google.py", line 251, in _get_credentials
    credentials, _ = self._get_credentials_and_project_id()
  File "/home/airflow/.local/lib/python3.6/site-packages/airflow/providers/google/common/hooks/base_google.py", line 237, in _get_credentials_and_project_id
    delegates=delegates,
  File "/home/airflow/.local/lib/python3.6/site-packages/airflow/providers/google/cloud/utils/credentials_provider.py", line 309, in get_credentials_and_project_id
    return _CredentialProvider(*args, **kwargs).get_credentials_and_project()
  File "/home/airflow/.local/lib/python3.6/site-packages/airflow/providers/google/cloud/utils/credentials_provider.py", line 238, in get_credentials_and_project
    credentials, project_id = self._get_credentials_using_key_path()
  File "/home/airflow/.local/lib/python3.6/site-packages/airflow/providers/google/cloud/utils/credentials_provider.py", line 286, in _get_credentials_using_key_path
    self.key_path, scopes=self.scopes
  File "/home/airflow/.local/lib/python3.6/site-packages/google/oauth2/service_account.py", line 234, in from_service_account_file
    filename, require=["client_email", "token_uri"]
  File "/home/airflow/.local/lib/python3.6/site-packages/google/auth/_service_account_info.py", line 72, in from_filename
    with io.open(filename, "r", encoding="utf-8") as json_file:
FileNotFoundError: [Errno 2] No such file or directory: '/opt/airflow/dags/dags/support/quick-keel-213611-2877771d11bf.json'
[2022-09-18 18:30:29,969] {taskinstance.py:1440} INFO - Marking task as UP_FOR_RETRY. dag_id=bigquery_dag, task_id=check_query_big_query_table, execution_date=20220914T030000, start_date=20220918T183028, end_date=20220918T183029
[2022-09-18 18:30:30,245] {local_task_job.py:118} INFO - Task exited with return code 1
[2022-09-18 19:17:40,674] {taskinstance.py:826} INFO - Dependencies all met for <TaskInstance: bigquery_dag.check_query_big_query_table 2022-09-14T03:00:00+00:00 [queued]>
[2022-09-18 19:17:40,795] {taskinstance.py:826} INFO - Dependencies all met for <TaskInstance: bigquery_dag.check_query_big_query_table 2022-09-14T03:00:00+00:00 [queued]>
[2022-09-18 19:17:40,797] {taskinstance.py:1017} INFO - 
--------------------------------------------------------------------------------
[2022-09-18 19:17:40,798] {taskinstance.py:1018} INFO - Starting attempt 2 of 3
[2022-09-18 19:17:40,800] {taskinstance.py:1019} INFO - 
--------------------------------------------------------------------------------
[2022-09-18 19:17:40,846] {taskinstance.py:1038} INFO - Executing <Task(BigQueryCheckOperator): check_query_big_query_table> on 2022-09-14T03:00:00+00:00
[2022-09-18 19:17:40,859] {standard_task_runner.py:51} INFO - Started process 2877 to run task
[2022-09-18 19:17:40,881] {standard_task_runner.py:75} INFO - Running: ['airflow', 'tasks', 'run', 'bigquery_dag', 'check_query_big_query_table', '2022-09-14T03:00:00+00:00', '--job-id', '366', '--pool', 'default_pool', '--raw', '--subdir', 'DAGS_FOLDER/dag_with_bigquery.py', '--cfg-path', '/tmp/tmp1sebhu5g']
[2022-09-18 19:17:40,889] {standard_task_runner.py:76} INFO - Job 366: Subtask check_query_big_query_table
[2022-09-18 19:17:41,075] {logging_mixin.py:103} INFO - Running <TaskInstance: bigquery_dag.check_query_big_query_table 2022-09-14T03:00:00+00:00 [running]> on host 27377494ab8b
[2022-09-18 19:17:41,367] {taskinstance.py:1232} INFO - Exporting the following env vars:
AIRFLOW_CTX_DAG_OWNER=Dave
AIRFLOW_CTX_DAG_ID=bigquery_dag
AIRFLOW_CTX_TASK_ID=check_query_big_query_table
AIRFLOW_CTX_EXECUTION_DATE=2022-09-14T03:00:00+00:00
AIRFLOW_CTX_DAG_RUN_ID=scheduled__2022-09-14T03:00:00+00:00
[2022-09-18 19:17:41,376] {sql.py:87} INFO - Executing SQL check: 
           select id from githubarchive.day.20220914
        
[2022-09-18 19:17:41,456] {logging_mixin.py:103} WARNING - /home/airflow/.local/lib/python3.6/site-packages/airflow/providers/google/cloud/hooks/bigquery.py:120 DeprecationWarning: This method will be deprecated. Please use `BigQueryHook.get_client` method
[2022-09-18 19:17:42,269] {logging_mixin.py:103} WARNING - /home/airflow/.local/lib/python3.6/site-packages/airflow/providers/google/cloud/hooks/bigquery.py:2052 DeprecationWarning: This method is deprecated. Please use `BigQueryHook.insert_job` method.
[2022-09-18 19:17:42,282] {bigquery.py:1510} INFO - Inserting job airflow_1663528662272974_06d2bf8b43be9b79a3e89edf3b53e367
[2022-09-18 19:17:42,758] {taskinstance.py:1396} ERROR - 403 POST https://bigquery.googleapis.com/bigquery/v2/projects/quick-keel-213611/jobs?prettyPrint=false: Access Denied: Project quick-keel-213611: User does not have bigquery.jobs.create permission in project quick-keel-213611.

(job ID: airflow_1663528662272974_06d2bf8b43be9b79a3e89edf3b53e367)

             -----Query Job SQL Follows-----             

    |    .    |    .    |    .    |    .    |    .    |
   1:
   2:           select id from githubarchive.day.20220914
   3:        
    |    .    |    .    |    .    |    .    |    .    |

(job ID: airflow_1663528662272974_06d2bf8b43be9b79a3e89edf3b53e367)

             -----Query Job SQL Follows-----             

    |    .    |    .    |    .    |    .    |    .    |
   1:
   2:           select id from githubarchive.day.20220914
   3:        
    |    .    |    .    |    .    |    .    |    .    |
Traceback (most recent call last):
  File "/home/airflow/.local/lib/python3.6/site-packages/airflow/models/taskinstance.py", line 1086, in _run_raw_task
    self._prepare_and_execute_task_with_callbacks(context, task)
  File "/home/airflow/.local/lib/python3.6/site-packages/airflow/models/taskinstance.py", line 1260, in _prepare_and_execute_task_with_callbacks
    result = self._execute_task(context, task_copy)
  File "/home/airflow/.local/lib/python3.6/site-packages/airflow/models/taskinstance.py", line 1300, in _execute_task
    result = task_copy.execute(context=context)
  File "/home/airflow/.local/lib/python3.6/site-packages/airflow/operators/sql.py", line 88, in execute
    records = self.get_db_hook().get_first(self.sql)
  File "/home/airflow/.local/lib/python3.6/site-packages/airflow/hooks/dbapi.py", line 152, in get_first
    cur.execute(sql)
  File "/home/airflow/.local/lib/python3.6/site-packages/airflow/providers/google/cloud/hooks/bigquery.py", line 2639, in execute
    self.job_id = self.hook.run_query(sql)
  File "/home/airflow/.local/lib/python3.6/site-packages/airflow/providers/google/cloud/hooks/bigquery.py", line 2186, in run_query
    job = self.insert_job(configuration=configuration, project_id=self.project_id)
  File "/home/airflow/.local/lib/python3.6/site-packages/airflow/providers/google/common/hooks/base_google.py", line 425, in inner_wrapper
    return func(self, *args, **kwargs)
  File "/home/airflow/.local/lib/python3.6/site-packages/airflow/providers/google/cloud/hooks/bigquery.py", line 1512, in insert_job
    job.result()
  File "/home/airflow/.local/lib/python3.6/site-packages/google/cloud/bigquery/job/query.py", line 1159, in result
    super(QueryJob, self).result(retry=retry, timeout=timeout)
  File "/home/airflow/.local/lib/python3.6/site-packages/google/cloud/bigquery/job/base.py", line 628, in result
    self._begin(retry=retry, timeout=timeout)
  File "/home/airflow/.local/lib/python3.6/site-packages/google/cloud/bigquery/job/query.py", line 1069, in _begin
    super(QueryJob, self)._begin(client=client, retry=retry, timeout=timeout)
  File "/home/airflow/.local/lib/python3.6/site-packages/google/cloud/bigquery/job/base.py", line 438, in _begin
    timeout=timeout,
  File "/home/airflow/.local/lib/python3.6/site-packages/google/cloud/bigquery/client.py", line 640, in _call_api
    return call()
  File "/home/airflow/.local/lib/python3.6/site-packages/google/api_core/retry.py", line 286, in retry_wrapped_func
    on_error=on_error,
  File "/home/airflow/.local/lib/python3.6/site-packages/google/api_core/retry.py", line 184, in retry_target
    return target()
  File "/home/airflow/.local/lib/python3.6/site-packages/google/cloud/_http.py", line 483, in api_request
    raise exceptions.from_http_response(response)
google.api_core.exceptions.Forbidden: 403 POST https://bigquery.googleapis.com/bigquery/v2/projects/quick-keel-213611/jobs?prettyPrint=false: Access Denied: Project quick-keel-213611: User does not have bigquery.jobs.create permission in project quick-keel-213611.

(job ID: airflow_1663528662272974_06d2bf8b43be9b79a3e89edf3b53e367)

             -----Query Job SQL Follows-----             

    |    .    |    .    |    .    |    .    |    .    |
   1:
   2:           select id from githubarchive.day.20220914
   3:        
    |    .    |    .    |    .    |    .    |    .    |

(job ID: airflow_1663528662272974_06d2bf8b43be9b79a3e89edf3b53e367)

             -----Query Job SQL Follows-----             

    |    .    |    .    |    .    |    .    |    .    |
   1:
   2:           select id from githubarchive.day.20220914
   3:        
    |    .    |    .    |    .    |    .    |    .    |
[2022-09-18 19:17:42,821] {taskinstance.py:1440} INFO - Marking task as UP_FOR_RETRY. dag_id=bigquery_dag, task_id=check_query_big_query_table, execution_date=20220914T030000, start_date=20220918T191740, end_date=20220918T191742
[2022-09-18 19:17:43,002] {local_task_job.py:118} INFO - Task exited with return code 1
[2022-09-18 19:34:05,204] {taskinstance.py:826} INFO - Dependencies all met for <TaskInstance: bigquery_dag.check_query_big_query_table 2022-09-14T03:00:00+00:00 [queued]>
[2022-09-18 19:34:05,733] {taskinstance.py:826} INFO - Dependencies all met for <TaskInstance: bigquery_dag.check_query_big_query_table 2022-09-14T03:00:00+00:00 [queued]>
[2022-09-18 19:34:05,763] {taskinstance.py:1017} INFO - 
--------------------------------------------------------------------------------
[2022-09-18 19:34:05,765] {taskinstance.py:1018} INFO - Starting attempt 2 of 3
[2022-09-18 19:34:05,767] {taskinstance.py:1019} INFO - 
--------------------------------------------------------------------------------
[2022-09-18 19:34:06,192] {taskinstance.py:1038} INFO - Executing <Task(BigQueryCheckOperator): check_query_big_query_table> on 2022-09-14T03:00:00+00:00
[2022-09-18 19:34:06,262] {standard_task_runner.py:51} INFO - Started process 418 to run task
[2022-09-18 19:34:06,387] {standard_task_runner.py:75} INFO - Running: ['airflow', 'tasks', 'run', 'bigquery_dag', 'check_query_big_query_table', '2022-09-14T03:00:00+00:00', '--job-id', '392', '--pool', 'default_pool', '--raw', '--subdir', 'DAGS_FOLDER/dag_with_bigquery.py', '--cfg-path', '/tmp/tmp7a3y31ww']
[2022-09-18 19:34:06,436] {standard_task_runner.py:76} INFO - Job 392: Subtask check_query_big_query_table
[2022-09-18 19:34:09,072] {logging_mixin.py:103} INFO - Running <TaskInstance: bigquery_dag.check_query_big_query_table 2022-09-14T03:00:00+00:00 [running]> on host 27377494ab8b
[2022-09-18 19:34:10,568] {taskinstance.py:1232} INFO - Exporting the following env vars:
AIRFLOW_CTX_DAG_OWNER=Dave
AIRFLOW_CTX_DAG_ID=bigquery_dag
AIRFLOW_CTX_TASK_ID=check_query_big_query_table
AIRFLOW_CTX_EXECUTION_DATE=2022-09-14T03:00:00+00:00
AIRFLOW_CTX_DAG_RUN_ID=scheduled__2022-09-14T03:00:00+00:00
[2022-09-18 19:34:10,618] {sql.py:87} INFO - Executing SQL check: 
           select id from githubarchive.day.20220914
        
[2022-09-18 19:34:10,931] {logging_mixin.py:103} WARNING - /home/airflow/.local/lib/python3.6/site-packages/airflow/providers/google/cloud/hooks/bigquery.py:120 DeprecationWarning: This method will be deprecated. Please use `BigQueryHook.get_client` method
[2022-09-18 19:34:15,973] {logging_mixin.py:103} WARNING - /home/airflow/.local/lib/python3.6/site-packages/airflow/providers/google/cloud/hooks/bigquery.py:2052 DeprecationWarning: This method is deprecated. Please use `BigQueryHook.insert_job` method.
[2022-09-18 19:34:16,036] {bigquery.py:1510} INFO - Inserting job airflow_1663529656009762_06d2bf8b43be9b79a3e89edf3b53e367
[2022-09-18 19:35:53,416] {sql.py:90} INFO - Record: ['23990728531']
[2022-09-18 19:35:53,439] {sql.py:96} INFO - Success.
[2022-09-18 19:35:53,584] {taskinstance.py:1142} INFO - Marking task as SUCCESS. dag_id=bigquery_dag, task_id=check_query_big_query_table, execution_date=20220914T030000, start_date=20220918T193405, end_date=20220918T193553
[2022-09-18 19:35:54,280] {taskinstance.py:1195} INFO - 2 downstream tasks scheduled from follow-on schedule check
[2022-09-18 19:35:54,462] {local_task_job.py:170} WARNING - State of this instance has been externally set to success. Terminating instance.
[2022-09-18 19:35:54,522] {process_utils.py:95} INFO - Sending Signals.SIGTERM to GPID 418
[2022-09-18 19:35:54,659] {process_utils.py:61} INFO - Process psutil.Process(pid=418, status='terminated', exitcode=0, started='19:34:05') (418) terminated with exit code 0
[2022-09-18 19:35:54,664] {local_task_job.py:118} INFO - Task exited with return code 0
[2022-09-18 19:39:49,669] {taskinstance.py:826} INFO - Dependencies all met for <TaskInstance: bigquery_dag.check_query_big_query_table 2022-09-14T03:00:00+00:00 [queued]>
[2022-09-18 19:39:49,783] {taskinstance.py:826} INFO - Dependencies all met for <TaskInstance: bigquery_dag.check_query_big_query_table 2022-09-14T03:00:00+00:00 [queued]>
[2022-09-18 19:39:49,785] {taskinstance.py:1017} INFO - 
--------------------------------------------------------------------------------
[2022-09-18 19:39:49,786] {taskinstance.py:1018} INFO - Starting attempt 2 of 3
[2022-09-18 19:39:49,788] {taskinstance.py:1019} INFO - 
--------------------------------------------------------------------------------
[2022-09-18 19:39:49,895] {taskinstance.py:1038} INFO - Executing <Task(BigQueryCheckOperator): check_query_big_query_table> on 2022-09-14T03:00:00+00:00
[2022-09-18 19:39:49,930] {standard_task_runner.py:51} INFO - Started process 2735 to run task
[2022-09-18 19:39:49,959] {standard_task_runner.py:75} INFO - Running: ['airflow', 'tasks', 'run', 'bigquery_dag', 'check_query_big_query_table', '2022-09-14T03:00:00+00:00', '--job-id', '416', '--pool', 'default_pool', '--raw', '--subdir', 'DAGS_FOLDER/dag_with_bigquery.py', '--cfg-path', '/tmp/tmpr06wicxf']
[2022-09-18 19:39:49,991] {standard_task_runner.py:76} INFO - Job 416: Subtask check_query_big_query_table
[2022-09-18 19:39:50,381] {logging_mixin.py:103} INFO - Running <TaskInstance: bigquery_dag.check_query_big_query_table 2022-09-14T03:00:00+00:00 [running]> on host 27377494ab8b
[2022-09-18 19:39:50,743] {taskinstance.py:1232} INFO - Exporting the following env vars:
AIRFLOW_CTX_DAG_OWNER=Dave
AIRFLOW_CTX_DAG_ID=bigquery_dag
AIRFLOW_CTX_TASK_ID=check_query_big_query_table
AIRFLOW_CTX_EXECUTION_DATE=2022-09-14T03:00:00+00:00
AIRFLOW_CTX_DAG_RUN_ID=scheduled__2022-09-14T03:00:00+00:00
[2022-09-18 19:39:50,778] {sql.py:87} INFO - Executing SQL check: 
           select id from githubarchive.day.20220914
        
[2022-09-18 19:39:50,935] {logging_mixin.py:103} WARNING - /home/airflow/.local/lib/python3.6/site-packages/airflow/providers/google/cloud/hooks/bigquery.py:120 DeprecationWarning: This method will be deprecated. Please use `BigQueryHook.get_client` method
[2022-09-18 19:39:52,349] {logging_mixin.py:103} WARNING - /home/airflow/.local/lib/python3.6/site-packages/airflow/providers/google/cloud/hooks/bigquery.py:2052 DeprecationWarning: This method is deprecated. Please use `BigQueryHook.insert_job` method.
[2022-09-18 19:39:52,385] {bigquery.py:1510} INFO - Inserting job airflow_1663529992378968_06d2bf8b43be9b79a3e89edf3b53e367
[2022-09-18 19:40:22,017] {sql.py:90} INFO - Record: ['23990728531']
[2022-09-18 19:40:22,031] {sql.py:96} INFO - Success.
[2022-09-18 19:40:22,114] {taskinstance.py:1142} INFO - Marking task as SUCCESS. dag_id=bigquery_dag, task_id=check_query_big_query_table, execution_date=20220914T030000, start_date=20220918T193949, end_date=20220918T194022
[2022-09-18 19:40:22,757] {taskinstance.py:1195} INFO - 2 downstream tasks scheduled from follow-on schedule check
[2022-09-18 19:40:22,799] {local_task_job.py:170} WARNING - State of this instance has been externally set to success. Terminating instance.
[2022-09-18 19:40:22,848] {process_utils.py:95} INFO - Sending Signals.SIGTERM to GPID 2735
[2022-09-18 19:40:22,952] {process_utils.py:61} INFO - Process psutil.Process(pid=2735, status='terminated', exitcode=0, started='19:39:49') (2735) terminated with exit code 0
[2022-09-18 19:40:22,957] {local_task_job.py:118} INFO - Task exited with return code 0
[2022-09-18 20:14:19,046] {taskinstance.py:826} INFO - Dependencies all met for <TaskInstance: bigquery_dag.check_query_big_query_table 2022-09-14T03:00:00+00:00 [queued]>
[2022-09-18 20:14:19,321] {taskinstance.py:826} INFO - Dependencies all met for <TaskInstance: bigquery_dag.check_query_big_query_table 2022-09-14T03:00:00+00:00 [queued]>
[2022-09-18 20:14:19,333] {taskinstance.py:1017} INFO - 
--------------------------------------------------------------------------------
[2022-09-18 20:14:19,339] {taskinstance.py:1018} INFO - Starting attempt 2 of 3
[2022-09-18 20:14:19,345] {taskinstance.py:1019} INFO - 
--------------------------------------------------------------------------------
[2022-09-18 20:14:19,596] {taskinstance.py:1038} INFO - Executing <Task(BigQueryCheckOperator): check_query_big_query_table> on 2022-09-14T03:00:00+00:00
[2022-09-18 20:14:19,646] {standard_task_runner.py:51} INFO - Started process 937 to run task
[2022-09-18 20:14:19,741] {standard_task_runner.py:75} INFO - Running: ['airflow', 'tasks', 'run', 'bigquery_dag', 'check_query_big_query_table', '2022-09-14T03:00:00+00:00', '--job-id', '464', '--pool', 'default_pool', '--raw', '--subdir', 'DAGS_FOLDER/dag_with_bigquery.py', '--cfg-path', '/tmp/tmpp788_2fj']
[2022-09-18 20:14:19,780] {standard_task_runner.py:76} INFO - Job 464: Subtask check_query_big_query_table
[2022-09-18 20:14:20,627] {logging_mixin.py:103} INFO - Running <TaskInstance: bigquery_dag.check_query_big_query_table 2022-09-14T03:00:00+00:00 [running]> on host 27377494ab8b
[2022-09-18 20:14:21,245] {taskinstance.py:1232} INFO - Exporting the following env vars:
AIRFLOW_CTX_DAG_OWNER=Dave
AIRFLOW_CTX_DAG_ID=bigquery_dag
AIRFLOW_CTX_TASK_ID=check_query_big_query_table
AIRFLOW_CTX_EXECUTION_DATE=2022-09-14T03:00:00+00:00
AIRFLOW_CTX_DAG_RUN_ID=scheduled__2022-09-14T03:00:00+00:00
[2022-09-18 20:14:21,274] {sql.py:87} INFO - Executing SQL check: 
           select id from githubarchive.day.20220914
        
[2022-09-18 20:14:21,762] {logging_mixin.py:103} WARNING - /home/airflow/.local/lib/python3.6/site-packages/airflow/providers/google/cloud/hooks/bigquery.py:120 DeprecationWarning: This method will be deprecated. Please use `BigQueryHook.get_client` method
[2022-09-18 20:14:23,718] {logging_mixin.py:103} WARNING - /home/airflow/.local/lib/python3.6/site-packages/airflow/providers/google/cloud/hooks/bigquery.py:2052 DeprecationWarning: This method is deprecated. Please use `BigQueryHook.insert_job` method.
[2022-09-18 20:14:23,735] {bigquery.py:1510} INFO - Inserting job airflow_1663532063732486_06d2bf8b43be9b79a3e89edf3b53e367
[2022-09-18 20:15:29,993] {sql.py:90} INFO - Record: ['23990728531']
[2022-09-18 20:15:30,071] {sql.py:96} INFO - Success.
[2022-09-18 20:15:30,453] {taskinstance.py:1142} INFO - Marking task as SUCCESS. dag_id=bigquery_dag, task_id=check_query_big_query_table, execution_date=20220914T030000, start_date=20220918T201419, end_date=20220918T201530
[2022-09-18 20:15:32,073] {taskinstance.py:1195} INFO - 2 downstream tasks scheduled from follow-on schedule check
[2022-09-18 20:15:33,081] {local_task_job.py:170} WARNING - State of this instance has been externally set to success. Terminating instance.
[2022-09-18 20:15:33,210] {process_utils.py:95} INFO - Sending Signals.SIGTERM to GPID 937
[2022-09-18 20:15:33,411] {process_utils.py:61} INFO - Process psutil.Process(pid=937, status='terminated', exitcode=0, started='20:14:19') (937) terminated with exit code 0
[2022-09-18 20:15:33,424] {local_task_job.py:118} INFO - Task exited with return code 0
