[2022-09-18 20:12:29,791] {taskinstance.py:826} INFO - Dependencies all met for <TaskInstance: bigquery_dag.check_query_big_query_table 2022-09-18T20:11:33.502888+00:00 [queued]>
[2022-09-18 20:12:30,310] {taskinstance.py:826} INFO - Dependencies all met for <TaskInstance: bigquery_dag.check_query_big_query_table 2022-09-18T20:11:33.502888+00:00 [queued]>
[2022-09-18 20:12:30,316] {taskinstance.py:1017} INFO - 
--------------------------------------------------------------------------------
[2022-09-18 20:12:30,319] {taskinstance.py:1018} INFO - Starting attempt 1 of 3
[2022-09-18 20:12:30,327] {taskinstance.py:1019} INFO - 
--------------------------------------------------------------------------------
[2022-09-18 20:12:30,705] {taskinstance.py:1038} INFO - Executing <Task(BigQueryCheckOperator): check_query_big_query_table> on 2022-09-18T20:11:33.502888+00:00
[2022-09-18 20:12:30,816] {standard_task_runner.py:51} INFO - Started process 497 to run task
[2022-09-18 20:12:31,916] {standard_task_runner.py:75} INFO - Running: ['airflow', 'tasks', 'run', 'bigquery_dag', 'check_query_big_query_table', '2022-09-18T20:11:33.502888+00:00', '--job-id', '452', '--pool', 'default_pool', '--raw', '--subdir', 'DAGS_FOLDER/dag_with_bigquery.py', '--cfg-path', '/tmp/tmpilm6erfp']
[2022-09-18 20:12:31,960] {standard_task_runner.py:76} INFO - Job 452: Subtask check_query_big_query_table
[2022-09-18 20:12:32,827] {logging_mixin.py:103} INFO - Running <TaskInstance: bigquery_dag.check_query_big_query_table 2022-09-18T20:11:33.502888+00:00 [running]> on host 27377494ab8b
[2022-09-18 20:12:33,529] {taskinstance.py:1232} INFO - Exporting the following env vars:
AIRFLOW_CTX_DAG_OWNER=Dave
AIRFLOW_CTX_DAG_ID=bigquery_dag
AIRFLOW_CTX_TASK_ID=check_query_big_query_table
AIRFLOW_CTX_EXECUTION_DATE=2022-09-18T20:11:33.502888+00:00
AIRFLOW_CTX_DAG_RUN_ID=manual__2022-09-18T20:11:33.502888+00:00
[2022-09-18 20:12:33,556] {sql.py:87} INFO - Executing SQL check: 
           select id from githubarchive.day.20220914
        
[2022-09-18 20:12:33,751] {logging_mixin.py:103} WARNING - /home/airflow/.local/lib/python3.6/site-packages/airflow/providers/google/cloud/hooks/bigquery.py:120 DeprecationWarning: This method will be deprecated. Please use `BigQueryHook.get_client` method
[2022-09-18 20:12:35,537] {logging_mixin.py:103} WARNING - /home/airflow/.local/lib/python3.6/site-packages/airflow/providers/google/cloud/hooks/bigquery.py:2052 DeprecationWarning: This method is deprecated. Please use `BigQueryHook.insert_job` method.
[2022-09-18 20:12:35,575] {bigquery.py:1510} INFO - Inserting job airflow_1663531955548750_06d2bf8b43be9b79a3e89edf3b53e367
[2022-09-18 20:13:35,390] {sql.py:90} INFO - Record: ['23990728531']
[2022-09-18 20:13:35,463] {sql.py:96} INFO - Success.
[2022-09-18 20:13:35,652] {taskinstance.py:1142} INFO - Marking task as SUCCESS. dag_id=bigquery_dag, task_id=check_query_big_query_table, execution_date=20220918T201133, start_date=20220918T201229, end_date=20220918T201335
[2022-09-18 20:13:36,578] {local_task_job.py:170} WARNING - State of this instance has been externally set to success. Terminating instance.
[2022-09-18 20:13:36,866] {process_utils.py:95} INFO - Sending Signals.SIGTERM to GPID 497
[2022-09-18 20:13:36,882] {taskinstance.py:1214} ERROR - Received SIGTERM. Terminating subprocesses.
[2022-09-18 20:13:38,099] {process_utils.py:61} INFO - Process psutil.Process(pid=497, status='terminated', exitcode=1, started='20:12:30') (497) terminated with exit code 1
[2022-09-18 20:13:38,165] {local_task_job.py:118} INFO - Task exited with return code 1
