[2022-09-13 13:36:16,378] {taskinstance.py:826} INFO - Dependencies all met for <TaskInstance: postgres_dag.insert_records 2022-09-12T03:00:00+00:00 [queued]>
[2022-09-13 13:36:16,601] {taskinstance.py:826} INFO - Dependencies all met for <TaskInstance: postgres_dag.insert_records 2022-09-12T03:00:00+00:00 [queued]>
[2022-09-13 13:36:16,610] {taskinstance.py:1017} INFO - 
--------------------------------------------------------------------------------
[2022-09-13 13:36:16,621] {taskinstance.py:1018} INFO - Starting attempt 1 of 3
[2022-09-13 13:36:16,624] {taskinstance.py:1019} INFO - 
--------------------------------------------------------------------------------
[2022-09-13 13:36:16,818] {taskinstance.py:1038} INFO - Executing <Task(PostgresOperator): insert_records> on 2022-09-12T03:00:00+00:00
[2022-09-13 13:36:16,848] {standard_task_runner.py:51} INFO - Started process 39525 to run task
[2022-09-13 13:36:16,903] {standard_task_runner.py:75} INFO - Running: ['airflow', 'tasks', 'run', 'postgres_dag', 'insert_records', '2022-09-12T03:00:00+00:00', '--job-id', '21', '--pool', 'default_pool', '--raw', '--subdir', 'DAGS_FOLDER/dag_with_postgres.py', '--cfg-path', '/tmp/tmp30bd__ra']
[2022-09-13 13:36:16,930] {standard_task_runner.py:76} INFO - Job 21: Subtask insert_records
[2022-09-13 13:36:17,500] {logging_mixin.py:103} INFO - Running <TaskInstance: postgres_dag.insert_records 2022-09-12T03:00:00+00:00 [running]> on host 27377494ab8b
[2022-09-13 13:36:17,860] {taskinstance.py:1232} INFO - Exporting the following env vars:
AIRFLOW_CTX_DAG_OWNER=Dave
AIRFLOW_CTX_DAG_ID=postgres_dag
AIRFLOW_CTX_TASK_ID=insert_records
AIRFLOW_CTX_EXECUTION_DATE=2022-09-12T03:00:00+00:00
AIRFLOW_CTX_DAG_RUN_ID=scheduled__2022-09-12T03:00:00+00:00
[2022-09-13 13:36:17,863] {postgres.py:69} INFO - Executing: 
            INSERT INTO employee (emp_id,first_name,last_name,designation)
            VALUES ('l101','Bayo','Lanre','Software-developer');
            INSERT INTO employee (emp_id,first_name,last_name,designation)
            VALUES ('l1201','Diaz','Mora','Data Scientist');
            INSERT INTO employee (emp_id,first_name,last_name,designation)
            VALUES ('l4101','Chris','Muff','scrum-master');
            INSERT INTO employee (emp_id,first_name,last_name,designation)
            VALUES ('l1301','Inder','Ajith','Manager');
        
[2022-09-13 13:36:17,931] {base.py:74} INFO - Using connection to: id: local_postgres. Host: 0.0.0.0, Port: 5432, Schema: airflow, Login: postgres, Password: XXXXXXXX, extra: None
[2022-09-13 13:36:17,936] {taskinstance.py:1396} ERROR - could not connect to server: Connection refused
	Is the server running on host "0.0.0.0" and accepting
	TCP/IP connections on port 5432?
Traceback (most recent call last):
  File "/home/airflow/.local/lib/python3.6/site-packages/airflow/models/taskinstance.py", line 1086, in _run_raw_task
    self._prepare_and_execute_task_with_callbacks(context, task)
  File "/home/airflow/.local/lib/python3.6/site-packages/airflow/models/taskinstance.py", line 1260, in _prepare_and_execute_task_with_callbacks
    result = self._execute_task(context, task_copy)
  File "/home/airflow/.local/lib/python3.6/site-packages/airflow/models/taskinstance.py", line 1300, in _execute_task
    result = task_copy.execute(context=context)
  File "/home/airflow/.local/lib/python3.6/site-packages/airflow/providers/postgres/operators/postgres.py", line 71, in execute
    self.hook.run(self.sql, self.autocommit, parameters=self.parameters)
  File "/home/airflow/.local/lib/python3.6/site-packages/airflow/hooks/dbapi.py", line 173, in run
    with closing(self.get_conn()) as conn:
  File "/home/airflow/.local/lib/python3.6/site-packages/airflow/providers/postgres/hooks/postgres.py", line 108, in get_conn
    self.conn = psycopg2.connect(**conn_args)
  File "/home/airflow/.local/lib/python3.6/site-packages/psycopg2/__init__.py", line 127, in connect
    conn = _connect(dsn, connection_factory=connection_factory, **kwasync)
psycopg2.OperationalError: could not connect to server: Connection refused
	Is the server running on host "0.0.0.0" and accepting
	TCP/IP connections on port 5432?

[2022-09-13 13:36:17,973] {taskinstance.py:1440} INFO - Marking task as UP_FOR_RETRY. dag_id=postgres_dag, task_id=insert_records, execution_date=20220912T030000, start_date=20220913T133616, end_date=20220913T133617
[2022-09-13 13:36:18,117] {local_task_job.py:118} INFO - Task exited with return code 1
[2022-09-13 13:39:09,915] {taskinstance.py:826} INFO - Dependencies all met for <TaskInstance: postgres_dag.insert_records 2022-09-12T03:00:00+00:00 [queued]>
[2022-09-13 13:39:10,098] {taskinstance.py:826} INFO - Dependencies all met for <TaskInstance: postgres_dag.insert_records 2022-09-12T03:00:00+00:00 [queued]>
[2022-09-13 13:39:10,102] {taskinstance.py:1017} INFO - 
--------------------------------------------------------------------------------
[2022-09-13 13:39:10,104] {taskinstance.py:1018} INFO - Starting attempt 1 of 3
[2022-09-13 13:39:10,106] {taskinstance.py:1019} INFO - 
--------------------------------------------------------------------------------
[2022-09-13 13:39:10,265] {taskinstance.py:1038} INFO - Executing <Task(PostgresOperator): insert_records> on 2022-09-12T03:00:00+00:00
[2022-09-13 13:39:10,291] {standard_task_runner.py:51} INFO - Started process 42475 to run task
[2022-09-13 13:39:10,324] {standard_task_runner.py:75} INFO - Running: ['airflow', 'tasks', 'run', 'postgres_dag', 'insert_records', '2022-09-12T03:00:00+00:00', '--job-id', '46', '--pool', 'default_pool', '--raw', '--subdir', 'DAGS_FOLDER/dag_with_postgres.py', '--cfg-path', '/tmp/tmpd9jtxni5']
[2022-09-13 13:39:10,347] {standard_task_runner.py:76} INFO - Job 46: Subtask insert_records
[2022-09-13 13:39:10,868] {logging_mixin.py:103} INFO - Running <TaskInstance: postgres_dag.insert_records 2022-09-12T03:00:00+00:00 [running]> on host 27377494ab8b
[2022-09-13 13:39:11,208] {taskinstance.py:1232} INFO - Exporting the following env vars:
AIRFLOW_CTX_DAG_OWNER=Dave
AIRFLOW_CTX_DAG_ID=postgres_dag
AIRFLOW_CTX_TASK_ID=insert_records
AIRFLOW_CTX_EXECUTION_DATE=2022-09-12T03:00:00+00:00
AIRFLOW_CTX_DAG_RUN_ID=scheduled__2022-09-12T03:00:00+00:00
[2022-09-13 13:39:11,211] {postgres.py:69} INFO - Executing: 
            INSERT INTO employee (emp_id,first_name,last_name,designation)
            VALUES ('l101','Bayo','Lanre','Software-developer');
            INSERT INTO employee (emp_id,first_name,last_name,designation)
            VALUES ('l1201','Diaz','Mora','Data Scientist');
            INSERT INTO employee (emp_id,first_name,last_name,designation)
            VALUES ('l4101','Chris','Muff','scrum-master');
            INSERT INTO employee (emp_id,first_name,last_name,designation)
            VALUES ('l1301','Inder','Ajith','Manager');
        
[2022-09-13 13:39:11,284] {base.py:74} INFO - Using connection to: id: local_postgres. Host: host.docker.internal, Port: 5432, Schema: airflow, Login: postgres, Password: XXXXXXXX, extra: None
[2022-09-13 13:39:11,310] {taskinstance.py:1396} ERROR - FATAL:  database "airflow" does not exist
Traceback (most recent call last):
  File "/home/airflow/.local/lib/python3.6/site-packages/airflow/models/taskinstance.py", line 1086, in _run_raw_task
    self._prepare_and_execute_task_with_callbacks(context, task)
  File "/home/airflow/.local/lib/python3.6/site-packages/airflow/models/taskinstance.py", line 1260, in _prepare_and_execute_task_with_callbacks
    result = self._execute_task(context, task_copy)
  File "/home/airflow/.local/lib/python3.6/site-packages/airflow/models/taskinstance.py", line 1300, in _execute_task
    result = task_copy.execute(context=context)
  File "/home/airflow/.local/lib/python3.6/site-packages/airflow/providers/postgres/operators/postgres.py", line 71, in execute
    self.hook.run(self.sql, self.autocommit, parameters=self.parameters)
  File "/home/airflow/.local/lib/python3.6/site-packages/airflow/hooks/dbapi.py", line 173, in run
    with closing(self.get_conn()) as conn:
  File "/home/airflow/.local/lib/python3.6/site-packages/airflow/providers/postgres/hooks/postgres.py", line 108, in get_conn
    self.conn = psycopg2.connect(**conn_args)
  File "/home/airflow/.local/lib/python3.6/site-packages/psycopg2/__init__.py", line 127, in connect
    conn = _connect(dsn, connection_factory=connection_factory, **kwasync)
psycopg2.OperationalError: FATAL:  database "airflow" does not exist

[2022-09-13 13:39:11,322] {taskinstance.py:1440} INFO - Marking task as UP_FOR_RETRY. dag_id=postgres_dag, task_id=insert_records, execution_date=20220912T030000, start_date=20220913T133909, end_date=20220913T133911
[2022-09-13 13:39:11,476] {local_task_job.py:118} INFO - Task exited with return code 1
[2022-09-13 14:57:32,622] {taskinstance.py:826} INFO - Dependencies all met for <TaskInstance: postgres_dag.insert_records 2022-09-12T03:00:00+00:00 [queued]>
[2022-09-13 14:57:32,676] {taskinstance.py:826} INFO - Dependencies all met for <TaskInstance: postgres_dag.insert_records 2022-09-12T03:00:00+00:00 [queued]>
[2022-09-13 14:57:32,678] {taskinstance.py:1017} INFO - 
--------------------------------------------------------------------------------
[2022-09-13 14:57:32,681] {taskinstance.py:1018} INFO - Starting attempt 1 of 3
[2022-09-13 14:57:32,682] {taskinstance.py:1019} INFO - 
--------------------------------------------------------------------------------
[2022-09-13 14:57:32,718] {taskinstance.py:1038} INFO - Executing <Task(PostgresOperator): insert_records> on 2022-09-12T03:00:00+00:00
[2022-09-13 14:57:32,725] {standard_task_runner.py:51} INFO - Started process 58624 to run task
[2022-09-13 14:57:32,745] {standard_task_runner.py:75} INFO - Running: ['airflow', 'tasks', 'run', 'postgres_dag', 'insert_records', '2022-09-12T03:00:00+00:00', '--job-id', '80', '--pool', 'default_pool', '--raw', '--subdir', 'DAGS_FOLDER/dag_with_postgres.py', '--cfg-path', '/tmp/tmpyfxsk1j3']
[2022-09-13 14:57:32,774] {standard_task_runner.py:76} INFO - Job 80: Subtask insert_records
[2022-09-13 14:57:32,989] {logging_mixin.py:103} INFO - Running <TaskInstance: postgres_dag.insert_records 2022-09-12T03:00:00+00:00 [running]> on host 27377494ab8b
[2022-09-13 14:57:33,188] {taskinstance.py:1232} INFO - Exporting the following env vars:
AIRFLOW_CTX_DAG_OWNER=Dave
AIRFLOW_CTX_DAG_ID=postgres_dag
AIRFLOW_CTX_TASK_ID=insert_records
AIRFLOW_CTX_EXECUTION_DATE=2022-09-12T03:00:00+00:00
AIRFLOW_CTX_DAG_RUN_ID=scheduled__2022-09-12T03:00:00+00:00
[2022-09-13 14:57:33,191] {postgres.py:69} INFO - Executing: 
            INSERT INTO employee (emp_id,first_name,last_name,designation)
            VALUES ('l101','Bayo','Lanre','Software-developer');
            INSERT INTO employee (emp_id,first_name,last_name,designation)
            VALUES ('l1201','Diaz','Mora','Data Scientist');
            INSERT INTO employee (emp_id,first_name,last_name,designation)
            VALUES ('l4101','Chris','Muff','scrum-master');
            INSERT INTO employee (emp_id,first_name,last_name,designation)
            VALUES ('l1301','Inder','Ajith','Manager');
        
[2022-09-13 14:57:33,259] {base.py:74} INFO - Using connection to: id: local_postgres. Host: host.docker.internal, Port: 5432, Schema: student, Login: postgres, Password: XXXXXXXX, extra: None
[2022-09-13 14:57:33,291] {dbapi.py:180} INFO - Running statement: 
            INSERT INTO employee (emp_id,first_name,last_name,designation)
            VALUES ('l101','Bayo','Lanre','Software-developer');
            INSERT INTO employee (emp_id,first_name,last_name,designation)
            VALUES ('l1201','Diaz','Mora','Data Scientist');
            INSERT INTO employee (emp_id,first_name,last_name,designation)
            VALUES ('l4101','Chris','Muff','scrum-master');
            INSERT INTO employee (emp_id,first_name,last_name,designation)
            VALUES ('l1301','Inder','Ajith','Manager');
        , parameters: None
[2022-09-13 14:57:33,343] {taskinstance.py:1396} ERROR - duplicate key value violates unique constraint "employee_pkey"
DETAIL:  Key (emp_id)=(l101) already exists.
Traceback (most recent call last):
  File "/home/airflow/.local/lib/python3.6/site-packages/airflow/models/taskinstance.py", line 1086, in _run_raw_task
    self._prepare_and_execute_task_with_callbacks(context, task)
  File "/home/airflow/.local/lib/python3.6/site-packages/airflow/models/taskinstance.py", line 1260, in _prepare_and_execute_task_with_callbacks
    result = self._execute_task(context, task_copy)
  File "/home/airflow/.local/lib/python3.6/site-packages/airflow/models/taskinstance.py", line 1300, in _execute_task
    result = task_copy.execute(context=context)
  File "/home/airflow/.local/lib/python3.6/site-packages/airflow/providers/postgres/operators/postgres.py", line 71, in execute
    self.hook.run(self.sql, self.autocommit, parameters=self.parameters)
  File "/home/airflow/.local/lib/python3.6/site-packages/airflow/hooks/dbapi.py", line 184, in run
    cur.execute(sql_statement)
psycopg2.errors.UniqueViolation: duplicate key value violates unique constraint "employee_pkey"
DETAIL:  Key (emp_id)=(l101) already exists.

[2022-09-13 14:57:33,379] {taskinstance.py:1440} INFO - Marking task as UP_FOR_RETRY. dag_id=postgres_dag, task_id=insert_records, execution_date=20220912T030000, start_date=20220913T145732, end_date=20220913T145733
[2022-09-13 14:57:33,523] {local_task_job.py:118} INFO - Task exited with return code 1
