[2022-09-13 13:17:28,248] {taskinstance.py:826} INFO - Dependencies all met for <TaskInstance: first_py_dag.python_task_2 2022-09-13T13:17:24.472102+00:00 [queued]>
[2022-09-13 13:17:28,333] {taskinstance.py:826} INFO - Dependencies all met for <TaskInstance: first_py_dag.python_task_2 2022-09-13T13:17:24.472102+00:00 [queued]>
[2022-09-13 13:17:28,335] {taskinstance.py:1017} INFO - 
--------------------------------------------------------------------------------
[2022-09-13 13:17:28,338] {taskinstance.py:1018} INFO - Starting attempt 1 of 3
[2022-09-13 13:17:28,349] {taskinstance.py:1019} INFO - 
--------------------------------------------------------------------------------
[2022-09-13 13:17:28,406] {taskinstance.py:1038} INFO - Executing <Task(PythonOperator): python_task_2> on 2022-09-13T13:17:24.472102+00:00
[2022-09-13 13:17:28,415] {standard_task_runner.py:51} INFO - Started process 10031 to run task
[2022-09-13 13:17:28,455] {standard_task_runner.py:75} INFO - Running: ['airflow', 'tasks', 'run', 'first_py_dag', 'python_task_2', '2022-09-13T13:17:24.472102+00:00', '--job-id', '10', '--pool', 'default_pool', '--raw', '--subdir', 'DAGS_FOLDER/dag_with_python_operator.py', '--cfg-path', '/tmp/tmpviavc7tl']
[2022-09-13 13:17:28,475] {standard_task_runner.py:76} INFO - Job 10: Subtask python_task_2
[2022-09-13 13:17:28,737] {logging_mixin.py:103} INFO - Running <TaskInstance: first_py_dag.python_task_2 2022-09-13T13:17:24.472102+00:00 [running]> on host 27377494ab8b
[2022-09-13 13:17:29,179] {taskinstance.py:1232} INFO - Exporting the following env vars:
AIRFLOW_CTX_DAG_OWNER=Dave
AIRFLOW_CTX_DAG_ID=first_py_dag
AIRFLOW_CTX_TASK_ID=python_task_2
AIRFLOW_CTX_EXECUTION_DATE=2022-09-13T13:17:24.472102+00:00
AIRFLOW_CTX_DAG_RUN_ID=manual__2022-09-13T13:17:24.472102+00:00
[2022-09-13 13:17:29,249] {python.py:118} INFO - Done. Returned value was: None
[2022-09-13 13:17:29,289] {taskinstance.py:1142} INFO - Marking task as SUCCESS. dag_id=first_py_dag, task_id=python_task_2, execution_date=20220913T131724, start_date=20220913T131728, end_date=20220913T131729
[2022-09-13 13:17:30,414] {taskinstance.py:1195} INFO - 1 downstream tasks scheduled from follow-on schedule check
[2022-09-13 13:17:30,502] {local_task_job.py:118} INFO - Task exited with return code 0
