[2022-09-13 13:38:32,600] {taskinstance.py:826} INFO - Dependencies all met for <TaskInstance: postgres_dag.create_employee_table 2022-09-13T13:36:16.862457+00:00 [queued]>
[2022-09-13 13:38:32,684] {taskinstance.py:826} INFO - Dependencies all met for <TaskInstance: postgres_dag.create_employee_table 2022-09-13T13:36:16.862457+00:00 [queued]>
[2022-09-13 13:38:32,690] {taskinstance.py:1017} INFO - 
--------------------------------------------------------------------------------
[2022-09-13 13:38:32,692] {taskinstance.py:1018} INFO - Starting attempt 3 of 3
[2022-09-13 13:38:32,694] {taskinstance.py:1019} INFO - 
--------------------------------------------------------------------------------
[2022-09-13 13:38:32,793] {taskinstance.py:1038} INFO - Executing <Task(PostgresOperator): create_employee_table> on 2022-09-13T13:36:16.862457+00:00
[2022-09-13 13:38:32,814] {standard_task_runner.py:51} INFO - Started process 41901 to run task
[2022-09-13 13:38:32,840] {standard_task_runner.py:75} INFO - Running: ['airflow', 'tasks', 'run', 'postgres_dag', 'create_employee_table', '2022-09-13T13:36:16.862457+00:00', '--job-id', '38', '--pool', 'default_pool', '--raw', '--subdir', 'DAGS_FOLDER/dag_with_postgres.py', '--cfg-path', '/tmp/tmplbxltdq2']
[2022-09-13 13:38:32,849] {standard_task_runner.py:76} INFO - Job 38: Subtask create_employee_table
[2022-09-13 13:38:33,020] {logging_mixin.py:103} INFO - Running <TaskInstance: postgres_dag.create_employee_table 2022-09-13T13:36:16.862457+00:00 [running]> on host 27377494ab8b
[2022-09-13 13:38:33,386] {taskinstance.py:1232} INFO - Exporting the following env vars:
AIRFLOW_CTX_DAG_OWNER=Dave
AIRFLOW_CTX_DAG_ID=postgres_dag
AIRFLOW_CTX_TASK_ID=create_employee_table
AIRFLOW_CTX_EXECUTION_DATE=2022-09-13T13:36:16.862457+00:00
AIRFLOW_CTX_DAG_RUN_ID=manual__2022-09-13T13:36:16.862457+00:00
[2022-09-13 13:38:33,389] {postgres.py:69} INFO - Executing: 
            create table if not exists employee(
                emp_id varchar,
                first_name varchar,
                last_name varchar,
                designation varchar
                primary key (emp_id)
            )
        
[2022-09-13 13:38:33,510] {base.py:74} INFO - Using connection to: id: local_postgres. Host: host.docker.internal, Port: 5432, Schema: airflow, Login: postgres, Password: XXXXXXXX, extra: None
[2022-09-13 13:38:33,564] {taskinstance.py:1396} ERROR - FATAL:  database "airflow" does not exist
Traceback (most recent call last):
  File "/home/airflow/.local/lib/python3.6/site-packages/airflow/models/taskinstance.py", line 1086, in _run_raw_task
    self._prepare_and_execute_task_with_callbacks(context, task)
  File "/home/airflow/.local/lib/python3.6/site-packages/airflow/models/taskinstance.py", line 1260, in _prepare_and_execute_task_with_callbacks
    result = self._execute_task(context, task_copy)
  File "/home/airflow/.local/lib/python3.6/site-packages/airflow/models/taskinstance.py", line 1300, in _execute_task
    result = task_copy.execute(context=context)
  File "/home/airflow/.local/lib/python3.6/site-packages/airflow/providers/postgres/operators/postgres.py", line 71, in execute
    self.hook.run(self.sql, self.autocommit, parameters=self.parameters)
  File "/home/airflow/.local/lib/python3.6/site-packages/airflow/hooks/dbapi.py", line 173, in run
    with closing(self.get_conn()) as conn:
  File "/home/airflow/.local/lib/python3.6/site-packages/airflow/providers/postgres/hooks/postgres.py", line 108, in get_conn
    self.conn = psycopg2.connect(**conn_args)
  File "/home/airflow/.local/lib/python3.6/site-packages/psycopg2/__init__.py", line 127, in connect
    conn = _connect(dsn, connection_factory=connection_factory, **kwasync)
psycopg2.OperationalError: FATAL:  database "airflow" does not exist

[2022-09-13 13:38:33,593] {taskinstance.py:1440} INFO - Marking task as FAILED. dag_id=postgres_dag, task_id=create_employee_table, execution_date=20220913T133616, start_date=20220913T133832, end_date=20220913T133833
[2022-09-13 13:38:33,739] {local_task_job.py:118} INFO - Task exited with return code 1
