[2022-09-15 03:00:07,391] {taskinstance.py:826} INFO - Dependencies all met for <TaskInstance: first_py_dag.bash_dir 2022-09-14T03:00:00+00:00 [queued]>
[2022-09-15 03:00:07,459] {taskinstance.py:826} INFO - Dependencies all met for <TaskInstance: first_py_dag.bash_dir 2022-09-14T03:00:00+00:00 [queued]>
[2022-09-15 03:00:07,461] {taskinstance.py:1017} INFO - 
--------------------------------------------------------------------------------
[2022-09-15 03:00:07,462] {taskinstance.py:1018} INFO - Starting attempt 1 of 3
[2022-09-15 03:00:07,464] {taskinstance.py:1019} INFO - 
--------------------------------------------------------------------------------
[2022-09-15 03:00:07,497] {taskinstance.py:1038} INFO - Executing <Task(BashOperator): bash_dir> on 2022-09-14T03:00:00+00:00
[2022-09-15 03:00:07,507] {standard_task_runner.py:51} INFO - Started process 31086 to run task
[2022-09-15 03:00:07,527] {standard_task_runner.py:75} INFO - Running: ['airflow', 'tasks', 'run', 'first_py_dag', 'bash_dir', '2022-09-14T03:00:00+00:00', '--job-id', '111', '--pool', 'default_pool', '--raw', '--subdir', 'DAGS_FOLDER/dag_with_python_operator.py', '--cfg-path', '/tmp/tmpf9ealy4x']
[2022-09-15 03:00:07,534] {standard_task_runner.py:76} INFO - Job 111: Subtask bash_dir
[2022-09-15 03:00:07,733] {logging_mixin.py:103} INFO - Running <TaskInstance: first_py_dag.bash_dir 2022-09-14T03:00:00+00:00 [running]> on host 27377494ab8b
[2022-09-15 03:00:07,932] {taskinstance.py:1232} INFO - Exporting the following env vars:
AIRFLOW_CTX_DAG_OWNER=Dave
AIRFLOW_CTX_DAG_ID=first_py_dag
AIRFLOW_CTX_TASK_ID=bash_dir
AIRFLOW_CTX_EXECUTION_DATE=2022-09-14T03:00:00+00:00
AIRFLOW_CTX_DAG_RUN_ID=scheduled__2022-09-14T03:00:00+00:00
[2022-09-15 03:00:07,940] {bash.py:135} INFO - Tmp dir root location: 
 /tmp
[2022-09-15 03:00:07,944] {bash.py:158} INFO - Running command: ls
[2022-09-15 03:00:08,004] {bash.py:169} INFO - Output:
[2022-09-15 03:00:08,604] {bash.py:177} INFO - Command exited with return code 0
[2022-09-15 03:00:08,713] {taskinstance.py:1142} INFO - Marking task as SUCCESS. dag_id=first_py_dag, task_id=bash_dir, execution_date=20220914T030000, start_date=20220915T030007, end_date=20220915T030008
[2022-09-15 03:00:09,258] {taskinstance.py:1195} INFO - 1 downstream tasks scheduled from follow-on schedule check
[2022-09-15 03:00:09,277] {local_task_job.py:118} INFO - Task exited with return code 0
