[2022-09-18 18:29:06,917] {taskinstance.py:826} INFO - Dependencies all met for <TaskInstance: bigquery_dag.check_query_big_query_table 2022-09-11T03:00:00+00:00 [queued]>
[2022-09-18 18:29:07,045] {taskinstance.py:826} INFO - Dependencies all met for <TaskInstance: bigquery_dag.check_query_big_query_table 2022-09-11T03:00:00+00:00 [queued]>
[2022-09-18 18:29:07,048] {taskinstance.py:1017} INFO - 
--------------------------------------------------------------------------------
[2022-09-18 18:29:07,050] {taskinstance.py:1018} INFO - Starting attempt 1 of 3
[2022-09-18 18:29:07,052] {taskinstance.py:1019} INFO - 
--------------------------------------------------------------------------------
[2022-09-18 18:29:07,132] {taskinstance.py:1038} INFO - Executing <Task(BigQueryCheckOperator): check_query_big_query_table> on 2022-09-11T03:00:00+00:00
[2022-09-18 18:29:07,190] {standard_task_runner.py:51} INFO - Started process 30873 to run task
[2022-09-18 18:29:07,282] {standard_task_runner.py:75} INFO - Running: ['airflow', 'tasks', 'run', 'bigquery_dag', 'check_query_big_query_table', '2022-09-11T03:00:00+00:00', '--job-id', '255', '--pool', 'default_pool', '--raw', '--subdir', 'DAGS_FOLDER/dag_with_bigquery.py', '--cfg-path', '/tmp/tmpzg62slsr']
[2022-09-18 18:29:07,309] {standard_task_runner.py:76} INFO - Job 255: Subtask check_query_big_query_table
[2022-09-18 18:29:07,604] {logging_mixin.py:103} INFO - Running <TaskInstance: bigquery_dag.check_query_big_query_table 2022-09-11T03:00:00+00:00 [running]> on host 27377494ab8b
[2022-09-18 18:29:08,146] {taskinstance.py:1232} INFO - Exporting the following env vars:
AIRFLOW_CTX_DAG_OWNER=Dave
AIRFLOW_CTX_DAG_ID=bigquery_dag
AIRFLOW_CTX_TASK_ID=check_query_big_query_table
AIRFLOW_CTX_EXECUTION_DATE=2022-09-11T03:00:00+00:00
AIRFLOW_CTX_DAG_RUN_ID=scheduled__2022-09-11T03:00:00+00:00
[2022-09-18 18:29:08,186] {sql.py:87} INFO - Executing SQL check: 
           select id from githubarchive.day.20220914
        
[2022-09-18 18:29:08,423] {logging_mixin.py:103} WARNING - /home/airflow/.local/lib/python3.6/site-packages/airflow/providers/google/cloud/hooks/bigquery.py:120 DeprecationWarning: This method will be deprecated. Please use `BigQueryHook.get_client` method
[2022-09-18 18:29:08,446] {taskinstance.py:1396} ERROR - [Errno 2] No such file or directory: '/opt/airflow/dags/dags/support/quick-keel-213611-2877771d11bf.json'
Traceback (most recent call last):
  File "/home/airflow/.local/lib/python3.6/site-packages/airflow/models/taskinstance.py", line 1086, in _run_raw_task
    self._prepare_and_execute_task_with_callbacks(context, task)
  File "/home/airflow/.local/lib/python3.6/site-packages/airflow/models/taskinstance.py", line 1260, in _prepare_and_execute_task_with_callbacks
    result = self._execute_task(context, task_copy)
  File "/home/airflow/.local/lib/python3.6/site-packages/airflow/models/taskinstance.py", line 1300, in _execute_task
    result = task_copy.execute(context=context)
  File "/home/airflow/.local/lib/python3.6/site-packages/airflow/operators/sql.py", line 88, in execute
    records = self.get_db_hook().get_first(self.sql)
  File "/home/airflow/.local/lib/python3.6/site-packages/airflow/hooks/dbapi.py", line 147, in get_first
    with closing(self.get_conn()) as conn:
  File "/home/airflow/.local/lib/python3.6/site-packages/airflow/providers/google/cloud/hooks/bigquery.py", line 107, in get_conn
    service = self.get_service()
  File "/home/airflow/.local/lib/python3.6/site-packages/airflow/providers/google/cloud/hooks/bigquery.py", line 122, in get_service
    http_authorized = self._authorize()
  File "/home/airflow/.local/lib/python3.6/site-packages/airflow/providers/google/common/hooks/base_google.py", line 280, in _authorize
    credentials = self._get_credentials()
  File "/home/airflow/.local/lib/python3.6/site-packages/airflow/providers/google/common/hooks/base_google.py", line 251, in _get_credentials
    credentials, _ = self._get_credentials_and_project_id()
  File "/home/airflow/.local/lib/python3.6/site-packages/airflow/providers/google/common/hooks/base_google.py", line 237, in _get_credentials_and_project_id
    delegates=delegates,
  File "/home/airflow/.local/lib/python3.6/site-packages/airflow/providers/google/cloud/utils/credentials_provider.py", line 309, in get_credentials_and_project_id
    return _CredentialProvider(*args, **kwargs).get_credentials_and_project()
  File "/home/airflow/.local/lib/python3.6/site-packages/airflow/providers/google/cloud/utils/credentials_provider.py", line 238, in get_credentials_and_project
    credentials, project_id = self._get_credentials_using_key_path()
  File "/home/airflow/.local/lib/python3.6/site-packages/airflow/providers/google/cloud/utils/credentials_provider.py", line 286, in _get_credentials_using_key_path
    self.key_path, scopes=self.scopes
  File "/home/airflow/.local/lib/python3.6/site-packages/google/oauth2/service_account.py", line 234, in from_service_account_file
    filename, require=["client_email", "token_uri"]
  File "/home/airflow/.local/lib/python3.6/site-packages/google/auth/_service_account_info.py", line 72, in from_filename
    with io.open(filename, "r", encoding="utf-8") as json_file:
FileNotFoundError: [Errno 2] No such file or directory: '/opt/airflow/dags/dags/support/quick-keel-213611-2877771d11bf.json'
[2022-09-18 18:29:08,566] {taskinstance.py:1440} INFO - Marking task as UP_FOR_RETRY. dag_id=bigquery_dag, task_id=check_query_big_query_table, execution_date=20220911T030000, start_date=20220918T182906, end_date=20220918T182908
[2022-09-18 18:29:08,987] {local_task_job.py:118} INFO - Task exited with return code 1
[2022-09-18 18:37:29,473] {taskinstance.py:826} INFO - Dependencies all met for <TaskInstance: bigquery_dag.check_query_big_query_table 2022-09-11T03:00:00+00:00 [queued]>
[2022-09-18 18:37:29,629] {taskinstance.py:826} INFO - Dependencies all met for <TaskInstance: bigquery_dag.check_query_big_query_table 2022-09-11T03:00:00+00:00 [queued]>
[2022-09-18 18:37:29,634] {taskinstance.py:1017} INFO - 
--------------------------------------------------------------------------------
[2022-09-18 18:37:29,638] {taskinstance.py:1018} INFO - Starting attempt 1 of 3
[2022-09-18 18:37:29,639] {taskinstance.py:1019} INFO - 
--------------------------------------------------------------------------------
[2022-09-18 18:37:29,935] {taskinstance.py:1038} INFO - Executing <Task(BigQueryCheckOperator): check_query_big_query_table> on 2022-09-11T03:00:00+00:00
[2022-09-18 18:37:30,029] {standard_task_runner.py:75} INFO - Running: ['airflow', 'tasks', 'run', 'bigquery_dag', 'check_query_big_query_table', '2022-09-11T03:00:00+00:00', '--job-id', '303', '--pool', 'default_pool', '--raw', '--subdir', 'DAGS_FOLDER/dag_with_bigquery.py', '--cfg-path', '/tmp/tmp7_7svrcy']
[2022-09-18 18:37:30,051] {standard_task_runner.py:76} INFO - Job 303: Subtask check_query_big_query_table
[2022-09-18 18:37:30,002] {standard_task_runner.py:51} INFO - Started process 423 to run task
[2022-09-18 18:37:31,065] {logging_mixin.py:103} INFO - Running <TaskInstance: bigquery_dag.check_query_big_query_table 2022-09-11T03:00:00+00:00 [running]> on host 27377494ab8b
[2022-09-18 18:37:31,634] {taskinstance.py:1232} INFO - Exporting the following env vars:
AIRFLOW_CTX_DAG_OWNER=Dave
AIRFLOW_CTX_DAG_ID=bigquery_dag
AIRFLOW_CTX_TASK_ID=check_query_big_query_table
AIRFLOW_CTX_EXECUTION_DATE=2022-09-11T03:00:00+00:00
AIRFLOW_CTX_DAG_RUN_ID=scheduled__2022-09-11T03:00:00+00:00
[2022-09-18 18:37:31,714] {sql.py:87} INFO - Executing SQL check: 
           select id from githubarchive.day.20220914
        
[2022-09-18 18:37:34,222] {logging_mixin.py:103} WARNING - /home/airflow/.local/lib/python3.6/site-packages/airflow/providers/google/cloud/hooks/bigquery.py:120 DeprecationWarning: This method will be deprecated. Please use `BigQueryHook.get_client` method
[2022-09-18 18:37:39,517] {logging_mixin.py:103} WARNING - /home/airflow/.local/lib/python3.6/site-packages/airflow/providers/google/cloud/hooks/bigquery.py:2052 DeprecationWarning: This method is deprecated. Please use `BigQueryHook.insert_job` method.
[2022-09-18 18:37:39,549] {bigquery.py:1510} INFO - Inserting job airflow_1663526259533661_06d2bf8b43be9b79a3e89edf3b53e367
[2022-09-18 18:38:08,154] {local_task_job.py:118} INFO - Task exited with return code Negsignal.SIGKILL
[2022-09-18 19:16:02,392] {taskinstance.py:826} INFO - Dependencies all met for <TaskInstance: bigquery_dag.check_query_big_query_table 2022-09-11T03:00:00+00:00 [queued]>
[2022-09-18 19:16:02,664] {taskinstance.py:826} INFO - Dependencies all met for <TaskInstance: bigquery_dag.check_query_big_query_table 2022-09-11T03:00:00+00:00 [queued]>
[2022-09-18 19:16:02,666] {taskinstance.py:1017} INFO - 
--------------------------------------------------------------------------------
[2022-09-18 19:16:02,668] {taskinstance.py:1018} INFO - Starting attempt 1 of 3
[2022-09-18 19:16:02,672] {taskinstance.py:1019} INFO - 
--------------------------------------------------------------------------------
[2022-09-18 19:16:02,718] {taskinstance.py:1038} INFO - Executing <Task(BigQueryCheckOperator): check_query_big_query_table> on 2022-09-11T03:00:00+00:00
[2022-09-18 19:16:02,738] {standard_task_runner.py:51} INFO - Started process 1655 to run task
[2022-09-18 19:16:02,797] {standard_task_runner.py:75} INFO - Running: ['airflow', 'tasks', 'run', 'bigquery_dag', 'check_query_big_query_table', '2022-09-11T03:00:00+00:00', '--job-id', '353', '--pool', 'default_pool', '--raw', '--subdir', 'DAGS_FOLDER/dag_with_bigquery.py', '--cfg-path', '/tmp/tmp61yyba5p']
[2022-09-18 19:16:02,810] {standard_task_runner.py:76} INFO - Job 353: Subtask check_query_big_query_table
[2022-09-18 19:16:03,355] {logging_mixin.py:103} INFO - Running <TaskInstance: bigquery_dag.check_query_big_query_table 2022-09-11T03:00:00+00:00 [running]> on host 27377494ab8b
[2022-09-18 19:16:04,756] {taskinstance.py:1232} INFO - Exporting the following env vars:
AIRFLOW_CTX_DAG_OWNER=Dave
AIRFLOW_CTX_DAG_ID=bigquery_dag
AIRFLOW_CTX_TASK_ID=check_query_big_query_table
AIRFLOW_CTX_EXECUTION_DATE=2022-09-11T03:00:00+00:00
AIRFLOW_CTX_DAG_RUN_ID=scheduled__2022-09-11T03:00:00+00:00
[2022-09-18 19:16:04,895] {sql.py:87} INFO - Executing SQL check: 
           select id from githubarchive.day.20220914
        
[2022-09-18 19:16:05,191] {logging_mixin.py:103} WARNING - /home/airflow/.local/lib/python3.6/site-packages/airflow/providers/google/cloud/hooks/bigquery.py:120 DeprecationWarning: This method will be deprecated. Please use `BigQueryHook.get_client` method
[2022-09-18 19:16:09,487] {logging_mixin.py:103} WARNING - /home/airflow/.local/lib/python3.6/site-packages/airflow/providers/google/cloud/hooks/bigquery.py:2052 DeprecationWarning: This method is deprecated. Please use `BigQueryHook.insert_job` method.
[2022-09-18 19:16:09,563] {bigquery.py:1510} INFO - Inserting job airflow_1663528569523549_06d2bf8b43be9b79a3e89edf3b53e367
[2022-09-18 19:16:11,100] {taskinstance.py:1396} ERROR - 403 POST https://bigquery.googleapis.com/bigquery/v2/projects/quick-keel-213611/jobs?prettyPrint=false: Access Denied: Project quick-keel-213611: User does not have bigquery.jobs.create permission in project quick-keel-213611.

(job ID: airflow_1663528569523549_06d2bf8b43be9b79a3e89edf3b53e367)

             -----Query Job SQL Follows-----             

    |    .    |    .    |    .    |    .    |    .    |
   1:
   2:           select id from githubarchive.day.20220914
   3:        
    |    .    |    .    |    .    |    .    |    .    |

(job ID: airflow_1663528569523549_06d2bf8b43be9b79a3e89edf3b53e367)

             -----Query Job SQL Follows-----             

    |    .    |    .    |    .    |    .    |    .    |
   1:
   2:           select id from githubarchive.day.20220914
   3:        
    |    .    |    .    |    .    |    .    |    .    |
Traceback (most recent call last):
  File "/home/airflow/.local/lib/python3.6/site-packages/airflow/models/taskinstance.py", line 1086, in _run_raw_task
    self._prepare_and_execute_task_with_callbacks(context, task)
  File "/home/airflow/.local/lib/python3.6/site-packages/airflow/models/taskinstance.py", line 1260, in _prepare_and_execute_task_with_callbacks
    result = self._execute_task(context, task_copy)
  File "/home/airflow/.local/lib/python3.6/site-packages/airflow/models/taskinstance.py", line 1300, in _execute_task
    result = task_copy.execute(context=context)
  File "/home/airflow/.local/lib/python3.6/site-packages/airflow/operators/sql.py", line 88, in execute
    records = self.get_db_hook().get_first(self.sql)
  File "/home/airflow/.local/lib/python3.6/site-packages/airflow/hooks/dbapi.py", line 152, in get_first
    cur.execute(sql)
  File "/home/airflow/.local/lib/python3.6/site-packages/airflow/providers/google/cloud/hooks/bigquery.py", line 2639, in execute
    self.job_id = self.hook.run_query(sql)
  File "/home/airflow/.local/lib/python3.6/site-packages/airflow/providers/google/cloud/hooks/bigquery.py", line 2186, in run_query
    job = self.insert_job(configuration=configuration, project_id=self.project_id)
  File "/home/airflow/.local/lib/python3.6/site-packages/airflow/providers/google/common/hooks/base_google.py", line 425, in inner_wrapper
    return func(self, *args, **kwargs)
  File "/home/airflow/.local/lib/python3.6/site-packages/airflow/providers/google/cloud/hooks/bigquery.py", line 1512, in insert_job
    job.result()
  File "/home/airflow/.local/lib/python3.6/site-packages/google/cloud/bigquery/job/query.py", line 1159, in result
    super(QueryJob, self).result(retry=retry, timeout=timeout)
  File "/home/airflow/.local/lib/python3.6/site-packages/google/cloud/bigquery/job/base.py", line 628, in result
    self._begin(retry=retry, timeout=timeout)
  File "/home/airflow/.local/lib/python3.6/site-packages/google/cloud/bigquery/job/query.py", line 1069, in _begin
    super(QueryJob, self)._begin(client=client, retry=retry, timeout=timeout)
  File "/home/airflow/.local/lib/python3.6/site-packages/google/cloud/bigquery/job/base.py", line 438, in _begin
    timeout=timeout,
  File "/home/airflow/.local/lib/python3.6/site-packages/google/cloud/bigquery/client.py", line 640, in _call_api
    return call()
  File "/home/airflow/.local/lib/python3.6/site-packages/google/api_core/retry.py", line 286, in retry_wrapped_func
    on_error=on_error,
  File "/home/airflow/.local/lib/python3.6/site-packages/google/api_core/retry.py", line 184, in retry_target
    return target()
  File "/home/airflow/.local/lib/python3.6/site-packages/google/cloud/_http.py", line 483, in api_request
    raise exceptions.from_http_response(response)
google.api_core.exceptions.Forbidden: 403 POST https://bigquery.googleapis.com/bigquery/v2/projects/quick-keel-213611/jobs?prettyPrint=false: Access Denied: Project quick-keel-213611: User does not have bigquery.jobs.create permission in project quick-keel-213611.

(job ID: airflow_1663528569523549_06d2bf8b43be9b79a3e89edf3b53e367)

             -----Query Job SQL Follows-----             

    |    .    |    .    |    .    |    .    |    .    |
   1:
   2:           select id from githubarchive.day.20220914
   3:        
    |    .    |    .    |    .    |    .    |    .    |

(job ID: airflow_1663528569523549_06d2bf8b43be9b79a3e89edf3b53e367)

             -----Query Job SQL Follows-----             

    |    .    |    .    |    .    |    .    |    .    |
   1:
   2:           select id from githubarchive.day.20220914
   3:        
    |    .    |    .    |    .    |    .    |    .    |
[2022-09-18 19:16:11,433] {taskinstance.py:1440} INFO - Marking task as UP_FOR_RETRY. dag_id=bigquery_dag, task_id=check_query_big_query_table, execution_date=20220911T030000, start_date=20220918T191602, end_date=20220918T191611
[2022-09-18 19:16:12,561] {local_task_job.py:118} INFO - Task exited with return code 1
[2022-09-18 19:33:15,985] {taskinstance.py:826} INFO - Dependencies all met for <TaskInstance: bigquery_dag.check_query_big_query_table 2022-09-11T03:00:00+00:00 [queued]>
[2022-09-18 19:33:16,139] {taskinstance.py:826} INFO - Dependencies all met for <TaskInstance: bigquery_dag.check_query_big_query_table 2022-09-11T03:00:00+00:00 [queued]>
[2022-09-18 19:33:16,144] {taskinstance.py:1017} INFO - 
--------------------------------------------------------------------------------
[2022-09-18 19:33:16,149] {taskinstance.py:1018} INFO - Starting attempt 1 of 3
[2022-09-18 19:33:16,150] {taskinstance.py:1019} INFO - 
--------------------------------------------------------------------------------
[2022-09-18 19:33:16,282] {taskinstance.py:1038} INFO - Executing <Task(BigQueryCheckOperator): check_query_big_query_table> on 2022-09-11T03:00:00+00:00
[2022-09-18 19:33:16,344] {standard_task_runner.py:51} INFO - Started process 22171 to run task
[2022-09-18 19:33:16,439] {standard_task_runner.py:75} INFO - Running: ['airflow', 'tasks', 'run', 'bigquery_dag', 'check_query_big_query_table', '2022-09-11T03:00:00+00:00', '--job-id', '376', '--pool', 'default_pool', '--raw', '--subdir', 'DAGS_FOLDER/dag_with_bigquery.py', '--cfg-path', '/tmp/tmp51n898lu']
[2022-09-18 19:33:16,479] {standard_task_runner.py:76} INFO - Job 376: Subtask check_query_big_query_table
[2022-09-18 19:33:17,020] {logging_mixin.py:103} INFO - Running <TaskInstance: bigquery_dag.check_query_big_query_table 2022-09-11T03:00:00+00:00 [running]> on host 27377494ab8b
[2022-09-18 19:33:17,514] {taskinstance.py:1232} INFO - Exporting the following env vars:
AIRFLOW_CTX_DAG_OWNER=Dave
AIRFLOW_CTX_DAG_ID=bigquery_dag
AIRFLOW_CTX_TASK_ID=check_query_big_query_table
AIRFLOW_CTX_EXECUTION_DATE=2022-09-11T03:00:00+00:00
AIRFLOW_CTX_DAG_RUN_ID=scheduled__2022-09-11T03:00:00+00:00
[2022-09-18 19:33:17,568] {sql.py:87} INFO - Executing SQL check: 
           select id from githubarchive.day.20220914
        
[2022-09-18 19:33:17,778] {logging_mixin.py:103} WARNING - /home/airflow/.local/lib/python3.6/site-packages/airflow/providers/google/cloud/hooks/bigquery.py:120 DeprecationWarning: This method will be deprecated. Please use `BigQueryHook.get_client` method
[2022-09-18 19:33:19,901] {logging_mixin.py:103} WARNING - /home/airflow/.local/lib/python3.6/site-packages/airflow/providers/google/cloud/hooks/bigquery.py:2052 DeprecationWarning: This method is deprecated. Please use `BigQueryHook.insert_job` method.
[2022-09-18 19:33:19,920] {bigquery.py:1510} INFO - Inserting job airflow_1663529599917593_06d2bf8b43be9b79a3e89edf3b53e367
[2022-09-18 19:33:24,468] {local_task_job.py:77} ERROR - Received SIGTERM. Terminating subprocesses
[2022-09-18 19:37:28,576] {taskinstance.py:826} INFO - Dependencies all met for <TaskInstance: bigquery_dag.check_query_big_query_table 2022-09-11T03:00:00+00:00 [queued]>
[2022-09-18 19:37:28,830] {taskinstance.py:826} INFO - Dependencies all met for <TaskInstance: bigquery_dag.check_query_big_query_table 2022-09-11T03:00:00+00:00 [queued]>
[2022-09-18 19:37:28,834] {taskinstance.py:1017} INFO - 
--------------------------------------------------------------------------------
[2022-09-18 19:37:28,836] {taskinstance.py:1018} INFO - Starting attempt 1 of 3
[2022-09-18 19:37:28,837] {taskinstance.py:1019} INFO - 
--------------------------------------------------------------------------------
[2022-09-18 19:37:29,053] {taskinstance.py:1038} INFO - Executing <Task(BigQueryCheckOperator): check_query_big_query_table> on 2022-09-11T03:00:00+00:00
[2022-09-18 19:37:29,178] {standard_task_runner.py:75} INFO - Running: ['airflow', 'tasks', 'run', 'bigquery_dag', 'check_query_big_query_table', '2022-09-11T03:00:00+00:00', '--job-id', '399', '--pool', 'default_pool', '--raw', '--subdir', 'DAGS_FOLDER/dag_with_bigquery.py', '--cfg-path', '/tmp/tmphkko2v8s']
[2022-09-18 19:37:29,206] {standard_task_runner.py:76} INFO - Job 399: Subtask check_query_big_query_table
[2022-09-18 19:37:29,141] {standard_task_runner.py:51} INFO - Started process 1776 to run task
[2022-09-18 19:37:29,576] {logging_mixin.py:103} INFO - Running <TaskInstance: bigquery_dag.check_query_big_query_table 2022-09-11T03:00:00+00:00 [running]> on host 27377494ab8b
[2022-09-18 19:37:30,004] {taskinstance.py:1232} INFO - Exporting the following env vars:
AIRFLOW_CTX_DAG_OWNER=Dave
AIRFLOW_CTX_DAG_ID=bigquery_dag
AIRFLOW_CTX_TASK_ID=check_query_big_query_table
AIRFLOW_CTX_EXECUTION_DATE=2022-09-11T03:00:00+00:00
AIRFLOW_CTX_DAG_RUN_ID=scheduled__2022-09-11T03:00:00+00:00
[2022-09-18 19:37:30,032] {sql.py:87} INFO - Executing SQL check: 
           select id from githubarchive.day.20220914
        
[2022-09-18 19:37:30,273] {logging_mixin.py:103} WARNING - /home/airflow/.local/lib/python3.6/site-packages/airflow/providers/google/cloud/hooks/bigquery.py:120 DeprecationWarning: This method will be deprecated. Please use `BigQueryHook.get_client` method
[2022-09-18 19:37:32,359] {logging_mixin.py:103} WARNING - /home/airflow/.local/lib/python3.6/site-packages/airflow/providers/google/cloud/hooks/bigquery.py:2052 DeprecationWarning: This method is deprecated. Please use `BigQueryHook.insert_job` method.
[2022-09-18 19:37:32,380] {bigquery.py:1510} INFO - Inserting job airflow_1663529852362852_06d2bf8b43be9b79a3e89edf3b53e367
[2022-09-18 19:37:46,928] {local_task_job.py:118} INFO - Task exited with return code Negsignal.SIGKILL
[2022-09-18 20:12:31,981] {taskinstance.py:826} INFO - Dependencies all met for <TaskInstance: bigquery_dag.check_query_big_query_table 2022-09-11T03:00:00+00:00 [queued]>
[2022-09-18 20:12:32,189] {taskinstance.py:826} INFO - Dependencies all met for <TaskInstance: bigquery_dag.check_query_big_query_table 2022-09-11T03:00:00+00:00 [queued]>
[2022-09-18 20:12:32,195] {taskinstance.py:1017} INFO - 
--------------------------------------------------------------------------------
[2022-09-18 20:12:32,197] {taskinstance.py:1018} INFO - Starting attempt 1 of 3
[2022-09-18 20:12:32,200] {taskinstance.py:1019} INFO - 
--------------------------------------------------------------------------------
[2022-09-18 20:12:32,478] {taskinstance.py:1038} INFO - Executing <Task(BigQueryCheckOperator): check_query_big_query_table> on 2022-09-11T03:00:00+00:00
[2022-09-18 20:12:32,583] {standard_task_runner.py:51} INFO - Started process 499 to run task
[2022-09-18 20:12:32,678] {standard_task_runner.py:75} INFO - Running: ['airflow', 'tasks', 'run', 'bigquery_dag', 'check_query_big_query_table', '2022-09-11T03:00:00+00:00', '--job-id', '453', '--pool', 'default_pool', '--raw', '--subdir', 'DAGS_FOLDER/dag_with_bigquery.py', '--cfg-path', '/tmp/tmpe2nf2iuy']
[2022-09-18 20:12:32,704] {standard_task_runner.py:76} INFO - Job 453: Subtask check_query_big_query_table
[2022-09-18 20:12:33,264] {logging_mixin.py:103} INFO - Running <TaskInstance: bigquery_dag.check_query_big_query_table 2022-09-11T03:00:00+00:00 [running]> on host 27377494ab8b
[2022-09-18 20:12:33,950] {taskinstance.py:1232} INFO - Exporting the following env vars:
AIRFLOW_CTX_DAG_OWNER=Dave
AIRFLOW_CTX_DAG_ID=bigquery_dag
AIRFLOW_CTX_TASK_ID=check_query_big_query_table
AIRFLOW_CTX_EXECUTION_DATE=2022-09-11T03:00:00+00:00
AIRFLOW_CTX_DAG_RUN_ID=scheduled__2022-09-11T03:00:00+00:00
[2022-09-18 20:12:34,014] {sql.py:87} INFO - Executing SQL check: 
           select id from githubarchive.day.20220914
        
[2022-09-18 20:12:34,302] {logging_mixin.py:103} WARNING - /home/airflow/.local/lib/python3.6/site-packages/airflow/providers/google/cloud/hooks/bigquery.py:120 DeprecationWarning: This method will be deprecated. Please use `BigQueryHook.get_client` method
[2022-09-18 20:12:35,856] {logging_mixin.py:103} WARNING - /home/airflow/.local/lib/python3.6/site-packages/airflow/providers/google/cloud/hooks/bigquery.py:2052 DeprecationWarning: This method is deprecated. Please use `BigQueryHook.insert_job` method.
[2022-09-18 20:12:35,869] {bigquery.py:1510} INFO - Inserting job airflow_1663531955865839_06d2bf8b43be9b79a3e89edf3b53e367
[2022-09-18 20:12:58,922] {local_task_job.py:118} INFO - Task exited with return code Negsignal.SIGKILL
