[2022-09-18 18:31:29,833] {taskinstance.py:826} INFO - Dependencies all met for <TaskInstance: bigquery_dag.check_query_big_query_table 2022-09-11T03:00:00+00:00 [queued]>
[2022-09-18 18:31:29,919] {taskinstance.py:826} INFO - Dependencies all met for <TaskInstance: bigquery_dag.check_query_big_query_table 2022-09-11T03:00:00+00:00 [queued]>
[2022-09-18 18:31:29,921] {taskinstance.py:1017} INFO - 
--------------------------------------------------------------------------------
[2022-09-18 18:31:29,922] {taskinstance.py:1018} INFO - Starting attempt 3 of 3
[2022-09-18 18:31:29,924] {taskinstance.py:1019} INFO - 
--------------------------------------------------------------------------------
[2022-09-18 18:31:29,993] {taskinstance.py:1038} INFO - Executing <Task(BigQueryCheckOperator): check_query_big_query_table> on 2022-09-11T03:00:00+00:00
[2022-09-18 18:31:30,019] {standard_task_runner.py:51} INFO - Started process 1497 to run task
[2022-09-18 18:31:30,040] {standard_task_runner.py:75} INFO - Running: ['airflow', 'tasks', 'run', 'bigquery_dag', 'check_query_big_query_table', '2022-09-11T03:00:00+00:00', '--job-id', '275', '--pool', 'default_pool', '--raw', '--subdir', 'DAGS_FOLDER/dag_with_bigquery.py', '--cfg-path', '/tmp/tmpkjx6t59o']
[2022-09-18 18:31:30,069] {standard_task_runner.py:76} INFO - Job 275: Subtask check_query_big_query_table
[2022-09-18 18:31:30,342] {logging_mixin.py:103} INFO - Running <TaskInstance: bigquery_dag.check_query_big_query_table 2022-09-11T03:00:00+00:00 [running]> on host 27377494ab8b
[2022-09-18 18:31:30,634] {taskinstance.py:1232} INFO - Exporting the following env vars:
AIRFLOW_CTX_DAG_OWNER=Dave
AIRFLOW_CTX_DAG_ID=bigquery_dag
AIRFLOW_CTX_TASK_ID=check_query_big_query_table
AIRFLOW_CTX_EXECUTION_DATE=2022-09-11T03:00:00+00:00
AIRFLOW_CTX_DAG_RUN_ID=scheduled__2022-09-11T03:00:00+00:00
[2022-09-18 18:31:30,641] {sql.py:87} INFO - Executing SQL check: 
           select id from githubarchive.day.20220914
        
[2022-09-18 18:31:30,743] {logging_mixin.py:103} WARNING - /home/airflow/.local/lib/python3.6/site-packages/airflow/providers/google/cloud/hooks/bigquery.py:120 DeprecationWarning: This method will be deprecated. Please use `BigQueryHook.get_client` method
[2022-09-18 18:31:32,044] {logging_mixin.py:103} WARNING - /home/airflow/.local/lib/python3.6/site-packages/airflow/providers/google/cloud/hooks/bigquery.py:2052 DeprecationWarning: This method is deprecated. Please use `BigQueryHook.insert_job` method.
[2022-09-18 18:31:32,054] {bigquery.py:1510} INFO - Inserting job airflow_1663525892050004_06d2bf8b43be9b79a3e89edf3b53e367
[2022-09-18 18:31:46,367] {process_utils.py:95} INFO - Sending Signals.SIGTERM to GPID 1497
[2022-09-18 18:31:46,427] {taskinstance.py:1214} ERROR - Received SIGTERM. Terminating subprocesses.
[2022-09-18 18:31:46,929] {taskinstance.py:1396} ERROR - Task received SIGTERM signal
Traceback (most recent call last):
  File "/home/airflow/.local/lib/python3.6/site-packages/airflow/models/taskinstance.py", line 1086, in _run_raw_task
    self._prepare_and_execute_task_with_callbacks(context, task)
  File "/home/airflow/.local/lib/python3.6/site-packages/airflow/models/taskinstance.py", line 1260, in _prepare_and_execute_task_with_callbacks
    result = self._execute_task(context, task_copy)
  File "/home/airflow/.local/lib/python3.6/site-packages/airflow/models/taskinstance.py", line 1300, in _execute_task
    result = task_copy.execute(context=context)
  File "/home/airflow/.local/lib/python3.6/site-packages/airflow/operators/sql.py", line 88, in execute
    records = self.get_db_hook().get_first(self.sql)
  File "/home/airflow/.local/lib/python3.6/site-packages/airflow/hooks/dbapi.py", line 153, in get_first
    return cur.fetchone()
  File "/home/airflow/.local/lib/python3.6/site-packages/airflow/providers/google/cloud/hooks/bigquery.py", line 2664, in fetchone
    return self.next()
  File "/home/airflow/.local/lib/python3.6/site-packages/airflow/providers/google/cloud/hooks/bigquery.py", line 2687, in next
    .execute(num_retries=self.num_retries)
  File "/home/airflow/.local/lib/python3.6/site-packages/googleapiclient/_helpers.py", line 134, in positional_wrapper
    return wrapped(*args, **kwargs)
  File "/home/airflow/.local/lib/python3.6/site-packages/googleapiclient/http.py", line 909, in execute
    headers=self.headers,
  File "/home/airflow/.local/lib/python3.6/site-packages/googleapiclient/http.py", line 177, in _retry_request
    resp, content = http.request(uri, method, *args, **kwargs)
  File "/home/airflow/.local/lib/python3.6/site-packages/google_auth_httplib2.py", line 201, in request
    uri, method, body=body, headers=request_headers, **kwargs)
  File "/home/airflow/.local/lib/python3.6/site-packages/googleapiclient/http.py", line 1844, in new_request
    connection_type=connection_type,
  File "/home/airflow/.local/lib/python3.6/site-packages/httplib2/__init__.py", line 1709, in request
    conn, authority, uri, request_uri, method, body, headers, redirections, cachekey,
  File "/home/airflow/.local/lib/python3.6/site-packages/httplib2/__init__.py", line 1424, in _request
    (response, content) = self._conn_request(conn, request_uri, method, body, headers)
  File "/home/airflow/.local/lib/python3.6/site-packages/httplib2/__init__.py", line 1408, in _conn_request
    content = _decompressContent(response, content)
  File "/home/airflow/.local/lib/python3.6/site-packages/httplib2/__init__.py", line 358, in _decompressContent
    content = gzip.GzipFile(fileobj=io.BytesIO(new_content)).read()
  File "/usr/local/lib/python3.6/gzip.py", line 276, in read
    return self._buffer.read(size)
  File "/usr/local/lib/python3.6/gzip.py", line 438, in read
    def read(self, size=-1):
  File "/home/airflow/.local/lib/python3.6/site-packages/airflow/models/taskinstance.py", line 1216, in signal_handler
    raise AirflowException("Task received SIGTERM signal")
airflow.exceptions.AirflowException: Task received SIGTERM signal
[2022-09-18 18:31:47,088] {taskinstance.py:1440} INFO - Marking task as FAILED. dag_id=bigquery_dag, task_id=check_query_big_query_table, execution_date=20220911T030000, start_date=20220918T183129, end_date=20220918T183147
[2022-09-18 18:31:47,938] {process_utils.py:61} INFO - Process psutil.Process(pid=1497, status='terminated', exitcode=1, started='18:31:29') (1497) terminated with exit code 1
[2022-09-18 18:42:59,515] {taskinstance.py:826} INFO - Dependencies all met for <TaskInstance: bigquery_dag.check_query_big_query_table 2022-09-11T03:00:00+00:00 [queued]>
[2022-09-18 18:42:59,552] {taskinstance.py:826} INFO - Dependencies all met for <TaskInstance: bigquery_dag.check_query_big_query_table 2022-09-11T03:00:00+00:00 [queued]>
[2022-09-18 18:42:59,554] {taskinstance.py:1017} INFO - 
--------------------------------------------------------------------------------
[2022-09-18 18:42:59,555] {taskinstance.py:1018} INFO - Starting attempt 3 of 3
[2022-09-18 18:42:59,556] {taskinstance.py:1019} INFO - 
--------------------------------------------------------------------------------
[2022-09-18 18:42:59,589] {taskinstance.py:1038} INFO - Executing <Task(BigQueryCheckOperator): check_query_big_query_table> on 2022-09-11T03:00:00+00:00
[2022-09-18 18:42:59,598] {standard_task_runner.py:51} INFO - Started process 2718 to run task
[2022-09-18 18:42:59,610] {standard_task_runner.py:75} INFO - Running: ['airflow', 'tasks', 'run', 'bigquery_dag', 'check_query_big_query_table', '2022-09-11T03:00:00+00:00', '--job-id', '331', '--pool', 'default_pool', '--raw', '--subdir', 'DAGS_FOLDER/dag_with_bigquery.py', '--cfg-path', '/tmp/tmp54ganffv']
[2022-09-18 18:42:59,618] {standard_task_runner.py:76} INFO - Job 331: Subtask check_query_big_query_table
[2022-09-18 18:42:59,733] {logging_mixin.py:103} INFO - Running <TaskInstance: bigquery_dag.check_query_big_query_table 2022-09-11T03:00:00+00:00 [running]> on host 27377494ab8b
[2022-09-18 18:42:59,832] {taskinstance.py:1232} INFO - Exporting the following env vars:
AIRFLOW_CTX_DAG_OWNER=Dave
AIRFLOW_CTX_DAG_ID=bigquery_dag
AIRFLOW_CTX_TASK_ID=check_query_big_query_table
AIRFLOW_CTX_EXECUTION_DATE=2022-09-11T03:00:00+00:00
AIRFLOW_CTX_DAG_RUN_ID=scheduled__2022-09-11T03:00:00+00:00
[2022-09-18 18:42:59,841] {sql.py:87} INFO - Executing SQL check: 
           select id from githubarchive.day.20220914
        
[2022-09-18 18:42:59,890] {logging_mixin.py:103} WARNING - /home/airflow/.local/lib/python3.6/site-packages/airflow/providers/google/cloud/hooks/bigquery.py:120 DeprecationWarning: This method will be deprecated. Please use `BigQueryHook.get_client` method
[2022-09-18 18:43:00,609] {logging_mixin.py:103} WARNING - /home/airflow/.local/lib/python3.6/site-packages/airflow/providers/google/cloud/hooks/bigquery.py:2052 DeprecationWarning: This method is deprecated. Please use `BigQueryHook.insert_job` method.
[2022-09-18 18:43:00,616] {bigquery.py:1510} INFO - Inserting job airflow_1663526580613088_06d2bf8b43be9b79a3e89edf3b53e367
[2022-09-18 18:43:21,182] {sql.py:90} INFO - Record: ['23992050950']
[2022-09-18 18:43:21,213] {sql.py:96} INFO - Success.
[2022-09-18 18:43:21,289] {taskinstance.py:1142} INFO - Marking task as SUCCESS. dag_id=bigquery_dag, task_id=check_query_big_query_table, execution_date=20220911T030000, start_date=20220918T184259, end_date=20220918T184321
[2022-09-18 18:43:22,337] {taskinstance.py:1195} INFO - 0 downstream tasks scheduled from follow-on schedule check
[2022-09-18 18:43:23,044] {local_task_job.py:118} INFO - Task exited with return code 0
[2022-09-18 19:18:34,325] {taskinstance.py:826} INFO - Dependencies all met for <TaskInstance: bigquery_dag.check_query_big_query_table 2022-09-11T03:00:00+00:00 [queued]>
[2022-09-18 19:18:34,396] {taskinstance.py:826} INFO - Dependencies all met for <TaskInstance: bigquery_dag.check_query_big_query_table 2022-09-11T03:00:00+00:00 [queued]>
[2022-09-18 19:18:34,403] {taskinstance.py:1017} INFO - 
--------------------------------------------------------------------------------
[2022-09-18 19:18:34,406] {taskinstance.py:1018} INFO - Starting attempt 3 of 3
[2022-09-18 19:18:34,407] {taskinstance.py:1019} INFO - 
--------------------------------------------------------------------------------
[2022-09-18 19:18:34,452] {taskinstance.py:1038} INFO - Executing <Task(BigQueryCheckOperator): check_query_big_query_table> on 2022-09-11T03:00:00+00:00
[2022-09-18 19:18:34,466] {standard_task_runner.py:51} INFO - Started process 3993 to run task
[2022-09-18 19:18:34,499] {standard_task_runner.py:75} INFO - Running: ['airflow', 'tasks', 'run', 'bigquery_dag', 'check_query_big_query_table', '2022-09-11T03:00:00+00:00', '--job-id', '367', '--pool', 'default_pool', '--raw', '--subdir', 'DAGS_FOLDER/dag_with_bigquery.py', '--cfg-path', '/tmp/tmprazpurod']
[2022-09-18 19:18:34,514] {standard_task_runner.py:76} INFO - Job 367: Subtask check_query_big_query_table
[2022-09-18 19:18:34,690] {logging_mixin.py:103} INFO - Running <TaskInstance: bigquery_dag.check_query_big_query_table 2022-09-11T03:00:00+00:00 [running]> on host 27377494ab8b
[2022-09-18 19:18:34,869] {taskinstance.py:1232} INFO - Exporting the following env vars:
AIRFLOW_CTX_DAG_OWNER=Dave
AIRFLOW_CTX_DAG_ID=bigquery_dag
AIRFLOW_CTX_TASK_ID=check_query_big_query_table
AIRFLOW_CTX_EXECUTION_DATE=2022-09-11T03:00:00+00:00
AIRFLOW_CTX_DAG_RUN_ID=scheduled__2022-09-11T03:00:00+00:00
[2022-09-18 19:18:34,879] {sql.py:87} INFO - Executing SQL check: 
           select id from githubarchive.day.20220914
        
[2022-09-18 19:18:34,939] {logging_mixin.py:103} WARNING - /home/airflow/.local/lib/python3.6/site-packages/airflow/providers/google/cloud/hooks/bigquery.py:120 DeprecationWarning: This method will be deprecated. Please use `BigQueryHook.get_client` method
[2022-09-18 19:18:35,909] {logging_mixin.py:103} WARNING - /home/airflow/.local/lib/python3.6/site-packages/airflow/providers/google/cloud/hooks/bigquery.py:2052 DeprecationWarning: This method is deprecated. Please use `BigQueryHook.insert_job` method.
[2022-09-18 19:18:35,916] {bigquery.py:1510} INFO - Inserting job airflow_1663528715913580_06d2bf8b43be9b79a3e89edf3b53e367
[2022-09-18 19:18:36,368] {taskinstance.py:1396} ERROR - 403 POST https://bigquery.googleapis.com/bigquery/v2/projects/quick-keel-213611/jobs?prettyPrint=false: Access Denied: Project quick-keel-213611: User does not have bigquery.jobs.create permission in project quick-keel-213611.

(job ID: airflow_1663528715913580_06d2bf8b43be9b79a3e89edf3b53e367)

             -----Query Job SQL Follows-----             

    |    .    |    .    |    .    |    .    |    .    |
   1:
   2:           select id from githubarchive.day.20220914
   3:        
    |    .    |    .    |    .    |    .    |    .    |

(job ID: airflow_1663528715913580_06d2bf8b43be9b79a3e89edf3b53e367)

             -----Query Job SQL Follows-----             

    |    .    |    .    |    .    |    .    |    .    |
   1:
   2:           select id from githubarchive.day.20220914
   3:        
    |    .    |    .    |    .    |    .    |    .    |
Traceback (most recent call last):
  File "/home/airflow/.local/lib/python3.6/site-packages/airflow/models/taskinstance.py", line 1086, in _run_raw_task
    self._prepare_and_execute_task_with_callbacks(context, task)
  File "/home/airflow/.local/lib/python3.6/site-packages/airflow/models/taskinstance.py", line 1260, in _prepare_and_execute_task_with_callbacks
    result = self._execute_task(context, task_copy)
  File "/home/airflow/.local/lib/python3.6/site-packages/airflow/models/taskinstance.py", line 1300, in _execute_task
    result = task_copy.execute(context=context)
  File "/home/airflow/.local/lib/python3.6/site-packages/airflow/operators/sql.py", line 88, in execute
    records = self.get_db_hook().get_first(self.sql)
  File "/home/airflow/.local/lib/python3.6/site-packages/airflow/hooks/dbapi.py", line 152, in get_first
    cur.execute(sql)
  File "/home/airflow/.local/lib/python3.6/site-packages/airflow/providers/google/cloud/hooks/bigquery.py", line 2639, in execute
    self.job_id = self.hook.run_query(sql)
  File "/home/airflow/.local/lib/python3.6/site-packages/airflow/providers/google/cloud/hooks/bigquery.py", line 2186, in run_query
    job = self.insert_job(configuration=configuration, project_id=self.project_id)
  File "/home/airflow/.local/lib/python3.6/site-packages/airflow/providers/google/common/hooks/base_google.py", line 425, in inner_wrapper
    return func(self, *args, **kwargs)
  File "/home/airflow/.local/lib/python3.6/site-packages/airflow/providers/google/cloud/hooks/bigquery.py", line 1512, in insert_job
    job.result()
  File "/home/airflow/.local/lib/python3.6/site-packages/google/cloud/bigquery/job/query.py", line 1159, in result
    super(QueryJob, self).result(retry=retry, timeout=timeout)
  File "/home/airflow/.local/lib/python3.6/site-packages/google/cloud/bigquery/job/base.py", line 628, in result
    self._begin(retry=retry, timeout=timeout)
  File "/home/airflow/.local/lib/python3.6/site-packages/google/cloud/bigquery/job/query.py", line 1069, in _begin
    super(QueryJob, self)._begin(client=client, retry=retry, timeout=timeout)
  File "/home/airflow/.local/lib/python3.6/site-packages/google/cloud/bigquery/job/base.py", line 438, in _begin
    timeout=timeout,
  File "/home/airflow/.local/lib/python3.6/site-packages/google/cloud/bigquery/client.py", line 640, in _call_api
    return call()
  File "/home/airflow/.local/lib/python3.6/site-packages/google/api_core/retry.py", line 286, in retry_wrapped_func
    on_error=on_error,
  File "/home/airflow/.local/lib/python3.6/site-packages/google/api_core/retry.py", line 184, in retry_target
    return target()
  File "/home/airflow/.local/lib/python3.6/site-packages/google/cloud/_http.py", line 483, in api_request
    raise exceptions.from_http_response(response)
google.api_core.exceptions.Forbidden: 403 POST https://bigquery.googleapis.com/bigquery/v2/projects/quick-keel-213611/jobs?prettyPrint=false: Access Denied: Project quick-keel-213611: User does not have bigquery.jobs.create permission in project quick-keel-213611.

(job ID: airflow_1663528715913580_06d2bf8b43be9b79a3e89edf3b53e367)

             -----Query Job SQL Follows-----             

    |    .    |    .    |    .    |    .    |    .    |
   1:
   2:           select id from githubarchive.day.20220914
   3:        
    |    .    |    .    |    .    |    .    |    .    |

(job ID: airflow_1663528715913580_06d2bf8b43be9b79a3e89edf3b53e367)

             -----Query Job SQL Follows-----             

    |    .    |    .    |    .    |    .    |    .    |
   1:
   2:           select id from githubarchive.day.20220914
   3:        
    |    .    |    .    |    .    |    .    |    .    |
[2022-09-18 19:18:36,397] {taskinstance.py:1440} INFO - Marking task as FAILED. dag_id=bigquery_dag, task_id=check_query_big_query_table, execution_date=20220911T030000, start_date=20220918T191834, end_date=20220918T191836
[2022-09-18 19:18:36,484] {local_task_job.py:118} INFO - Task exited with return code 1
[2022-09-18 19:40:47,606] {taskinstance.py:826} INFO - Dependencies all met for <TaskInstance: bigquery_dag.check_query_big_query_table 2022-09-11T03:00:00+00:00 [queued]>
[2022-09-18 19:40:47,663] {taskinstance.py:826} INFO - Dependencies all met for <TaskInstance: bigquery_dag.check_query_big_query_table 2022-09-11T03:00:00+00:00 [queued]>
[2022-09-18 19:40:47,666] {taskinstance.py:1017} INFO - 
--------------------------------------------------------------------------------
[2022-09-18 19:40:47,667] {taskinstance.py:1018} INFO - Starting attempt 3 of 3
[2022-09-18 19:40:47,669] {taskinstance.py:1019} INFO - 
--------------------------------------------------------------------------------
[2022-09-18 19:40:47,724] {taskinstance.py:1038} INFO - Executing <Task(BigQueryCheckOperator): check_query_big_query_table> on 2022-09-11T03:00:00+00:00
[2022-09-18 19:40:47,736] {standard_task_runner.py:51} INFO - Started process 3463 to run task
[2022-09-18 19:40:47,750] {standard_task_runner.py:75} INFO - Running: ['airflow', 'tasks', 'run', 'bigquery_dag', 'check_query_big_query_table', '2022-09-11T03:00:00+00:00', '--job-id', '424', '--pool', 'default_pool', '--raw', '--subdir', 'DAGS_FOLDER/dag_with_bigquery.py', '--cfg-path', '/tmp/tmp__7z3oc4']
[2022-09-18 19:40:47,760] {standard_task_runner.py:76} INFO - Job 424: Subtask check_query_big_query_table
[2022-09-18 19:40:47,910] {logging_mixin.py:103} INFO - Running <TaskInstance: bigquery_dag.check_query_big_query_table 2022-09-11T03:00:00+00:00 [running]> on host 27377494ab8b
[2022-09-18 19:40:48,070] {taskinstance.py:1232} INFO - Exporting the following env vars:
AIRFLOW_CTX_DAG_OWNER=Dave
AIRFLOW_CTX_DAG_ID=bigquery_dag
AIRFLOW_CTX_TASK_ID=check_query_big_query_table
AIRFLOW_CTX_EXECUTION_DATE=2022-09-11T03:00:00+00:00
AIRFLOW_CTX_DAG_RUN_ID=scheduled__2022-09-11T03:00:00+00:00
[2022-09-18 19:40:48,080] {sql.py:87} INFO - Executing SQL check: 
           select id from githubarchive.day.20220914
        
[2022-09-18 19:40:48,212] {logging_mixin.py:103} WARNING - /home/airflow/.local/lib/python3.6/site-packages/airflow/providers/google/cloud/hooks/bigquery.py:120 DeprecationWarning: This method will be deprecated. Please use `BigQueryHook.get_client` method
[2022-09-18 19:40:49,311] {logging_mixin.py:103} WARNING - /home/airflow/.local/lib/python3.6/site-packages/airflow/providers/google/cloud/hooks/bigquery.py:2052 DeprecationWarning: This method is deprecated. Please use `BigQueryHook.insert_job` method.
[2022-09-18 19:40:49,330] {bigquery.py:1510} INFO - Inserting job airflow_1663530049327051_06d2bf8b43be9b79a3e89edf3b53e367
[2022-09-18 19:41:12,989] {sql.py:90} INFO - Record: ['23990728531']
[2022-09-18 19:41:13,014] {sql.py:96} INFO - Success.
[2022-09-18 19:41:13,163] {taskinstance.py:1142} INFO - Marking task as SUCCESS. dag_id=bigquery_dag, task_id=check_query_big_query_table, execution_date=20220911T030000, start_date=20220918T194047, end_date=20220918T194113
[2022-09-18 19:41:13,949] {local_task_job.py:170} WARNING - State of this instance has been externally set to success. Terminating instance.
[2022-09-18 19:41:14,033] {process_utils.py:95} INFO - Sending Signals.SIGTERM to GPID 3463
[2022-09-18 19:41:14,052] {taskinstance.py:1214} ERROR - Received SIGTERM. Terminating subprocesses.
[2022-09-18 19:41:14,382] {process_utils.py:61} INFO - Process psutil.Process(pid=3463, status='terminated', exitcode=1, started='19:40:47') (3463) terminated with exit code 1
[2022-09-18 19:41:14,392] {local_task_job.py:118} INFO - Task exited with return code 1
