[2022-09-18 18:37:35,545] {taskinstance.py:826} INFO - Dependencies all met for <TaskInstance: bigquery_dag.check_query_big_query_table 2022-09-18T18:36:13.666295+00:00 [queued]>
[2022-09-18 18:37:36,323] {taskinstance.py:826} INFO - Dependencies all met for <TaskInstance: bigquery_dag.check_query_big_query_table 2022-09-18T18:36:13.666295+00:00 [queued]>
[2022-09-18 18:37:36,336] {taskinstance.py:1017} INFO - 
--------------------------------------------------------------------------------
[2022-09-18 18:37:36,340] {taskinstance.py:1018} INFO - Starting attempt 1 of 3
[2022-09-18 18:37:36,344] {taskinstance.py:1019} INFO - 
--------------------------------------------------------------------------------
[2022-09-18 18:37:36,771] {taskinstance.py:1038} INFO - Executing <Task(BigQueryCheckOperator): check_query_big_query_table> on 2022-09-18T18:36:13.666295+00:00
[2022-09-18 18:37:36,822] {standard_task_runner.py:51} INFO - Started process 435 to run task
[2022-09-18 18:37:36,945] {standard_task_runner.py:75} INFO - Running: ['airflow', 'tasks', 'run', 'bigquery_dag', 'check_query_big_query_table', '2022-09-18T18:36:13.666295+00:00', '--job-id', '308', '--pool', 'default_pool', '--raw', '--subdir', 'DAGS_FOLDER/dag_with_bigquery.py', '--cfg-path', '/tmp/tmpyp926qai']
[2022-09-18 18:37:36,988] {standard_task_runner.py:76} INFO - Job 308: Subtask check_query_big_query_table
[2022-09-18 18:37:39,647] {logging_mixin.py:103} INFO - Running <TaskInstance: bigquery_dag.check_query_big_query_table 2022-09-18T18:36:13.666295+00:00 [running]> on host 27377494ab8b
[2022-09-18 18:37:40,952] {taskinstance.py:1232} INFO - Exporting the following env vars:
AIRFLOW_CTX_DAG_OWNER=Dave
AIRFLOW_CTX_DAG_ID=bigquery_dag
AIRFLOW_CTX_TASK_ID=check_query_big_query_table
AIRFLOW_CTX_EXECUTION_DATE=2022-09-18T18:36:13.666295+00:00
AIRFLOW_CTX_DAG_RUN_ID=manual__2022-09-18T18:36:13.666295+00:00
[2022-09-18 18:37:41,080] {sql.py:87} INFO - Executing SQL check: 
           select id from githubarchive.day.20220914
        
[2022-09-18 18:37:42,355] {logging_mixin.py:103} WARNING - /home/airflow/.local/lib/python3.6/site-packages/airflow/providers/google/cloud/hooks/bigquery.py:120 DeprecationWarning: This method will be deprecated. Please use `BigQueryHook.get_client` method
[2022-09-18 18:37:48,410] {logging_mixin.py:103} WARNING - /home/airflow/.local/lib/python3.6/site-packages/airflow/providers/google/cloud/hooks/bigquery.py:2052 DeprecationWarning: This method is deprecated. Please use `BigQueryHook.insert_job` method.
[2022-09-18 18:37:48,544] {bigquery.py:1510} INFO - Inserting job airflow_1663526268486105_06d2bf8b43be9b79a3e89edf3b53e367
[2022-09-18 18:39:31,594] {sql.py:90} INFO - Record: ['23992050950']
[2022-09-18 18:39:31,620] {sql.py:96} INFO - Success.
[2022-09-18 18:39:31,825] {taskinstance.py:1142} INFO - Marking task as SUCCESS. dag_id=bigquery_dag, task_id=check_query_big_query_table, execution_date=20220918T183613, start_date=20220918T183735, end_date=20220918T183931
[2022-09-18 18:39:34,010] {taskinstance.py:1195} INFO - 2 downstream tasks scheduled from follow-on schedule check
[2022-09-18 18:39:34,546] {local_task_job.py:118} INFO - Task exited with return code 0
