[2022-09-17 03:00:04,501] {taskinstance.py:826} INFO - Dependencies all met for <TaskInstance: postgres_dag.create_employee_table 2022-09-16T03:00:00+00:00 [queued]>
[2022-09-17 03:00:04,587] {taskinstance.py:826} INFO - Dependencies all met for <TaskInstance: postgres_dag.create_employee_table 2022-09-16T03:00:00+00:00 [queued]>
[2022-09-17 03:00:04,590] {taskinstance.py:1017} INFO - 
--------------------------------------------------------------------------------
[2022-09-17 03:00:04,591] {taskinstance.py:1018} INFO - Starting attempt 1 of 3
[2022-09-17 03:00:04,593] {taskinstance.py:1019} INFO - 
--------------------------------------------------------------------------------
[2022-09-17 03:00:04,636] {taskinstance.py:1038} INFO - Executing <Task(PostgresOperator): create_employee_table> on 2022-09-16T03:00:00+00:00
[2022-09-17 03:00:04,647] {standard_task_runner.py:51} INFO - Started process 46773 to run task
[2022-09-17 03:00:04,663] {standard_task_runner.py:75} INFO - Running: ['airflow', 'tasks', 'run', 'postgres_dag', 'create_employee_table', '2022-09-16T03:00:00+00:00', '--job-id', '224', '--pool', 'default_pool', '--raw', '--subdir', 'DAGS_FOLDER/dag_with_postgres.py', '--cfg-path', '/tmp/tmp_ccjmgq_']
[2022-09-17 03:00:04,674] {standard_task_runner.py:76} INFO - Job 224: Subtask create_employee_table
[2022-09-17 03:00:04,863] {logging_mixin.py:103} INFO - Running <TaskInstance: postgres_dag.create_employee_table 2022-09-16T03:00:00+00:00 [running]> on host 27377494ab8b
[2022-09-17 03:00:04,996] {taskinstance.py:1232} INFO - Exporting the following env vars:
AIRFLOW_CTX_DAG_OWNER=Dave
AIRFLOW_CTX_DAG_ID=postgres_dag
AIRFLOW_CTX_TASK_ID=create_employee_table
AIRFLOW_CTX_EXECUTION_DATE=2022-09-16T03:00:00+00:00
AIRFLOW_CTX_DAG_RUN_ID=scheduled__2022-09-16T03:00:00+00:00
[2022-09-17 03:00:04,999] {postgres.py:69} INFO - Executing: 
            create table if not exists employee(
                emp_id varchar,
                first_name varchar,
                last_name varchar,
                designation varchar,
                primary key (emp_id)
            )
        
[2022-09-17 03:00:05,047] {base.py:74} INFO - Using connection to: id: local_postgres. Host: host.docker.internal, Port: 5432, Schema: student, Login: postgres, Password: XXXXXXXX, extra: None
[2022-09-17 03:00:05,150] {dbapi.py:180} INFO - Running statement: 
            create table if not exists employee(
                emp_id varchar,
                first_name varchar,
                last_name varchar,
                designation varchar,
                primary key (emp_id)
            )
        , parameters: None
[2022-09-17 03:00:05,174] {dbapi.py:186} INFO - Rows affected: -1
[2022-09-17 03:00:05,178] {postgres.py:73} INFO - NOTICE:  relation "employee" already exists, skipping

[2022-09-17 03:00:05,225] {taskinstance.py:1142} INFO - Marking task as SUCCESS. dag_id=postgres_dag, task_id=create_employee_table, execution_date=20220916T030000, start_date=20220917T030004, end_date=20220917T030005
[2022-09-17 03:00:05,823] {taskinstance.py:1195} INFO - 1 downstream tasks scheduled from follow-on schedule check
[2022-09-17 03:00:05,845] {local_task_job.py:118} INFO - Task exited with return code 0
