[2022-09-17 01:38:55,289] {taskinstance.py:826} INFO - Dependencies all met for <TaskInstance: bigquery_dag.query_big_query_table 2022-09-17T01:37:20.778098+00:00 [queued]>
[2022-09-17 01:38:55,381] {taskinstance.py:826} INFO - Dependencies all met for <TaskInstance: bigquery_dag.query_big_query_table 2022-09-17T01:37:20.778098+00:00 [queued]>
[2022-09-17 01:38:55,391] {taskinstance.py:1017} INFO - 
--------------------------------------------------------------------------------
[2022-09-17 01:38:55,393] {taskinstance.py:1018} INFO - Starting attempt 2 of 3
[2022-09-17 01:38:55,402] {taskinstance.py:1019} INFO - 
--------------------------------------------------------------------------------
[2022-09-17 01:38:55,574] {taskinstance.py:1038} INFO - Executing <Task(BigQueryOperator): query_big_query_table> on 2022-09-17T01:37:20.778098+00:00
[2022-09-17 01:38:55,601] {standard_task_runner.py:51} INFO - Started process 2325 to run task
[2022-09-17 01:38:55,613] {standard_task_runner.py:75} INFO - Running: ['airflow', 'tasks', 'run', 'bigquery_dag', 'query_big_query_table', '2022-09-17T01:37:20.778098+00:00', '--job-id', '170', '--pool', 'default_pool', '--raw', '--subdir', 'DAGS_FOLDER/dag_with_bigquery.py', '--cfg-path', '/tmp/tmp6mbewcj6']
[2022-09-17 01:38:55,636] {standard_task_runner.py:76} INFO - Job 170: Subtask query_big_query_table
[2022-09-17 01:38:55,762] {logging_mixin.py:103} INFO - Running <TaskInstance: bigquery_dag.query_big_query_table 2022-09-17T01:37:20.778098+00:00 [running]> on host 27377494ab8b
[2022-09-17 01:38:55,911] {taskinstance.py:1232} INFO - Exporting the following env vars:
AIRFLOW_CTX_DAG_OWNER=Dave
AIRFLOW_CTX_DAG_ID=bigquery_dag
AIRFLOW_CTX_TASK_ID=query_big_query_table
AIRFLOW_CTX_EXECUTION_DATE=2022-09-17T01:37:20.778098+00:00
AIRFLOW_CTX_DAG_RUN_ID=manual__2022-09-17T01:37:20.778098+00:00
[2022-09-17 01:38:55,924] {bigquery.py:680} INFO - Executing: 
           select id from githubarchive.day.20220914
        
[2022-09-17 01:38:56,006] {logging_mixin.py:103} WARNING - /home/airflow/.local/lib/python3.6/site-packages/airflow/providers/google/cloud/hooks/bigquery.py:2052 DeprecationWarning: This method is deprecated. Please use `BigQueryHook.insert_job` method.
[2022-09-17 01:38:56,010] {taskinstance.py:1396} ERROR - [Errno 2] No such file or directory: '/Users/david/Documents/airflow_pr/airflow-docker/airflow-data/support/keys/quick-keel-213611-3a513d19a935.json'
Traceback (most recent call last):
  File "/home/airflow/.local/lib/python3.6/site-packages/airflow/models/taskinstance.py", line 1086, in _run_raw_task
    self._prepare_and_execute_task_with_callbacks(context, task)
  File "/home/airflow/.local/lib/python3.6/site-packages/airflow/models/taskinstance.py", line 1260, in _prepare_and_execute_task_with_callbacks
    result = self._execute_task(context, task_copy)
  File "/home/airflow/.local/lib/python3.6/site-packages/airflow/models/taskinstance.py", line 1300, in _execute_task
    result = task_copy.execute(context=context)
  File "/home/airflow/.local/lib/python3.6/site-packages/airflow/providers/google/cloud/operators/bigquery.py", line 706, in execute
    encryption_configuration=self.encryption_configuration,
  File "/home/airflow/.local/lib/python3.6/site-packages/airflow/providers/google/cloud/hooks/bigquery.py", line 2054, in run_query
    if not self.project_id:
  File "/home/airflow/.local/lib/python3.6/site-packages/airflow/providers/google/common/hooks/base_google.py", line 307, in project_id
    _, project_id = self._get_credentials_and_project_id()
  File "/home/airflow/.local/lib/python3.6/site-packages/airflow/providers/google/common/hooks/base_google.py", line 237, in _get_credentials_and_project_id
    delegates=delegates,
  File "/home/airflow/.local/lib/python3.6/site-packages/airflow/providers/google/cloud/utils/credentials_provider.py", line 309, in get_credentials_and_project_id
    return _CredentialProvider(*args, **kwargs).get_credentials_and_project()
  File "/home/airflow/.local/lib/python3.6/site-packages/airflow/providers/google/cloud/utils/credentials_provider.py", line 238, in get_credentials_and_project
    credentials, project_id = self._get_credentials_using_key_path()
  File "/home/airflow/.local/lib/python3.6/site-packages/airflow/providers/google/cloud/utils/credentials_provider.py", line 286, in _get_credentials_using_key_path
    self.key_path, scopes=self.scopes
  File "/home/airflow/.local/lib/python3.6/site-packages/google/oauth2/service_account.py", line 234, in from_service_account_file
    filename, require=["client_email", "token_uri"]
  File "/home/airflow/.local/lib/python3.6/site-packages/google/auth/_service_account_info.py", line 72, in from_filename
    with io.open(filename, "r", encoding="utf-8") as json_file:
FileNotFoundError: [Errno 2] No such file or directory: '/Users/david/Documents/airflow_pr/airflow-docker/airflow-data/support/keys/quick-keel-213611-3a513d19a935.json'
[2022-09-17 01:38:56,042] {taskinstance.py:1440} INFO - Marking task as UP_FOR_RETRY. dag_id=bigquery_dag, task_id=query_big_query_table, execution_date=20220917T013720, start_date=20220917T013855, end_date=20220917T013856
[2022-09-17 01:38:56,166] {local_task_job.py:118} INFO - Task exited with return code 1
