[2022-09-17 01:49:25,760] {taskinstance.py:826} INFO - Dependencies all met for <TaskInstance: bigquery_dag.check_query_big_query_table 2022-09-17T01:49:17.644216+00:00 [queued]>
[2022-09-17 01:49:25,814] {taskinstance.py:826} INFO - Dependencies all met for <TaskInstance: bigquery_dag.check_query_big_query_table 2022-09-17T01:49:17.644216+00:00 [queued]>
[2022-09-17 01:49:25,815] {taskinstance.py:1017} INFO - 
--------------------------------------------------------------------------------
[2022-09-17 01:49:25,817] {taskinstance.py:1018} INFO - Starting attempt 1 of 3
[2022-09-17 01:49:25,818] {taskinstance.py:1019} INFO - 
--------------------------------------------------------------------------------
[2022-09-17 01:49:25,848] {taskinstance.py:1038} INFO - Executing <Task(BigQueryCheckOperator): check_query_big_query_table> on 2022-09-17T01:49:17.644216+00:00
[2022-09-17 01:49:25,857] {standard_task_runner.py:51} INFO - Started process 11506 to run task
[2022-09-17 01:49:25,869] {standard_task_runner.py:75} INFO - Running: ['airflow', 'tasks', 'run', 'bigquery_dag', 'check_query_big_query_table', '2022-09-17T01:49:17.644216+00:00', '--job-id', '206', '--pool', 'default_pool', '--raw', '--subdir', 'DAGS_FOLDER/dag_with_bigquery.py', '--cfg-path', '/tmp/tmpqelv983q']
[2022-09-17 01:49:25,876] {standard_task_runner.py:76} INFO - Job 206: Subtask check_query_big_query_table
[2022-09-17 01:49:25,971] {logging_mixin.py:103} INFO - Running <TaskInstance: bigquery_dag.check_query_big_query_table 2022-09-17T01:49:17.644216+00:00 [running]> on host 27377494ab8b
[2022-09-17 01:49:26,076] {taskinstance.py:1232} INFO - Exporting the following env vars:
AIRFLOW_CTX_DAG_OWNER=Dave
AIRFLOW_CTX_DAG_ID=bigquery_dag
AIRFLOW_CTX_TASK_ID=check_query_big_query_table
AIRFLOW_CTX_EXECUTION_DATE=2022-09-17T01:49:17.644216+00:00
AIRFLOW_CTX_DAG_RUN_ID=manual__2022-09-17T01:49:17.644216+00:00
[2022-09-17 01:49:26,082] {sql.py:87} INFO - Executing SQL check: 
           select id from githubarchive.day.20220914
        
[2022-09-17 01:49:26,120] {logging_mixin.py:103} WARNING - /home/airflow/.local/lib/python3.6/site-packages/airflow/providers/google/cloud/hooks/bigquery.py:120 DeprecationWarning: This method will be deprecated. Please use `BigQueryHook.get_client` method
[2022-09-17 01:49:26,994] {logging_mixin.py:103} WARNING - /home/airflow/.local/lib/python3.6/site-packages/airflow/providers/google/cloud/hooks/bigquery.py:2052 DeprecationWarning: This method is deprecated. Please use `BigQueryHook.insert_job` method.
[2022-09-17 01:49:27,004] {bigquery.py:1510} INFO - Inserting job airflow_1663379367001330_06d2bf8b43be9b79a3e89edf3b53e367
[2022-09-17 01:49:42,717] {sql.py:90} INFO - Record: ['23990662036']
[2022-09-17 01:49:42,723] {sql.py:96} INFO - Success.
[2022-09-17 01:49:42,751] {taskinstance.py:1142} INFO - Marking task as SUCCESS. dag_id=bigquery_dag, task_id=check_query_big_query_table, execution_date=20220917T014917, start_date=20220917T014925, end_date=20220917T014942
[2022-09-17 01:49:43,159] {taskinstance.py:1195} INFO - 1 downstream tasks scheduled from follow-on schedule check
[2022-09-17 01:49:43,278] {local_task_job.py:118} INFO - Task exited with return code 0
