[2022-09-18 03:00:35,934] {taskinstance.py:826} INFO - Dependencies all met for <TaskInstance: first_py_dag.bash_dir 2022-09-17T03:00:00+00:00 [queued]>
[2022-09-18 03:00:36,026] {taskinstance.py:826} INFO - Dependencies all met for <TaskInstance: first_py_dag.bash_dir 2022-09-17T03:00:00+00:00 [queued]>
[2022-09-18 03:00:36,036] {taskinstance.py:1017} INFO - 
--------------------------------------------------------------------------------
[2022-09-18 03:00:36,052] {taskinstance.py:1018} INFO - Starting attempt 1 of 3
[2022-09-18 03:00:36,072] {taskinstance.py:1019} INFO - 
--------------------------------------------------------------------------------
[2022-09-18 03:00:36,117] {taskinstance.py:1038} INFO - Executing <Task(BashOperator): bash_dir> on 2022-09-17T03:00:00+00:00
[2022-09-18 03:00:36,165] {standard_task_runner.py:51} INFO - Started process 26705 to run task
[2022-09-18 03:00:36,199] {standard_task_runner.py:75} INFO - Running: ['airflow', 'tasks', 'run', 'first_py_dag', 'bash_dir', '2022-09-17T03:00:00+00:00', '--job-id', '245', '--pool', 'default_pool', '--raw', '--subdir', 'DAGS_FOLDER/dag_with_python_operator.py', '--cfg-path', '/tmp/tmp5k74q2q_']
[2022-09-18 03:00:36,322] {standard_task_runner.py:76} INFO - Job 245: Subtask bash_dir
[2022-09-18 03:00:36,763] {logging_mixin.py:103} INFO - Running <TaskInstance: first_py_dag.bash_dir 2022-09-17T03:00:00+00:00 [running]> on host 27377494ab8b
[2022-09-18 03:00:37,066] {taskinstance.py:1232} INFO - Exporting the following env vars:
AIRFLOW_CTX_DAG_OWNER=Dave
AIRFLOW_CTX_DAG_ID=first_py_dag
AIRFLOW_CTX_TASK_ID=bash_dir
AIRFLOW_CTX_EXECUTION_DATE=2022-09-17T03:00:00+00:00
AIRFLOW_CTX_DAG_RUN_ID=scheduled__2022-09-17T03:00:00+00:00
[2022-09-18 03:00:37,100] {bash.py:135} INFO - Tmp dir root location: 
 /tmp
[2022-09-18 03:00:37,143] {bash.py:158} INFO - Running command: ls
[2022-09-18 03:00:37,350] {bash.py:169} INFO - Output:
[2022-09-18 03:00:41,819] {bash.py:177} INFO - Command exited with return code 0
[2022-09-18 03:00:43,261] {taskinstance.py:1142} INFO - Marking task as SUCCESS. dag_id=first_py_dag, task_id=bash_dir, execution_date=20220917T030000, start_date=20220918T030035, end_date=20220918T030043
[2022-09-18 03:00:44,496] {taskinstance.py:1195} INFO - 1 downstream tasks scheduled from follow-on schedule check
[2022-09-18 03:00:44,599] {local_task_job.py:118} INFO - Task exited with return code 0
