[2022-09-18 18:29:11,150] {taskinstance.py:826} INFO - Dependencies all met for <TaskInstance: bigquery_dag.check_query_big_query_table 2022-09-13T03:00:00+00:00 [queued]>
[2022-09-18 18:29:11,313] {taskinstance.py:826} INFO - Dependencies all met for <TaskInstance: bigquery_dag.check_query_big_query_table 2022-09-13T03:00:00+00:00 [queued]>
[2022-09-18 18:29:11,316] {taskinstance.py:1017} INFO - 
--------------------------------------------------------------------------------
[2022-09-18 18:29:11,319] {taskinstance.py:1018} INFO - Starting attempt 1 of 3
[2022-09-18 18:29:11,321] {taskinstance.py:1019} INFO - 
--------------------------------------------------------------------------------
[2022-09-18 18:29:11,503] {taskinstance.py:1038} INFO - Executing <Task(BigQueryCheckOperator): check_query_big_query_table> on 2022-09-13T03:00:00+00:00
[2022-09-18 18:29:11,526] {standard_task_runner.py:51} INFO - Started process 30881 to run task
[2022-09-18 18:29:11,580] {standard_task_runner.py:75} INFO - Running: ['airflow', 'tasks', 'run', 'bigquery_dag', 'check_query_big_query_table', '2022-09-13T03:00:00+00:00', '--job-id', '259', '--pool', 'default_pool', '--raw', '--subdir', 'DAGS_FOLDER/dag_with_bigquery.py', '--cfg-path', '/tmp/tmpwtvkoudq']
[2022-09-18 18:29:11,609] {standard_task_runner.py:76} INFO - Job 259: Subtask check_query_big_query_table
[2022-09-18 18:29:11,883] {logging_mixin.py:103} INFO - Running <TaskInstance: bigquery_dag.check_query_big_query_table 2022-09-13T03:00:00+00:00 [running]> on host 27377494ab8b
[2022-09-18 18:29:12,237] {taskinstance.py:1232} INFO - Exporting the following env vars:
AIRFLOW_CTX_DAG_OWNER=Dave
AIRFLOW_CTX_DAG_ID=bigquery_dag
AIRFLOW_CTX_TASK_ID=check_query_big_query_table
AIRFLOW_CTX_EXECUTION_DATE=2022-09-13T03:00:00+00:00
AIRFLOW_CTX_DAG_RUN_ID=scheduled__2022-09-13T03:00:00+00:00
[2022-09-18 18:29:12,262] {sql.py:87} INFO - Executing SQL check: 
           select id from githubarchive.day.20220914
        
[2022-09-18 18:29:12,355] {logging_mixin.py:103} WARNING - /home/airflow/.local/lib/python3.6/site-packages/airflow/providers/google/cloud/hooks/bigquery.py:120 DeprecationWarning: This method will be deprecated. Please use `BigQueryHook.get_client` method
[2022-09-18 18:29:12,369] {taskinstance.py:1396} ERROR - [Errno 2] No such file or directory: '/opt/airflow/dags/dags/support/quick-keel-213611-2877771d11bf.json'
Traceback (most recent call last):
  File "/home/airflow/.local/lib/python3.6/site-packages/airflow/models/taskinstance.py", line 1086, in _run_raw_task
    self._prepare_and_execute_task_with_callbacks(context, task)
  File "/home/airflow/.local/lib/python3.6/site-packages/airflow/models/taskinstance.py", line 1260, in _prepare_and_execute_task_with_callbacks
    result = self._execute_task(context, task_copy)
  File "/home/airflow/.local/lib/python3.6/site-packages/airflow/models/taskinstance.py", line 1300, in _execute_task
    result = task_copy.execute(context=context)
  File "/home/airflow/.local/lib/python3.6/site-packages/airflow/operators/sql.py", line 88, in execute
    records = self.get_db_hook().get_first(self.sql)
  File "/home/airflow/.local/lib/python3.6/site-packages/airflow/hooks/dbapi.py", line 147, in get_first
    with closing(self.get_conn()) as conn:
  File "/home/airflow/.local/lib/python3.6/site-packages/airflow/providers/google/cloud/hooks/bigquery.py", line 107, in get_conn
    service = self.get_service()
  File "/home/airflow/.local/lib/python3.6/site-packages/airflow/providers/google/cloud/hooks/bigquery.py", line 122, in get_service
    http_authorized = self._authorize()
  File "/home/airflow/.local/lib/python3.6/site-packages/airflow/providers/google/common/hooks/base_google.py", line 280, in _authorize
    credentials = self._get_credentials()
  File "/home/airflow/.local/lib/python3.6/site-packages/airflow/providers/google/common/hooks/base_google.py", line 251, in _get_credentials
    credentials, _ = self._get_credentials_and_project_id()
  File "/home/airflow/.local/lib/python3.6/site-packages/airflow/providers/google/common/hooks/base_google.py", line 237, in _get_credentials_and_project_id
    delegates=delegates,
  File "/home/airflow/.local/lib/python3.6/site-packages/airflow/providers/google/cloud/utils/credentials_provider.py", line 309, in get_credentials_and_project_id
    return _CredentialProvider(*args, **kwargs).get_credentials_and_project()
  File "/home/airflow/.local/lib/python3.6/site-packages/airflow/providers/google/cloud/utils/credentials_provider.py", line 238, in get_credentials_and_project
    credentials, project_id = self._get_credentials_using_key_path()
  File "/home/airflow/.local/lib/python3.6/site-packages/airflow/providers/google/cloud/utils/credentials_provider.py", line 286, in _get_credentials_using_key_path
    self.key_path, scopes=self.scopes
  File "/home/airflow/.local/lib/python3.6/site-packages/google/oauth2/service_account.py", line 234, in from_service_account_file
    filename, require=["client_email", "token_uri"]
  File "/home/airflow/.local/lib/python3.6/site-packages/google/auth/_service_account_info.py", line 72, in from_filename
    with io.open(filename, "r", encoding="utf-8") as json_file:
FileNotFoundError: [Errno 2] No such file or directory: '/opt/airflow/dags/dags/support/quick-keel-213611-2877771d11bf.json'
[2022-09-18 18:29:12,407] {taskinstance.py:1440} INFO - Marking task as UP_FOR_RETRY. dag_id=bigquery_dag, task_id=check_query_big_query_table, execution_date=20220913T030000, start_date=20220918T182911, end_date=20220918T182912
[2022-09-18 18:29:12,560] {local_task_job.py:118} INFO - Task exited with return code 1
[2022-09-18 18:31:53,514] {taskinstance.py:826} INFO - Dependencies all met for <TaskInstance: bigquery_dag.check_query_big_query_table 2022-09-13T03:00:00+00:00 [None]>
[2022-09-18 18:31:53,604] {taskinstance.py:826} INFO - Dependencies all met for <TaskInstance: bigquery_dag.check_query_big_query_table 2022-09-13T03:00:00+00:00 [None]>
[2022-09-18 18:31:53,605] {taskinstance.py:1017} INFO - 
--------------------------------------------------------------------------------
[2022-09-18 18:31:53,612] {taskinstance.py:1018} INFO - Starting attempt 1 of 3
[2022-09-18 18:31:53,614] {taskinstance.py:1019} INFO - 
--------------------------------------------------------------------------------
[2022-09-18 18:31:53,701] {taskinstance.py:1038} INFO - Executing <Task(BigQueryCheckOperator): check_query_big_query_table> on 2022-09-13T03:00:00+00:00
[2022-09-18 18:31:53,716] {standard_task_runner.py:51} INFO - Started process 1601 to run task
[2022-09-18 18:31:53,728] {standard_task_runner.py:75} INFO - Running: ['airflow', 'tasks', 'run', 'bigquery_dag', 'check_query_big_query_table', '2022-09-13T03:00:00+00:00', '--job-id', '278', '--pool', 'default_pool', '--raw', '--subdir', 'DAGS_FOLDER/dag_with_bigquery.py', '--cfg-path', '/tmp/tmp_ma5pg4s']
[2022-09-18 18:31:53,745] {standard_task_runner.py:76} INFO - Job 278: Subtask check_query_big_query_table
[2022-09-18 18:31:54,066] {logging_mixin.py:103} INFO - Running <TaskInstance: bigquery_dag.check_query_big_query_table 2022-09-13T03:00:00+00:00 [running]> on host 27377494ab8b
[2022-09-18 18:31:54,307] {taskinstance.py:1232} INFO - Exporting the following env vars:
AIRFLOW_CTX_DAG_OWNER=Dave
AIRFLOW_CTX_DAG_ID=bigquery_dag
AIRFLOW_CTX_TASK_ID=check_query_big_query_table
AIRFLOW_CTX_EXECUTION_DATE=2022-09-13T03:00:00+00:00
[2022-09-18 18:31:54,320] {sql.py:87} INFO - Executing SQL check: 
           select id from githubarchive.day.20220914
        
[2022-09-18 18:31:54,463] {logging_mixin.py:103} WARNING - /home/airflow/.local/lib/python3.6/site-packages/airflow/providers/google/cloud/hooks/bigquery.py:120 DeprecationWarning: This method will be deprecated. Please use `BigQueryHook.get_client` method
[2022-09-18 18:31:55,427] {logging_mixin.py:103} WARNING - /home/airflow/.local/lib/python3.6/site-packages/airflow/providers/google/cloud/hooks/bigquery.py:2052 DeprecationWarning: This method is deprecated. Please use `BigQueryHook.insert_job` method.
[2022-09-18 18:31:55,433] {bigquery.py:1510} INFO - Inserting job airflow_1663525915431681_06d2bf8b43be9b79a3e89edf3b53e367
[2022-09-18 18:32:29,428] {sql.py:90} INFO - Record: ['23992050950']
[2022-09-18 18:32:29,447] {sql.py:96} INFO - Success.
[2022-09-18 18:32:29,584] {taskinstance.py:1142} INFO - Marking task as SUCCESS. dag_id=bigquery_dag, task_id=check_query_big_query_table, execution_date=20220913T030000, start_date=20220918T183153, end_date=20220918T183229
[2022-09-18 18:32:30,270] {local_task_job.py:118} INFO - Task exited with return code 1
[2022-09-18 18:37:29,249] {taskinstance.py:826} INFO - Dependencies all met for <TaskInstance: bigquery_dag.check_query_big_query_table 2022-09-13T03:00:00+00:00 [queued]>
[2022-09-18 18:37:29,542] {taskinstance.py:826} INFO - Dependencies all met for <TaskInstance: bigquery_dag.check_query_big_query_table 2022-09-13T03:00:00+00:00 [queued]>
[2022-09-18 18:37:29,547] {taskinstance.py:1017} INFO - 
--------------------------------------------------------------------------------
[2022-09-18 18:37:29,552] {taskinstance.py:1018} INFO - Starting attempt 1 of 3
[2022-09-18 18:37:29,559] {taskinstance.py:1019} INFO - 
--------------------------------------------------------------------------------
[2022-09-18 18:37:29,729] {taskinstance.py:1038} INFO - Executing <Task(BigQueryCheckOperator): check_query_big_query_table> on 2022-09-13T03:00:00+00:00
[2022-09-18 18:37:29,774] {standard_task_runner.py:51} INFO - Started process 421 to run task
[2022-09-18 18:37:29,816] {standard_task_runner.py:75} INFO - Running: ['airflow', 'tasks', 'run', 'bigquery_dag', 'check_query_big_query_table', '2022-09-13T03:00:00+00:00', '--job-id', '301', '--pool', 'default_pool', '--raw', '--subdir', 'DAGS_FOLDER/dag_with_bigquery.py', '--cfg-path', '/tmp/tmp83jrzpiy']
[2022-09-18 18:37:29,852] {standard_task_runner.py:76} INFO - Job 301: Subtask check_query_big_query_table
[2022-09-18 18:37:31,052] {logging_mixin.py:103} INFO - Running <TaskInstance: bigquery_dag.check_query_big_query_table 2022-09-13T03:00:00+00:00 [running]> on host 27377494ab8b
[2022-09-18 18:37:31,753] {taskinstance.py:1232} INFO - Exporting the following env vars:
AIRFLOW_CTX_DAG_OWNER=Dave
AIRFLOW_CTX_DAG_ID=bigquery_dag
AIRFLOW_CTX_TASK_ID=check_query_big_query_table
AIRFLOW_CTX_EXECUTION_DATE=2022-09-13T03:00:00+00:00
AIRFLOW_CTX_DAG_RUN_ID=scheduled__2022-09-13T03:00:00+00:00
[2022-09-18 18:37:31,851] {sql.py:87} INFO - Executing SQL check: 
           select id from githubarchive.day.20220914
        
[2022-09-18 18:37:34,358] {logging_mixin.py:103} WARNING - /home/airflow/.local/lib/python3.6/site-packages/airflow/providers/google/cloud/hooks/bigquery.py:120 DeprecationWarning: This method will be deprecated. Please use `BigQueryHook.get_client` method
[2022-09-18 18:37:40,501] {logging_mixin.py:103} WARNING - /home/airflow/.local/lib/python3.6/site-packages/airflow/providers/google/cloud/hooks/bigquery.py:2052 DeprecationWarning: This method is deprecated. Please use `BigQueryHook.insert_job` method.
[2022-09-18 18:37:40,611] {bigquery.py:1510} INFO - Inserting job airflow_1663526260564691_06d2bf8b43be9b79a3e89edf3b53e367
[2022-09-18 18:38:22,310] {local_task_job.py:118} INFO - Task exited with return code Negsignal.SIGKILL
[2022-09-18 19:16:09,611] {taskinstance.py:826} INFO - Dependencies all met for <TaskInstance: bigquery_dag.check_query_big_query_table 2022-09-13T03:00:00+00:00 [queued]>
[2022-09-18 19:16:09,805] {taskinstance.py:826} INFO - Dependencies all met for <TaskInstance: bigquery_dag.check_query_big_query_table 2022-09-13T03:00:00+00:00 [queued]>
[2022-09-18 19:16:09,807] {taskinstance.py:1017} INFO - 
--------------------------------------------------------------------------------
[2022-09-18 19:16:09,817] {taskinstance.py:1018} INFO - Starting attempt 1 of 3
[2022-09-18 19:16:09,824] {taskinstance.py:1019} INFO - 
--------------------------------------------------------------------------------
[2022-09-18 19:16:10,103] {taskinstance.py:1038} INFO - Executing <Task(BigQueryCheckOperator): check_query_big_query_table> on 2022-09-13T03:00:00+00:00
[2022-09-18 19:16:10,135] {standard_task_runner.py:51} INFO - Started process 1665 to run task
[2022-09-18 19:16:10,208] {standard_task_runner.py:75} INFO - Running: ['airflow', 'tasks', 'run', 'bigquery_dag', 'check_query_big_query_table', '2022-09-13T03:00:00+00:00', '--job-id', '355', '--pool', 'default_pool', '--raw', '--subdir', 'DAGS_FOLDER/dag_with_bigquery.py', '--cfg-path', '/tmp/tmp8ce6e1zj']
[2022-09-18 19:16:10,259] {standard_task_runner.py:76} INFO - Job 355: Subtask check_query_big_query_table
[2022-09-18 19:16:10,879] {logging_mixin.py:103} INFO - Running <TaskInstance: bigquery_dag.check_query_big_query_table 2022-09-13T03:00:00+00:00 [running]> on host 27377494ab8b
[2022-09-18 19:16:11,818] {taskinstance.py:1232} INFO - Exporting the following env vars:
AIRFLOW_CTX_DAG_OWNER=Dave
AIRFLOW_CTX_DAG_ID=bigquery_dag
AIRFLOW_CTX_TASK_ID=check_query_big_query_table
AIRFLOW_CTX_EXECUTION_DATE=2022-09-13T03:00:00+00:00
AIRFLOW_CTX_DAG_RUN_ID=scheduled__2022-09-13T03:00:00+00:00
[2022-09-18 19:16:11,855] {sql.py:87} INFO - Executing SQL check: 
           select id from githubarchive.day.20220914
        
[2022-09-18 19:16:12,205] {logging_mixin.py:103} WARNING - /home/airflow/.local/lib/python3.6/site-packages/airflow/providers/google/cloud/hooks/bigquery.py:120 DeprecationWarning: This method will be deprecated. Please use `BigQueryHook.get_client` method
[2022-09-18 19:16:15,301] {logging_mixin.py:103} WARNING - /home/airflow/.local/lib/python3.6/site-packages/airflow/providers/google/cloud/hooks/bigquery.py:2052 DeprecationWarning: This method is deprecated. Please use `BigQueryHook.insert_job` method.
[2022-09-18 19:16:15,338] {bigquery.py:1510} INFO - Inserting job airflow_1663528575320847_06d2bf8b43be9b79a3e89edf3b53e367
[2022-09-18 19:16:16,357] {taskinstance.py:1396} ERROR - 403 POST https://bigquery.googleapis.com/bigquery/v2/projects/quick-keel-213611/jobs?prettyPrint=false: Access Denied: Project quick-keel-213611: User does not have bigquery.jobs.create permission in project quick-keel-213611.

(job ID: airflow_1663528575320847_06d2bf8b43be9b79a3e89edf3b53e367)

             -----Query Job SQL Follows-----             

    |    .    |    .    |    .    |    .    |    .    |
   1:
   2:           select id from githubarchive.day.20220914
   3:        
    |    .    |    .    |    .    |    .    |    .    |

(job ID: airflow_1663528575320847_06d2bf8b43be9b79a3e89edf3b53e367)

             -----Query Job SQL Follows-----             

    |    .    |    .    |    .    |    .    |    .    |
   1:
   2:           select id from githubarchive.day.20220914
   3:        
    |    .    |    .    |    .    |    .    |    .    |
Traceback (most recent call last):
  File "/home/airflow/.local/lib/python3.6/site-packages/airflow/models/taskinstance.py", line 1086, in _run_raw_task
    self._prepare_and_execute_task_with_callbacks(context, task)
  File "/home/airflow/.local/lib/python3.6/site-packages/airflow/models/taskinstance.py", line 1260, in _prepare_and_execute_task_with_callbacks
    result = self._execute_task(context, task_copy)
  File "/home/airflow/.local/lib/python3.6/site-packages/airflow/models/taskinstance.py", line 1300, in _execute_task
    result = task_copy.execute(context=context)
  File "/home/airflow/.local/lib/python3.6/site-packages/airflow/operators/sql.py", line 88, in execute
    records = self.get_db_hook().get_first(self.sql)
  File "/home/airflow/.local/lib/python3.6/site-packages/airflow/hooks/dbapi.py", line 152, in get_first
    cur.execute(sql)
  File "/home/airflow/.local/lib/python3.6/site-packages/airflow/providers/google/cloud/hooks/bigquery.py", line 2639, in execute
    self.job_id = self.hook.run_query(sql)
  File "/home/airflow/.local/lib/python3.6/site-packages/airflow/providers/google/cloud/hooks/bigquery.py", line 2186, in run_query
    job = self.insert_job(configuration=configuration, project_id=self.project_id)
  File "/home/airflow/.local/lib/python3.6/site-packages/airflow/providers/google/common/hooks/base_google.py", line 425, in inner_wrapper
    return func(self, *args, **kwargs)
  File "/home/airflow/.local/lib/python3.6/site-packages/airflow/providers/google/cloud/hooks/bigquery.py", line 1512, in insert_job
    job.result()
  File "/home/airflow/.local/lib/python3.6/site-packages/google/cloud/bigquery/job/query.py", line 1159, in result
    super(QueryJob, self).result(retry=retry, timeout=timeout)
  File "/home/airflow/.local/lib/python3.6/site-packages/google/cloud/bigquery/job/base.py", line 628, in result
    self._begin(retry=retry, timeout=timeout)
  File "/home/airflow/.local/lib/python3.6/site-packages/google/cloud/bigquery/job/query.py", line 1069, in _begin
    super(QueryJob, self)._begin(client=client, retry=retry, timeout=timeout)
  File "/home/airflow/.local/lib/python3.6/site-packages/google/cloud/bigquery/job/base.py", line 438, in _begin
    timeout=timeout,
  File "/home/airflow/.local/lib/python3.6/site-packages/google/cloud/bigquery/client.py", line 640, in _call_api
    return call()
  File "/home/airflow/.local/lib/python3.6/site-packages/google/api_core/retry.py", line 286, in retry_wrapped_func
    on_error=on_error,
  File "/home/airflow/.local/lib/python3.6/site-packages/google/api_core/retry.py", line 184, in retry_target
    return target()
  File "/home/airflow/.local/lib/python3.6/site-packages/google/cloud/_http.py", line 483, in api_request
    raise exceptions.from_http_response(response)
google.api_core.exceptions.Forbidden: 403 POST https://bigquery.googleapis.com/bigquery/v2/projects/quick-keel-213611/jobs?prettyPrint=false: Access Denied: Project quick-keel-213611: User does not have bigquery.jobs.create permission in project quick-keel-213611.

(job ID: airflow_1663528575320847_06d2bf8b43be9b79a3e89edf3b53e367)

             -----Query Job SQL Follows-----             

    |    .    |    .    |    .    |    .    |    .    |
   1:
   2:           select id from githubarchive.day.20220914
   3:        
    |    .    |    .    |    .    |    .    |    .    |

(job ID: airflow_1663528575320847_06d2bf8b43be9b79a3e89edf3b53e367)

             -----Query Job SQL Follows-----             

    |    .    |    .    |    .    |    .    |    .    |
   1:
   2:           select id from githubarchive.day.20220914
   3:        
    |    .    |    .    |    .    |    .    |    .    |
[2022-09-18 19:16:16,441] {taskinstance.py:1440} INFO - Marking task as UP_FOR_RETRY. dag_id=bigquery_dag, task_id=check_query_big_query_table, execution_date=20220913T030000, start_date=20220918T191609, end_date=20220918T191616
[2022-09-18 19:16:16,799] {local_task_job.py:118} INFO - Task exited with return code 1
[2022-09-18 19:33:16,064] {taskinstance.py:826} INFO - Dependencies all met for <TaskInstance: bigquery_dag.check_query_big_query_table 2022-09-13T03:00:00+00:00 [queued]>
[2022-09-18 19:33:16,258] {taskinstance.py:826} INFO - Dependencies all met for <TaskInstance: bigquery_dag.check_query_big_query_table 2022-09-13T03:00:00+00:00 [queued]>
[2022-09-18 19:33:16,262] {taskinstance.py:1017} INFO - 
--------------------------------------------------------------------------------
[2022-09-18 19:33:16,267] {taskinstance.py:1018} INFO - Starting attempt 1 of 3
[2022-09-18 19:33:16,269] {taskinstance.py:1019} INFO - 
--------------------------------------------------------------------------------
[2022-09-18 19:33:16,410] {taskinstance.py:1038} INFO - Executing <Task(BigQueryCheckOperator): check_query_big_query_table> on 2022-09-13T03:00:00+00:00
[2022-09-18 19:33:16,440] {standard_task_runner.py:51} INFO - Started process 22173 to run task
[2022-09-18 19:33:16,537] {standard_task_runner.py:75} INFO - Running: ['airflow', 'tasks', 'run', 'bigquery_dag', 'check_query_big_query_table', '2022-09-13T03:00:00+00:00', '--job-id', '377', '--pool', 'default_pool', '--raw', '--subdir', 'DAGS_FOLDER/dag_with_bigquery.py', '--cfg-path', '/tmp/tmpsa5w3iex']
[2022-09-18 19:33:16,556] {standard_task_runner.py:76} INFO - Job 377: Subtask check_query_big_query_table
[2022-09-18 19:33:16,960] {logging_mixin.py:103} INFO - Running <TaskInstance: bigquery_dag.check_query_big_query_table 2022-09-13T03:00:00+00:00 [running]> on host 27377494ab8b
[2022-09-18 19:33:17,510] {taskinstance.py:1232} INFO - Exporting the following env vars:
AIRFLOW_CTX_DAG_OWNER=Dave
AIRFLOW_CTX_DAG_ID=bigquery_dag
AIRFLOW_CTX_TASK_ID=check_query_big_query_table
AIRFLOW_CTX_EXECUTION_DATE=2022-09-13T03:00:00+00:00
AIRFLOW_CTX_DAG_RUN_ID=scheduled__2022-09-13T03:00:00+00:00
[2022-09-18 19:33:17,551] {sql.py:87} INFO - Executing SQL check: 
           select id from githubarchive.day.20220914
        
[2022-09-18 19:33:17,766] {logging_mixin.py:103} WARNING - /home/airflow/.local/lib/python3.6/site-packages/airflow/providers/google/cloud/hooks/bigquery.py:120 DeprecationWarning: This method will be deprecated. Please use `BigQueryHook.get_client` method
[2022-09-18 19:33:19,475] {logging_mixin.py:103} WARNING - /home/airflow/.local/lib/python3.6/site-packages/airflow/providers/google/cloud/hooks/bigquery.py:2052 DeprecationWarning: This method is deprecated. Please use `BigQueryHook.insert_job` method.
[2022-09-18 19:33:19,496] {bigquery.py:1510} INFO - Inserting job airflow_1663529599488267_06d2bf8b43be9b79a3e89edf3b53e367
[2022-09-18 19:33:24,464] {local_task_job.py:77} ERROR - Received SIGTERM. Terminating subprocesses
[2022-09-18 19:37:31,804] {taskinstance.py:826} INFO - Dependencies all met for <TaskInstance: bigquery_dag.check_query_big_query_table 2022-09-13T03:00:00+00:00 [queued]>
[2022-09-18 19:37:32,040] {taskinstance.py:826} INFO - Dependencies all met for <TaskInstance: bigquery_dag.check_query_big_query_table 2022-09-13T03:00:00+00:00 [queued]>
[2022-09-18 19:37:32,052] {taskinstance.py:1017} INFO - 
--------------------------------------------------------------------------------
[2022-09-18 19:37:32,056] {taskinstance.py:1018} INFO - Starting attempt 1 of 3
[2022-09-18 19:37:32,059] {taskinstance.py:1019} INFO - 
--------------------------------------------------------------------------------
[2022-09-18 19:37:32,254] {taskinstance.py:1038} INFO - Executing <Task(BigQueryCheckOperator): check_query_big_query_table> on 2022-09-13T03:00:00+00:00
[2022-09-18 19:37:32,324] {standard_task_runner.py:51} INFO - Started process 1792 to run task
[2022-09-18 19:37:32,360] {standard_task_runner.py:75} INFO - Running: ['airflow', 'tasks', 'run', 'bigquery_dag', 'check_query_big_query_table', '2022-09-13T03:00:00+00:00', '--job-id', '401', '--pool', 'default_pool', '--raw', '--subdir', 'DAGS_FOLDER/dag_with_bigquery.py', '--cfg-path', '/tmp/tmp_n5xtioc']
[2022-09-18 19:37:32,399] {standard_task_runner.py:76} INFO - Job 401: Subtask check_query_big_query_table
[2022-09-18 19:37:32,983] {logging_mixin.py:103} INFO - Running <TaskInstance: bigquery_dag.check_query_big_query_table 2022-09-13T03:00:00+00:00 [running]> on host 27377494ab8b
[2022-09-18 19:37:33,496] {taskinstance.py:1232} INFO - Exporting the following env vars:
AIRFLOW_CTX_DAG_OWNER=Dave
AIRFLOW_CTX_DAG_ID=bigquery_dag
AIRFLOW_CTX_TASK_ID=check_query_big_query_table
AIRFLOW_CTX_EXECUTION_DATE=2022-09-13T03:00:00+00:00
AIRFLOW_CTX_DAG_RUN_ID=scheduled__2022-09-13T03:00:00+00:00
[2022-09-18 19:37:33,526] {sql.py:87} INFO - Executing SQL check: 
           select id from githubarchive.day.20220914
        
[2022-09-18 19:37:33,785] {logging_mixin.py:103} WARNING - /home/airflow/.local/lib/python3.6/site-packages/airflow/providers/google/cloud/hooks/bigquery.py:120 DeprecationWarning: This method will be deprecated. Please use `BigQueryHook.get_client` method
[2022-09-18 19:37:35,876] {logging_mixin.py:103} WARNING - /home/airflow/.local/lib/python3.6/site-packages/airflow/providers/google/cloud/hooks/bigquery.py:2052 DeprecationWarning: This method is deprecated. Please use `BigQueryHook.insert_job` method.
[2022-09-18 19:37:35,946] {bigquery.py:1510} INFO - Inserting job airflow_1663529855910019_06d2bf8b43be9b79a3e89edf3b53e367
[2022-09-18 19:37:58,488] {local_task_job.py:118} INFO - Task exited with return code Negsignal.SIGKILL
