[2022-09-18 18:42:19,317] {taskinstance.py:826} INFO - Dependencies all met for <TaskInstance: bigquery_dag.check_query_big_query_table 2022-09-13T03:00:00+00:00 [queued]>
[2022-09-18 18:42:19,354] {taskinstance.py:826} INFO - Dependencies all met for <TaskInstance: bigquery_dag.check_query_big_query_table 2022-09-13T03:00:00+00:00 [queued]>
[2022-09-18 18:42:19,365] {taskinstance.py:1017} INFO - 
--------------------------------------------------------------------------------
[2022-09-18 18:42:19,366] {taskinstance.py:1018} INFO - Starting attempt 3 of 3
[2022-09-18 18:42:19,368] {taskinstance.py:1019} INFO - 
--------------------------------------------------------------------------------
[2022-09-18 18:42:19,448] {taskinstance.py:1038} INFO - Executing <Task(BigQueryCheckOperator): check_query_big_query_table> on 2022-09-13T03:00:00+00:00
[2022-09-18 18:42:19,460] {standard_task_runner.py:51} INFO - Started process 2195 to run task
[2022-09-18 18:42:19,509] {standard_task_runner.py:75} INFO - Running: ['airflow', 'tasks', 'run', 'bigquery_dag', 'check_query_big_query_table', '2022-09-13T03:00:00+00:00', '--job-id', '326', '--pool', 'default_pool', '--raw', '--subdir', 'DAGS_FOLDER/dag_with_bigquery.py', '--cfg-path', '/tmp/tmpu9h61za3']
[2022-09-18 18:42:19,529] {standard_task_runner.py:76} INFO - Job 326: Subtask check_query_big_query_table
[2022-09-18 18:42:19,722] {logging_mixin.py:103} INFO - Running <TaskInstance: bigquery_dag.check_query_big_query_table 2022-09-13T03:00:00+00:00 [running]> on host 27377494ab8b
[2022-09-18 18:42:19,880] {taskinstance.py:1232} INFO - Exporting the following env vars:
AIRFLOW_CTX_DAG_OWNER=Dave
AIRFLOW_CTX_DAG_ID=bigquery_dag
AIRFLOW_CTX_TASK_ID=check_query_big_query_table
AIRFLOW_CTX_EXECUTION_DATE=2022-09-13T03:00:00+00:00
AIRFLOW_CTX_DAG_RUN_ID=scheduled__2022-09-13T03:00:00+00:00
[2022-09-18 18:42:19,890] {sql.py:87} INFO - Executing SQL check: 
           select id from githubarchive.day.20220914
        
[2022-09-18 18:42:19,998] {logging_mixin.py:103} WARNING - /home/airflow/.local/lib/python3.6/site-packages/airflow/providers/google/cloud/hooks/bigquery.py:120 DeprecationWarning: This method will be deprecated. Please use `BigQueryHook.get_client` method
[2022-09-18 18:42:21,003] {logging_mixin.py:103} WARNING - /home/airflow/.local/lib/python3.6/site-packages/airflow/providers/google/cloud/hooks/bigquery.py:2052 DeprecationWarning: This method is deprecated. Please use `BigQueryHook.insert_job` method.
[2022-09-18 18:42:21,012] {bigquery.py:1510} INFO - Inserting job airflow_1663526541008470_06d2bf8b43be9b79a3e89edf3b53e367
[2022-09-18 18:42:40,636] {sql.py:90} INFO - Record: ['23992050950']
[2022-09-18 18:42:40,646] {sql.py:96} INFO - Success.
[2022-09-18 18:42:40,741] {taskinstance.py:1142} INFO - Marking task as SUCCESS. dag_id=bigquery_dag, task_id=check_query_big_query_table, execution_date=20220913T030000, start_date=20220918T184219, end_date=20220918T184240
[2022-09-18 18:42:41,354] {taskinstance.py:1195} INFO - 2 downstream tasks scheduled from follow-on schedule check
[2022-09-18 18:42:41,506] {local_task_job.py:118} INFO - Task exited with return code 0
[2022-09-18 19:18:48,294] {taskinstance.py:826} INFO - Dependencies all met for <TaskInstance: bigquery_dag.check_query_big_query_table 2022-09-13T03:00:00+00:00 [queued]>
[2022-09-18 19:18:48,400] {taskinstance.py:826} INFO - Dependencies all met for <TaskInstance: bigquery_dag.check_query_big_query_table 2022-09-13T03:00:00+00:00 [queued]>
[2022-09-18 19:18:48,401] {taskinstance.py:1017} INFO - 
--------------------------------------------------------------------------------
[2022-09-18 19:18:48,402] {taskinstance.py:1018} INFO - Starting attempt 3 of 3
[2022-09-18 19:18:48,404] {taskinstance.py:1019} INFO - 
--------------------------------------------------------------------------------
[2022-09-18 19:18:48,467] {taskinstance.py:1038} INFO - Executing <Task(BigQueryCheckOperator): check_query_big_query_table> on 2022-09-13T03:00:00+00:00
[2022-09-18 19:18:48,497] {standard_task_runner.py:51} INFO - Started process 4177 to run task
[2022-09-18 19:18:48,536] {standard_task_runner.py:75} INFO - Running: ['airflow', 'tasks', 'run', 'bigquery_dag', 'check_query_big_query_table', '2022-09-13T03:00:00+00:00', '--job-id', '372', '--pool', 'default_pool', '--raw', '--subdir', 'DAGS_FOLDER/dag_with_bigquery.py', '--cfg-path', '/tmp/tmp54xi7udo']
[2022-09-18 19:18:48,569] {standard_task_runner.py:76} INFO - Job 372: Subtask check_query_big_query_table
[2022-09-18 19:18:48,802] {logging_mixin.py:103} INFO - Running <TaskInstance: bigquery_dag.check_query_big_query_table 2022-09-13T03:00:00+00:00 [running]> on host 27377494ab8b
[2022-09-18 19:18:49,122] {taskinstance.py:1232} INFO - Exporting the following env vars:
AIRFLOW_CTX_DAG_OWNER=Dave
AIRFLOW_CTX_DAG_ID=bigquery_dag
AIRFLOW_CTX_TASK_ID=check_query_big_query_table
AIRFLOW_CTX_EXECUTION_DATE=2022-09-13T03:00:00+00:00
AIRFLOW_CTX_DAG_RUN_ID=scheduled__2022-09-13T03:00:00+00:00
[2022-09-18 19:18:49,130] {sql.py:87} INFO - Executing SQL check: 
           select id from githubarchive.day.20220914
        
[2022-09-18 19:18:49,216] {logging_mixin.py:103} WARNING - /home/airflow/.local/lib/python3.6/site-packages/airflow/providers/google/cloud/hooks/bigquery.py:120 DeprecationWarning: This method will be deprecated. Please use `BigQueryHook.get_client` method
[2022-09-18 19:18:51,136] {logging_mixin.py:103} WARNING - /home/airflow/.local/lib/python3.6/site-packages/airflow/providers/google/cloud/hooks/bigquery.py:2052 DeprecationWarning: This method is deprecated. Please use `BigQueryHook.insert_job` method.
[2022-09-18 19:18:51,210] {bigquery.py:1510} INFO - Inserting job airflow_1663528731172201_06d2bf8b43be9b79a3e89edf3b53e367
[2022-09-18 19:18:52,316] {taskinstance.py:1396} ERROR - 403 POST https://bigquery.googleapis.com/bigquery/v2/projects/quick-keel-213611/jobs?prettyPrint=false: Access Denied: Project quick-keel-213611: User does not have bigquery.jobs.create permission in project quick-keel-213611.

(job ID: airflow_1663528731172201_06d2bf8b43be9b79a3e89edf3b53e367)

             -----Query Job SQL Follows-----             

    |    .    |    .    |    .    |    .    |    .    |
   1:
   2:           select id from githubarchive.day.20220914
   3:        
    |    .    |    .    |    .    |    .    |    .    |

(job ID: airflow_1663528731172201_06d2bf8b43be9b79a3e89edf3b53e367)

             -----Query Job SQL Follows-----             

    |    .    |    .    |    .    |    .    |    .    |
   1:
   2:           select id from githubarchive.day.20220914
   3:        
    |    .    |    .    |    .    |    .    |    .    |
Traceback (most recent call last):
  File "/home/airflow/.local/lib/python3.6/site-packages/airflow/models/taskinstance.py", line 1086, in _run_raw_task
    self._prepare_and_execute_task_with_callbacks(context, task)
  File "/home/airflow/.local/lib/python3.6/site-packages/airflow/models/taskinstance.py", line 1260, in _prepare_and_execute_task_with_callbacks
    result = self._execute_task(context, task_copy)
  File "/home/airflow/.local/lib/python3.6/site-packages/airflow/models/taskinstance.py", line 1300, in _execute_task
    result = task_copy.execute(context=context)
  File "/home/airflow/.local/lib/python3.6/site-packages/airflow/operators/sql.py", line 88, in execute
    records = self.get_db_hook().get_first(self.sql)
  File "/home/airflow/.local/lib/python3.6/site-packages/airflow/hooks/dbapi.py", line 152, in get_first
    cur.execute(sql)
  File "/home/airflow/.local/lib/python3.6/site-packages/airflow/providers/google/cloud/hooks/bigquery.py", line 2639, in execute
    self.job_id = self.hook.run_query(sql)
  File "/home/airflow/.local/lib/python3.6/site-packages/airflow/providers/google/cloud/hooks/bigquery.py", line 2186, in run_query
    job = self.insert_job(configuration=configuration, project_id=self.project_id)
  File "/home/airflow/.local/lib/python3.6/site-packages/airflow/providers/google/common/hooks/base_google.py", line 425, in inner_wrapper
    return func(self, *args, **kwargs)
  File "/home/airflow/.local/lib/python3.6/site-packages/airflow/providers/google/cloud/hooks/bigquery.py", line 1512, in insert_job
    job.result()
  File "/home/airflow/.local/lib/python3.6/site-packages/google/cloud/bigquery/job/query.py", line 1159, in result
    super(QueryJob, self).result(retry=retry, timeout=timeout)
  File "/home/airflow/.local/lib/python3.6/site-packages/google/cloud/bigquery/job/base.py", line 628, in result
    self._begin(retry=retry, timeout=timeout)
  File "/home/airflow/.local/lib/python3.6/site-packages/google/cloud/bigquery/job/query.py", line 1069, in _begin
    super(QueryJob, self)._begin(client=client, retry=retry, timeout=timeout)
  File "/home/airflow/.local/lib/python3.6/site-packages/google/cloud/bigquery/job/base.py", line 438, in _begin
    timeout=timeout,
  File "/home/airflow/.local/lib/python3.6/site-packages/google/cloud/bigquery/client.py", line 640, in _call_api
    return call()
  File "/home/airflow/.local/lib/python3.6/site-packages/google/api_core/retry.py", line 286, in retry_wrapped_func
    on_error=on_error,
  File "/home/airflow/.local/lib/python3.6/site-packages/google/api_core/retry.py", line 184, in retry_target
    return target()
  File "/home/airflow/.local/lib/python3.6/site-packages/google/cloud/_http.py", line 483, in api_request
    raise exceptions.from_http_response(response)
google.api_core.exceptions.Forbidden: 403 POST https://bigquery.googleapis.com/bigquery/v2/projects/quick-keel-213611/jobs?prettyPrint=false: Access Denied: Project quick-keel-213611: User does not have bigquery.jobs.create permission in project quick-keel-213611.

(job ID: airflow_1663528731172201_06d2bf8b43be9b79a3e89edf3b53e367)

             -----Query Job SQL Follows-----             

    |    .    |    .    |    .    |    .    |    .    |
   1:
   2:           select id from githubarchive.day.20220914
   3:        
    |    .    |    .    |    .    |    .    |    .    |

(job ID: airflow_1663528731172201_06d2bf8b43be9b79a3e89edf3b53e367)

             -----Query Job SQL Follows-----             

    |    .    |    .    |    .    |    .    |    .    |
   1:
   2:           select id from githubarchive.day.20220914
   3:        
    |    .    |    .    |    .    |    .    |    .    |
[2022-09-18 19:18:52,387] {taskinstance.py:1440} INFO - Marking task as FAILED. dag_id=bigquery_dag, task_id=check_query_big_query_table, execution_date=20220913T030000, start_date=20220918T191848, end_date=20220918T191852
[2022-09-18 19:18:52,617] {local_task_job.py:118} INFO - Task exited with return code 1
[2022-09-18 19:41:44,859] {taskinstance.py:826} INFO - Dependencies all met for <TaskInstance: bigquery_dag.check_query_big_query_table 2022-09-13T03:00:00+00:00 [queued]>
[2022-09-18 19:41:45,050] {taskinstance.py:826} INFO - Dependencies all met for <TaskInstance: bigquery_dag.check_query_big_query_table 2022-09-13T03:00:00+00:00 [queued]>
[2022-09-18 19:41:45,057] {taskinstance.py:1017} INFO - 
--------------------------------------------------------------------------------
[2022-09-18 19:41:45,060] {taskinstance.py:1018} INFO - Starting attempt 3 of 3
[2022-09-18 19:41:45,067] {taskinstance.py:1019} INFO - 
--------------------------------------------------------------------------------
[2022-09-18 19:41:45,169] {taskinstance.py:1038} INFO - Executing <Task(BigQueryCheckOperator): check_query_big_query_table> on 2022-09-13T03:00:00+00:00
[2022-09-18 19:41:45,256] {standard_task_runner.py:51} INFO - Started process 3882 to run task
[2022-09-18 19:41:45,300] {standard_task_runner.py:75} INFO - Running: ['airflow', 'tasks', 'run', 'bigquery_dag', 'check_query_big_query_table', '2022-09-13T03:00:00+00:00', '--job-id', '432', '--pool', 'default_pool', '--raw', '--subdir', 'DAGS_FOLDER/dag_with_bigquery.py', '--cfg-path', '/tmp/tmpoh1wr97o']
[2022-09-18 19:41:45,344] {standard_task_runner.py:76} INFO - Job 432: Subtask check_query_big_query_table
[2022-09-18 19:41:45,803] {logging_mixin.py:103} INFO - Running <TaskInstance: bigquery_dag.check_query_big_query_table 2022-09-13T03:00:00+00:00 [running]> on host 27377494ab8b
[2022-09-18 19:41:46,185] {taskinstance.py:1232} INFO - Exporting the following env vars:
AIRFLOW_CTX_DAG_OWNER=Dave
AIRFLOW_CTX_DAG_ID=bigquery_dag
AIRFLOW_CTX_TASK_ID=check_query_big_query_table
AIRFLOW_CTX_EXECUTION_DATE=2022-09-13T03:00:00+00:00
AIRFLOW_CTX_DAG_RUN_ID=scheduled__2022-09-13T03:00:00+00:00
[2022-09-18 19:41:46,217] {sql.py:87} INFO - Executing SQL check: 
           select id from githubarchive.day.20220914
        
[2022-09-18 19:41:46,360] {logging_mixin.py:103} WARNING - /home/airflow/.local/lib/python3.6/site-packages/airflow/providers/google/cloud/hooks/bigquery.py:120 DeprecationWarning: This method will be deprecated. Please use `BigQueryHook.get_client` method
[2022-09-18 19:41:47,892] {logging_mixin.py:103} WARNING - /home/airflow/.local/lib/python3.6/site-packages/airflow/providers/google/cloud/hooks/bigquery.py:2052 DeprecationWarning: This method is deprecated. Please use `BigQueryHook.insert_job` method.
[2022-09-18 19:41:47,935] {bigquery.py:1510} INFO - Inserting job airflow_1663530107900618_06d2bf8b43be9b79a3e89edf3b53e367
[2022-09-18 19:42:08,966] {sql.py:90} INFO - Record: ['23990728531']
[2022-09-18 19:42:08,982] {sql.py:96} INFO - Success.
[2022-09-18 19:42:09,078] {taskinstance.py:1142} INFO - Marking task as SUCCESS. dag_id=bigquery_dag, task_id=check_query_big_query_table, execution_date=20220913T030000, start_date=20220918T194144, end_date=20220918T194209
[2022-09-18 19:42:09,522] {taskinstance.py:1195} INFO - 2 downstream tasks scheduled from follow-on schedule check
[2022-09-18 19:42:09,704] {local_task_job.py:118} INFO - Task exited with return code 0
[2022-09-18 20:16:24,105] {taskinstance.py:826} INFO - Dependencies all met for <TaskInstance: bigquery_dag.check_query_big_query_table 2022-09-13T03:00:00+00:00 [queued]>
[2022-09-18 20:16:24,273] {taskinstance.py:826} INFO - Dependencies all met for <TaskInstance: bigquery_dag.check_query_big_query_table 2022-09-13T03:00:00+00:00 [queued]>
[2022-09-18 20:16:24,279] {taskinstance.py:1017} INFO - 
--------------------------------------------------------------------------------
[2022-09-18 20:16:24,282] {taskinstance.py:1018} INFO - Starting attempt 3 of 3
[2022-09-18 20:16:24,284] {taskinstance.py:1019} INFO - 
--------------------------------------------------------------------------------
[2022-09-18 20:16:24,341] {taskinstance.py:1038} INFO - Executing <Task(BigQueryCheckOperator): check_query_big_query_table> on 2022-09-13T03:00:00+00:00
[2022-09-18 20:16:24,366] {standard_task_runner.py:51} INFO - Started process 1536 to run task
[2022-09-18 20:16:24,405] {standard_task_runner.py:75} INFO - Running: ['airflow', 'tasks', 'run', 'bigquery_dag', 'check_query_big_query_table', '2022-09-13T03:00:00+00:00', '--job-id', '475', '--pool', 'default_pool', '--raw', '--subdir', 'DAGS_FOLDER/dag_with_bigquery.py', '--cfg-path', '/tmp/tmpwq5swxa9']
[2022-09-18 20:16:24,424] {standard_task_runner.py:76} INFO - Job 475: Subtask check_query_big_query_table
[2022-09-18 20:16:24,836] {logging_mixin.py:103} INFO - Running <TaskInstance: bigquery_dag.check_query_big_query_table 2022-09-13T03:00:00+00:00 [running]> on host 27377494ab8b
[2022-09-18 20:16:25,339] {taskinstance.py:1232} INFO - Exporting the following env vars:
AIRFLOW_CTX_DAG_OWNER=Dave
AIRFLOW_CTX_DAG_ID=bigquery_dag
AIRFLOW_CTX_TASK_ID=check_query_big_query_table
AIRFLOW_CTX_EXECUTION_DATE=2022-09-13T03:00:00+00:00
AIRFLOW_CTX_DAG_RUN_ID=scheduled__2022-09-13T03:00:00+00:00
[2022-09-18 20:16:25,367] {sql.py:87} INFO - Executing SQL check: 
           select id from githubarchive.day.20220914
        
[2022-09-18 20:16:25,455] {logging_mixin.py:103} WARNING - /home/airflow/.local/lib/python3.6/site-packages/airflow/providers/google/cloud/hooks/bigquery.py:120 DeprecationWarning: This method will be deprecated. Please use `BigQueryHook.get_client` method
[2022-09-18 20:16:26,210] {logging_mixin.py:103} WARNING - /home/airflow/.local/lib/python3.6/site-packages/airflow/providers/google/cloud/hooks/bigquery.py:2052 DeprecationWarning: This method is deprecated. Please use `BigQueryHook.insert_job` method.
[2022-09-18 20:16:26,217] {bigquery.py:1510} INFO - Inserting job airflow_1663532186214083_06d2bf8b43be9b79a3e89edf3b53e367
[2022-09-18 20:17:13,124] {local_task_job.py:118} INFO - Task exited with return code Negsignal.SIGKILL
