[2022-09-18 18:45:48,049] {taskinstance.py:826} INFO - Dependencies all met for <TaskInstance: bigquery_dag.write_query_big_query_table 2022-09-11T03:00:00+00:00 [queued]>
[2022-09-18 18:45:48,101] {taskinstance.py:826} INFO - Dependencies all met for <TaskInstance: bigquery_dag.write_query_big_query_table 2022-09-11T03:00:00+00:00 [queued]>
[2022-09-18 18:45:48,104] {taskinstance.py:1017} INFO - 
--------------------------------------------------------------------------------
[2022-09-18 18:45:48,107] {taskinstance.py:1018} INFO - Starting attempt 3 of 3
[2022-09-18 18:45:48,112] {taskinstance.py:1019} INFO - 
--------------------------------------------------------------------------------
[2022-09-18 18:45:48,172] {taskinstance.py:1038} INFO - Executing <Task(BigQueryOperator): write_query_big_query_table> on 2022-09-11T03:00:00+00:00
[2022-09-18 18:45:48,185] {standard_task_runner.py:51} INFO - Started process 5796 to run task
[2022-09-18 18:45:48,218] {standard_task_runner.py:75} INFO - Running: ['airflow', 'tasks', 'run', 'bigquery_dag', 'write_query_big_query_table', '2022-09-11T03:00:00+00:00', '--job-id', '343', '--pool', 'default_pool', '--raw', '--subdir', 'DAGS_FOLDER/dag_with_bigquery.py', '--cfg-path', '/tmp/tmp8w4zbgb7']
[2022-09-18 18:45:48,228] {standard_task_runner.py:76} INFO - Job 343: Subtask write_query_big_query_table
[2022-09-18 18:45:48,413] {logging_mixin.py:103} INFO - Running <TaskInstance: bigquery_dag.write_query_big_query_table 2022-09-11T03:00:00+00:00 [running]> on host 27377494ab8b
[2022-09-18 18:45:48,549] {taskinstance.py:1232} INFO - Exporting the following env vars:
AIRFLOW_CTX_DAG_OWNER=Dave
AIRFLOW_CTX_DAG_ID=bigquery_dag
AIRFLOW_CTX_TASK_ID=write_query_big_query_table
AIRFLOW_CTX_EXECUTION_DATE=2022-09-11T03:00:00+00:00
AIRFLOW_CTX_DAG_RUN_ID=scheduled__2022-09-11T03:00:00+00:00
[2022-09-18 18:45:48,558] {bigquery.py:680} INFO - Executing: 
        select * from githubarchive.day.20220914 where actor.id=66800817
            
[2022-09-18 18:45:48,615] {logging_mixin.py:103} WARNING - /home/airflow/.local/lib/python3.6/site-packages/airflow/providers/google/cloud/hooks/bigquery.py:2052 DeprecationWarning: This method is deprecated. Please use `BigQueryHook.insert_job` method.
[2022-09-18 18:45:48,689] {bigquery.py:1510} INFO - Inserting job airflow_1663526748686208_4e8e27051e4b7eda1ea1c14d0ba14e9a
[2022-09-18 18:45:49,717] {taskinstance.py:1396} ERROR - 403 Access Denied: Table githubarchive:day.20220914: User does not have permission to query table githubarchive:day.20220914, or perhaps it does not exist in location northamerica-northeast1.

(job ID: airflow_1663526748686208_4e8e27051e4b7eda1ea1c14d0ba14e9a)

                       -----Query Job SQL Follows-----                       

    |    .    |    .    |    .    |    .    |    .    |    .    |    .    |
   1:
   2:        select * from githubarchive.day.20220914 where actor.id=66800817
   3:            
    |    .    |    .    |    .    |    .    |    .    |    .    |    .    |
Traceback (most recent call last):
  File "/home/airflow/.local/lib/python3.6/site-packages/airflow/models/taskinstance.py", line 1086, in _run_raw_task
    self._prepare_and_execute_task_with_callbacks(context, task)
  File "/home/airflow/.local/lib/python3.6/site-packages/airflow/models/taskinstance.py", line 1260, in _prepare_and_execute_task_with_callbacks
    result = self._execute_task(context, task_copy)
  File "/home/airflow/.local/lib/python3.6/site-packages/airflow/models/taskinstance.py", line 1300, in _execute_task
    result = task_copy.execute(context=context)
  File "/home/airflow/.local/lib/python3.6/site-packages/airflow/providers/google/cloud/operators/bigquery.py", line 706, in execute
    encryption_configuration=self.encryption_configuration,
  File "/home/airflow/.local/lib/python3.6/site-packages/airflow/providers/google/cloud/hooks/bigquery.py", line 2186, in run_query
    job = self.insert_job(configuration=configuration, project_id=self.project_id)
  File "/home/airflow/.local/lib/python3.6/site-packages/airflow/providers/google/common/hooks/base_google.py", line 425, in inner_wrapper
    return func(self, *args, **kwargs)
  File "/home/airflow/.local/lib/python3.6/site-packages/airflow/providers/google/cloud/hooks/bigquery.py", line 1512, in insert_job
    job.result()
  File "/home/airflow/.local/lib/python3.6/site-packages/google/cloud/bigquery/job/query.py", line 1159, in result
    super(QueryJob, self).result(retry=retry, timeout=timeout)
  File "/home/airflow/.local/lib/python3.6/site-packages/google/cloud/bigquery/job/base.py", line 631, in result
    return super(_AsyncJob, self).result(timeout=timeout, **kwargs)
  File "/home/airflow/.local/lib/python3.6/site-packages/google/api_core/future/polling.py", line 134, in result
    raise self._exception
google.api_core.exceptions.Forbidden: 403 Access Denied: Table githubarchive:day.20220914: User does not have permission to query table githubarchive:day.20220914, or perhaps it does not exist in location northamerica-northeast1.

(job ID: airflow_1663526748686208_4e8e27051e4b7eda1ea1c14d0ba14e9a)

                       -----Query Job SQL Follows-----                       

    |    .    |    .    |    .    |    .    |    .    |    .    |    .    |
   1:
   2:        select * from githubarchive.day.20220914 where actor.id=66800817
   3:            
    |    .    |    .    |    .    |    .    |    .    |    .    |    .    |
[2022-09-18 18:45:49,746] {taskinstance.py:1440} INFO - Marking task as FAILED. dag_id=bigquery_dag, task_id=write_query_big_query_table, execution_date=20220911T030000, start_date=20220918T184548, end_date=20220918T184549
[2022-09-18 18:45:49,842] {local_task_job.py:118} INFO - Task exited with return code 1
[2022-09-18 19:43:58,950] {taskinstance.py:826} INFO - Dependencies all met for <TaskInstance: bigquery_dag.write_query_big_query_table 2022-09-11T03:00:00+00:00 [queued]>
[2022-09-18 19:43:58,987] {taskinstance.py:826} INFO - Dependencies all met for <TaskInstance: bigquery_dag.write_query_big_query_table 2022-09-11T03:00:00+00:00 [queued]>
[2022-09-18 19:43:58,989] {taskinstance.py:1017} INFO - 
--------------------------------------------------------------------------------
[2022-09-18 19:43:58,990] {taskinstance.py:1018} INFO - Starting attempt 3 of 3
[2022-09-18 19:43:58,991] {taskinstance.py:1019} INFO - 
--------------------------------------------------------------------------------
[2022-09-18 19:43:59,025] {taskinstance.py:1038} INFO - Executing <Task(BigQueryOperator): write_query_big_query_table> on 2022-09-11T03:00:00+00:00
[2022-09-18 19:43:59,034] {standard_task_runner.py:51} INFO - Started process 6102 to run task
[2022-09-18 19:43:59,058] {standard_task_runner.py:75} INFO - Running: ['airflow', 'tasks', 'run', 'bigquery_dag', 'write_query_big_query_table', '2022-09-11T03:00:00+00:00', '--job-id', '447', '--pool', 'default_pool', '--raw', '--subdir', 'DAGS_FOLDER/dag_with_bigquery.py', '--cfg-path', '/tmp/tmpcghu8gd6']
[2022-09-18 19:43:59,067] {standard_task_runner.py:76} INFO - Job 447: Subtask write_query_big_query_table
[2022-09-18 19:43:59,185] {logging_mixin.py:103} INFO - Running <TaskInstance: bigquery_dag.write_query_big_query_table 2022-09-11T03:00:00+00:00 [running]> on host 27377494ab8b
[2022-09-18 19:43:59,324] {taskinstance.py:1232} INFO - Exporting the following env vars:
AIRFLOW_CTX_DAG_OWNER=Dave
AIRFLOW_CTX_DAG_ID=bigquery_dag
AIRFLOW_CTX_TASK_ID=write_query_big_query_table
AIRFLOW_CTX_EXECUTION_DATE=2022-09-11T03:00:00+00:00
AIRFLOW_CTX_DAG_RUN_ID=scheduled__2022-09-11T03:00:00+00:00
[2022-09-18 19:43:59,333] {bigquery.py:680} INFO - Executing: 
        select * from githubarchive.day.20220914 where actor.id=66800817
            
[2022-09-18 19:43:59,387] {logging_mixin.py:103} WARNING - /home/airflow/.local/lib/python3.6/site-packages/airflow/providers/google/cloud/hooks/bigquery.py:2052 DeprecationWarning: This method is deprecated. Please use `BigQueryHook.insert_job` method.
[2022-09-18 19:43:59,454] {bigquery.py:1510} INFO - Inserting job airflow_1663530239453195_4e8e27051e4b7eda1ea1c14d0ba14e9a
[2022-09-18 19:44:00,545] {taskinstance.py:1396} ERROR - 403 Access Denied: Table githubarchive:day.20220914: User does not have permission to query table githubarchive:day.20220914, or perhaps it does not exist in location northamerica-northeast1.

(job ID: airflow_1663530239453195_4e8e27051e4b7eda1ea1c14d0ba14e9a)

                       -----Query Job SQL Follows-----                       

    |    .    |    .    |    .    |    .    |    .    |    .    |    .    |
   1:
   2:        select * from githubarchive.day.20220914 where actor.id=66800817
   3:            
    |    .    |    .    |    .    |    .    |    .    |    .    |    .    |
Traceback (most recent call last):
  File "/home/airflow/.local/lib/python3.6/site-packages/airflow/models/taskinstance.py", line 1086, in _run_raw_task
    self._prepare_and_execute_task_with_callbacks(context, task)
  File "/home/airflow/.local/lib/python3.6/site-packages/airflow/models/taskinstance.py", line 1260, in _prepare_and_execute_task_with_callbacks
    result = self._execute_task(context, task_copy)
  File "/home/airflow/.local/lib/python3.6/site-packages/airflow/models/taskinstance.py", line 1300, in _execute_task
    result = task_copy.execute(context=context)
  File "/home/airflow/.local/lib/python3.6/site-packages/airflow/providers/google/cloud/operators/bigquery.py", line 706, in execute
    encryption_configuration=self.encryption_configuration,
  File "/home/airflow/.local/lib/python3.6/site-packages/airflow/providers/google/cloud/hooks/bigquery.py", line 2186, in run_query
    job = self.insert_job(configuration=configuration, project_id=self.project_id)
  File "/home/airflow/.local/lib/python3.6/site-packages/airflow/providers/google/common/hooks/base_google.py", line 425, in inner_wrapper
    return func(self, *args, **kwargs)
  File "/home/airflow/.local/lib/python3.6/site-packages/airflow/providers/google/cloud/hooks/bigquery.py", line 1512, in insert_job
    job.result()
  File "/home/airflow/.local/lib/python3.6/site-packages/google/cloud/bigquery/job/query.py", line 1159, in result
    super(QueryJob, self).result(retry=retry, timeout=timeout)
  File "/home/airflow/.local/lib/python3.6/site-packages/google/cloud/bigquery/job/base.py", line 631, in result
    return super(_AsyncJob, self).result(timeout=timeout, **kwargs)
  File "/home/airflow/.local/lib/python3.6/site-packages/google/api_core/future/polling.py", line 134, in result
    raise self._exception
google.api_core.exceptions.Forbidden: 403 Access Denied: Table githubarchive:day.20220914: User does not have permission to query table githubarchive:day.20220914, or perhaps it does not exist in location northamerica-northeast1.

(job ID: airflow_1663530239453195_4e8e27051e4b7eda1ea1c14d0ba14e9a)

                       -----Query Job SQL Follows-----                       

    |    .    |    .    |    .    |    .    |    .    |    .    |    .    |
   1:
   2:        select * from githubarchive.day.20220914 where actor.id=66800817
   3:            
    |    .    |    .    |    .    |    .    |    .    |    .    |    .    |
[2022-09-18 19:44:00,571] {taskinstance.py:1440} INFO - Marking task as FAILED. dag_id=bigquery_dag, task_id=write_query_big_query_table, execution_date=20220911T030000, start_date=20220918T194358, end_date=20220918T194400
[2022-09-18 19:44:00,688] {local_task_job.py:118} INFO - Task exited with return code 1
[2022-09-18 20:19:05,214] {taskinstance.py:826} INFO - Dependencies all met for <TaskInstance: bigquery_dag.write_query_big_query_table 2022-09-11T03:00:00+00:00 [queued]>
[2022-09-18 20:19:05,256] {taskinstance.py:826} INFO - Dependencies all met for <TaskInstance: bigquery_dag.write_query_big_query_table 2022-09-11T03:00:00+00:00 [queued]>
[2022-09-18 20:19:05,258] {taskinstance.py:1017} INFO - 
--------------------------------------------------------------------------------
[2022-09-18 20:19:05,262] {taskinstance.py:1018} INFO - Starting attempt 3 of 3
[2022-09-18 20:19:05,263] {taskinstance.py:1019} INFO - 
--------------------------------------------------------------------------------
[2022-09-18 20:19:05,299] {taskinstance.py:1038} INFO - Executing <Task(BigQueryOperator): write_query_big_query_table> on 2022-09-11T03:00:00+00:00
[2022-09-18 20:19:05,321] {standard_task_runner.py:51} INFO - Started process 3343 to run task
[2022-09-18 20:19:05,341] {standard_task_runner.py:75} INFO - Running: ['airflow', 'tasks', 'run', 'bigquery_dag', 'write_query_big_query_table', '2022-09-11T03:00:00+00:00', '--job-id', '486', '--pool', 'default_pool', '--raw', '--subdir', 'DAGS_FOLDER/dag_with_bigquery.py', '--cfg-path', '/tmp/tmpcj0os97x']
[2022-09-18 20:19:05,352] {standard_task_runner.py:76} INFO - Job 486: Subtask write_query_big_query_table
[2022-09-18 20:19:05,504] {logging_mixin.py:103} INFO - Running <TaskInstance: bigquery_dag.write_query_big_query_table 2022-09-11T03:00:00+00:00 [running]> on host 27377494ab8b
[2022-09-18 20:19:05,657] {taskinstance.py:1232} INFO - Exporting the following env vars:
AIRFLOW_CTX_DAG_OWNER=Dave
AIRFLOW_CTX_DAG_ID=bigquery_dag
AIRFLOW_CTX_TASK_ID=write_query_big_query_table
AIRFLOW_CTX_EXECUTION_DATE=2022-09-11T03:00:00+00:00
AIRFLOW_CTX_DAG_RUN_ID=scheduled__2022-09-11T03:00:00+00:00
[2022-09-18 20:19:05,664] {bigquery.py:680} INFO - Executing: 
        select * from githubarchive.day.20220914 where actor.id=66800817
            
[2022-09-18 20:19:05,725] {logging_mixin.py:103} WARNING - /home/airflow/.local/lib/python3.6/site-packages/airflow/providers/google/cloud/hooks/bigquery.py:2052 DeprecationWarning: This method is deprecated. Please use `BigQueryHook.insert_job` method.
[2022-09-18 20:19:05,796] {bigquery.py:1510} INFO - Inserting job airflow_1663532345793576_4e8e27051e4b7eda1ea1c14d0ba14e9a
[2022-09-18 20:19:06,807] {taskinstance.py:1396} ERROR - 403 Access Denied: Table githubarchive:day.20220914: User does not have permission to query table githubarchive:day.20220914, or perhaps it does not exist in location northamerica-northeast1.

(job ID: airflow_1663532345793576_4e8e27051e4b7eda1ea1c14d0ba14e9a)

                       -----Query Job SQL Follows-----                       

    |    .    |    .    |    .    |    .    |    .    |    .    |    .    |
   1:
   2:        select * from githubarchive.day.20220914 where actor.id=66800817
   3:            
    |    .    |    .    |    .    |    .    |    .    |    .    |    .    |
Traceback (most recent call last):
  File "/home/airflow/.local/lib/python3.6/site-packages/airflow/models/taskinstance.py", line 1086, in _run_raw_task
    self._prepare_and_execute_task_with_callbacks(context, task)
  File "/home/airflow/.local/lib/python3.6/site-packages/airflow/models/taskinstance.py", line 1260, in _prepare_and_execute_task_with_callbacks
    result = self._execute_task(context, task_copy)
  File "/home/airflow/.local/lib/python3.6/site-packages/airflow/models/taskinstance.py", line 1300, in _execute_task
    result = task_copy.execute(context=context)
  File "/home/airflow/.local/lib/python3.6/site-packages/airflow/providers/google/cloud/operators/bigquery.py", line 706, in execute
    encryption_configuration=self.encryption_configuration,
  File "/home/airflow/.local/lib/python3.6/site-packages/airflow/providers/google/cloud/hooks/bigquery.py", line 2186, in run_query
    job = self.insert_job(configuration=configuration, project_id=self.project_id)
  File "/home/airflow/.local/lib/python3.6/site-packages/airflow/providers/google/common/hooks/base_google.py", line 425, in inner_wrapper
    return func(self, *args, **kwargs)
  File "/home/airflow/.local/lib/python3.6/site-packages/airflow/providers/google/cloud/hooks/bigquery.py", line 1512, in insert_job
    job.result()
  File "/home/airflow/.local/lib/python3.6/site-packages/google/cloud/bigquery/job/query.py", line 1159, in result
    super(QueryJob, self).result(retry=retry, timeout=timeout)
  File "/home/airflow/.local/lib/python3.6/site-packages/google/cloud/bigquery/job/base.py", line 631, in result
    return super(_AsyncJob, self).result(timeout=timeout, **kwargs)
  File "/home/airflow/.local/lib/python3.6/site-packages/google/api_core/future/polling.py", line 134, in result
    raise self._exception
google.api_core.exceptions.Forbidden: 403 Access Denied: Table githubarchive:day.20220914: User does not have permission to query table githubarchive:day.20220914, or perhaps it does not exist in location northamerica-northeast1.

(job ID: airflow_1663532345793576_4e8e27051e4b7eda1ea1c14d0ba14e9a)

                       -----Query Job SQL Follows-----                       

    |    .    |    .    |    .    |    .    |    .    |    .    |    .    |
   1:
   2:        select * from githubarchive.day.20220914 where actor.id=66800817
   3:            
    |    .    |    .    |    .    |    .    |    .    |    .    |    .    |
[2022-09-18 20:19:06,829] {taskinstance.py:1440} INFO - Marking task as FAILED. dag_id=bigquery_dag, task_id=write_query_big_query_table, execution_date=20220911T030000, start_date=20220918T201905, end_date=20220918T201906
[2022-09-18 20:19:06,934] {local_task_job.py:118} INFO - Task exited with return code 1
