[2022-09-13 13:12:10,596] {taskinstance.py:826} INFO - Dependencies all met for <TaskInstance: first_py_dag.python_task_2 2022-09-13T13:11:45.972026+00:00 [queued]>
[2022-09-13 13:12:10,709] {taskinstance.py:826} INFO - Dependencies all met for <TaskInstance: first_py_dag.python_task_2 2022-09-13T13:11:45.972026+00:00 [queued]>
[2022-09-13 13:12:10,713] {taskinstance.py:1017} INFO - 
--------------------------------------------------------------------------------
[2022-09-13 13:12:10,715] {taskinstance.py:1018} INFO - Starting attempt 1 of 3
[2022-09-13 13:12:10,717] {taskinstance.py:1019} INFO - 
--------------------------------------------------------------------------------
[2022-09-13 13:12:10,808] {taskinstance.py:1038} INFO - Executing <Task(PythonOperator): python_task_2> on 2022-09-13T13:11:45.972026+00:00
[2022-09-13 13:12:10,827] {standard_task_runner.py:51} INFO - Started process 3085 to run task
[2022-09-13 13:12:10,859] {standard_task_runner.py:75} INFO - Running: ['airflow', 'tasks', 'run', 'first_py_dag', 'python_task_2', '2022-09-13T13:11:45.972026+00:00', '--job-id', '3', '--pool', 'default_pool', '--raw', '--subdir', 'DAGS_FOLDER/dag_with_python_operator.py', '--cfg-path', '/tmp/tmpe1fun_qq']
[2022-09-13 13:12:10,870] {standard_task_runner.py:76} INFO - Job 3: Subtask python_task_2
[2022-09-13 13:12:11,015] {logging_mixin.py:103} INFO - Running <TaskInstance: first_py_dag.python_task_2 2022-09-13T13:11:45.972026+00:00 [running]> on host 27377494ab8b
[2022-09-13 13:12:11,160] {taskinstance.py:1232} INFO - Exporting the following env vars:
AIRFLOW_CTX_DAG_OWNER=Dave
AIRFLOW_CTX_DAG_ID=first_py_dag
AIRFLOW_CTX_TASK_ID=python_task_2
AIRFLOW_CTX_EXECUTION_DATE=2022-09-13T13:11:45.972026+00:00
AIRFLOW_CTX_DAG_RUN_ID=manual__2022-09-13T13:11:45.972026+00:00
[2022-09-13 13:12:11,198] {python.py:118} INFO - Done. Returned value was: None
[2022-09-13 13:12:11,221] {taskinstance.py:1142} INFO - Marking task as SUCCESS. dag_id=first_py_dag, task_id=python_task_2, execution_date=20220913T131145, start_date=20220913T131210, end_date=20220913T131211
[2022-09-13 13:12:11,615] {taskinstance.py:1195} INFO - 0 downstream tasks scheduled from follow-on schedule check
[2022-09-13 13:12:11,667] {local_task_job.py:118} INFO - Task exited with return code 0
