[2022-09-18 19:39:13,378] {taskinstance.py:826} INFO - Dependencies all met for <TaskInstance: bigquery_dag.check_query_big_query_table 2022-09-18T19:37:17.764996+00:00 [queued]>
[2022-09-18 19:39:13,459] {taskinstance.py:826} INFO - Dependencies all met for <TaskInstance: bigquery_dag.check_query_big_query_table 2022-09-18T19:37:17.764996+00:00 [queued]>
[2022-09-18 19:39:13,463] {taskinstance.py:1017} INFO - 
--------------------------------------------------------------------------------
[2022-09-18 19:39:13,466] {taskinstance.py:1018} INFO - Starting attempt 2 of 3
[2022-09-18 19:39:13,467] {taskinstance.py:1019} INFO - 
--------------------------------------------------------------------------------
[2022-09-18 19:39:13,565] {taskinstance.py:1038} INFO - Executing <Task(BigQueryCheckOperator): check_query_big_query_table> on 2022-09-18T19:37:17.764996+00:00
[2022-09-18 19:39:13,587] {standard_task_runner.py:51} INFO - Started process 2490 to run task
[2022-09-18 19:39:13,652] {standard_task_runner.py:75} INFO - Running: ['airflow', 'tasks', 'run', 'bigquery_dag', 'check_query_big_query_table', '2022-09-18T19:37:17.764996+00:00', '--job-id', '413', '--pool', 'default_pool', '--raw', '--subdir', 'DAGS_FOLDER/dag_with_bigquery.py', '--cfg-path', '/tmp/tmp4snlitg6']
[2022-09-18 19:39:13,665] {standard_task_runner.py:76} INFO - Job 413: Subtask check_query_big_query_table
[2022-09-18 19:39:13,884] {logging_mixin.py:103} INFO - Running <TaskInstance: bigquery_dag.check_query_big_query_table 2022-09-18T19:37:17.764996+00:00 [running]> on host 27377494ab8b
[2022-09-18 19:39:14,058] {taskinstance.py:1232} INFO - Exporting the following env vars:
AIRFLOW_CTX_DAG_OWNER=Dave
AIRFLOW_CTX_DAG_ID=bigquery_dag
AIRFLOW_CTX_TASK_ID=check_query_big_query_table
AIRFLOW_CTX_EXECUTION_DATE=2022-09-18T19:37:17.764996+00:00
AIRFLOW_CTX_DAG_RUN_ID=manual__2022-09-18T19:37:17.764996+00:00
[2022-09-18 19:39:14,070] {sql.py:87} INFO - Executing SQL check: 
           select id from githubarchive.day.20220914
        
[2022-09-18 19:39:14,138] {logging_mixin.py:103} WARNING - /home/airflow/.local/lib/python3.6/site-packages/airflow/providers/google/cloud/hooks/bigquery.py:120 DeprecationWarning: This method will be deprecated. Please use `BigQueryHook.get_client` method
[2022-09-18 19:39:15,005] {logging_mixin.py:103} WARNING - /home/airflow/.local/lib/python3.6/site-packages/airflow/providers/google/cloud/hooks/bigquery.py:2052 DeprecationWarning: This method is deprecated. Please use `BigQueryHook.insert_job` method.
[2022-09-18 19:39:15,014] {bigquery.py:1510} INFO - Inserting job airflow_1663529955010375_06d2bf8b43be9b79a3e89edf3b53e367
[2022-09-18 19:39:43,765] {local_task_job.py:118} INFO - Task exited with return code Negsignal.SIGKILL
