[2022-09-18 19:40:57,794] {taskinstance.py:826} INFO - Dependencies all met for <TaskInstance: bigquery_dag.check_query_big_query_table 2022-09-18T19:37:17.764996+00:00 [queued]>
[2022-09-18 19:40:57,885] {taskinstance.py:826} INFO - Dependencies all met for <TaskInstance: bigquery_dag.check_query_big_query_table 2022-09-18T19:37:17.764996+00:00 [queued]>
[2022-09-18 19:40:57,888] {taskinstance.py:1017} INFO - 
--------------------------------------------------------------------------------
[2022-09-18 19:40:57,891] {taskinstance.py:1018} INFO - Starting attempt 3 of 3
[2022-09-18 19:40:57,892] {taskinstance.py:1019} INFO - 
--------------------------------------------------------------------------------
[2022-09-18 19:40:57,992] {taskinstance.py:1038} INFO - Executing <Task(BigQueryCheckOperator): check_query_big_query_table> on 2022-09-18T19:37:17.764996+00:00
[2022-09-18 19:40:58,037] {standard_task_runner.py:51} INFO - Started process 3574 to run task
[2022-09-18 19:40:58,085] {standard_task_runner.py:75} INFO - Running: ['airflow', 'tasks', 'run', 'bigquery_dag', 'check_query_big_query_table', '2022-09-18T19:37:17.764996+00:00', '--job-id', '425', '--pool', 'default_pool', '--raw', '--subdir', 'DAGS_FOLDER/dag_with_bigquery.py', '--cfg-path', '/tmp/tmpxe0c1kco']
[2022-09-18 19:40:58,115] {standard_task_runner.py:76} INFO - Job 425: Subtask check_query_big_query_table
[2022-09-18 19:40:58,357] {logging_mixin.py:103} INFO - Running <TaskInstance: bigquery_dag.check_query_big_query_table 2022-09-18T19:37:17.764996+00:00 [running]> on host 27377494ab8b
[2022-09-18 19:40:58,516] {taskinstance.py:1232} INFO - Exporting the following env vars:
AIRFLOW_CTX_DAG_OWNER=Dave
AIRFLOW_CTX_DAG_ID=bigquery_dag
AIRFLOW_CTX_TASK_ID=check_query_big_query_table
AIRFLOW_CTX_EXECUTION_DATE=2022-09-18T19:37:17.764996+00:00
AIRFLOW_CTX_DAG_RUN_ID=manual__2022-09-18T19:37:17.764996+00:00
[2022-09-18 19:40:58,533] {sql.py:87} INFO - Executing SQL check: 
           select id from githubarchive.day.20220914
        
[2022-09-18 19:40:58,599] {logging_mixin.py:103} WARNING - /home/airflow/.local/lib/python3.6/site-packages/airflow/providers/google/cloud/hooks/bigquery.py:120 DeprecationWarning: This method will be deprecated. Please use `BigQueryHook.get_client` method
[2022-09-18 19:40:59,954] {logging_mixin.py:103} WARNING - /home/airflow/.local/lib/python3.6/site-packages/airflow/providers/google/cloud/hooks/bigquery.py:2052 DeprecationWarning: This method is deprecated. Please use `BigQueryHook.insert_job` method.
[2022-09-18 19:40:59,964] {bigquery.py:1510} INFO - Inserting job airflow_1663530059961398_06d2bf8b43be9b79a3e89edf3b53e367
[2022-09-18 19:41:37,954] {local_task_job.py:118} INFO - Task exited with return code Negsignal.SIGKILL
