[2022-09-18 03:00:49,801] {taskinstance.py:826} INFO - Dependencies all met for <TaskInstance: bigquery_dag.check_query_big_query_table 2022-09-17T03:00:00+00:00 [queued]>
[2022-09-18 03:00:49,847] {taskinstance.py:826} INFO - Dependencies all met for <TaskInstance: bigquery_dag.check_query_big_query_table 2022-09-17T03:00:00+00:00 [queued]>
[2022-09-18 03:00:49,849] {taskinstance.py:1017} INFO - 
--------------------------------------------------------------------------------
[2022-09-18 03:00:49,851] {taskinstance.py:1018} INFO - Starting attempt 1 of 3
[2022-09-18 03:00:49,852] {taskinstance.py:1019} INFO - 
--------------------------------------------------------------------------------
[2022-09-18 03:00:49,884] {taskinstance.py:1038} INFO - Executing <Task(BigQueryCheckOperator): check_query_big_query_table> on 2022-09-17T03:00:00+00:00
[2022-09-18 03:00:49,896] {standard_task_runner.py:51} INFO - Started process 26783 to run task
[2022-09-18 03:00:49,908] {standard_task_runner.py:75} INFO - Running: ['airflow', 'tasks', 'run', 'bigquery_dag', 'check_query_big_query_table', '2022-09-17T03:00:00+00:00', '--job-id', '248', '--pool', 'default_pool', '--raw', '--subdir', 'DAGS_FOLDER/dag_with_bigquery.py', '--cfg-path', '/tmp/tmpm95fz36s']
[2022-09-18 03:00:49,915] {standard_task_runner.py:76} INFO - Job 248: Subtask check_query_big_query_table
[2022-09-18 03:00:50,024] {logging_mixin.py:103} INFO - Running <TaskInstance: bigquery_dag.check_query_big_query_table 2022-09-17T03:00:00+00:00 [running]> on host 27377494ab8b
[2022-09-18 03:00:50,154] {taskinstance.py:1232} INFO - Exporting the following env vars:
AIRFLOW_CTX_DAG_OWNER=Dave
AIRFLOW_CTX_DAG_ID=bigquery_dag
AIRFLOW_CTX_TASK_ID=check_query_big_query_table
AIRFLOW_CTX_EXECUTION_DATE=2022-09-17T03:00:00+00:00
AIRFLOW_CTX_DAG_RUN_ID=scheduled__2022-09-17T03:00:00+00:00
[2022-09-18 03:00:50,164] {sql.py:87} INFO - Executing SQL check: 
           select id from githubarchive.day.20220914
        
[2022-09-18 03:00:50,257] {logging_mixin.py:103} WARNING - /home/airflow/.local/lib/python3.6/site-packages/airflow/providers/google/cloud/hooks/bigquery.py:120 DeprecationWarning: This method will be deprecated. Please use `BigQueryHook.get_client` method
[2022-09-18 03:00:50,265] {taskinstance.py:1396} ERROR - [Errno 2] No such file or directory: '/opt/airflow/dags/dags/support/quick-keel-213611-bfc0c6523d4e.json'
Traceback (most recent call last):
  File "/home/airflow/.local/lib/python3.6/site-packages/airflow/models/taskinstance.py", line 1086, in _run_raw_task
    self._prepare_and_execute_task_with_callbacks(context, task)
  File "/home/airflow/.local/lib/python3.6/site-packages/airflow/models/taskinstance.py", line 1260, in _prepare_and_execute_task_with_callbacks
    result = self._execute_task(context, task_copy)
  File "/home/airflow/.local/lib/python3.6/site-packages/airflow/models/taskinstance.py", line 1300, in _execute_task
    result = task_copy.execute(context=context)
  File "/home/airflow/.local/lib/python3.6/site-packages/airflow/operators/sql.py", line 88, in execute
    records = self.get_db_hook().get_first(self.sql)
  File "/home/airflow/.local/lib/python3.6/site-packages/airflow/hooks/dbapi.py", line 147, in get_first
    with closing(self.get_conn()) as conn:
  File "/home/airflow/.local/lib/python3.6/site-packages/airflow/providers/google/cloud/hooks/bigquery.py", line 107, in get_conn
    service = self.get_service()
  File "/home/airflow/.local/lib/python3.6/site-packages/airflow/providers/google/cloud/hooks/bigquery.py", line 122, in get_service
    http_authorized = self._authorize()
  File "/home/airflow/.local/lib/python3.6/site-packages/airflow/providers/google/common/hooks/base_google.py", line 280, in _authorize
    credentials = self._get_credentials()
  File "/home/airflow/.local/lib/python3.6/site-packages/airflow/providers/google/common/hooks/base_google.py", line 251, in _get_credentials
    credentials, _ = self._get_credentials_and_project_id()
  File "/home/airflow/.local/lib/python3.6/site-packages/airflow/providers/google/common/hooks/base_google.py", line 237, in _get_credentials_and_project_id
    delegates=delegates,
  File "/home/airflow/.local/lib/python3.6/site-packages/airflow/providers/google/cloud/utils/credentials_provider.py", line 309, in get_credentials_and_project_id
    return _CredentialProvider(*args, **kwargs).get_credentials_and_project()
  File "/home/airflow/.local/lib/python3.6/site-packages/airflow/providers/google/cloud/utils/credentials_provider.py", line 238, in get_credentials_and_project
    credentials, project_id = self._get_credentials_using_key_path()
  File "/home/airflow/.local/lib/python3.6/site-packages/airflow/providers/google/cloud/utils/credentials_provider.py", line 286, in _get_credentials_using_key_path
    self.key_path, scopes=self.scopes
  File "/home/airflow/.local/lib/python3.6/site-packages/google/oauth2/service_account.py", line 234, in from_service_account_file
    filename, require=["client_email", "token_uri"]
  File "/home/airflow/.local/lib/python3.6/site-packages/google/auth/_service_account_info.py", line 72, in from_filename
    with io.open(filename, "r", encoding="utf-8") as json_file:
FileNotFoundError: [Errno 2] No such file or directory: '/opt/airflow/dags/dags/support/quick-keel-213611-bfc0c6523d4e.json'
[2022-09-18 03:00:50,295] {taskinstance.py:1440} INFO - Marking task as UP_FOR_RETRY. dag_id=bigquery_dag, task_id=check_query_big_query_table, execution_date=20220917T030000, start_date=20220918T030049, end_date=20220918T030050
[2022-09-18 03:00:50,404] {local_task_job.py:118} INFO - Task exited with return code 1
[2022-09-18 18:29:41,882] {taskinstance.py:826} INFO - Dependencies all met for <TaskInstance: bigquery_dag.check_query_big_query_table 2022-09-17T03:00:00+00:00 [queued]>
[2022-09-18 18:29:41,937] {taskinstance.py:826} INFO - Dependencies all met for <TaskInstance: bigquery_dag.check_query_big_query_table 2022-09-17T03:00:00+00:00 [queued]>
[2022-09-18 18:29:41,939] {taskinstance.py:1017} INFO - 
--------------------------------------------------------------------------------
[2022-09-18 18:29:41,941] {taskinstance.py:1018} INFO - Starting attempt 1 of 3
[2022-09-18 18:29:41,944] {taskinstance.py:1019} INFO - 
--------------------------------------------------------------------------------
[2022-09-18 18:29:41,995] {taskinstance.py:1038} INFO - Executing <Task(BigQueryCheckOperator): check_query_big_query_table> on 2022-09-17T03:00:00+00:00
[2022-09-18 18:29:42,017] {standard_task_runner.py:51} INFO - Started process 383 to run task
[2022-09-18 18:29:42,058] {standard_task_runner.py:75} INFO - Running: ['airflow', 'tasks', 'run', 'bigquery_dag', 'check_query_big_query_table', '2022-09-17T03:00:00+00:00', '--job-id', '265', '--pool', 'default_pool', '--raw', '--subdir', 'DAGS_FOLDER/dag_with_bigquery.py', '--cfg-path', '/tmp/tmp5rmue0sv']
[2022-09-18 18:29:42,076] {standard_task_runner.py:76} INFO - Job 265: Subtask check_query_big_query_table
[2022-09-18 18:29:42,335] {logging_mixin.py:103} INFO - Running <TaskInstance: bigquery_dag.check_query_big_query_table 2022-09-17T03:00:00+00:00 [running]> on host 27377494ab8b
[2022-09-18 18:29:42,806] {taskinstance.py:1232} INFO - Exporting the following env vars:
AIRFLOW_CTX_DAG_OWNER=Dave
AIRFLOW_CTX_DAG_ID=bigquery_dag
AIRFLOW_CTX_TASK_ID=check_query_big_query_table
AIRFLOW_CTX_EXECUTION_DATE=2022-09-17T03:00:00+00:00
AIRFLOW_CTX_DAG_RUN_ID=scheduled__2022-09-17T03:00:00+00:00
[2022-09-18 18:29:42,845] {sql.py:87} INFO - Executing SQL check: 
           select id from githubarchive.day.20220914
        
[2022-09-18 18:29:43,021] {logging_mixin.py:103} WARNING - /home/airflow/.local/lib/python3.6/site-packages/airflow/providers/google/cloud/hooks/bigquery.py:120 DeprecationWarning: This method will be deprecated. Please use `BigQueryHook.get_client` method
[2022-09-18 18:29:43,032] {taskinstance.py:1396} ERROR - [Errno 2] No such file or directory: '/opt/airflow/dags/dags/support/quick-keel-213611-2877771d11bf.json'
Traceback (most recent call last):
  File "/home/airflow/.local/lib/python3.6/site-packages/airflow/models/taskinstance.py", line 1086, in _run_raw_task
    self._prepare_and_execute_task_with_callbacks(context, task)
  File "/home/airflow/.local/lib/python3.6/site-packages/airflow/models/taskinstance.py", line 1260, in _prepare_and_execute_task_with_callbacks
    result = self._execute_task(context, task_copy)
  File "/home/airflow/.local/lib/python3.6/site-packages/airflow/models/taskinstance.py", line 1300, in _execute_task
    result = task_copy.execute(context=context)
  File "/home/airflow/.local/lib/python3.6/site-packages/airflow/operators/sql.py", line 88, in execute
    records = self.get_db_hook().get_first(self.sql)
  File "/home/airflow/.local/lib/python3.6/site-packages/airflow/hooks/dbapi.py", line 147, in get_first
    with closing(self.get_conn()) as conn:
  File "/home/airflow/.local/lib/python3.6/site-packages/airflow/providers/google/cloud/hooks/bigquery.py", line 107, in get_conn
    service = self.get_service()
  File "/home/airflow/.local/lib/python3.6/site-packages/airflow/providers/google/cloud/hooks/bigquery.py", line 122, in get_service
    http_authorized = self._authorize()
  File "/home/airflow/.local/lib/python3.6/site-packages/airflow/providers/google/common/hooks/base_google.py", line 280, in _authorize
    credentials = self._get_credentials()
  File "/home/airflow/.local/lib/python3.6/site-packages/airflow/providers/google/common/hooks/base_google.py", line 251, in _get_credentials
    credentials, _ = self._get_credentials_and_project_id()
  File "/home/airflow/.local/lib/python3.6/site-packages/airflow/providers/google/common/hooks/base_google.py", line 237, in _get_credentials_and_project_id
    delegates=delegates,
  File "/home/airflow/.local/lib/python3.6/site-packages/airflow/providers/google/cloud/utils/credentials_provider.py", line 309, in get_credentials_and_project_id
    return _CredentialProvider(*args, **kwargs).get_credentials_and_project()
  File "/home/airflow/.local/lib/python3.6/site-packages/airflow/providers/google/cloud/utils/credentials_provider.py", line 238, in get_credentials_and_project
    credentials, project_id = self._get_credentials_using_key_path()
  File "/home/airflow/.local/lib/python3.6/site-packages/airflow/providers/google/cloud/utils/credentials_provider.py", line 286, in _get_credentials_using_key_path
    self.key_path, scopes=self.scopes
  File "/home/airflow/.local/lib/python3.6/site-packages/google/oauth2/service_account.py", line 234, in from_service_account_file
    filename, require=["client_email", "token_uri"]
  File "/home/airflow/.local/lib/python3.6/site-packages/google/auth/_service_account_info.py", line 72, in from_filename
    with io.open(filename, "r", encoding="utf-8") as json_file:
FileNotFoundError: [Errno 2] No such file or directory: '/opt/airflow/dags/dags/support/quick-keel-213611-2877771d11bf.json'
[2022-09-18 18:29:43,064] {taskinstance.py:1440} INFO - Marking task as UP_FOR_RETRY. dag_id=bigquery_dag, task_id=check_query_big_query_table, execution_date=20220917T030000, start_date=20220918T182941, end_date=20220918T182943
[2022-09-18 18:29:43,186] {local_task_job.py:118} INFO - Task exited with return code 1
[2022-09-18 18:33:24,284] {taskinstance.py:826} INFO - Dependencies all met for <TaskInstance: bigquery_dag.check_query_big_query_table 2022-09-17T03:00:00+00:00 [queued]>
[2022-09-18 18:33:24,736] {taskinstance.py:826} INFO - Dependencies all met for <TaskInstance: bigquery_dag.check_query_big_query_table 2022-09-17T03:00:00+00:00 [queued]>
[2022-09-18 18:33:24,755] {taskinstance.py:1017} INFO - 
--------------------------------------------------------------------------------
[2022-09-18 18:33:24,759] {taskinstance.py:1018} INFO - Starting attempt 1 of 3
[2022-09-18 18:33:24,766] {taskinstance.py:1019} INFO - 
--------------------------------------------------------------------------------
[2022-09-18 18:33:25,107] {taskinstance.py:1038} INFO - Executing <Task(BigQueryCheckOperator): check_query_big_query_table> on 2022-09-17T03:00:00+00:00
[2022-09-18 18:33:25,346] {standard_task_runner.py:51} INFO - Started process 2111 to run task
[2022-09-18 18:33:25,604] {standard_task_runner.py:75} INFO - Running: ['airflow', 'tasks', 'run', 'bigquery_dag', 'check_query_big_query_table', '2022-09-17T03:00:00+00:00', '--job-id', '287', '--pool', 'default_pool', '--raw', '--subdir', 'DAGS_FOLDER/dag_with_bigquery.py', '--cfg-path', '/tmp/tmplbatrupq']
[2022-09-18 18:33:25,752] {standard_task_runner.py:76} INFO - Job 287: Subtask check_query_big_query_table
[2022-09-18 18:33:28,248] {logging_mixin.py:103} INFO - Running <TaskInstance: bigquery_dag.check_query_big_query_table 2022-09-17T03:00:00+00:00 [running]> on host 27377494ab8b
[2022-09-18 18:33:30,008] {taskinstance.py:1232} INFO - Exporting the following env vars:
AIRFLOW_CTX_DAG_OWNER=Dave
AIRFLOW_CTX_DAG_ID=bigquery_dag
AIRFLOW_CTX_TASK_ID=check_query_big_query_table
AIRFLOW_CTX_EXECUTION_DATE=2022-09-17T03:00:00+00:00
AIRFLOW_CTX_DAG_RUN_ID=scheduled__2022-09-17T03:00:00+00:00
[2022-09-18 18:33:30,161] {sql.py:87} INFO - Executing SQL check: 
           select id from githubarchive.day.20220914
        
[2022-09-18 18:33:30,336] {logging_mixin.py:103} WARNING - /home/airflow/.local/lib/python3.6/site-packages/airflow/providers/google/cloud/hooks/bigquery.py:120 DeprecationWarning: This method will be deprecated. Please use `BigQueryHook.get_client` method
[2022-09-18 18:33:34,081] {logging_mixin.py:103} WARNING - /home/airflow/.local/lib/python3.6/site-packages/airflow/providers/google/cloud/hooks/bigquery.py:2052 DeprecationWarning: This method is deprecated. Please use `BigQueryHook.insert_job` method.
[2022-09-18 18:33:34,125] {bigquery.py:1510} INFO - Inserting job airflow_1663526014103250_06d2bf8b43be9b79a3e89edf3b53e367
[2022-09-18 18:34:16,391] {sql.py:90} INFO - Record: ['23992050950']
[2022-09-18 18:34:16,401] {sql.py:96} INFO - Success.
[2022-09-18 18:34:16,455] {taskinstance.py:1142} INFO - Marking task as SUCCESS. dag_id=bigquery_dag, task_id=check_query_big_query_table, execution_date=20220917T030000, start_date=20220918T183324, end_date=20220918T183416
[2022-09-18 18:34:16,852] {taskinstance.py:1195} INFO - 2 downstream tasks scheduled from follow-on schedule check
[2022-09-18 18:34:16,970] {local_task_job.py:118} INFO - Task exited with return code 0
[2022-09-18 18:36:36,111] {taskinstance.py:826} INFO - Dependencies all met for <TaskInstance: bigquery_dag.check_query_big_query_table 2022-09-17T03:00:00+00:00 [queued]>
[2022-09-18 18:36:36,276] {taskinstance.py:826} INFO - Dependencies all met for <TaskInstance: bigquery_dag.check_query_big_query_table 2022-09-17T03:00:00+00:00 [queued]>
[2022-09-18 18:36:36,279] {taskinstance.py:1017} INFO - 
--------------------------------------------------------------------------------
[2022-09-18 18:36:36,281] {taskinstance.py:1018} INFO - Starting attempt 1 of 3
[2022-09-18 18:36:36,283] {taskinstance.py:1019} INFO - 
--------------------------------------------------------------------------------
[2022-09-18 18:36:36,355] {taskinstance.py:1038} INFO - Executing <Task(BigQueryCheckOperator): check_query_big_query_table> on 2022-09-17T03:00:00+00:00
[2022-09-18 18:36:36,401] {standard_task_runner.py:51} INFO - Started process 3826 to run task
[2022-09-18 18:36:36,435] {standard_task_runner.py:75} INFO - Running: ['airflow', 'tasks', 'run', 'bigquery_dag', 'check_query_big_query_table', '2022-09-17T03:00:00+00:00', '--job-id', '296', '--pool', 'default_pool', '--raw', '--subdir', 'DAGS_FOLDER/dag_with_bigquery.py', '--cfg-path', '/tmp/tmpaemirrx4']
[2022-09-18 18:36:36,469] {standard_task_runner.py:76} INFO - Job 296: Subtask check_query_big_query_table
[2022-09-18 18:36:36,672] {logging_mixin.py:103} INFO - Running <TaskInstance: bigquery_dag.check_query_big_query_table 2022-09-17T03:00:00+00:00 [running]> on host 27377494ab8b
[2022-09-18 18:36:36,866] {taskinstance.py:1232} INFO - Exporting the following env vars:
AIRFLOW_CTX_DAG_OWNER=Dave
AIRFLOW_CTX_DAG_ID=bigquery_dag
AIRFLOW_CTX_TASK_ID=check_query_big_query_table
AIRFLOW_CTX_EXECUTION_DATE=2022-09-17T03:00:00+00:00
AIRFLOW_CTX_DAG_RUN_ID=scheduled__2022-09-17T03:00:00+00:00
[2022-09-18 18:36:36,887] {sql.py:87} INFO - Executing SQL check: 
           select id from githubarchive.day.20220914
        
[2022-09-18 18:36:36,993] {logging_mixin.py:103} WARNING - /home/airflow/.local/lib/python3.6/site-packages/airflow/providers/google/cloud/hooks/bigquery.py:120 DeprecationWarning: This method will be deprecated. Please use `BigQueryHook.get_client` method
[2022-09-18 18:36:37,859] {logging_mixin.py:103} WARNING - /home/airflow/.local/lib/python3.6/site-packages/airflow/providers/google/cloud/hooks/bigquery.py:2052 DeprecationWarning: This method is deprecated. Please use `BigQueryHook.insert_job` method.
[2022-09-18 18:36:37,871] {bigquery.py:1510} INFO - Inserting job airflow_1663526197867317_06d2bf8b43be9b79a3e89edf3b53e367
[2022-09-18 18:36:39,523] {local_task_job.py:77} ERROR - Received SIGTERM. Terminating subprocesses
[2022-09-18 19:33:22,541] {taskinstance.py:826} INFO - Dependencies all met for <TaskInstance: bigquery_dag.check_query_big_query_table 2022-09-17T03:00:00+00:00 [queued]>
[2022-09-18 19:33:22,617] {taskinstance.py:826} INFO - Dependencies all met for <TaskInstance: bigquery_dag.check_query_big_query_table 2022-09-17T03:00:00+00:00 [queued]>
[2022-09-18 19:33:22,620] {taskinstance.py:1017} INFO - 
--------------------------------------------------------------------------------
[2022-09-18 19:33:22,623] {taskinstance.py:1018} INFO - Starting attempt 1 of 3
[2022-09-18 19:33:22,624] {taskinstance.py:1019} INFO - 
--------------------------------------------------------------------------------
[2022-09-18 19:33:22,688] {taskinstance.py:1038} INFO - Executing <Task(BigQueryCheckOperator): check_query_big_query_table> on 2022-09-17T03:00:00+00:00
[2022-09-18 19:33:22,700] {standard_task_runner.py:51} INFO - Started process 22185 to run task
[2022-09-18 19:33:22,715] {standard_task_runner.py:75} INFO - Running: ['airflow', 'tasks', 'run', 'bigquery_dag', 'check_query_big_query_table', '2022-09-17T03:00:00+00:00', '--job-id', '383', '--pool', 'default_pool', '--raw', '--subdir', 'DAGS_FOLDER/dag_with_bigquery.py', '--cfg-path', '/tmp/tmp2d8lc41b']
[2022-09-18 19:33:22,727] {standard_task_runner.py:76} INFO - Job 383: Subtask check_query_big_query_table
[2022-09-18 19:33:22,889] {logging_mixin.py:103} INFO - Running <TaskInstance: bigquery_dag.check_query_big_query_table 2022-09-17T03:00:00+00:00 [running]> on host 27377494ab8b
[2022-09-18 19:33:23,042] {taskinstance.py:1232} INFO - Exporting the following env vars:
AIRFLOW_CTX_DAG_OWNER=Dave
AIRFLOW_CTX_DAG_ID=bigquery_dag
AIRFLOW_CTX_TASK_ID=check_query_big_query_table
AIRFLOW_CTX_EXECUTION_DATE=2022-09-17T03:00:00+00:00
AIRFLOW_CTX_DAG_RUN_ID=scheduled__2022-09-17T03:00:00+00:00
[2022-09-18 19:33:23,053] {sql.py:87} INFO - Executing SQL check: 
           select id from githubarchive.day.20220914
        
[2022-09-18 19:33:23,112] {logging_mixin.py:103} WARNING - /home/airflow/.local/lib/python3.6/site-packages/airflow/providers/google/cloud/hooks/bigquery.py:120 DeprecationWarning: This method will be deprecated. Please use `BigQueryHook.get_client` method
[2022-09-18 19:33:23,974] {logging_mixin.py:103} WARNING - /home/airflow/.local/lib/python3.6/site-packages/airflow/providers/google/cloud/hooks/bigquery.py:2052 DeprecationWarning: This method is deprecated. Please use `BigQueryHook.insert_job` method.
[2022-09-18 19:33:23,982] {bigquery.py:1510} INFO - Inserting job airflow_1663529603979750_06d2bf8b43be9b79a3e89edf3b53e367
[2022-09-18 19:33:24,450] {local_task_job.py:77} ERROR - Received SIGTERM. Terminating subprocesses
[2022-09-18 19:37:43,197] {taskinstance.py:826} INFO - Dependencies all met for <TaskInstance: bigquery_dag.check_query_big_query_table 2022-09-17T03:00:00+00:00 [queued]>
[2022-09-18 19:37:43,516] {taskinstance.py:826} INFO - Dependencies all met for <TaskInstance: bigquery_dag.check_query_big_query_table 2022-09-17T03:00:00+00:00 [queued]>
[2022-09-18 19:37:43,519] {taskinstance.py:1017} INFO - 
--------------------------------------------------------------------------------
[2022-09-18 19:37:43,523] {taskinstance.py:1018} INFO - Starting attempt 1 of 3
[2022-09-18 19:37:43,531] {taskinstance.py:1019} INFO - 
--------------------------------------------------------------------------------
[2022-09-18 19:37:43,656] {taskinstance.py:1038} INFO - Executing <Task(BigQueryCheckOperator): check_query_big_query_table> on 2022-09-17T03:00:00+00:00
[2022-09-18 19:37:43,712] {standard_task_runner.py:51} INFO - Started process 1828 to run task
[2022-09-18 19:37:43,804] {standard_task_runner.py:75} INFO - Running: ['airflow', 'tasks', 'run', 'bigquery_dag', 'check_query_big_query_table', '2022-09-17T03:00:00+00:00', '--job-id', '405', '--pool', 'default_pool', '--raw', '--subdir', 'DAGS_FOLDER/dag_with_bigquery.py', '--cfg-path', '/tmp/tmpuqjy7nsz']
[2022-09-18 19:37:43,871] {standard_task_runner.py:76} INFO - Job 405: Subtask check_query_big_query_table
[2022-09-18 19:37:44,323] {logging_mixin.py:103} INFO - Running <TaskInstance: bigquery_dag.check_query_big_query_table 2022-09-17T03:00:00+00:00 [running]> on host 27377494ab8b
[2022-09-18 19:37:44,987] {taskinstance.py:1232} INFO - Exporting the following env vars:
AIRFLOW_CTX_DAG_OWNER=Dave
AIRFLOW_CTX_DAG_ID=bigquery_dag
AIRFLOW_CTX_TASK_ID=check_query_big_query_table
AIRFLOW_CTX_EXECUTION_DATE=2022-09-17T03:00:00+00:00
AIRFLOW_CTX_DAG_RUN_ID=scheduled__2022-09-17T03:00:00+00:00
[2022-09-18 19:37:45,013] {sql.py:87} INFO - Executing SQL check: 
           select id from githubarchive.day.20220914
        
[2022-09-18 19:37:45,314] {logging_mixin.py:103} WARNING - /home/airflow/.local/lib/python3.6/site-packages/airflow/providers/google/cloud/hooks/bigquery.py:120 DeprecationWarning: This method will be deprecated. Please use `BigQueryHook.get_client` method
[2022-09-18 19:37:49,044] {logging_mixin.py:103} WARNING - /home/airflow/.local/lib/python3.6/site-packages/airflow/providers/google/cloud/hooks/bigquery.py:2052 DeprecationWarning: This method is deprecated. Please use `BigQueryHook.insert_job` method.
[2022-09-18 19:37:49,087] {bigquery.py:1510} INFO - Inserting job airflow_1663529869066392_06d2bf8b43be9b79a3e89edf3b53e367
[2022-09-18 19:38:33,936] {sql.py:90} INFO - Record: ['23990728531']
[2022-09-18 19:38:33,960] {sql.py:96} INFO - Success.
[2022-09-18 19:38:34,098] {taskinstance.py:1142} INFO - Marking task as SUCCESS. dag_id=bigquery_dag, task_id=check_query_big_query_table, execution_date=20220917T030000, start_date=20220918T193743, end_date=20220918T193834
[2022-09-18 19:38:34,430] {local_task_job.py:170} WARNING - State of this instance has been externally set to success. Terminating instance.
[2022-09-18 19:38:34,490] {process_utils.py:95} INFO - Sending Signals.SIGTERM to GPID 1828
[2022-09-18 19:38:34,505] {taskinstance.py:1214} ERROR - Received SIGTERM. Terminating subprocesses.
[2022-09-18 19:38:34,909] {process_utils.py:61} INFO - Process psutil.Process(pid=1828, status='terminated', exitcode=1, started='19:37:43') (1828) terminated with exit code 1
[2022-09-18 19:38:34,917] {local_task_job.py:118} INFO - Task exited with return code 1
[2022-09-18 20:12:41,214] {taskinstance.py:826} INFO - Dependencies all met for <TaskInstance: bigquery_dag.check_query_big_query_table 2022-09-17T03:00:00+00:00 [queued]>
[2022-09-18 20:12:41,375] {taskinstance.py:826} INFO - Dependencies all met for <TaskInstance: bigquery_dag.check_query_big_query_table 2022-09-17T03:00:00+00:00 [queued]>
[2022-09-18 20:12:41,379] {taskinstance.py:1017} INFO - 
--------------------------------------------------------------------------------
[2022-09-18 20:12:41,384] {taskinstance.py:1018} INFO - Starting attempt 1 of 3
[2022-09-18 20:12:41,388] {taskinstance.py:1019} INFO - 
--------------------------------------------------------------------------------
[2022-09-18 20:12:41,462] {taskinstance.py:1038} INFO - Executing <Task(BigQueryCheckOperator): check_query_big_query_table> on 2022-09-17T03:00:00+00:00
[2022-09-18 20:12:41,539] {standard_task_runner.py:51} INFO - Started process 525 to run task
[2022-09-18 20:12:41,629] {standard_task_runner.py:75} INFO - Running: ['airflow', 'tasks', 'run', 'bigquery_dag', 'check_query_big_query_table', '2022-09-17T03:00:00+00:00', '--job-id', '455', '--pool', 'default_pool', '--raw', '--subdir', 'DAGS_FOLDER/dag_with_bigquery.py', '--cfg-path', '/tmp/tmpvmsfqapw']
[2022-09-18 20:12:41,673] {standard_task_runner.py:76} INFO - Job 455: Subtask check_query_big_query_table
[2022-09-18 20:12:42,106] {logging_mixin.py:103} INFO - Running <TaskInstance: bigquery_dag.check_query_big_query_table 2022-09-17T03:00:00+00:00 [running]> on host 27377494ab8b
[2022-09-18 20:12:42,377] {taskinstance.py:1232} INFO - Exporting the following env vars:
AIRFLOW_CTX_DAG_OWNER=Dave
AIRFLOW_CTX_DAG_ID=bigquery_dag
AIRFLOW_CTX_TASK_ID=check_query_big_query_table
AIRFLOW_CTX_EXECUTION_DATE=2022-09-17T03:00:00+00:00
AIRFLOW_CTX_DAG_RUN_ID=scheduled__2022-09-17T03:00:00+00:00
[2022-09-18 20:12:42,392] {sql.py:87} INFO - Executing SQL check: 
           select id from githubarchive.day.20220914
        
[2022-09-18 20:12:42,454] {logging_mixin.py:103} WARNING - /home/airflow/.local/lib/python3.6/site-packages/airflow/providers/google/cloud/hooks/bigquery.py:120 DeprecationWarning: This method will be deprecated. Please use `BigQueryHook.get_client` method
[2022-09-18 20:12:43,757] {logging_mixin.py:103} WARNING - /home/airflow/.local/lib/python3.6/site-packages/airflow/providers/google/cloud/hooks/bigquery.py:2052 DeprecationWarning: This method is deprecated. Please use `BigQueryHook.insert_job` method.
[2022-09-18 20:12:43,781] {bigquery.py:1510} INFO - Inserting job airflow_1663531963767245_06d2bf8b43be9b79a3e89edf3b53e367
[2022-09-18 20:13:37,645] {sql.py:90} INFO - Record: ['23990728531']
[2022-09-18 20:13:37,716] {sql.py:96} INFO - Success.
[2022-09-18 20:13:38,055] {taskinstance.py:1142} INFO - Marking task as SUCCESS. dag_id=bigquery_dag, task_id=check_query_big_query_table, execution_date=20220917T030000, start_date=20220918T201241, end_date=20220918T201338
[2022-09-18 20:13:39,529] {taskinstance.py:1195} INFO - 2 downstream tasks scheduled from follow-on schedule check
[2022-09-18 20:13:40,082] {local_task_job.py:118} INFO - Task exited with return code 0
