[2022-09-18 18:29:12,392] {taskinstance.py:826} INFO - Dependencies all met for <TaskInstance: bigquery_dag.check_query_big_query_table 2022-09-15T03:00:00+00:00 [queued]>
[2022-09-18 18:29:12,492] {taskinstance.py:826} INFO - Dependencies all met for <TaskInstance: bigquery_dag.check_query_big_query_table 2022-09-15T03:00:00+00:00 [queued]>
[2022-09-18 18:29:12,496] {taskinstance.py:1017} INFO - 
--------------------------------------------------------------------------------
[2022-09-18 18:29:12,501] {taskinstance.py:1018} INFO - Starting attempt 1 of 3
[2022-09-18 18:29:12,503] {taskinstance.py:1019} INFO - 
--------------------------------------------------------------------------------
[2022-09-18 18:29:12,592] {taskinstance.py:1038} INFO - Executing <Task(BigQueryCheckOperator): check_query_big_query_table> on 2022-09-15T03:00:00+00:00
[2022-09-18 18:29:12,612] {standard_task_runner.py:51} INFO - Started process 30883 to run task
[2022-09-18 18:29:12,669] {standard_task_runner.py:75} INFO - Running: ['airflow', 'tasks', 'run', 'bigquery_dag', 'check_query_big_query_table', '2022-09-15T03:00:00+00:00', '--job-id', '260', '--pool', 'default_pool', '--raw', '--subdir', 'DAGS_FOLDER/dag_with_bigquery.py', '--cfg-path', '/tmp/tmpfkcpd3f6']
[2022-09-18 18:29:12,690] {standard_task_runner.py:76} INFO - Job 260: Subtask check_query_big_query_table
[2022-09-18 18:29:12,921] {logging_mixin.py:103} INFO - Running <TaskInstance: bigquery_dag.check_query_big_query_table 2022-09-15T03:00:00+00:00 [running]> on host 27377494ab8b
[2022-09-18 18:29:13,189] {taskinstance.py:1232} INFO - Exporting the following env vars:
AIRFLOW_CTX_DAG_OWNER=Dave
AIRFLOW_CTX_DAG_ID=bigquery_dag
AIRFLOW_CTX_TASK_ID=check_query_big_query_table
AIRFLOW_CTX_EXECUTION_DATE=2022-09-15T03:00:00+00:00
AIRFLOW_CTX_DAG_RUN_ID=scheduled__2022-09-15T03:00:00+00:00
[2022-09-18 18:29:13,202] {sql.py:87} INFO - Executing SQL check: 
           select id from githubarchive.day.20220914
        
[2022-09-18 18:29:13,304] {logging_mixin.py:103} WARNING - /home/airflow/.local/lib/python3.6/site-packages/airflow/providers/google/cloud/hooks/bigquery.py:120 DeprecationWarning: This method will be deprecated. Please use `BigQueryHook.get_client` method
[2022-09-18 18:29:13,312] {taskinstance.py:1396} ERROR - [Errno 2] No such file or directory: '/opt/airflow/dags/dags/support/quick-keel-213611-2877771d11bf.json'
Traceback (most recent call last):
  File "/home/airflow/.local/lib/python3.6/site-packages/airflow/models/taskinstance.py", line 1086, in _run_raw_task
    self._prepare_and_execute_task_with_callbacks(context, task)
  File "/home/airflow/.local/lib/python3.6/site-packages/airflow/models/taskinstance.py", line 1260, in _prepare_and_execute_task_with_callbacks
    result = self._execute_task(context, task_copy)
  File "/home/airflow/.local/lib/python3.6/site-packages/airflow/models/taskinstance.py", line 1300, in _execute_task
    result = task_copy.execute(context=context)
  File "/home/airflow/.local/lib/python3.6/site-packages/airflow/operators/sql.py", line 88, in execute
    records = self.get_db_hook().get_first(self.sql)
  File "/home/airflow/.local/lib/python3.6/site-packages/airflow/hooks/dbapi.py", line 147, in get_first
    with closing(self.get_conn()) as conn:
  File "/home/airflow/.local/lib/python3.6/site-packages/airflow/providers/google/cloud/hooks/bigquery.py", line 107, in get_conn
    service = self.get_service()
  File "/home/airflow/.local/lib/python3.6/site-packages/airflow/providers/google/cloud/hooks/bigquery.py", line 122, in get_service
    http_authorized = self._authorize()
  File "/home/airflow/.local/lib/python3.6/site-packages/airflow/providers/google/common/hooks/base_google.py", line 280, in _authorize
    credentials = self._get_credentials()
  File "/home/airflow/.local/lib/python3.6/site-packages/airflow/providers/google/common/hooks/base_google.py", line 251, in _get_credentials
    credentials, _ = self._get_credentials_and_project_id()
  File "/home/airflow/.local/lib/python3.6/site-packages/airflow/providers/google/common/hooks/base_google.py", line 237, in _get_credentials_and_project_id
    delegates=delegates,
  File "/home/airflow/.local/lib/python3.6/site-packages/airflow/providers/google/cloud/utils/credentials_provider.py", line 309, in get_credentials_and_project_id
    return _CredentialProvider(*args, **kwargs).get_credentials_and_project()
  File "/home/airflow/.local/lib/python3.6/site-packages/airflow/providers/google/cloud/utils/credentials_provider.py", line 238, in get_credentials_and_project
    credentials, project_id = self._get_credentials_using_key_path()
  File "/home/airflow/.local/lib/python3.6/site-packages/airflow/providers/google/cloud/utils/credentials_provider.py", line 286, in _get_credentials_using_key_path
    self.key_path, scopes=self.scopes
  File "/home/airflow/.local/lib/python3.6/site-packages/google/oauth2/service_account.py", line 234, in from_service_account_file
    filename, require=["client_email", "token_uri"]
  File "/home/airflow/.local/lib/python3.6/site-packages/google/auth/_service_account_info.py", line 72, in from_filename
    with io.open(filename, "r", encoding="utf-8") as json_file:
FileNotFoundError: [Errno 2] No such file or directory: '/opt/airflow/dags/dags/support/quick-keel-213611-2877771d11bf.json'
[2022-09-18 18:29:13,345] {taskinstance.py:1440} INFO - Marking task as UP_FOR_RETRY. dag_id=bigquery_dag, task_id=check_query_big_query_table, execution_date=20220915T030000, start_date=20220918T182912, end_date=20220918T182913
[2022-09-18 18:29:13,446] {local_task_job.py:118} INFO - Task exited with return code 1
[2022-09-18 18:31:53,764] {taskinstance.py:826} INFO - Dependencies all met for <TaskInstance: bigquery_dag.check_query_big_query_table 2022-09-15T03:00:00+00:00 [None]>
[2022-09-18 18:31:53,843] {taskinstance.py:826} INFO - Dependencies all met for <TaskInstance: bigquery_dag.check_query_big_query_table 2022-09-15T03:00:00+00:00 [None]>
[2022-09-18 18:31:53,845] {taskinstance.py:1017} INFO - 
--------------------------------------------------------------------------------
[2022-09-18 18:31:53,846] {taskinstance.py:1018} INFO - Starting attempt 1 of 3
[2022-09-18 18:31:53,847] {taskinstance.py:1019} INFO - 
--------------------------------------------------------------------------------
[2022-09-18 18:31:53,932] {taskinstance.py:1038} INFO - Executing <Task(BigQueryCheckOperator): check_query_big_query_table> on 2022-09-15T03:00:00+00:00
[2022-09-18 18:31:53,967] {standard_task_runner.py:51} INFO - Started process 1605 to run task
[2022-09-18 18:31:54,016] {standard_task_runner.py:75} INFO - Running: ['airflow', 'tasks', 'run', 'bigquery_dag', 'check_query_big_query_table', '2022-09-15T03:00:00+00:00', '--job-id', '280', '--pool', 'default_pool', '--raw', '--subdir', 'DAGS_FOLDER/dag_with_bigquery.py', '--cfg-path', '/tmp/tmpvbfqmv58']
[2022-09-18 18:31:54,037] {standard_task_runner.py:76} INFO - Job 280: Subtask check_query_big_query_table
[2022-09-18 18:31:54,295] {logging_mixin.py:103} INFO - Running <TaskInstance: bigquery_dag.check_query_big_query_table 2022-09-15T03:00:00+00:00 [running]> on host 27377494ab8b
[2022-09-18 18:31:54,518] {taskinstance.py:1232} INFO - Exporting the following env vars:
AIRFLOW_CTX_DAG_OWNER=Dave
AIRFLOW_CTX_DAG_ID=bigquery_dag
AIRFLOW_CTX_TASK_ID=check_query_big_query_table
AIRFLOW_CTX_EXECUTION_DATE=2022-09-15T03:00:00+00:00
[2022-09-18 18:31:54,529] {sql.py:87} INFO - Executing SQL check: 
           select id from githubarchive.day.20220914
        
[2022-09-18 18:31:54,616] {logging_mixin.py:103} WARNING - /home/airflow/.local/lib/python3.6/site-packages/airflow/providers/google/cloud/hooks/bigquery.py:120 DeprecationWarning: This method will be deprecated. Please use `BigQueryHook.get_client` method
[2022-09-18 18:31:55,640] {logging_mixin.py:103} WARNING - /home/airflow/.local/lib/python3.6/site-packages/airflow/providers/google/cloud/hooks/bigquery.py:2052 DeprecationWarning: This method is deprecated. Please use `BigQueryHook.insert_job` method.
[2022-09-18 18:31:55,648] {bigquery.py:1510} INFO - Inserting job airflow_1663525915644648_06d2bf8b43be9b79a3e89edf3b53e367
[2022-09-18 18:32:12,233] {local_task_job.py:118} INFO - Task exited with return code Negsignal.SIGKILL
[2022-09-18 18:37:28,579] {taskinstance.py:826} INFO - Dependencies all met for <TaskInstance: bigquery_dag.check_query_big_query_table 2022-09-15T03:00:00+00:00 [queued]>
[2022-09-18 18:37:28,967] {taskinstance.py:826} INFO - Dependencies all met for <TaskInstance: bigquery_dag.check_query_big_query_table 2022-09-15T03:00:00+00:00 [queued]>
[2022-09-18 18:37:28,970] {taskinstance.py:1017} INFO - 
--------------------------------------------------------------------------------
[2022-09-18 18:37:28,972] {taskinstance.py:1018} INFO - Starting attempt 1 of 3
[2022-09-18 18:37:28,974] {taskinstance.py:1019} INFO - 
--------------------------------------------------------------------------------
[2022-09-18 18:37:29,174] {taskinstance.py:1038} INFO - Executing <Task(BigQueryCheckOperator): check_query_big_query_table> on 2022-09-15T03:00:00+00:00
[2022-09-18 18:37:29,206] {standard_task_runner.py:51} INFO - Started process 415 to run task
[2022-09-18 18:37:29,280] {standard_task_runner.py:75} INFO - Running: ['airflow', 'tasks', 'run', 'bigquery_dag', 'check_query_big_query_table', '2022-09-15T03:00:00+00:00', '--job-id', '300', '--pool', 'default_pool', '--raw', '--subdir', 'DAGS_FOLDER/dag_with_bigquery.py', '--cfg-path', '/tmp/tmpavnxvvww']
[2022-09-18 18:37:29,320] {standard_task_runner.py:76} INFO - Job 300: Subtask check_query_big_query_table
[2022-09-18 18:37:30,043] {logging_mixin.py:103} INFO - Running <TaskInstance: bigquery_dag.check_query_big_query_table 2022-09-15T03:00:00+00:00 [running]> on host 27377494ab8b
[2022-09-18 18:37:31,068] {taskinstance.py:1232} INFO - Exporting the following env vars:
AIRFLOW_CTX_DAG_OWNER=Dave
AIRFLOW_CTX_DAG_ID=bigquery_dag
AIRFLOW_CTX_TASK_ID=check_query_big_query_table
AIRFLOW_CTX_EXECUTION_DATE=2022-09-15T03:00:00+00:00
AIRFLOW_CTX_DAG_RUN_ID=scheduled__2022-09-15T03:00:00+00:00
[2022-09-18 18:37:31,201] {sql.py:87} INFO - Executing SQL check: 
           select id from githubarchive.day.20220914
        
[2022-09-18 18:37:31,823] {logging_mixin.py:103} WARNING - /home/airflow/.local/lib/python3.6/site-packages/airflow/providers/google/cloud/hooks/bigquery.py:120 DeprecationWarning: This method will be deprecated. Please use `BigQueryHook.get_client` method
[2022-09-18 18:37:39,752] {logging_mixin.py:103} WARNING - /home/airflow/.local/lib/python3.6/site-packages/airflow/providers/google/cloud/hooks/bigquery.py:2052 DeprecationWarning: This method is deprecated. Please use `BigQueryHook.insert_job` method.
[2022-09-18 18:37:39,890] {bigquery.py:1510} INFO - Inserting job airflow_1663526259827031_06d2bf8b43be9b79a3e89edf3b53e367
[2022-09-18 18:38:03,455] {local_task_job.py:118} INFO - Task exited with return code Negsignal.SIGKILL
[2022-09-18 19:33:21,439] {taskinstance.py:826} INFO - Dependencies all met for <TaskInstance: bigquery_dag.check_query_big_query_table 2022-09-15T03:00:00+00:00 [queued]>
[2022-09-18 19:33:21,571] {taskinstance.py:826} INFO - Dependencies all met for <TaskInstance: bigquery_dag.check_query_big_query_table 2022-09-15T03:00:00+00:00 [queued]>
[2022-09-18 19:33:21,573] {taskinstance.py:1017} INFO - 
--------------------------------------------------------------------------------
[2022-09-18 19:33:21,575] {taskinstance.py:1018} INFO - Starting attempt 1 of 3
[2022-09-18 19:33:21,577] {taskinstance.py:1019} INFO - 
--------------------------------------------------------------------------------
[2022-09-18 19:33:21,664] {taskinstance.py:1038} INFO - Executing <Task(BigQueryCheckOperator): check_query_big_query_table> on 2022-09-15T03:00:00+00:00
[2022-09-18 19:33:21,677] {standard_task_runner.py:51} INFO - Started process 22183 to run task
[2022-09-18 19:33:21,694] {standard_task_runner.py:75} INFO - Running: ['airflow', 'tasks', 'run', 'bigquery_dag', 'check_query_big_query_table', '2022-09-15T03:00:00+00:00', '--job-id', '382', '--pool', 'default_pool', '--raw', '--subdir', 'DAGS_FOLDER/dag_with_bigquery.py', '--cfg-path', '/tmp/tmpxmb4qdma']
[2022-09-18 19:33:21,702] {standard_task_runner.py:76} INFO - Job 382: Subtask check_query_big_query_table
[2022-09-18 19:33:21,907] {logging_mixin.py:103} INFO - Running <TaskInstance: bigquery_dag.check_query_big_query_table 2022-09-15T03:00:00+00:00 [running]> on host 27377494ab8b
[2022-09-18 19:33:22,346] {taskinstance.py:1232} INFO - Exporting the following env vars:
AIRFLOW_CTX_DAG_OWNER=Dave
AIRFLOW_CTX_DAG_ID=bigquery_dag
AIRFLOW_CTX_TASK_ID=check_query_big_query_table
AIRFLOW_CTX_EXECUTION_DATE=2022-09-15T03:00:00+00:00
AIRFLOW_CTX_DAG_RUN_ID=scheduled__2022-09-15T03:00:00+00:00
[2022-09-18 19:33:22,364] {sql.py:87} INFO - Executing SQL check: 
           select id from githubarchive.day.20220914
        
[2022-09-18 19:33:22,437] {logging_mixin.py:103} WARNING - /home/airflow/.local/lib/python3.6/site-packages/airflow/providers/google/cloud/hooks/bigquery.py:120 DeprecationWarning: This method will be deprecated. Please use `BigQueryHook.get_client` method
[2022-09-18 19:33:23,286] {logging_mixin.py:103} WARNING - /home/airflow/.local/lib/python3.6/site-packages/airflow/providers/google/cloud/hooks/bigquery.py:2052 DeprecationWarning: This method is deprecated. Please use `BigQueryHook.insert_job` method.
[2022-09-18 19:33:23,305] {bigquery.py:1510} INFO - Inserting job airflow_1663529603290961_06d2bf8b43be9b79a3e89edf3b53e367
[2022-09-18 19:33:24,450] {local_task_job.py:77} ERROR - Received SIGTERM. Terminating subprocesses
[2022-09-18 19:37:34,624] {taskinstance.py:826} INFO - Dependencies all met for <TaskInstance: bigquery_dag.check_query_big_query_table 2022-09-15T03:00:00+00:00 [queued]>
[2022-09-18 19:37:34,793] {taskinstance.py:826} INFO - Dependencies all met for <TaskInstance: bigquery_dag.check_query_big_query_table 2022-09-15T03:00:00+00:00 [queued]>
[2022-09-18 19:37:34,801] {taskinstance.py:1017} INFO - 
--------------------------------------------------------------------------------
[2022-09-18 19:37:34,803] {taskinstance.py:1018} INFO - Starting attempt 1 of 3
[2022-09-18 19:37:34,805] {taskinstance.py:1019} INFO - 
--------------------------------------------------------------------------------
[2022-09-18 19:37:34,899] {taskinstance.py:1038} INFO - Executing <Task(BigQueryCheckOperator): check_query_big_query_table> on 2022-09-15T03:00:00+00:00
[2022-09-18 19:37:34,929] {standard_task_runner.py:51} INFO - Started process 1800 to run task
[2022-09-18 19:37:34,991] {standard_task_runner.py:75} INFO - Running: ['airflow', 'tasks', 'run', 'bigquery_dag', 'check_query_big_query_table', '2022-09-15T03:00:00+00:00', '--job-id', '402', '--pool', 'default_pool', '--raw', '--subdir', 'DAGS_FOLDER/dag_with_bigquery.py', '--cfg-path', '/tmp/tmpftzguxe5']
[2022-09-18 19:37:35,041] {standard_task_runner.py:76} INFO - Job 402: Subtask check_query_big_query_table
[2022-09-18 19:37:35,843] {logging_mixin.py:103} INFO - Running <TaskInstance: bigquery_dag.check_query_big_query_table 2022-09-15T03:00:00+00:00 [running]> on host 27377494ab8b
[2022-09-18 19:37:36,506] {taskinstance.py:1232} INFO - Exporting the following env vars:
AIRFLOW_CTX_DAG_OWNER=Dave
AIRFLOW_CTX_DAG_ID=bigquery_dag
AIRFLOW_CTX_TASK_ID=check_query_big_query_table
AIRFLOW_CTX_EXECUTION_DATE=2022-09-15T03:00:00+00:00
AIRFLOW_CTX_DAG_RUN_ID=scheduled__2022-09-15T03:00:00+00:00
[2022-09-18 19:37:36,553] {sql.py:87} INFO - Executing SQL check: 
           select id from githubarchive.day.20220914
        
[2022-09-18 19:37:36,807] {logging_mixin.py:103} WARNING - /home/airflow/.local/lib/python3.6/site-packages/airflow/providers/google/cloud/hooks/bigquery.py:120 DeprecationWarning: This method will be deprecated. Please use `BigQueryHook.get_client` method
[2022-09-18 19:37:40,882] {logging_mixin.py:103} WARNING - /home/airflow/.local/lib/python3.6/site-packages/airflow/providers/google/cloud/hooks/bigquery.py:2052 DeprecationWarning: This method is deprecated. Please use `BigQueryHook.insert_job` method.
[2022-09-18 19:37:40,933] {bigquery.py:1510} INFO - Inserting job airflow_1663529860915063_06d2bf8b43be9b79a3e89edf3b53e367
[2022-09-18 19:38:33,993] {sql.py:90} INFO - Record: ['23990728531']
[2022-09-18 19:38:34,010] {sql.py:96} INFO - Success.
[2022-09-18 19:38:34,096] {taskinstance.py:1142} INFO - Marking task as SUCCESS. dag_id=bigquery_dag, task_id=check_query_big_query_table, execution_date=20220915T030000, start_date=20220918T193734, end_date=20220918T193834
[2022-09-18 19:38:34,786] {taskinstance.py:1195} INFO - 2 downstream tasks scheduled from follow-on schedule check
[2022-09-18 19:38:35,206] {local_task_job.py:118} INFO - Task exited with return code 0
