[2022-09-18 18:30:29,639] {taskinstance.py:826} INFO - Dependencies all met for <TaskInstance: bigquery_dag.check_query_big_query_table 2022-09-15T03:00:00+00:00 [queued]>
[2022-09-18 18:30:29,790] {taskinstance.py:826} INFO - Dependencies all met for <TaskInstance: bigquery_dag.check_query_big_query_table 2022-09-15T03:00:00+00:00 [queued]>
[2022-09-18 18:30:29,798] {taskinstance.py:1017} INFO - 
--------------------------------------------------------------------------------
[2022-09-18 18:30:29,800] {taskinstance.py:1018} INFO - Starting attempt 2 of 3
[2022-09-18 18:30:29,806] {taskinstance.py:1019} INFO - 
--------------------------------------------------------------------------------
[2022-09-18 18:30:29,934] {taskinstance.py:1038} INFO - Executing <Task(BigQueryCheckOperator): check_query_big_query_table> on 2022-09-15T03:00:00+00:00
[2022-09-18 18:30:29,963] {standard_task_runner.py:51} INFO - Started process 820 to run task
[2022-09-18 18:30:30,009] {standard_task_runner.py:75} INFO - Running: ['airflow', 'tasks', 'run', 'bigquery_dag', 'check_query_big_query_table', '2022-09-15T03:00:00+00:00', '--job-id', '272', '--pool', 'default_pool', '--raw', '--subdir', 'DAGS_FOLDER/dag_with_bigquery.py', '--cfg-path', '/tmp/tmp142xk5zj']
[2022-09-18 18:30:30,029] {standard_task_runner.py:76} INFO - Job 272: Subtask check_query_big_query_table
[2022-09-18 18:30:30,734] {logging_mixin.py:103} INFO - Running <TaskInstance: bigquery_dag.check_query_big_query_table 2022-09-15T03:00:00+00:00 [running]> on host 27377494ab8b
[2022-09-18 18:30:30,942] {taskinstance.py:1232} INFO - Exporting the following env vars:
AIRFLOW_CTX_DAG_OWNER=Dave
AIRFLOW_CTX_DAG_ID=bigquery_dag
AIRFLOW_CTX_TASK_ID=check_query_big_query_table
AIRFLOW_CTX_EXECUTION_DATE=2022-09-15T03:00:00+00:00
AIRFLOW_CTX_DAG_RUN_ID=scheduled__2022-09-15T03:00:00+00:00
[2022-09-18 18:30:30,953] {sql.py:87} INFO - Executing SQL check: 
           select id from githubarchive.day.20220914
        
[2022-09-18 18:30:31,024] {logging_mixin.py:103} WARNING - /home/airflow/.local/lib/python3.6/site-packages/airflow/providers/google/cloud/hooks/bigquery.py:120 DeprecationWarning: This method will be deprecated. Please use `BigQueryHook.get_client` method
[2022-09-18 18:30:31,032] {taskinstance.py:1396} ERROR - [Errno 2] No such file or directory: '/opt/airflow/dags/dags/support/quick-keel-213611-2877771d11bf.json'
Traceback (most recent call last):
  File "/home/airflow/.local/lib/python3.6/site-packages/airflow/models/taskinstance.py", line 1086, in _run_raw_task
    self._prepare_and_execute_task_with_callbacks(context, task)
  File "/home/airflow/.local/lib/python3.6/site-packages/airflow/models/taskinstance.py", line 1260, in _prepare_and_execute_task_with_callbacks
    result = self._execute_task(context, task_copy)
  File "/home/airflow/.local/lib/python3.6/site-packages/airflow/models/taskinstance.py", line 1300, in _execute_task
    result = task_copy.execute(context=context)
  File "/home/airflow/.local/lib/python3.6/site-packages/airflow/operators/sql.py", line 88, in execute
    records = self.get_db_hook().get_first(self.sql)
  File "/home/airflow/.local/lib/python3.6/site-packages/airflow/hooks/dbapi.py", line 147, in get_first
    with closing(self.get_conn()) as conn:
  File "/home/airflow/.local/lib/python3.6/site-packages/airflow/providers/google/cloud/hooks/bigquery.py", line 107, in get_conn
    service = self.get_service()
  File "/home/airflow/.local/lib/python3.6/site-packages/airflow/providers/google/cloud/hooks/bigquery.py", line 122, in get_service
    http_authorized = self._authorize()
  File "/home/airflow/.local/lib/python3.6/site-packages/airflow/providers/google/common/hooks/base_google.py", line 280, in _authorize
    credentials = self._get_credentials()
  File "/home/airflow/.local/lib/python3.6/site-packages/airflow/providers/google/common/hooks/base_google.py", line 251, in _get_credentials
    credentials, _ = self._get_credentials_and_project_id()
  File "/home/airflow/.local/lib/python3.6/site-packages/airflow/providers/google/common/hooks/base_google.py", line 237, in _get_credentials_and_project_id
    delegates=delegates,
  File "/home/airflow/.local/lib/python3.6/site-packages/airflow/providers/google/cloud/utils/credentials_provider.py", line 309, in get_credentials_and_project_id
    return _CredentialProvider(*args, **kwargs).get_credentials_and_project()
  File "/home/airflow/.local/lib/python3.6/site-packages/airflow/providers/google/cloud/utils/credentials_provider.py", line 238, in get_credentials_and_project
    credentials, project_id = self._get_credentials_using_key_path()
  File "/home/airflow/.local/lib/python3.6/site-packages/airflow/providers/google/cloud/utils/credentials_provider.py", line 286, in _get_credentials_using_key_path
    self.key_path, scopes=self.scopes
  File "/home/airflow/.local/lib/python3.6/site-packages/google/oauth2/service_account.py", line 234, in from_service_account_file
    filename, require=["client_email", "token_uri"]
  File "/home/airflow/.local/lib/python3.6/site-packages/google/auth/_service_account_info.py", line 72, in from_filename
    with io.open(filename, "r", encoding="utf-8") as json_file:
FileNotFoundError: [Errno 2] No such file or directory: '/opt/airflow/dags/dags/support/quick-keel-213611-2877771d11bf.json'
[2022-09-18 18:30:31,063] {taskinstance.py:1440} INFO - Marking task as UP_FOR_RETRY. dag_id=bigquery_dag, task_id=check_query_big_query_table, execution_date=20220915T030000, start_date=20220918T183029, end_date=20220918T183031
[2022-09-18 18:30:31,135] {local_task_job.py:118} INFO - Task exited with return code 1
[2022-09-18 18:40:47,181] {taskinstance.py:826} INFO - Dependencies all met for <TaskInstance: bigquery_dag.check_query_big_query_table 2022-09-15T03:00:00+00:00 [queued]>
[2022-09-18 18:40:47,291] {taskinstance.py:826} INFO - Dependencies all met for <TaskInstance: bigquery_dag.check_query_big_query_table 2022-09-15T03:00:00+00:00 [queued]>
[2022-09-18 18:40:47,293] {taskinstance.py:1017} INFO - 
--------------------------------------------------------------------------------
[2022-09-18 18:40:47,295] {taskinstance.py:1018} INFO - Starting attempt 2 of 3
[2022-09-18 18:40:47,297] {taskinstance.py:1019} INFO - 
--------------------------------------------------------------------------------
[2022-09-18 18:40:47,377] {taskinstance.py:1038} INFO - Executing <Task(BigQueryCheckOperator): check_query_big_query_table> on 2022-09-15T03:00:00+00:00
[2022-09-18 18:40:47,405] {standard_task_runner.py:51} INFO - Started process 1547 to run task
[2022-09-18 18:40:47,485] {standard_task_runner.py:75} INFO - Running: ['airflow', 'tasks', 'run', 'bigquery_dag', 'check_query_big_query_table', '2022-09-15T03:00:00+00:00', '--job-id', '314', '--pool', 'default_pool', '--raw', '--subdir', 'DAGS_FOLDER/dag_with_bigquery.py', '--cfg-path', '/tmp/tmp1vflj59y']
[2022-09-18 18:40:47,528] {standard_task_runner.py:76} INFO - Job 314: Subtask check_query_big_query_table
[2022-09-18 18:40:48,207] {logging_mixin.py:103} INFO - Running <TaskInstance: bigquery_dag.check_query_big_query_table 2022-09-15T03:00:00+00:00 [running]> on host 27377494ab8b
[2022-09-18 18:40:48,672] {taskinstance.py:1232} INFO - Exporting the following env vars:
AIRFLOW_CTX_DAG_OWNER=Dave
AIRFLOW_CTX_DAG_ID=bigquery_dag
AIRFLOW_CTX_TASK_ID=check_query_big_query_table
AIRFLOW_CTX_EXECUTION_DATE=2022-09-15T03:00:00+00:00
AIRFLOW_CTX_DAG_RUN_ID=scheduled__2022-09-15T03:00:00+00:00
[2022-09-18 18:40:48,694] {sql.py:87} INFO - Executing SQL check: 
           select id from githubarchive.day.20220914
        
[2022-09-18 18:40:48,882] {logging_mixin.py:103} WARNING - /home/airflow/.local/lib/python3.6/site-packages/airflow/providers/google/cloud/hooks/bigquery.py:120 DeprecationWarning: This method will be deprecated. Please use `BigQueryHook.get_client` method
[2022-09-18 18:40:51,321] {logging_mixin.py:103} WARNING - /home/airflow/.local/lib/python3.6/site-packages/airflow/providers/google/cloud/hooks/bigquery.py:2052 DeprecationWarning: This method is deprecated. Please use `BigQueryHook.insert_job` method.
[2022-09-18 18:40:51,334] {bigquery.py:1510} INFO - Inserting job airflow_1663526451330093_06d2bf8b43be9b79a3e89edf3b53e367
[2022-09-18 18:41:05,272] {local_task_job.py:118} INFO - Task exited with return code Negsignal.SIGKILL
[2022-09-18 19:17:40,543] {taskinstance.py:826} INFO - Dependencies all met for <TaskInstance: bigquery_dag.check_query_big_query_table 2022-09-15T03:00:00+00:00 [queued]>
[2022-09-18 19:17:40,604] {taskinstance.py:826} INFO - Dependencies all met for <TaskInstance: bigquery_dag.check_query_big_query_table 2022-09-15T03:00:00+00:00 [queued]>
[2022-09-18 19:17:40,606] {taskinstance.py:1017} INFO - 
--------------------------------------------------------------------------------
[2022-09-18 19:17:40,607] {taskinstance.py:1018} INFO - Starting attempt 2 of 3
[2022-09-18 19:17:40,608] {taskinstance.py:1019} INFO - 
--------------------------------------------------------------------------------
[2022-09-18 19:17:40,662] {taskinstance.py:1038} INFO - Executing <Task(BigQueryCheckOperator): check_query_big_query_table> on 2022-09-15T03:00:00+00:00
[2022-09-18 19:17:40,684] {standard_task_runner.py:51} INFO - Started process 2870 to run task
[2022-09-18 19:17:40,712] {standard_task_runner.py:75} INFO - Running: ['airflow', 'tasks', 'run', 'bigquery_dag', 'check_query_big_query_table', '2022-09-15T03:00:00+00:00', '--job-id', '365', '--pool', 'default_pool', '--raw', '--subdir', 'DAGS_FOLDER/dag_with_bigquery.py', '--cfg-path', '/tmp/tmpklg3mwsg']
[2022-09-18 19:17:40,722] {standard_task_runner.py:76} INFO - Job 365: Subtask check_query_big_query_table
[2022-09-18 19:17:40,953] {logging_mixin.py:103} INFO - Running <TaskInstance: bigquery_dag.check_query_big_query_table 2022-09-15T03:00:00+00:00 [running]> on host 27377494ab8b
[2022-09-18 19:17:41,172] {taskinstance.py:1232} INFO - Exporting the following env vars:
AIRFLOW_CTX_DAG_OWNER=Dave
AIRFLOW_CTX_DAG_ID=bigquery_dag
AIRFLOW_CTX_TASK_ID=check_query_big_query_table
AIRFLOW_CTX_EXECUTION_DATE=2022-09-15T03:00:00+00:00
AIRFLOW_CTX_DAG_RUN_ID=scheduled__2022-09-15T03:00:00+00:00
[2022-09-18 19:17:41,190] {sql.py:87} INFO - Executing SQL check: 
           select id from githubarchive.day.20220914
        
[2022-09-18 19:17:41,256] {logging_mixin.py:103} WARNING - /home/airflow/.local/lib/python3.6/site-packages/airflow/providers/google/cloud/hooks/bigquery.py:120 DeprecationWarning: This method will be deprecated. Please use `BigQueryHook.get_client` method
[2022-09-18 19:17:42,226] {logging_mixin.py:103} WARNING - /home/airflow/.local/lib/python3.6/site-packages/airflow/providers/google/cloud/hooks/bigquery.py:2052 DeprecationWarning: This method is deprecated. Please use `BigQueryHook.insert_job` method.
[2022-09-18 19:17:42,241] {bigquery.py:1510} INFO - Inserting job airflow_1663528662236238_06d2bf8b43be9b79a3e89edf3b53e367
[2022-09-18 19:17:42,649] {taskinstance.py:1396} ERROR - 403 POST https://bigquery.googleapis.com/bigquery/v2/projects/quick-keel-213611/jobs?prettyPrint=false: Access Denied: Project quick-keel-213611: User does not have bigquery.jobs.create permission in project quick-keel-213611.

(job ID: airflow_1663528662236238_06d2bf8b43be9b79a3e89edf3b53e367)

             -----Query Job SQL Follows-----             

    |    .    |    .    |    .    |    .    |    .    |
   1:
   2:           select id from githubarchive.day.20220914
   3:        
    |    .    |    .    |    .    |    .    |    .    |

(job ID: airflow_1663528662236238_06d2bf8b43be9b79a3e89edf3b53e367)

             -----Query Job SQL Follows-----             

    |    .    |    .    |    .    |    .    |    .    |
   1:
   2:           select id from githubarchive.day.20220914
   3:        
    |    .    |    .    |    .    |    .    |    .    |
Traceback (most recent call last):
  File "/home/airflow/.local/lib/python3.6/site-packages/airflow/models/taskinstance.py", line 1086, in _run_raw_task
    self._prepare_and_execute_task_with_callbacks(context, task)
  File "/home/airflow/.local/lib/python3.6/site-packages/airflow/models/taskinstance.py", line 1260, in _prepare_and_execute_task_with_callbacks
    result = self._execute_task(context, task_copy)
  File "/home/airflow/.local/lib/python3.6/site-packages/airflow/models/taskinstance.py", line 1300, in _execute_task
    result = task_copy.execute(context=context)
  File "/home/airflow/.local/lib/python3.6/site-packages/airflow/operators/sql.py", line 88, in execute
    records = self.get_db_hook().get_first(self.sql)
  File "/home/airflow/.local/lib/python3.6/site-packages/airflow/hooks/dbapi.py", line 152, in get_first
    cur.execute(sql)
  File "/home/airflow/.local/lib/python3.6/site-packages/airflow/providers/google/cloud/hooks/bigquery.py", line 2639, in execute
    self.job_id = self.hook.run_query(sql)
  File "/home/airflow/.local/lib/python3.6/site-packages/airflow/providers/google/cloud/hooks/bigquery.py", line 2186, in run_query
    job = self.insert_job(configuration=configuration, project_id=self.project_id)
  File "/home/airflow/.local/lib/python3.6/site-packages/airflow/providers/google/common/hooks/base_google.py", line 425, in inner_wrapper
    return func(self, *args, **kwargs)
  File "/home/airflow/.local/lib/python3.6/site-packages/airflow/providers/google/cloud/hooks/bigquery.py", line 1512, in insert_job
    job.result()
  File "/home/airflow/.local/lib/python3.6/site-packages/google/cloud/bigquery/job/query.py", line 1159, in result
    super(QueryJob, self).result(retry=retry, timeout=timeout)
  File "/home/airflow/.local/lib/python3.6/site-packages/google/cloud/bigquery/job/base.py", line 628, in result
    self._begin(retry=retry, timeout=timeout)
  File "/home/airflow/.local/lib/python3.6/site-packages/google/cloud/bigquery/job/query.py", line 1069, in _begin
    super(QueryJob, self)._begin(client=client, retry=retry, timeout=timeout)
  File "/home/airflow/.local/lib/python3.6/site-packages/google/cloud/bigquery/job/base.py", line 438, in _begin
    timeout=timeout,
  File "/home/airflow/.local/lib/python3.6/site-packages/google/cloud/bigquery/client.py", line 640, in _call_api
    return call()
  File "/home/airflow/.local/lib/python3.6/site-packages/google/api_core/retry.py", line 286, in retry_wrapped_func
    on_error=on_error,
  File "/home/airflow/.local/lib/python3.6/site-packages/google/api_core/retry.py", line 184, in retry_target
    return target()
  File "/home/airflow/.local/lib/python3.6/site-packages/google/cloud/_http.py", line 483, in api_request
    raise exceptions.from_http_response(response)
google.api_core.exceptions.Forbidden: 403 POST https://bigquery.googleapis.com/bigquery/v2/projects/quick-keel-213611/jobs?prettyPrint=false: Access Denied: Project quick-keel-213611: User does not have bigquery.jobs.create permission in project quick-keel-213611.

(job ID: airflow_1663528662236238_06d2bf8b43be9b79a3e89edf3b53e367)

             -----Query Job SQL Follows-----             

    |    .    |    .    |    .    |    .    |    .    |
   1:
   2:           select id from githubarchive.day.20220914
   3:        
    |    .    |    .    |    .    |    .    |    .    |

(job ID: airflow_1663528662236238_06d2bf8b43be9b79a3e89edf3b53e367)

             -----Query Job SQL Follows-----             

    |    .    |    .    |    .    |    .    |    .    |
   1:
   2:           select id from githubarchive.day.20220914
   3:        
    |    .    |    .    |    .    |    .    |    .    |
[2022-09-18 19:17:42,672] {taskinstance.py:1440} INFO - Marking task as UP_FOR_RETRY. dag_id=bigquery_dag, task_id=check_query_big_query_table, execution_date=20220915T030000, start_date=20220918T191740, end_date=20220918T191742
[2022-09-18 19:17:42,874] {local_task_job.py:118} INFO - Task exited with return code 1
[2022-09-18 19:34:03,772] {taskinstance.py:826} INFO - Dependencies all met for <TaskInstance: bigquery_dag.check_query_big_query_table 2022-09-15T03:00:00+00:00 [queued]>
[2022-09-18 19:34:03,985] {taskinstance.py:826} INFO - Dependencies all met for <TaskInstance: bigquery_dag.check_query_big_query_table 2022-09-15T03:00:00+00:00 [queued]>
[2022-09-18 19:34:03,987] {taskinstance.py:1017} INFO - 
--------------------------------------------------------------------------------
[2022-09-18 19:34:03,993] {taskinstance.py:1018} INFO - Starting attempt 2 of 3
[2022-09-18 19:34:03,996] {taskinstance.py:1019} INFO - 
--------------------------------------------------------------------------------
[2022-09-18 19:34:04,127] {taskinstance.py:1038} INFO - Executing <Task(BigQueryCheckOperator): check_query_big_query_table> on 2022-09-15T03:00:00+00:00
[2022-09-18 19:34:04,157] {standard_task_runner.py:51} INFO - Started process 406 to run task
[2022-09-18 19:34:04,247] {standard_task_runner.py:75} INFO - Running: ['airflow', 'tasks', 'run', 'bigquery_dag', 'check_query_big_query_table', '2022-09-15T03:00:00+00:00', '--job-id', '387', '--pool', 'default_pool', '--raw', '--subdir', 'DAGS_FOLDER/dag_with_bigquery.py', '--cfg-path', '/tmp/tmp8no1va07']
[2022-09-18 19:34:04,273] {standard_task_runner.py:76} INFO - Job 387: Subtask check_query_big_query_table
[2022-09-18 19:34:05,017] {logging_mixin.py:103} INFO - Running <TaskInstance: bigquery_dag.check_query_big_query_table 2022-09-15T03:00:00+00:00 [running]> on host 27377494ab8b
[2022-09-18 19:34:05,635] {taskinstance.py:1232} INFO - Exporting the following env vars:
AIRFLOW_CTX_DAG_OWNER=Dave
AIRFLOW_CTX_DAG_ID=bigquery_dag
AIRFLOW_CTX_TASK_ID=check_query_big_query_table
AIRFLOW_CTX_EXECUTION_DATE=2022-09-15T03:00:00+00:00
AIRFLOW_CTX_DAG_RUN_ID=scheduled__2022-09-15T03:00:00+00:00
[2022-09-18 19:34:05,670] {sql.py:87} INFO - Executing SQL check: 
           select id from githubarchive.day.20220914
        
[2022-09-18 19:34:06,083] {logging_mixin.py:103} WARNING - /home/airflow/.local/lib/python3.6/site-packages/airflow/providers/google/cloud/hooks/bigquery.py:120 DeprecationWarning: This method will be deprecated. Please use `BigQueryHook.get_client` method
[2022-09-18 19:34:10,742] {logging_mixin.py:103} WARNING - /home/airflow/.local/lib/python3.6/site-packages/airflow/providers/google/cloud/hooks/bigquery.py:2052 DeprecationWarning: This method is deprecated. Please use `BigQueryHook.insert_job` method.
[2022-09-18 19:34:10,838] {bigquery.py:1510} INFO - Inserting job airflow_1663529650804295_06d2bf8b43be9b79a3e89edf3b53e367
[2022-09-18 19:34:32,217] {local_task_job.py:118} INFO - Task exited with return code Negsignal.SIGKILL
[2022-09-18 20:14:19,205] {taskinstance.py:826} INFO - Dependencies all met for <TaskInstance: bigquery_dag.check_query_big_query_table 2022-09-15T03:00:00+00:00 [queued]>
[2022-09-18 20:14:19,520] {taskinstance.py:826} INFO - Dependencies all met for <TaskInstance: bigquery_dag.check_query_big_query_table 2022-09-15T03:00:00+00:00 [queued]>
[2022-09-18 20:14:19,524] {taskinstance.py:1017} INFO - 
--------------------------------------------------------------------------------
[2022-09-18 20:14:19,527] {taskinstance.py:1018} INFO - Starting attempt 2 of 3
[2022-09-18 20:14:19,528] {taskinstance.py:1019} INFO - 
--------------------------------------------------------------------------------
[2022-09-18 20:14:19,689] {taskinstance.py:1038} INFO - Executing <Task(BigQueryCheckOperator): check_query_big_query_table> on 2022-09-15T03:00:00+00:00
[2022-09-18 20:14:19,708] {standard_task_runner.py:51} INFO - Started process 939 to run task
[2022-09-18 20:14:19,787] {standard_task_runner.py:75} INFO - Running: ['airflow', 'tasks', 'run', 'bigquery_dag', 'check_query_big_query_table', '2022-09-15T03:00:00+00:00', '--job-id', '465', '--pool', 'default_pool', '--raw', '--subdir', 'DAGS_FOLDER/dag_with_bigquery.py', '--cfg-path', '/tmp/tmpsz__5fr1']
[2022-09-18 20:14:19,843] {standard_task_runner.py:76} INFO - Job 465: Subtask check_query_big_query_table
[2022-09-18 20:14:20,567] {logging_mixin.py:103} INFO - Running <TaskInstance: bigquery_dag.check_query_big_query_table 2022-09-15T03:00:00+00:00 [running]> on host 27377494ab8b
[2022-09-18 20:14:21,547] {taskinstance.py:1232} INFO - Exporting the following env vars:
AIRFLOW_CTX_DAG_OWNER=Dave
AIRFLOW_CTX_DAG_ID=bigquery_dag
AIRFLOW_CTX_TASK_ID=check_query_big_query_table
AIRFLOW_CTX_EXECUTION_DATE=2022-09-15T03:00:00+00:00
AIRFLOW_CTX_DAG_RUN_ID=scheduled__2022-09-15T03:00:00+00:00
[2022-09-18 20:14:21,711] {sql.py:87} INFO - Executing SQL check: 
           select id from githubarchive.day.20220914
        
[2022-09-18 20:14:21,992] {logging_mixin.py:103} WARNING - /home/airflow/.local/lib/python3.6/site-packages/airflow/providers/google/cloud/hooks/bigquery.py:120 DeprecationWarning: This method will be deprecated. Please use `BigQueryHook.get_client` method
[2022-09-18 20:14:23,863] {logging_mixin.py:103} WARNING - /home/airflow/.local/lib/python3.6/site-packages/airflow/providers/google/cloud/hooks/bigquery.py:2052 DeprecationWarning: This method is deprecated. Please use `BigQueryHook.insert_job` method.
[2022-09-18 20:14:23,880] {bigquery.py:1510} INFO - Inserting job airflow_1663532063877996_06d2bf8b43be9b79a3e89edf3b53e367
[2022-09-18 20:15:22,298] {local_task_job.py:118} INFO - Task exited with return code Negsignal.SIGKILL
