[2022-09-18 18:42:19,275] {taskinstance.py:826} INFO - Dependencies all met for <TaskInstance: bigquery_dag.check_query_big_query_table 2022-09-15T03:00:00+00:00 [queued]>
[2022-09-18 18:42:19,317] {taskinstance.py:826} INFO - Dependencies all met for <TaskInstance: bigquery_dag.check_query_big_query_table 2022-09-15T03:00:00+00:00 [queued]>
[2022-09-18 18:42:19,319] {taskinstance.py:1017} INFO - 
--------------------------------------------------------------------------------
[2022-09-18 18:42:19,320] {taskinstance.py:1018} INFO - Starting attempt 3 of 3
[2022-09-18 18:42:19,324] {taskinstance.py:1019} INFO - 
--------------------------------------------------------------------------------
[2022-09-18 18:42:19,371] {taskinstance.py:1038} INFO - Executing <Task(BigQueryCheckOperator): check_query_big_query_table> on 2022-09-15T03:00:00+00:00
[2022-09-18 18:42:19,382] {standard_task_runner.py:51} INFO - Started process 2193 to run task
[2022-09-18 18:42:19,418] {standard_task_runner.py:75} INFO - Running: ['airflow', 'tasks', 'run', 'bigquery_dag', 'check_query_big_query_table', '2022-09-15T03:00:00+00:00', '--job-id', '325', '--pool', 'default_pool', '--raw', '--subdir', 'DAGS_FOLDER/dag_with_bigquery.py', '--cfg-path', '/tmp/tmp86ju9mci']
[2022-09-18 18:42:19,426] {standard_task_runner.py:76} INFO - Job 325: Subtask check_query_big_query_table
[2022-09-18 18:42:19,613] {logging_mixin.py:103} INFO - Running <TaskInstance: bigquery_dag.check_query_big_query_table 2022-09-15T03:00:00+00:00 [running]> on host 27377494ab8b
[2022-09-18 18:42:19,791] {taskinstance.py:1232} INFO - Exporting the following env vars:
AIRFLOW_CTX_DAG_OWNER=Dave
AIRFLOW_CTX_DAG_ID=bigquery_dag
AIRFLOW_CTX_TASK_ID=check_query_big_query_table
AIRFLOW_CTX_EXECUTION_DATE=2022-09-15T03:00:00+00:00
AIRFLOW_CTX_DAG_RUN_ID=scheduled__2022-09-15T03:00:00+00:00
[2022-09-18 18:42:19,801] {sql.py:87} INFO - Executing SQL check: 
           select id from githubarchive.day.20220914
        
[2022-09-18 18:42:19,857] {logging_mixin.py:103} WARNING - /home/airflow/.local/lib/python3.6/site-packages/airflow/providers/google/cloud/hooks/bigquery.py:120 DeprecationWarning: This method will be deprecated. Please use `BigQueryHook.get_client` method
[2022-09-18 18:42:20,901] {logging_mixin.py:103} WARNING - /home/airflow/.local/lib/python3.6/site-packages/airflow/providers/google/cloud/hooks/bigquery.py:2052 DeprecationWarning: This method is deprecated. Please use `BigQueryHook.insert_job` method.
[2022-09-18 18:42:20,909] {bigquery.py:1510} INFO - Inserting job airflow_1663526540905877_06d2bf8b43be9b79a3e89edf3b53e367
[2022-09-18 18:42:39,867] {sql.py:90} INFO - Record: ['23992050950']
[2022-09-18 18:42:39,877] {sql.py:96} INFO - Success.
[2022-09-18 18:42:39,928] {taskinstance.py:1142} INFO - Marking task as SUCCESS. dag_id=bigquery_dag, task_id=check_query_big_query_table, execution_date=20220915T030000, start_date=20220918T184219, end_date=20220918T184239
[2022-09-18 18:42:40,298] {local_task_job.py:170} WARNING - State of this instance has been externally set to success. Terminating instance.
[2022-09-18 18:42:40,338] {process_utils.py:95} INFO - Sending Signals.SIGTERM to GPID 2193
[2022-09-18 18:42:40,342] {taskinstance.py:1214} ERROR - Received SIGTERM. Terminating subprocesses.
[2022-09-18 18:42:40,608] {process_utils.py:61} INFO - Process psutil.Process(pid=2193, status='terminated', exitcode=1, started='18:42:18') (2193) terminated with exit code 1
[2022-09-18 18:42:40,614] {local_task_job.py:118} INFO - Task exited with return code 1
[2022-09-18 19:18:58,819] {taskinstance.py:826} INFO - Dependencies all met for <TaskInstance: bigquery_dag.check_query_big_query_table 2022-09-15T03:00:00+00:00 [queued]>
[2022-09-18 19:18:58,893] {taskinstance.py:826} INFO - Dependencies all met for <TaskInstance: bigquery_dag.check_query_big_query_table 2022-09-15T03:00:00+00:00 [queued]>
[2022-09-18 19:18:58,896] {taskinstance.py:1017} INFO - 
--------------------------------------------------------------------------------
[2022-09-18 19:18:58,899] {taskinstance.py:1018} INFO - Starting attempt 3 of 3
[2022-09-18 19:18:58,903] {taskinstance.py:1019} INFO - 
--------------------------------------------------------------------------------
[2022-09-18 19:18:58,946] {taskinstance.py:1038} INFO - Executing <Task(BigQueryCheckOperator): check_query_big_query_table> on 2022-09-15T03:00:00+00:00
[2022-09-18 19:18:58,981] {standard_task_runner.py:51} INFO - Started process 4249 to run task
[2022-09-18 19:18:58,997] {standard_task_runner.py:75} INFO - Running: ['airflow', 'tasks', 'run', 'bigquery_dag', 'check_query_big_query_table', '2022-09-15T03:00:00+00:00', '--job-id', '374', '--pool', 'default_pool', '--raw', '--subdir', 'DAGS_FOLDER/dag_with_bigquery.py', '--cfg-path', '/tmp/tmpuuynztuj']
[2022-09-18 19:18:59,015] {standard_task_runner.py:76} INFO - Job 374: Subtask check_query_big_query_table
[2022-09-18 19:18:59,334] {logging_mixin.py:103} INFO - Running <TaskInstance: bigquery_dag.check_query_big_query_table 2022-09-15T03:00:00+00:00 [running]> on host 27377494ab8b
[2022-09-18 19:18:59,551] {taskinstance.py:1232} INFO - Exporting the following env vars:
AIRFLOW_CTX_DAG_OWNER=Dave
AIRFLOW_CTX_DAG_ID=bigquery_dag
AIRFLOW_CTX_TASK_ID=check_query_big_query_table
AIRFLOW_CTX_EXECUTION_DATE=2022-09-15T03:00:00+00:00
AIRFLOW_CTX_DAG_RUN_ID=scheduled__2022-09-15T03:00:00+00:00
[2022-09-18 19:18:59,559] {sql.py:87} INFO - Executing SQL check: 
           select id from githubarchive.day.20220914
        
[2022-09-18 19:18:59,606] {logging_mixin.py:103} WARNING - /home/airflow/.local/lib/python3.6/site-packages/airflow/providers/google/cloud/hooks/bigquery.py:120 DeprecationWarning: This method will be deprecated. Please use `BigQueryHook.get_client` method
[2022-09-18 19:19:00,618] {logging_mixin.py:103} WARNING - /home/airflow/.local/lib/python3.6/site-packages/airflow/providers/google/cloud/hooks/bigquery.py:2052 DeprecationWarning: This method is deprecated. Please use `BigQueryHook.insert_job` method.
[2022-09-18 19:19:00,624] {bigquery.py:1510} INFO - Inserting job airflow_1663528740622144_06d2bf8b43be9b79a3e89edf3b53e367
[2022-09-18 19:19:01,155] {taskinstance.py:1396} ERROR - 403 POST https://bigquery.googleapis.com/bigquery/v2/projects/quick-keel-213611/jobs?prettyPrint=false: Access Denied: Project quick-keel-213611: User does not have bigquery.jobs.create permission in project quick-keel-213611.

(job ID: airflow_1663528740622144_06d2bf8b43be9b79a3e89edf3b53e367)

             -----Query Job SQL Follows-----             

    |    .    |    .    |    .    |    .    |    .    |
   1:
   2:           select id from githubarchive.day.20220914
   3:        
    |    .    |    .    |    .    |    .    |    .    |

(job ID: airflow_1663528740622144_06d2bf8b43be9b79a3e89edf3b53e367)

             -----Query Job SQL Follows-----             

    |    .    |    .    |    .    |    .    |    .    |
   1:
   2:           select id from githubarchive.day.20220914
   3:        
    |    .    |    .    |    .    |    .    |    .    |
Traceback (most recent call last):
  File "/home/airflow/.local/lib/python3.6/site-packages/airflow/models/taskinstance.py", line 1086, in _run_raw_task
    self._prepare_and_execute_task_with_callbacks(context, task)
  File "/home/airflow/.local/lib/python3.6/site-packages/airflow/models/taskinstance.py", line 1260, in _prepare_and_execute_task_with_callbacks
    result = self._execute_task(context, task_copy)
  File "/home/airflow/.local/lib/python3.6/site-packages/airflow/models/taskinstance.py", line 1300, in _execute_task
    result = task_copy.execute(context=context)
  File "/home/airflow/.local/lib/python3.6/site-packages/airflow/operators/sql.py", line 88, in execute
    records = self.get_db_hook().get_first(self.sql)
  File "/home/airflow/.local/lib/python3.6/site-packages/airflow/hooks/dbapi.py", line 152, in get_first
    cur.execute(sql)
  File "/home/airflow/.local/lib/python3.6/site-packages/airflow/providers/google/cloud/hooks/bigquery.py", line 2639, in execute
    self.job_id = self.hook.run_query(sql)
  File "/home/airflow/.local/lib/python3.6/site-packages/airflow/providers/google/cloud/hooks/bigquery.py", line 2186, in run_query
    job = self.insert_job(configuration=configuration, project_id=self.project_id)
  File "/home/airflow/.local/lib/python3.6/site-packages/airflow/providers/google/common/hooks/base_google.py", line 425, in inner_wrapper
    return func(self, *args, **kwargs)
  File "/home/airflow/.local/lib/python3.6/site-packages/airflow/providers/google/cloud/hooks/bigquery.py", line 1512, in insert_job
    job.result()
  File "/home/airflow/.local/lib/python3.6/site-packages/google/cloud/bigquery/job/query.py", line 1159, in result
    super(QueryJob, self).result(retry=retry, timeout=timeout)
  File "/home/airflow/.local/lib/python3.6/site-packages/google/cloud/bigquery/job/base.py", line 628, in result
    self._begin(retry=retry, timeout=timeout)
  File "/home/airflow/.local/lib/python3.6/site-packages/google/cloud/bigquery/job/query.py", line 1069, in _begin
    super(QueryJob, self)._begin(client=client, retry=retry, timeout=timeout)
  File "/home/airflow/.local/lib/python3.6/site-packages/google/cloud/bigquery/job/base.py", line 438, in _begin
    timeout=timeout,
  File "/home/airflow/.local/lib/python3.6/site-packages/google/cloud/bigquery/client.py", line 640, in _call_api
    return call()
  File "/home/airflow/.local/lib/python3.6/site-packages/google/api_core/retry.py", line 286, in retry_wrapped_func
    on_error=on_error,
  File "/home/airflow/.local/lib/python3.6/site-packages/google/api_core/retry.py", line 184, in retry_target
    return target()
  File "/home/airflow/.local/lib/python3.6/site-packages/google/cloud/_http.py", line 483, in api_request
    raise exceptions.from_http_response(response)
google.api_core.exceptions.Forbidden: 403 POST https://bigquery.googleapis.com/bigquery/v2/projects/quick-keel-213611/jobs?prettyPrint=false: Access Denied: Project quick-keel-213611: User does not have bigquery.jobs.create permission in project quick-keel-213611.

(job ID: airflow_1663528740622144_06d2bf8b43be9b79a3e89edf3b53e367)

             -----Query Job SQL Follows-----             

    |    .    |    .    |    .    |    .    |    .    |
   1:
   2:           select id from githubarchive.day.20220914
   3:        
    |    .    |    .    |    .    |    .    |    .    |

(job ID: airflow_1663528740622144_06d2bf8b43be9b79a3e89edf3b53e367)

             -----Query Job SQL Follows-----             

    |    .    |    .    |    .    |    .    |    .    |
   1:
   2:           select id from githubarchive.day.20220914
   3:        
    |    .    |    .    |    .    |    .    |    .    |
[2022-09-18 19:19:01,181] {taskinstance.py:1440} INFO - Marking task as FAILED. dag_id=bigquery_dag, task_id=check_query_big_query_table, execution_date=20220915T030000, start_date=20220918T191858, end_date=20220918T191901
[2022-09-18 19:19:01,316] {local_task_job.py:118} INFO - Task exited with return code 1
[2022-09-18 20:16:40,097] {taskinstance.py:826} INFO - Dependencies all met for <TaskInstance: bigquery_dag.check_query_big_query_table 2022-09-15T03:00:00+00:00 [queued]>
[2022-09-18 20:16:40,290] {taskinstance.py:826} INFO - Dependencies all met for <TaskInstance: bigquery_dag.check_query_big_query_table 2022-09-15T03:00:00+00:00 [queued]>
[2022-09-18 20:16:40,300] {taskinstance.py:1017} INFO - 
--------------------------------------------------------------------------------
[2022-09-18 20:16:40,307] {taskinstance.py:1018} INFO - Starting attempt 3 of 3
[2022-09-18 20:16:40,310] {taskinstance.py:1019} INFO - 
--------------------------------------------------------------------------------
[2022-09-18 20:16:40,476] {taskinstance.py:1038} INFO - Executing <Task(BigQueryCheckOperator): check_query_big_query_table> on 2022-09-15T03:00:00+00:00
[2022-09-18 20:16:40,557] {standard_task_runner.py:51} INFO - Started process 1715 to run task
[2022-09-18 20:16:40,599] {standard_task_runner.py:75} INFO - Running: ['airflow', 'tasks', 'run', 'bigquery_dag', 'check_query_big_query_table', '2022-09-15T03:00:00+00:00', '--job-id', '476', '--pool', 'default_pool', '--raw', '--subdir', 'DAGS_FOLDER/dag_with_bigquery.py', '--cfg-path', '/tmp/tmpnogbdyln']
[2022-09-18 20:16:40,635] {standard_task_runner.py:76} INFO - Job 476: Subtask check_query_big_query_table
[2022-09-18 20:16:40,937] {logging_mixin.py:103} INFO - Running <TaskInstance: bigquery_dag.check_query_big_query_table 2022-09-15T03:00:00+00:00 [running]> on host 27377494ab8b
[2022-09-18 20:16:41,334] {taskinstance.py:1232} INFO - Exporting the following env vars:
AIRFLOW_CTX_DAG_OWNER=Dave
AIRFLOW_CTX_DAG_ID=bigquery_dag
AIRFLOW_CTX_TASK_ID=check_query_big_query_table
AIRFLOW_CTX_EXECUTION_DATE=2022-09-15T03:00:00+00:00
AIRFLOW_CTX_DAG_RUN_ID=scheduled__2022-09-15T03:00:00+00:00
[2022-09-18 20:16:41,363] {sql.py:87} INFO - Executing SQL check: 
           select id from githubarchive.day.20220914
        
[2022-09-18 20:16:41,664] {logging_mixin.py:103} WARNING - /home/airflow/.local/lib/python3.6/site-packages/airflow/providers/google/cloud/hooks/bigquery.py:120 DeprecationWarning: This method will be deprecated. Please use `BigQueryHook.get_client` method
[2022-09-18 20:16:43,984] {logging_mixin.py:103} WARNING - /home/airflow/.local/lib/python3.6/site-packages/airflow/providers/google/cloud/hooks/bigquery.py:2052 DeprecationWarning: This method is deprecated. Please use `BigQueryHook.insert_job` method.
[2022-09-18 20:16:44,024] {bigquery.py:1510} INFO - Inserting job airflow_1663532204000783_06d2bf8b43be9b79a3e89edf3b53e367
[2022-09-18 20:17:45,956] {local_task_job.py:118} INFO - Task exited with return code Negsignal.SIGKILL
