[2022-09-18 18:40:53,745] {taskinstance.py:826} INFO - Dependencies all met for <TaskInstance: bigquery_dag.write_query_big_query_table 2022-09-16T03:00:00+00:00 [queued]>
[2022-09-18 18:40:53,929] {taskinstance.py:826} INFO - Dependencies all met for <TaskInstance: bigquery_dag.write_query_big_query_table 2022-09-16T03:00:00+00:00 [queued]>
[2022-09-18 18:40:53,932] {taskinstance.py:1017} INFO - 
--------------------------------------------------------------------------------
[2022-09-18 18:40:53,934] {taskinstance.py:1018} INFO - Starting attempt 3 of 3
[2022-09-18 18:40:53,937] {taskinstance.py:1019} INFO - 
--------------------------------------------------------------------------------
[2022-09-18 18:40:54,168] {taskinstance.py:1038} INFO - Executing <Task(BigQueryOperator): write_query_big_query_table> on 2022-09-16T03:00:00+00:00
[2022-09-18 18:40:54,227] {standard_task_runner.py:51} INFO - Started process 1583 to run task
[2022-09-18 18:40:54,301] {standard_task_runner.py:75} INFO - Running: ['airflow', 'tasks', 'run', 'bigquery_dag', 'write_query_big_query_table', '2022-09-16T03:00:00+00:00', '--job-id', '320', '--pool', 'default_pool', '--raw', '--subdir', 'DAGS_FOLDER/dag_with_bigquery.py', '--cfg-path', '/tmp/tmpvaf4e0_d']
[2022-09-18 18:40:54,317] {standard_task_runner.py:76} INFO - Job 320: Subtask write_query_big_query_table
[2022-09-18 18:40:54,728] {logging_mixin.py:103} INFO - Running <TaskInstance: bigquery_dag.write_query_big_query_table 2022-09-16T03:00:00+00:00 [running]> on host 27377494ab8b
[2022-09-18 18:40:55,092] {taskinstance.py:1232} INFO - Exporting the following env vars:
AIRFLOW_CTX_DAG_OWNER=Dave
AIRFLOW_CTX_DAG_ID=bigquery_dag
AIRFLOW_CTX_TASK_ID=write_query_big_query_table
AIRFLOW_CTX_EXECUTION_DATE=2022-09-16T03:00:00+00:00
AIRFLOW_CTX_DAG_RUN_ID=scheduled__2022-09-16T03:00:00+00:00
[2022-09-18 18:40:55,142] {bigquery.py:680} INFO - Executing: 
        select * from githubarchive.day.20220914 where actor.id=66800817
            
[2022-09-18 18:40:55,257] {logging_mixin.py:103} WARNING - /home/airflow/.local/lib/python3.6/site-packages/airflow/providers/google/cloud/hooks/bigquery.py:2052 DeprecationWarning: This method is deprecated. Please use `BigQueryHook.insert_job` method.
[2022-09-18 18:40:55,392] {bigquery.py:1510} INFO - Inserting job airflow_1663526455372514_4e8e27051e4b7eda1ea1c14d0ba14e9a
[2022-09-18 18:40:57,134] {taskinstance.py:1396} ERROR - 403 Access Denied: Table githubarchive:day.20220914: User does not have permission to query table githubarchive:day.20220914, or perhaps it does not exist in location northamerica-northeast1.

(job ID: airflow_1663526455372514_4e8e27051e4b7eda1ea1c14d0ba14e9a)

                       -----Query Job SQL Follows-----                       

    |    .    |    .    |    .    |    .    |    .    |    .    |    .    |
   1:
   2:        select * from githubarchive.day.20220914 where actor.id=66800817
   3:            
    |    .    |    .    |    .    |    .    |    .    |    .    |    .    |
Traceback (most recent call last):
  File "/home/airflow/.local/lib/python3.6/site-packages/airflow/models/taskinstance.py", line 1086, in _run_raw_task
    self._prepare_and_execute_task_with_callbacks(context, task)
  File "/home/airflow/.local/lib/python3.6/site-packages/airflow/models/taskinstance.py", line 1260, in _prepare_and_execute_task_with_callbacks
    result = self._execute_task(context, task_copy)
  File "/home/airflow/.local/lib/python3.6/site-packages/airflow/models/taskinstance.py", line 1300, in _execute_task
    result = task_copy.execute(context=context)
  File "/home/airflow/.local/lib/python3.6/site-packages/airflow/providers/google/cloud/operators/bigquery.py", line 706, in execute
    encryption_configuration=self.encryption_configuration,
  File "/home/airflow/.local/lib/python3.6/site-packages/airflow/providers/google/cloud/hooks/bigquery.py", line 2186, in run_query
    job = self.insert_job(configuration=configuration, project_id=self.project_id)
  File "/home/airflow/.local/lib/python3.6/site-packages/airflow/providers/google/common/hooks/base_google.py", line 425, in inner_wrapper
    return func(self, *args, **kwargs)
  File "/home/airflow/.local/lib/python3.6/site-packages/airflow/providers/google/cloud/hooks/bigquery.py", line 1512, in insert_job
    job.result()
  File "/home/airflow/.local/lib/python3.6/site-packages/google/cloud/bigquery/job/query.py", line 1159, in result
    super(QueryJob, self).result(retry=retry, timeout=timeout)
  File "/home/airflow/.local/lib/python3.6/site-packages/google/cloud/bigquery/job/base.py", line 631, in result
    return super(_AsyncJob, self).result(timeout=timeout, **kwargs)
  File "/home/airflow/.local/lib/python3.6/site-packages/google/api_core/future/polling.py", line 134, in result
    raise self._exception
google.api_core.exceptions.Forbidden: 403 Access Denied: Table githubarchive:day.20220914: User does not have permission to query table githubarchive:day.20220914, or perhaps it does not exist in location northamerica-northeast1.

(job ID: airflow_1663526455372514_4e8e27051e4b7eda1ea1c14d0ba14e9a)

                       -----Query Job SQL Follows-----                       

    |    .    |    .    |    .    |    .    |    .    |    .    |    .    |
   1:
   2:        select * from githubarchive.day.20220914 where actor.id=66800817
   3:            
    |    .    |    .    |    .    |    .    |    .    |    .    |    .    |
[2022-09-18 18:40:57,281] {taskinstance.py:1440} INFO - Marking task as FAILED. dag_id=bigquery_dag, task_id=write_query_big_query_table, execution_date=20220916T030000, start_date=20220918T184053, end_date=20220918T184057
[2022-09-18 18:40:58,934] {local_task_job.py:118} INFO - Task exited with return code 1
[2022-09-18 19:44:35,623] {taskinstance.py:826} INFO - Dependencies all met for <TaskInstance: bigquery_dag.write_query_big_query_table 2022-09-16T03:00:00+00:00 [queued]>
[2022-09-18 19:44:35,678] {taskinstance.py:826} INFO - Dependencies all met for <TaskInstance: bigquery_dag.write_query_big_query_table 2022-09-16T03:00:00+00:00 [queued]>
[2022-09-18 19:44:35,679] {taskinstance.py:1017} INFO - 
--------------------------------------------------------------------------------
[2022-09-18 19:44:35,681] {taskinstance.py:1018} INFO - Starting attempt 3 of 3
[2022-09-18 19:44:35,682] {taskinstance.py:1019} INFO - 
--------------------------------------------------------------------------------
[2022-09-18 19:44:35,730] {taskinstance.py:1038} INFO - Executing <Task(BigQueryOperator): write_query_big_query_table> on 2022-09-16T03:00:00+00:00
[2022-09-18 19:44:35,740] {standard_task_runner.py:51} INFO - Started process 6890 to run task
[2022-09-18 19:44:35,764] {standard_task_runner.py:75} INFO - Running: ['airflow', 'tasks', 'run', 'bigquery_dag', 'write_query_big_query_table', '2022-09-16T03:00:00+00:00', '--job-id', '448', '--pool', 'default_pool', '--raw', '--subdir', 'DAGS_FOLDER/dag_with_bigquery.py', '--cfg-path', '/tmp/tmphc9vbh_6']
[2022-09-18 19:44:35,772] {standard_task_runner.py:76} INFO - Job 448: Subtask write_query_big_query_table
[2022-09-18 19:44:35,918] {logging_mixin.py:103} INFO - Running <TaskInstance: bigquery_dag.write_query_big_query_table 2022-09-16T03:00:00+00:00 [running]> on host 27377494ab8b
[2022-09-18 19:44:36,080] {taskinstance.py:1232} INFO - Exporting the following env vars:
AIRFLOW_CTX_DAG_OWNER=Dave
AIRFLOW_CTX_DAG_ID=bigquery_dag
AIRFLOW_CTX_TASK_ID=write_query_big_query_table
AIRFLOW_CTX_EXECUTION_DATE=2022-09-16T03:00:00+00:00
AIRFLOW_CTX_DAG_RUN_ID=scheduled__2022-09-16T03:00:00+00:00
[2022-09-18 19:44:36,091] {bigquery.py:680} INFO - Executing: 
        select * from githubarchive.day.20220914 where actor.id=66800817
            
[2022-09-18 19:44:36,167] {logging_mixin.py:103} WARNING - /home/airflow/.local/lib/python3.6/site-packages/airflow/providers/google/cloud/hooks/bigquery.py:2052 DeprecationWarning: This method is deprecated. Please use `BigQueryHook.insert_job` method.
[2022-09-18 19:44:36,271] {bigquery.py:1510} INFO - Inserting job airflow_1663530276264634_4e8e27051e4b7eda1ea1c14d0ba14e9a
[2022-09-18 19:44:37,410] {taskinstance.py:1396} ERROR - 403 Access Denied: Table githubarchive:day.20220914: User does not have permission to query table githubarchive:day.20220914, or perhaps it does not exist in location northamerica-northeast1.

(job ID: airflow_1663530276264634_4e8e27051e4b7eda1ea1c14d0ba14e9a)

                       -----Query Job SQL Follows-----                       

    |    .    |    .    |    .    |    .    |    .    |    .    |    .    |
   1:
   2:        select * from githubarchive.day.20220914 where actor.id=66800817
   3:            
    |    .    |    .    |    .    |    .    |    .    |    .    |    .    |
Traceback (most recent call last):
  File "/home/airflow/.local/lib/python3.6/site-packages/airflow/models/taskinstance.py", line 1086, in _run_raw_task
    self._prepare_and_execute_task_with_callbacks(context, task)
  File "/home/airflow/.local/lib/python3.6/site-packages/airflow/models/taskinstance.py", line 1260, in _prepare_and_execute_task_with_callbacks
    result = self._execute_task(context, task_copy)
  File "/home/airflow/.local/lib/python3.6/site-packages/airflow/models/taskinstance.py", line 1300, in _execute_task
    result = task_copy.execute(context=context)
  File "/home/airflow/.local/lib/python3.6/site-packages/airflow/providers/google/cloud/operators/bigquery.py", line 706, in execute
    encryption_configuration=self.encryption_configuration,
  File "/home/airflow/.local/lib/python3.6/site-packages/airflow/providers/google/cloud/hooks/bigquery.py", line 2186, in run_query
    job = self.insert_job(configuration=configuration, project_id=self.project_id)
  File "/home/airflow/.local/lib/python3.6/site-packages/airflow/providers/google/common/hooks/base_google.py", line 425, in inner_wrapper
    return func(self, *args, **kwargs)
  File "/home/airflow/.local/lib/python3.6/site-packages/airflow/providers/google/cloud/hooks/bigquery.py", line 1512, in insert_job
    job.result()
  File "/home/airflow/.local/lib/python3.6/site-packages/google/cloud/bigquery/job/query.py", line 1159, in result
    super(QueryJob, self).result(retry=retry, timeout=timeout)
  File "/home/airflow/.local/lib/python3.6/site-packages/google/cloud/bigquery/job/base.py", line 631, in result
    return super(_AsyncJob, self).result(timeout=timeout, **kwargs)
  File "/home/airflow/.local/lib/python3.6/site-packages/google/api_core/future/polling.py", line 134, in result
    raise self._exception
google.api_core.exceptions.Forbidden: 403 Access Denied: Table githubarchive:day.20220914: User does not have permission to query table githubarchive:day.20220914, or perhaps it does not exist in location northamerica-northeast1.

(job ID: airflow_1663530276264634_4e8e27051e4b7eda1ea1c14d0ba14e9a)

                       -----Query Job SQL Follows-----                       

    |    .    |    .    |    .    |    .    |    .    |    .    |    .    |
   1:
   2:        select * from githubarchive.day.20220914 where actor.id=66800817
   3:            
    |    .    |    .    |    .    |    .    |    .    |    .    |    .    |
[2022-09-18 19:44:37,436] {taskinstance.py:1440} INFO - Marking task as FAILED. dag_id=bigquery_dag, task_id=write_query_big_query_table, execution_date=20220916T030000, start_date=20220918T194435, end_date=20220918T194437
[2022-09-18 19:44:37,593] {local_task_job.py:118} INFO - Task exited with return code 1
[2022-09-18 20:17:41,886] {taskinstance.py:826} INFO - Dependencies all met for <TaskInstance: bigquery_dag.write_query_big_query_table 2022-09-16T03:00:00+00:00 [queued]>
[2022-09-18 20:17:42,247] {taskinstance.py:826} INFO - Dependencies all met for <TaskInstance: bigquery_dag.write_query_big_query_table 2022-09-16T03:00:00+00:00 [queued]>
[2022-09-18 20:17:42,251] {taskinstance.py:1017} INFO - 
--------------------------------------------------------------------------------
[2022-09-18 20:17:42,255] {taskinstance.py:1018} INFO - Starting attempt 3 of 3
[2022-09-18 20:17:42,257] {taskinstance.py:1019} INFO - 
--------------------------------------------------------------------------------
[2022-09-18 20:17:42,522] {taskinstance.py:1038} INFO - Executing <Task(BigQueryOperator): write_query_big_query_table> on 2022-09-16T03:00:00+00:00
[2022-09-18 20:17:42,627] {standard_task_runner.py:51} INFO - Started process 1932 to run task
[2022-09-18 20:17:42,719] {standard_task_runner.py:75} INFO - Running: ['airflow', 'tasks', 'run', 'bigquery_dag', 'write_query_big_query_table', '2022-09-16T03:00:00+00:00', '--job-id', '478', '--pool', 'default_pool', '--raw', '--subdir', 'DAGS_FOLDER/dag_with_bigquery.py', '--cfg-path', '/tmp/tmpzg5brcvh']
[2022-09-18 20:17:42,799] {standard_task_runner.py:76} INFO - Job 478: Subtask write_query_big_query_table
[2022-09-18 20:17:46,051] {logging_mixin.py:103} INFO - Running <TaskInstance: bigquery_dag.write_query_big_query_table 2022-09-16T03:00:00+00:00 [running]> on host 27377494ab8b
[2022-09-18 20:17:46,746] {taskinstance.py:1232} INFO - Exporting the following env vars:
AIRFLOW_CTX_DAG_OWNER=Dave
AIRFLOW_CTX_DAG_ID=bigquery_dag
AIRFLOW_CTX_TASK_ID=write_query_big_query_table
AIRFLOW_CTX_EXECUTION_DATE=2022-09-16T03:00:00+00:00
AIRFLOW_CTX_DAG_RUN_ID=scheduled__2022-09-16T03:00:00+00:00
[2022-09-18 20:17:46,828] {bigquery.py:680} INFO - Executing: 
        select * from githubarchive.day.20220914 where actor.id=66800817
            
[2022-09-18 20:17:47,199] {logging_mixin.py:103} WARNING - /home/airflow/.local/lib/python3.6/site-packages/airflow/providers/google/cloud/hooks/bigquery.py:2052 DeprecationWarning: This method is deprecated. Please use `BigQueryHook.insert_job` method.
[2022-09-18 20:17:47,508] {bigquery.py:1510} INFO - Inserting job airflow_1663532267501017_4e8e27051e4b7eda1ea1c14d0ba14e9a
[2022-09-18 20:17:50,084] {taskinstance.py:1396} ERROR - 403 Access Denied: Table githubarchive:day.20220914: User does not have permission to query table githubarchive:day.20220914, or perhaps it does not exist in location northamerica-northeast1.

(job ID: airflow_1663532267501017_4e8e27051e4b7eda1ea1c14d0ba14e9a)

                       -----Query Job SQL Follows-----                       

    |    .    |    .    |    .    |    .    |    .    |    .    |    .    |
   1:
   2:        select * from githubarchive.day.20220914 where actor.id=66800817
   3:            
    |    .    |    .    |    .    |    .    |    .    |    .    |    .    |
Traceback (most recent call last):
  File "/home/airflow/.local/lib/python3.6/site-packages/airflow/models/taskinstance.py", line 1086, in _run_raw_task
    self._prepare_and_execute_task_with_callbacks(context, task)
  File "/home/airflow/.local/lib/python3.6/site-packages/airflow/models/taskinstance.py", line 1260, in _prepare_and_execute_task_with_callbacks
    result = self._execute_task(context, task_copy)
  File "/home/airflow/.local/lib/python3.6/site-packages/airflow/models/taskinstance.py", line 1300, in _execute_task
    result = task_copy.execute(context=context)
  File "/home/airflow/.local/lib/python3.6/site-packages/airflow/providers/google/cloud/operators/bigquery.py", line 706, in execute
    encryption_configuration=self.encryption_configuration,
  File "/home/airflow/.local/lib/python3.6/site-packages/airflow/providers/google/cloud/hooks/bigquery.py", line 2186, in run_query
    job = self.insert_job(configuration=configuration, project_id=self.project_id)
  File "/home/airflow/.local/lib/python3.6/site-packages/airflow/providers/google/common/hooks/base_google.py", line 425, in inner_wrapper
    return func(self, *args, **kwargs)
  File "/home/airflow/.local/lib/python3.6/site-packages/airflow/providers/google/cloud/hooks/bigquery.py", line 1512, in insert_job
    job.result()
  File "/home/airflow/.local/lib/python3.6/site-packages/google/cloud/bigquery/job/query.py", line 1159, in result
    super(QueryJob, self).result(retry=retry, timeout=timeout)
  File "/home/airflow/.local/lib/python3.6/site-packages/google/cloud/bigquery/job/base.py", line 631, in result
    return super(_AsyncJob, self).result(timeout=timeout, **kwargs)
  File "/home/airflow/.local/lib/python3.6/site-packages/google/api_core/future/polling.py", line 134, in result
    raise self._exception
google.api_core.exceptions.Forbidden: 403 Access Denied: Table githubarchive:day.20220914: User does not have permission to query table githubarchive:day.20220914, or perhaps it does not exist in location northamerica-northeast1.

(job ID: airflow_1663532267501017_4e8e27051e4b7eda1ea1c14d0ba14e9a)

                       -----Query Job SQL Follows-----                       

    |    .    |    .    |    .    |    .    |    .    |    .    |    .    |
   1:
   2:        select * from githubarchive.day.20220914 where actor.id=66800817
   3:            
    |    .    |    .    |    .    |    .    |    .    |    .    |    .    |
[2022-09-18 20:17:50,270] {taskinstance.py:1440} INFO - Marking task as FAILED. dag_id=bigquery_dag, task_id=write_query_big_query_table, execution_date=20220916T030000, start_date=20220918T201741, end_date=20220918T201750
[2022-09-18 20:17:50,863] {local_task_job.py:118} INFO - Task exited with return code 1
