[2022-09-18 18:44:32,235] {taskinstance.py:826} INFO - Dependencies all met for <TaskInstance: bigquery_dag.write_query_big_query_table 2022-09-17T03:00:00+00:00 [queued]>
[2022-09-18 18:44:32,290] {taskinstance.py:826} INFO - Dependencies all met for <TaskInstance: bigquery_dag.write_query_big_query_table 2022-09-17T03:00:00+00:00 [queued]>
[2022-09-18 18:44:32,292] {taskinstance.py:1017} INFO - 
--------------------------------------------------------------------------------
[2022-09-18 18:44:32,294] {taskinstance.py:1018} INFO - Starting attempt 3 of 3
[2022-09-18 18:44:32,295] {taskinstance.py:1019} INFO - 
--------------------------------------------------------------------------------
[2022-09-18 18:44:32,346] {taskinstance.py:1038} INFO - Executing <Task(BigQueryOperator): write_query_big_query_table> on 2022-09-17T03:00:00+00:00
[2022-09-18 18:44:32,370] {standard_task_runner.py:51} INFO - Started process 4366 to run task
[2022-09-18 18:44:32,400] {standard_task_runner.py:75} INFO - Running: ['airflow', 'tasks', 'run', 'bigquery_dag', 'write_query_big_query_table', '2022-09-17T03:00:00+00:00', '--job-id', '339', '--pool', 'default_pool', '--raw', '--subdir', 'DAGS_FOLDER/dag_with_bigquery.py', '--cfg-path', '/tmp/tmpzwnq1i1c']
[2022-09-18 18:44:32,409] {standard_task_runner.py:76} INFO - Job 339: Subtask write_query_big_query_table
[2022-09-18 18:44:32,577] {logging_mixin.py:103} INFO - Running <TaskInstance: bigquery_dag.write_query_big_query_table 2022-09-17T03:00:00+00:00 [running]> on host 27377494ab8b
[2022-09-18 18:44:32,763] {taskinstance.py:1232} INFO - Exporting the following env vars:
AIRFLOW_CTX_DAG_OWNER=Dave
AIRFLOW_CTX_DAG_ID=bigquery_dag
AIRFLOW_CTX_TASK_ID=write_query_big_query_table
AIRFLOW_CTX_EXECUTION_DATE=2022-09-17T03:00:00+00:00
AIRFLOW_CTX_DAG_RUN_ID=scheduled__2022-09-17T03:00:00+00:00
[2022-09-18 18:44:32,775] {bigquery.py:680} INFO - Executing: 
        select * from githubarchive.day.20220914 where actor.id=66800817
            
[2022-09-18 18:44:32,845] {logging_mixin.py:103} WARNING - /home/airflow/.local/lib/python3.6/site-packages/airflow/providers/google/cloud/hooks/bigquery.py:2052 DeprecationWarning: This method is deprecated. Please use `BigQueryHook.insert_job` method.
[2022-09-18 18:44:32,938] {bigquery.py:1510} INFO - Inserting job airflow_1663526672935518_4e8e27051e4b7eda1ea1c14d0ba14e9a
[2022-09-18 18:44:34,191] {taskinstance.py:1396} ERROR - 403 Access Denied: Table githubarchive:day.20220914: User does not have permission to query table githubarchive:day.20220914, or perhaps it does not exist in location northamerica-northeast1.

(job ID: airflow_1663526672935518_4e8e27051e4b7eda1ea1c14d0ba14e9a)

                       -----Query Job SQL Follows-----                       

    |    .    |    .    |    .    |    .    |    .    |    .    |    .    |
   1:
   2:        select * from githubarchive.day.20220914 where actor.id=66800817
   3:            
    |    .    |    .    |    .    |    .    |    .    |    .    |    .    |
Traceback (most recent call last):
  File "/home/airflow/.local/lib/python3.6/site-packages/airflow/models/taskinstance.py", line 1086, in _run_raw_task
    self._prepare_and_execute_task_with_callbacks(context, task)
  File "/home/airflow/.local/lib/python3.6/site-packages/airflow/models/taskinstance.py", line 1260, in _prepare_and_execute_task_with_callbacks
    result = self._execute_task(context, task_copy)
  File "/home/airflow/.local/lib/python3.6/site-packages/airflow/models/taskinstance.py", line 1300, in _execute_task
    result = task_copy.execute(context=context)
  File "/home/airflow/.local/lib/python3.6/site-packages/airflow/providers/google/cloud/operators/bigquery.py", line 706, in execute
    encryption_configuration=self.encryption_configuration,
  File "/home/airflow/.local/lib/python3.6/site-packages/airflow/providers/google/cloud/hooks/bigquery.py", line 2186, in run_query
    job = self.insert_job(configuration=configuration, project_id=self.project_id)
  File "/home/airflow/.local/lib/python3.6/site-packages/airflow/providers/google/common/hooks/base_google.py", line 425, in inner_wrapper
    return func(self, *args, **kwargs)
  File "/home/airflow/.local/lib/python3.6/site-packages/airflow/providers/google/cloud/hooks/bigquery.py", line 1512, in insert_job
    job.result()
  File "/home/airflow/.local/lib/python3.6/site-packages/google/cloud/bigquery/job/query.py", line 1159, in result
    super(QueryJob, self).result(retry=retry, timeout=timeout)
  File "/home/airflow/.local/lib/python3.6/site-packages/google/cloud/bigquery/job/base.py", line 631, in result
    return super(_AsyncJob, self).result(timeout=timeout, **kwargs)
  File "/home/airflow/.local/lib/python3.6/site-packages/google/api_core/future/polling.py", line 134, in result
    raise self._exception
google.api_core.exceptions.Forbidden: 403 Access Denied: Table githubarchive:day.20220914: User does not have permission to query table githubarchive:day.20220914, or perhaps it does not exist in location northamerica-northeast1.

(job ID: airflow_1663526672935518_4e8e27051e4b7eda1ea1c14d0ba14e9a)

                       -----Query Job SQL Follows-----                       

    |    .    |    .    |    .    |    .    |    .    |    .    |    .    |
   1:
   2:        select * from githubarchive.day.20220914 where actor.id=66800817
   3:            
    |    .    |    .    |    .    |    .    |    .    |    .    |    .    |
[2022-09-18 18:44:34,254] {taskinstance.py:1440} INFO - Marking task as FAILED. dag_id=bigquery_dag, task_id=write_query_big_query_table, execution_date=20220917T030000, start_date=20220918T184432, end_date=20220918T184434
[2022-09-18 18:44:34,395] {local_task_job.py:118} INFO - Task exited with return code 1
[2022-09-18 19:41:47,660] {taskinstance.py:826} INFO - Dependencies all met for <TaskInstance: bigquery_dag.write_query_big_query_table 2022-09-17T03:00:00+00:00 [queued]>
[2022-09-18 19:41:47,782] {taskinstance.py:826} INFO - Dependencies all met for <TaskInstance: bigquery_dag.write_query_big_query_table 2022-09-17T03:00:00+00:00 [queued]>
[2022-09-18 19:41:47,784] {taskinstance.py:1017} INFO - 
--------------------------------------------------------------------------------
[2022-09-18 19:41:47,785] {taskinstance.py:1018} INFO - Starting attempt 3 of 3
[2022-09-18 19:41:47,787] {taskinstance.py:1019} INFO - 
--------------------------------------------------------------------------------
[2022-09-18 19:41:47,947] {taskinstance.py:1038} INFO - Executing <Task(BigQueryOperator): write_query_big_query_table> on 2022-09-17T03:00:00+00:00
[2022-09-18 19:41:48,064] {standard_task_runner.py:51} INFO - Started process 3896 to run task
[2022-09-18 19:41:48,156] {standard_task_runner.py:75} INFO - Running: ['airflow', 'tasks', 'run', 'bigquery_dag', 'write_query_big_query_table', '2022-09-17T03:00:00+00:00', '--job-id', '433', '--pool', 'default_pool', '--raw', '--subdir', 'DAGS_FOLDER/dag_with_bigquery.py', '--cfg-path', '/tmp/tmpdul8s82h']
[2022-09-18 19:41:48,169] {standard_task_runner.py:76} INFO - Job 433: Subtask write_query_big_query_table
[2022-09-18 19:41:48,649] {logging_mixin.py:103} INFO - Running <TaskInstance: bigquery_dag.write_query_big_query_table 2022-09-17T03:00:00+00:00 [running]> on host 27377494ab8b
[2022-09-18 19:41:48,954] {taskinstance.py:1232} INFO - Exporting the following env vars:
AIRFLOW_CTX_DAG_OWNER=Dave
AIRFLOW_CTX_DAG_ID=bigquery_dag
AIRFLOW_CTX_TASK_ID=write_query_big_query_table
AIRFLOW_CTX_EXECUTION_DATE=2022-09-17T03:00:00+00:00
AIRFLOW_CTX_DAG_RUN_ID=scheduled__2022-09-17T03:00:00+00:00
[2022-09-18 19:41:48,982] {bigquery.py:680} INFO - Executing: 
        select * from githubarchive.day.20220914 where actor.id=66800817
            
[2022-09-18 19:41:49,161] {logging_mixin.py:103} WARNING - /home/airflow/.local/lib/python3.6/site-packages/airflow/providers/google/cloud/hooks/bigquery.py:2052 DeprecationWarning: This method is deprecated. Please use `BigQueryHook.insert_job` method.
[2022-09-18 19:41:49,441] {bigquery.py:1510} INFO - Inserting job airflow_1663530109410794_4e8e27051e4b7eda1ea1c14d0ba14e9a
[2022-09-18 19:41:51,586] {taskinstance.py:1396} ERROR - 403 Access Denied: Table githubarchive:day.20220914: User does not have permission to query table githubarchive:day.20220914, or perhaps it does not exist in location northamerica-northeast1.

(job ID: airflow_1663530109410794_4e8e27051e4b7eda1ea1c14d0ba14e9a)

                       -----Query Job SQL Follows-----                       

    |    .    |    .    |    .    |    .    |    .    |    .    |    .    |
   1:
   2:        select * from githubarchive.day.20220914 where actor.id=66800817
   3:            
    |    .    |    .    |    .    |    .    |    .    |    .    |    .    |
Traceback (most recent call last):
  File "/home/airflow/.local/lib/python3.6/site-packages/airflow/models/taskinstance.py", line 1086, in _run_raw_task
    self._prepare_and_execute_task_with_callbacks(context, task)
  File "/home/airflow/.local/lib/python3.6/site-packages/airflow/models/taskinstance.py", line 1260, in _prepare_and_execute_task_with_callbacks
    result = self._execute_task(context, task_copy)
  File "/home/airflow/.local/lib/python3.6/site-packages/airflow/models/taskinstance.py", line 1300, in _execute_task
    result = task_copy.execute(context=context)
  File "/home/airflow/.local/lib/python3.6/site-packages/airflow/providers/google/cloud/operators/bigquery.py", line 706, in execute
    encryption_configuration=self.encryption_configuration,
  File "/home/airflow/.local/lib/python3.6/site-packages/airflow/providers/google/cloud/hooks/bigquery.py", line 2186, in run_query
    job = self.insert_job(configuration=configuration, project_id=self.project_id)
  File "/home/airflow/.local/lib/python3.6/site-packages/airflow/providers/google/common/hooks/base_google.py", line 425, in inner_wrapper
    return func(self, *args, **kwargs)
  File "/home/airflow/.local/lib/python3.6/site-packages/airflow/providers/google/cloud/hooks/bigquery.py", line 1512, in insert_job
    job.result()
  File "/home/airflow/.local/lib/python3.6/site-packages/google/cloud/bigquery/job/query.py", line 1159, in result
    super(QueryJob, self).result(retry=retry, timeout=timeout)
  File "/home/airflow/.local/lib/python3.6/site-packages/google/cloud/bigquery/job/base.py", line 631, in result
    return super(_AsyncJob, self).result(timeout=timeout, **kwargs)
  File "/home/airflow/.local/lib/python3.6/site-packages/google/api_core/future/polling.py", line 134, in result
    raise self._exception
google.api_core.exceptions.Forbidden: 403 Access Denied: Table githubarchive:day.20220914: User does not have permission to query table githubarchive:day.20220914, or perhaps it does not exist in location northamerica-northeast1.

(job ID: airflow_1663530109410794_4e8e27051e4b7eda1ea1c14d0ba14e9a)

                       -----Query Job SQL Follows-----                       

    |    .    |    .    |    .    |    .    |    .    |    .    |    .    |
   1:
   2:        select * from githubarchive.day.20220914 where actor.id=66800817
   3:            
    |    .    |    .    |    .    |    .    |    .    |    .    |    .    |
[2022-09-18 19:41:51,645] {taskinstance.py:1440} INFO - Marking task as FAILED. dag_id=bigquery_dag, task_id=write_query_big_query_table, execution_date=20220917T030000, start_date=20220918T194147, end_date=20220918T194151
[2022-09-18 19:41:51,976] {local_task_job.py:118} INFO - Task exited with return code 1
[2022-09-18 20:17:42,203] {taskinstance.py:826} INFO - Dependencies all met for <TaskInstance: bigquery_dag.write_query_big_query_table 2022-09-17T03:00:00+00:00 [queued]>
[2022-09-18 20:17:42,430] {taskinstance.py:826} INFO - Dependencies all met for <TaskInstance: bigquery_dag.write_query_big_query_table 2022-09-17T03:00:00+00:00 [queued]>
[2022-09-18 20:17:42,438] {taskinstance.py:1017} INFO - 
--------------------------------------------------------------------------------
[2022-09-18 20:17:42,440] {taskinstance.py:1018} INFO - Starting attempt 3 of 3
[2022-09-18 20:17:42,443] {taskinstance.py:1019} INFO - 
--------------------------------------------------------------------------------
[2022-09-18 20:17:42,785] {taskinstance.py:1038} INFO - Executing <Task(BigQueryOperator): write_query_big_query_table> on 2022-09-17T03:00:00+00:00
[2022-09-18 20:17:42,852] {standard_task_runner.py:51} INFO - Started process 1934 to run task
[2022-09-18 20:17:43,163] {standard_task_runner.py:75} INFO - Running: ['airflow', 'tasks', 'run', 'bigquery_dag', 'write_query_big_query_table', '2022-09-17T03:00:00+00:00', '--job-id', '479', '--pool', 'default_pool', '--raw', '--subdir', 'DAGS_FOLDER/dag_with_bigquery.py', '--cfg-path', '/tmp/tmp728fef3j']
[2022-09-18 20:17:43,291] {standard_task_runner.py:76} INFO - Job 479: Subtask write_query_big_query_table
[2022-09-18 20:17:46,382] {logging_mixin.py:103} INFO - Running <TaskInstance: bigquery_dag.write_query_big_query_table 2022-09-17T03:00:00+00:00 [running]> on host 27377494ab8b
[2022-09-18 20:17:47,184] {taskinstance.py:1232} INFO - Exporting the following env vars:
AIRFLOW_CTX_DAG_OWNER=Dave
AIRFLOW_CTX_DAG_ID=bigquery_dag
AIRFLOW_CTX_TASK_ID=write_query_big_query_table
AIRFLOW_CTX_EXECUTION_DATE=2022-09-17T03:00:00+00:00
AIRFLOW_CTX_DAG_RUN_ID=scheduled__2022-09-17T03:00:00+00:00
[2022-09-18 20:17:47,220] {bigquery.py:680} INFO - Executing: 
        select * from githubarchive.day.20220914 where actor.id=66800817
            
[2022-09-18 20:17:47,553] {logging_mixin.py:103} WARNING - /home/airflow/.local/lib/python3.6/site-packages/airflow/providers/google/cloud/hooks/bigquery.py:2052 DeprecationWarning: This method is deprecated. Please use `BigQueryHook.insert_job` method.
[2022-09-18 20:17:47,896] {bigquery.py:1510} INFO - Inserting job airflow_1663532267868080_4e8e27051e4b7eda1ea1c14d0ba14e9a
[2022-09-18 20:17:50,131] {taskinstance.py:1396} ERROR - 403 Access Denied: Table githubarchive:day.20220914: User does not have permission to query table githubarchive:day.20220914, or perhaps it does not exist in location northamerica-northeast1.

(job ID: airflow_1663532267868080_4e8e27051e4b7eda1ea1c14d0ba14e9a)

                       -----Query Job SQL Follows-----                       

    |    .    |    .    |    .    |    .    |    .    |    .    |    .    |
   1:
   2:        select * from githubarchive.day.20220914 where actor.id=66800817
   3:            
    |    .    |    .    |    .    |    .    |    .    |    .    |    .    |
Traceback (most recent call last):
  File "/home/airflow/.local/lib/python3.6/site-packages/airflow/models/taskinstance.py", line 1086, in _run_raw_task
    self._prepare_and_execute_task_with_callbacks(context, task)
  File "/home/airflow/.local/lib/python3.6/site-packages/airflow/models/taskinstance.py", line 1260, in _prepare_and_execute_task_with_callbacks
    result = self._execute_task(context, task_copy)
  File "/home/airflow/.local/lib/python3.6/site-packages/airflow/models/taskinstance.py", line 1300, in _execute_task
    result = task_copy.execute(context=context)
  File "/home/airflow/.local/lib/python3.6/site-packages/airflow/providers/google/cloud/operators/bigquery.py", line 706, in execute
    encryption_configuration=self.encryption_configuration,
  File "/home/airflow/.local/lib/python3.6/site-packages/airflow/providers/google/cloud/hooks/bigquery.py", line 2186, in run_query
    job = self.insert_job(configuration=configuration, project_id=self.project_id)
  File "/home/airflow/.local/lib/python3.6/site-packages/airflow/providers/google/common/hooks/base_google.py", line 425, in inner_wrapper
    return func(self, *args, **kwargs)
  File "/home/airflow/.local/lib/python3.6/site-packages/airflow/providers/google/cloud/hooks/bigquery.py", line 1512, in insert_job
    job.result()
  File "/home/airflow/.local/lib/python3.6/site-packages/google/cloud/bigquery/job/query.py", line 1159, in result
    super(QueryJob, self).result(retry=retry, timeout=timeout)
  File "/home/airflow/.local/lib/python3.6/site-packages/google/cloud/bigquery/job/base.py", line 631, in result
    return super(_AsyncJob, self).result(timeout=timeout, **kwargs)
  File "/home/airflow/.local/lib/python3.6/site-packages/google/api_core/future/polling.py", line 134, in result
    raise self._exception
google.api_core.exceptions.Forbidden: 403 Access Denied: Table githubarchive:day.20220914: User does not have permission to query table githubarchive:day.20220914, or perhaps it does not exist in location northamerica-northeast1.

(job ID: airflow_1663532267868080_4e8e27051e4b7eda1ea1c14d0ba14e9a)

                       -----Query Job SQL Follows-----                       

    |    .    |    .    |    .    |    .    |    .    |    .    |    .    |
   1:
   2:        select * from githubarchive.day.20220914 where actor.id=66800817
   3:            
    |    .    |    .    |    .    |    .    |    .    |    .    |    .    |
[2022-09-18 20:17:50,291] {taskinstance.py:1440} INFO - Marking task as FAILED. dag_id=bigquery_dag, task_id=write_query_big_query_table, execution_date=20220917T030000, start_date=20220918T201742, end_date=20220918T201750
[2022-09-18 20:17:50,860] {local_task_job.py:118} INFO - Task exited with return code 1
