[2022-09-17 02:24:34,156] {taskinstance.py:826} INFO - Dependencies all met for <TaskInstance: bigquery_dag.check_query_big_query_table 2022-09-10T03:00:00+00:00 [queued]>
[2022-09-17 02:24:34,261] {taskinstance.py:826} INFO - Dependencies all met for <TaskInstance: bigquery_dag.check_query_big_query_table 2022-09-10T03:00:00+00:00 [queued]>
[2022-09-17 02:24:34,263] {taskinstance.py:1017} INFO - 
--------------------------------------------------------------------------------
[2022-09-17 02:24:34,265] {taskinstance.py:1018} INFO - Starting attempt 1 of 3
[2022-09-17 02:24:34,267] {taskinstance.py:1019} INFO - 
--------------------------------------------------------------------------------
[2022-09-17 02:24:34,322] {taskinstance.py:1038} INFO - Executing <Task(BigQueryCheckOperator): check_query_big_query_table> on 2022-09-10T03:00:00+00:00
[2022-09-17 02:24:34,341] {standard_task_runner.py:51} INFO - Started process 369 to run task
[2022-09-17 02:24:34,388] {standard_task_runner.py:75} INFO - Running: ['airflow', 'tasks', 'run', 'bigquery_dag', 'check_query_big_query_table', '2022-09-10T03:00:00+00:00', '--job-id', '216', '--pool', 'default_pool', '--raw', '--subdir', 'DAGS_FOLDER/dag_with_bigquery.py', '--cfg-path', '/tmp/tmppv1sbw2g']
[2022-09-17 02:24:34,400] {standard_task_runner.py:76} INFO - Job 216: Subtask check_query_big_query_table
[2022-09-17 02:24:34,580] {logging_mixin.py:103} INFO - Running <TaskInstance: bigquery_dag.check_query_big_query_table 2022-09-10T03:00:00+00:00 [running]> on host 27377494ab8b
[2022-09-17 02:24:34,782] {taskinstance.py:1232} INFO - Exporting the following env vars:
AIRFLOW_CTX_DAG_OWNER=Dave
AIRFLOW_CTX_DAG_ID=bigquery_dag
AIRFLOW_CTX_TASK_ID=check_query_big_query_table
AIRFLOW_CTX_EXECUTION_DATE=2022-09-10T03:00:00+00:00
AIRFLOW_CTX_DAG_RUN_ID=scheduled__2022-09-10T03:00:00+00:00
[2022-09-17 02:24:34,803] {sql.py:87} INFO - Executing SQL check: 
           select id from githubarchive.day.20220914
        
[2022-09-17 02:24:34,883] {logging_mixin.py:103} WARNING - /home/airflow/.local/lib/python3.6/site-packages/airflow/providers/google/cloud/hooks/bigquery.py:120 DeprecationWarning: This method will be deprecated. Please use `BigQueryHook.get_client` method
[2022-09-17 02:24:34,896] {taskinstance.py:1396} ERROR - [Errno 2] No such file or directory: '/opt/airflow/dags/support/keys/quick-keel-213611-bfc0c6523d4e.json'
Traceback (most recent call last):
  File "/home/airflow/.local/lib/python3.6/site-packages/airflow/models/taskinstance.py", line 1086, in _run_raw_task
    self._prepare_and_execute_task_with_callbacks(context, task)
  File "/home/airflow/.local/lib/python3.6/site-packages/airflow/models/taskinstance.py", line 1260, in _prepare_and_execute_task_with_callbacks
    result = self._execute_task(context, task_copy)
  File "/home/airflow/.local/lib/python3.6/site-packages/airflow/models/taskinstance.py", line 1300, in _execute_task
    result = task_copy.execute(context=context)
  File "/home/airflow/.local/lib/python3.6/site-packages/airflow/operators/sql.py", line 88, in execute
    records = self.get_db_hook().get_first(self.sql)
  File "/home/airflow/.local/lib/python3.6/site-packages/airflow/hooks/dbapi.py", line 147, in get_first
    with closing(self.get_conn()) as conn:
  File "/home/airflow/.local/lib/python3.6/site-packages/airflow/providers/google/cloud/hooks/bigquery.py", line 107, in get_conn
    service = self.get_service()
  File "/home/airflow/.local/lib/python3.6/site-packages/airflow/providers/google/cloud/hooks/bigquery.py", line 122, in get_service
    http_authorized = self._authorize()
  File "/home/airflow/.local/lib/python3.6/site-packages/airflow/providers/google/common/hooks/base_google.py", line 280, in _authorize
    credentials = self._get_credentials()
  File "/home/airflow/.local/lib/python3.6/site-packages/airflow/providers/google/common/hooks/base_google.py", line 251, in _get_credentials
    credentials, _ = self._get_credentials_and_project_id()
  File "/home/airflow/.local/lib/python3.6/site-packages/airflow/providers/google/common/hooks/base_google.py", line 237, in _get_credentials_and_project_id
    delegates=delegates,
  File "/home/airflow/.local/lib/python3.6/site-packages/airflow/providers/google/cloud/utils/credentials_provider.py", line 309, in get_credentials_and_project_id
    return _CredentialProvider(*args, **kwargs).get_credentials_and_project()
  File "/home/airflow/.local/lib/python3.6/site-packages/airflow/providers/google/cloud/utils/credentials_provider.py", line 238, in get_credentials_and_project
    credentials, project_id = self._get_credentials_using_key_path()
  File "/home/airflow/.local/lib/python3.6/site-packages/airflow/providers/google/cloud/utils/credentials_provider.py", line 286, in _get_credentials_using_key_path
    self.key_path, scopes=self.scopes
  File "/home/airflow/.local/lib/python3.6/site-packages/google/oauth2/service_account.py", line 234, in from_service_account_file
    filename, require=["client_email", "token_uri"]
  File "/home/airflow/.local/lib/python3.6/site-packages/google/auth/_service_account_info.py", line 72, in from_filename
    with io.open(filename, "r", encoding="utf-8") as json_file:
FileNotFoundError: [Errno 2] No such file or directory: '/opt/airflow/dags/support/keys/quick-keel-213611-bfc0c6523d4e.json'
[2022-09-17 02:24:34,914] {taskinstance.py:1440} INFO - Marking task as UP_FOR_RETRY. dag_id=bigquery_dag, task_id=check_query_big_query_table, execution_date=20220910T030000, start_date=20220917T022434, end_date=20220917T022434
[2022-09-17 02:24:35,012] {local_task_job.py:118} INFO - Task exited with return code 1
[2022-09-18 18:29:08,945] {taskinstance.py:826} INFO - Dependencies all met for <TaskInstance: bigquery_dag.check_query_big_query_table 2022-09-10T03:00:00+00:00 [queued]>
[2022-09-18 18:29:09,246] {taskinstance.py:826} INFO - Dependencies all met for <TaskInstance: bigquery_dag.check_query_big_query_table 2022-09-10T03:00:00+00:00 [queued]>
[2022-09-18 18:29:09,252] {taskinstance.py:1017} INFO - 
--------------------------------------------------------------------------------
[2022-09-18 18:29:09,255] {taskinstance.py:1018} INFO - Starting attempt 1 of 3
[2022-09-18 18:29:09,257] {taskinstance.py:1019} INFO - 
--------------------------------------------------------------------------------
[2022-09-18 18:29:09,441] {taskinstance.py:1038} INFO - Executing <Task(BigQueryCheckOperator): check_query_big_query_table> on 2022-09-10T03:00:00+00:00
[2022-09-18 18:29:09,512] {standard_task_runner.py:51} INFO - Started process 30877 to run task
[2022-09-18 18:29:09,628] {standard_task_runner.py:75} INFO - Running: ['airflow', 'tasks', 'run', 'bigquery_dag', 'check_query_big_query_table', '2022-09-10T03:00:00+00:00', '--job-id', '257', '--pool', 'default_pool', '--raw', '--subdir', 'DAGS_FOLDER/dag_with_bigquery.py', '--cfg-path', '/tmp/tmp47k2j54e']
[2022-09-18 18:29:09,680] {standard_task_runner.py:76} INFO - Job 257: Subtask check_query_big_query_table
[2022-09-18 18:29:10,095] {logging_mixin.py:103} INFO - Running <TaskInstance: bigquery_dag.check_query_big_query_table 2022-09-10T03:00:00+00:00 [running]> on host 27377494ab8b
[2022-09-18 18:29:10,458] {taskinstance.py:1232} INFO - Exporting the following env vars:
AIRFLOW_CTX_DAG_OWNER=Dave
AIRFLOW_CTX_DAG_ID=bigquery_dag
AIRFLOW_CTX_TASK_ID=check_query_big_query_table
AIRFLOW_CTX_EXECUTION_DATE=2022-09-10T03:00:00+00:00
AIRFLOW_CTX_DAG_RUN_ID=scheduled__2022-09-10T03:00:00+00:00
[2022-09-18 18:29:10,476] {sql.py:87} INFO - Executing SQL check: 
           select id from githubarchive.day.20220914
        
[2022-09-18 18:29:10,567] {logging_mixin.py:103} WARNING - /home/airflow/.local/lib/python3.6/site-packages/airflow/providers/google/cloud/hooks/bigquery.py:120 DeprecationWarning: This method will be deprecated. Please use `BigQueryHook.get_client` method
[2022-09-18 18:29:10,583] {taskinstance.py:1396} ERROR - [Errno 2] No such file or directory: '/opt/airflow/dags/dags/support/quick-keel-213611-2877771d11bf.json'
Traceback (most recent call last):
  File "/home/airflow/.local/lib/python3.6/site-packages/airflow/models/taskinstance.py", line 1086, in _run_raw_task
    self._prepare_and_execute_task_with_callbacks(context, task)
  File "/home/airflow/.local/lib/python3.6/site-packages/airflow/models/taskinstance.py", line 1260, in _prepare_and_execute_task_with_callbacks
    result = self._execute_task(context, task_copy)
  File "/home/airflow/.local/lib/python3.6/site-packages/airflow/models/taskinstance.py", line 1300, in _execute_task
    result = task_copy.execute(context=context)
  File "/home/airflow/.local/lib/python3.6/site-packages/airflow/operators/sql.py", line 88, in execute
    records = self.get_db_hook().get_first(self.sql)
  File "/home/airflow/.local/lib/python3.6/site-packages/airflow/hooks/dbapi.py", line 147, in get_first
    with closing(self.get_conn()) as conn:
  File "/home/airflow/.local/lib/python3.6/site-packages/airflow/providers/google/cloud/hooks/bigquery.py", line 107, in get_conn
    service = self.get_service()
  File "/home/airflow/.local/lib/python3.6/site-packages/airflow/providers/google/cloud/hooks/bigquery.py", line 122, in get_service
    http_authorized = self._authorize()
  File "/home/airflow/.local/lib/python3.6/site-packages/airflow/providers/google/common/hooks/base_google.py", line 280, in _authorize
    credentials = self._get_credentials()
  File "/home/airflow/.local/lib/python3.6/site-packages/airflow/providers/google/common/hooks/base_google.py", line 251, in _get_credentials
    credentials, _ = self._get_credentials_and_project_id()
  File "/home/airflow/.local/lib/python3.6/site-packages/airflow/providers/google/common/hooks/base_google.py", line 237, in _get_credentials_and_project_id
    delegates=delegates,
  File "/home/airflow/.local/lib/python3.6/site-packages/airflow/providers/google/cloud/utils/credentials_provider.py", line 309, in get_credentials_and_project_id
    return _CredentialProvider(*args, **kwargs).get_credentials_and_project()
  File "/home/airflow/.local/lib/python3.6/site-packages/airflow/providers/google/cloud/utils/credentials_provider.py", line 238, in get_credentials_and_project
    credentials, project_id = self._get_credentials_using_key_path()
  File "/home/airflow/.local/lib/python3.6/site-packages/airflow/providers/google/cloud/utils/credentials_provider.py", line 286, in _get_credentials_using_key_path
    self.key_path, scopes=self.scopes
  File "/home/airflow/.local/lib/python3.6/site-packages/google/oauth2/service_account.py", line 234, in from_service_account_file
    filename, require=["client_email", "token_uri"]
  File "/home/airflow/.local/lib/python3.6/site-packages/google/auth/_service_account_info.py", line 72, in from_filename
    with io.open(filename, "r", encoding="utf-8") as json_file:
FileNotFoundError: [Errno 2] No such file or directory: '/opt/airflow/dags/dags/support/quick-keel-213611-2877771d11bf.json'
[2022-09-18 18:29:10,614] {taskinstance.py:1440} INFO - Marking task as UP_FOR_RETRY. dag_id=bigquery_dag, task_id=check_query_big_query_table, execution_date=20220910T030000, start_date=20220918T182909, end_date=20220918T182910
[2022-09-18 18:29:10,798] {local_task_job.py:118} INFO - Task exited with return code 1
[2022-09-18 18:36:30,892] {taskinstance.py:826} INFO - Dependencies all met for <TaskInstance: bigquery_dag.check_query_big_query_table 2022-09-10T03:00:00+00:00 [queued]>
[2022-09-18 18:36:31,133] {taskinstance.py:826} INFO - Dependencies all met for <TaskInstance: bigquery_dag.check_query_big_query_table 2022-09-10T03:00:00+00:00 [queued]>
[2022-09-18 18:36:31,136] {taskinstance.py:1017} INFO - 
--------------------------------------------------------------------------------
[2022-09-18 18:36:31,139] {taskinstance.py:1018} INFO - Starting attempt 1 of 3
[2022-09-18 18:36:31,142] {taskinstance.py:1019} INFO - 
--------------------------------------------------------------------------------
[2022-09-18 18:36:31,286] {taskinstance.py:1038} INFO - Executing <Task(BigQueryCheckOperator): check_query_big_query_table> on 2022-09-10T03:00:00+00:00
[2022-09-18 18:36:31,316] {standard_task_runner.py:51} INFO - Started process 3824 to run task
[2022-09-18 18:36:31,419] {standard_task_runner.py:75} INFO - Running: ['airflow', 'tasks', 'run', 'bigquery_dag', 'check_query_big_query_table', '2022-09-10T03:00:00+00:00', '--job-id', '295', '--pool', 'default_pool', '--raw', '--subdir', 'DAGS_FOLDER/dag_with_bigquery.py', '--cfg-path', '/tmp/tmpv4p5lza2']
[2022-09-18 18:36:31,462] {standard_task_runner.py:76} INFO - Job 295: Subtask check_query_big_query_table
[2022-09-18 18:36:32,169] {logging_mixin.py:103} INFO - Running <TaskInstance: bigquery_dag.check_query_big_query_table 2022-09-10T03:00:00+00:00 [running]> on host 27377494ab8b
[2022-09-18 18:36:32,693] {taskinstance.py:1232} INFO - Exporting the following env vars:
AIRFLOW_CTX_DAG_OWNER=Dave
AIRFLOW_CTX_DAG_ID=bigquery_dag
AIRFLOW_CTX_TASK_ID=check_query_big_query_table
AIRFLOW_CTX_EXECUTION_DATE=2022-09-10T03:00:00+00:00
AIRFLOW_CTX_DAG_RUN_ID=scheduled__2022-09-10T03:00:00+00:00
[2022-09-18 18:36:32,761] {sql.py:87} INFO - Executing SQL check: 
           select id from githubarchive.day.20220914
        
[2022-09-18 18:36:32,917] {logging_mixin.py:103} WARNING - /home/airflow/.local/lib/python3.6/site-packages/airflow/providers/google/cloud/hooks/bigquery.py:120 DeprecationWarning: This method will be deprecated. Please use `BigQueryHook.get_client` method
[2022-09-18 18:36:34,502] {logging_mixin.py:103} WARNING - /home/airflow/.local/lib/python3.6/site-packages/airflow/providers/google/cloud/hooks/bigquery.py:2052 DeprecationWarning: This method is deprecated. Please use `BigQueryHook.insert_job` method.
[2022-09-18 18:36:34,535] {bigquery.py:1510} INFO - Inserting job airflow_1663526194518853_06d2bf8b43be9b79a3e89edf3b53e367
[2022-09-18 18:36:39,531] {local_task_job.py:77} ERROR - Received SIGTERM. Terminating subprocesses
[2022-09-18 19:16:02,084] {taskinstance.py:826} INFO - Dependencies all met for <TaskInstance: bigquery_dag.check_query_big_query_table 2022-09-10T03:00:00+00:00 [queued]>
[2022-09-18 19:16:02,430] {taskinstance.py:826} INFO - Dependencies all met for <TaskInstance: bigquery_dag.check_query_big_query_table 2022-09-10T03:00:00+00:00 [queued]>
[2022-09-18 19:16:02,443] {taskinstance.py:1017} INFO - 
--------------------------------------------------------------------------------
[2022-09-18 19:16:02,447] {taskinstance.py:1018} INFO - Starting attempt 1 of 3
[2022-09-18 19:16:02,452] {taskinstance.py:1019} INFO - 
--------------------------------------------------------------------------------
[2022-09-18 19:16:02,554] {taskinstance.py:1038} INFO - Executing <Task(BigQueryCheckOperator): check_query_big_query_table> on 2022-09-10T03:00:00+00:00
[2022-09-18 19:16:02,589] {standard_task_runner.py:51} INFO - Started process 1652 to run task
[2022-09-18 19:16:02,706] {standard_task_runner.py:75} INFO - Running: ['airflow', 'tasks', 'run', 'bigquery_dag', 'check_query_big_query_table', '2022-09-10T03:00:00+00:00', '--job-id', '352', '--pool', 'default_pool', '--raw', '--subdir', 'DAGS_FOLDER/dag_with_bigquery.py', '--cfg-path', '/tmp/tmpp62o0ljo']
[2022-09-18 19:16:02,737] {standard_task_runner.py:76} INFO - Job 352: Subtask check_query_big_query_table
[2022-09-18 19:16:03,774] {logging_mixin.py:103} INFO - Running <TaskInstance: bigquery_dag.check_query_big_query_table 2022-09-10T03:00:00+00:00 [running]> on host 27377494ab8b
[2022-09-18 19:16:04,873] {taskinstance.py:1232} INFO - Exporting the following env vars:
AIRFLOW_CTX_DAG_OWNER=Dave
AIRFLOW_CTX_DAG_ID=bigquery_dag
AIRFLOW_CTX_TASK_ID=check_query_big_query_table
AIRFLOW_CTX_EXECUTION_DATE=2022-09-10T03:00:00+00:00
AIRFLOW_CTX_DAG_RUN_ID=scheduled__2022-09-10T03:00:00+00:00
[2022-09-18 19:16:04,915] {sql.py:87} INFO - Executing SQL check: 
           select id from githubarchive.day.20220914
        
[2022-09-18 19:16:05,353] {logging_mixin.py:103} WARNING - /home/airflow/.local/lib/python3.6/site-packages/airflow/providers/google/cloud/hooks/bigquery.py:120 DeprecationWarning: This method will be deprecated. Please use `BigQueryHook.get_client` method
[2022-09-18 19:16:09,039] {logging_mixin.py:103} WARNING - /home/airflow/.local/lib/python3.6/site-packages/airflow/providers/google/cloud/hooks/bigquery.py:2052 DeprecationWarning: This method is deprecated. Please use `BigQueryHook.insert_job` method.
[2022-09-18 19:16:09,127] {bigquery.py:1510} INFO - Inserting job airflow_1663528569083983_06d2bf8b43be9b79a3e89edf3b53e367
[2022-09-18 19:16:10,893] {taskinstance.py:1396} ERROR - 403 POST https://bigquery.googleapis.com/bigquery/v2/projects/quick-keel-213611/jobs?prettyPrint=false: Access Denied: Project quick-keel-213611: User does not have bigquery.jobs.create permission in project quick-keel-213611.

(job ID: airflow_1663528569083983_06d2bf8b43be9b79a3e89edf3b53e367)

             -----Query Job SQL Follows-----             

    |    .    |    .    |    .    |    .    |    .    |
   1:
   2:           select id from githubarchive.day.20220914
   3:        
    |    .    |    .    |    .    |    .    |    .    |

(job ID: airflow_1663528569083983_06d2bf8b43be9b79a3e89edf3b53e367)

             -----Query Job SQL Follows-----             

    |    .    |    .    |    .    |    .    |    .    |
   1:
   2:           select id from githubarchive.day.20220914
   3:        
    |    .    |    .    |    .    |    .    |    .    |
Traceback (most recent call last):
  File "/home/airflow/.local/lib/python3.6/site-packages/airflow/models/taskinstance.py", line 1086, in _run_raw_task
    self._prepare_and_execute_task_with_callbacks(context, task)
  File "/home/airflow/.local/lib/python3.6/site-packages/airflow/models/taskinstance.py", line 1260, in _prepare_and_execute_task_with_callbacks
    result = self._execute_task(context, task_copy)
  File "/home/airflow/.local/lib/python3.6/site-packages/airflow/models/taskinstance.py", line 1300, in _execute_task
    result = task_copy.execute(context=context)
  File "/home/airflow/.local/lib/python3.6/site-packages/airflow/operators/sql.py", line 88, in execute
    records = self.get_db_hook().get_first(self.sql)
  File "/home/airflow/.local/lib/python3.6/site-packages/airflow/hooks/dbapi.py", line 152, in get_first
    cur.execute(sql)
  File "/home/airflow/.local/lib/python3.6/site-packages/airflow/providers/google/cloud/hooks/bigquery.py", line 2639, in execute
    self.job_id = self.hook.run_query(sql)
  File "/home/airflow/.local/lib/python3.6/site-packages/airflow/providers/google/cloud/hooks/bigquery.py", line 2186, in run_query
    job = self.insert_job(configuration=configuration, project_id=self.project_id)
  File "/home/airflow/.local/lib/python3.6/site-packages/airflow/providers/google/common/hooks/base_google.py", line 425, in inner_wrapper
    return func(self, *args, **kwargs)
  File "/home/airflow/.local/lib/python3.6/site-packages/airflow/providers/google/cloud/hooks/bigquery.py", line 1512, in insert_job
    job.result()
  File "/home/airflow/.local/lib/python3.6/site-packages/google/cloud/bigquery/job/query.py", line 1159, in result
    super(QueryJob, self).result(retry=retry, timeout=timeout)
  File "/home/airflow/.local/lib/python3.6/site-packages/google/cloud/bigquery/job/base.py", line 628, in result
    self._begin(retry=retry, timeout=timeout)
  File "/home/airflow/.local/lib/python3.6/site-packages/google/cloud/bigquery/job/query.py", line 1069, in _begin
    super(QueryJob, self)._begin(client=client, retry=retry, timeout=timeout)
  File "/home/airflow/.local/lib/python3.6/site-packages/google/cloud/bigquery/job/base.py", line 438, in _begin
    timeout=timeout,
  File "/home/airflow/.local/lib/python3.6/site-packages/google/cloud/bigquery/client.py", line 640, in _call_api
    return call()
  File "/home/airflow/.local/lib/python3.6/site-packages/google/api_core/retry.py", line 286, in retry_wrapped_func
    on_error=on_error,
  File "/home/airflow/.local/lib/python3.6/site-packages/google/api_core/retry.py", line 184, in retry_target
    return target()
  File "/home/airflow/.local/lib/python3.6/site-packages/google/cloud/_http.py", line 483, in api_request
    raise exceptions.from_http_response(response)
google.api_core.exceptions.Forbidden: 403 POST https://bigquery.googleapis.com/bigquery/v2/projects/quick-keel-213611/jobs?prettyPrint=false: Access Denied: Project quick-keel-213611: User does not have bigquery.jobs.create permission in project quick-keel-213611.

(job ID: airflow_1663528569083983_06d2bf8b43be9b79a3e89edf3b53e367)

             -----Query Job SQL Follows-----             

    |    .    |    .    |    .    |    .    |    .    |
   1:
   2:           select id from githubarchive.day.20220914
   3:        
    |    .    |    .    |    .    |    .    |    .    |

(job ID: airflow_1663528569083983_06d2bf8b43be9b79a3e89edf3b53e367)

             -----Query Job SQL Follows-----             

    |    .    |    .    |    .    |    .    |    .    |
   1:
   2:           select id from githubarchive.day.20220914
   3:        
    |    .    |    .    |    .    |    .    |    .    |
[2022-09-18 19:16:11,194] {taskinstance.py:1440} INFO - Marking task as UP_FOR_RETRY. dag_id=bigquery_dag, task_id=check_query_big_query_table, execution_date=20220910T030000, start_date=20220918T191602, end_date=20220918T191611
[2022-09-18 19:16:12,718] {local_task_job.py:118} INFO - Task exited with return code 1
[2022-09-18 19:33:16,285] {taskinstance.py:826} INFO - Dependencies all met for <TaskInstance: bigquery_dag.check_query_big_query_table 2022-09-10T03:00:00+00:00 [queued]>
[2022-09-18 19:33:16,520] {taskinstance.py:826} INFO - Dependencies all met for <TaskInstance: bigquery_dag.check_query_big_query_table 2022-09-10T03:00:00+00:00 [queued]>
[2022-09-18 19:33:16,530] {taskinstance.py:1017} INFO - 
--------------------------------------------------------------------------------
[2022-09-18 19:33:16,532] {taskinstance.py:1018} INFO - Starting attempt 1 of 3
[2022-09-18 19:33:16,535] {taskinstance.py:1019} INFO - 
--------------------------------------------------------------------------------
[2022-09-18 19:33:16,658] {taskinstance.py:1038} INFO - Executing <Task(BigQueryCheckOperator): check_query_big_query_table> on 2022-09-10T03:00:00+00:00
[2022-09-18 19:33:16,693] {standard_task_runner.py:51} INFO - Started process 22175 to run task
[2022-09-18 19:33:16,744] {standard_task_runner.py:75} INFO - Running: ['airflow', 'tasks', 'run', 'bigquery_dag', 'check_query_big_query_table', '2022-09-10T03:00:00+00:00', '--job-id', '378', '--pool', 'default_pool', '--raw', '--subdir', 'DAGS_FOLDER/dag_with_bigquery.py', '--cfg-path', '/tmp/tmppkuabb0g']
[2022-09-18 19:33:16,777] {standard_task_runner.py:76} INFO - Job 378: Subtask check_query_big_query_table
[2022-09-18 19:33:17,259] {logging_mixin.py:103} INFO - Running <TaskInstance: bigquery_dag.check_query_big_query_table 2022-09-10T03:00:00+00:00 [running]> on host 27377494ab8b
[2022-09-18 19:33:17,915] {taskinstance.py:1232} INFO - Exporting the following env vars:
AIRFLOW_CTX_DAG_OWNER=Dave
AIRFLOW_CTX_DAG_ID=bigquery_dag
AIRFLOW_CTX_TASK_ID=check_query_big_query_table
AIRFLOW_CTX_EXECUTION_DATE=2022-09-10T03:00:00+00:00
AIRFLOW_CTX_DAG_RUN_ID=scheduled__2022-09-10T03:00:00+00:00
[2022-09-18 19:33:17,946] {sql.py:87} INFO - Executing SQL check: 
           select id from githubarchive.day.20220914
        
[2022-09-18 19:33:18,155] {logging_mixin.py:103} WARNING - /home/airflow/.local/lib/python3.6/site-packages/airflow/providers/google/cloud/hooks/bigquery.py:120 DeprecationWarning: This method will be deprecated. Please use `BigQueryHook.get_client` method
[2022-09-18 19:33:20,113] {logging_mixin.py:103} WARNING - /home/airflow/.local/lib/python3.6/site-packages/airflow/providers/google/cloud/hooks/bigquery.py:2052 DeprecationWarning: This method is deprecated. Please use `BigQueryHook.insert_job` method.
[2022-09-18 19:33:20,130] {bigquery.py:1510} INFO - Inserting job airflow_1663529600122258_06d2bf8b43be9b79a3e89edf3b53e367
[2022-09-18 19:33:24,461] {local_task_job.py:77} ERROR - Received SIGTERM. Terminating subprocesses
[2022-09-18 19:37:26,388] {taskinstance.py:826} INFO - Dependencies all met for <TaskInstance: bigquery_dag.check_query_big_query_table 2022-09-10T03:00:00+00:00 [queued]>
[2022-09-18 19:37:26,612] {taskinstance.py:826} INFO - Dependencies all met for <TaskInstance: bigquery_dag.check_query_big_query_table 2022-09-10T03:00:00+00:00 [queued]>
[2022-09-18 19:37:26,617] {taskinstance.py:1017} INFO - 
--------------------------------------------------------------------------------
[2022-09-18 19:37:26,619] {taskinstance.py:1018} INFO - Starting attempt 1 of 3
[2022-09-18 19:37:26,620] {taskinstance.py:1019} INFO - 
--------------------------------------------------------------------------------
[2022-09-18 19:37:26,784] {taskinstance.py:1038} INFO - Executing <Task(BigQueryCheckOperator): check_query_big_query_table> on 2022-09-10T03:00:00+00:00
[2022-09-18 19:37:26,886] {standard_task_runner.py:51} INFO - Started process 1762 to run task
[2022-09-18 19:37:26,925] {standard_task_runner.py:75} INFO - Running: ['airflow', 'tasks', 'run', 'bigquery_dag', 'check_query_big_query_table', '2022-09-10T03:00:00+00:00', '--job-id', '398', '--pool', 'default_pool', '--raw', '--subdir', 'DAGS_FOLDER/dag_with_bigquery.py', '--cfg-path', '/tmp/tmp_mlldiq5']
[2022-09-18 19:37:26,954] {standard_task_runner.py:76} INFO - Job 398: Subtask check_query_big_query_table
[2022-09-18 19:37:27,574] {logging_mixin.py:103} INFO - Running <TaskInstance: bigquery_dag.check_query_big_query_table 2022-09-10T03:00:00+00:00 [running]> on host 27377494ab8b
[2022-09-18 19:37:28,057] {taskinstance.py:1232} INFO - Exporting the following env vars:
AIRFLOW_CTX_DAG_OWNER=Dave
AIRFLOW_CTX_DAG_ID=bigquery_dag
AIRFLOW_CTX_TASK_ID=check_query_big_query_table
AIRFLOW_CTX_EXECUTION_DATE=2022-09-10T03:00:00+00:00
AIRFLOW_CTX_DAG_RUN_ID=scheduled__2022-09-10T03:00:00+00:00
[2022-09-18 19:37:28,096] {sql.py:87} INFO - Executing SQL check: 
           select id from githubarchive.day.20220914
        
[2022-09-18 19:37:28,271] {logging_mixin.py:103} WARNING - /home/airflow/.local/lib/python3.6/site-packages/airflow/providers/google/cloud/hooks/bigquery.py:120 DeprecationWarning: This method will be deprecated. Please use `BigQueryHook.get_client` method
[2022-09-18 19:37:30,361] {logging_mixin.py:103} WARNING - /home/airflow/.local/lib/python3.6/site-packages/airflow/providers/google/cloud/hooks/bigquery.py:2052 DeprecationWarning: This method is deprecated. Please use `BigQueryHook.insert_job` method.
[2022-09-18 19:37:30,372] {bigquery.py:1510} INFO - Inserting job airflow_1663529850369748_06d2bf8b43be9b79a3e89edf3b53e367
[2022-09-18 19:37:42,464] {local_task_job.py:118} INFO - Task exited with return code Negsignal.SIGKILL
[2022-09-18 20:12:29,540] {taskinstance.py:826} INFO - Dependencies all met for <TaskInstance: bigquery_dag.check_query_big_query_table 2022-09-10T03:00:00+00:00 [queued]>
[2022-09-18 20:12:29,649] {taskinstance.py:826} INFO - Dependencies all met for <TaskInstance: bigquery_dag.check_query_big_query_table 2022-09-10T03:00:00+00:00 [queued]>
[2022-09-18 20:12:29,654] {taskinstance.py:1017} INFO - 
--------------------------------------------------------------------------------
[2022-09-18 20:12:29,656] {taskinstance.py:1018} INFO - Starting attempt 1 of 3
[2022-09-18 20:12:29,658] {taskinstance.py:1019} INFO - 
--------------------------------------------------------------------------------
[2022-09-18 20:12:29,848] {taskinstance.py:1038} INFO - Executing <Task(BigQueryCheckOperator): check_query_big_query_table> on 2022-09-10T03:00:00+00:00
[2022-09-18 20:12:30,070] {standard_task_runner.py:75} INFO - Running: ['airflow', 'tasks', 'run', 'bigquery_dag', 'check_query_big_query_table', '2022-09-10T03:00:00+00:00', '--job-id', '451', '--pool', 'default_pool', '--raw', '--subdir', 'DAGS_FOLDER/dag_with_bigquery.py', '--cfg-path', '/tmp/tmpol8jvp3u']
[2022-09-18 20:12:30,100] {standard_task_runner.py:76} INFO - Job 451: Subtask check_query_big_query_table
[2022-09-18 20:12:29,928] {standard_task_runner.py:51} INFO - Started process 495 to run task
[2022-09-18 20:12:32,268] {logging_mixin.py:103} INFO - Running <TaskInstance: bigquery_dag.check_query_big_query_table 2022-09-10T03:00:00+00:00 [running]> on host 27377494ab8b
[2022-09-18 20:12:33,124] {taskinstance.py:1232} INFO - Exporting the following env vars:
AIRFLOW_CTX_DAG_OWNER=Dave
AIRFLOW_CTX_DAG_ID=bigquery_dag
AIRFLOW_CTX_TASK_ID=check_query_big_query_table
AIRFLOW_CTX_EXECUTION_DATE=2022-09-10T03:00:00+00:00
AIRFLOW_CTX_DAG_RUN_ID=scheduled__2022-09-10T03:00:00+00:00
[2022-09-18 20:12:33,145] {sql.py:87} INFO - Executing SQL check: 
           select id from githubarchive.day.20220914
        
[2022-09-18 20:12:33,380] {logging_mixin.py:103} WARNING - /home/airflow/.local/lib/python3.6/site-packages/airflow/providers/google/cloud/hooks/bigquery.py:120 DeprecationWarning: This method will be deprecated. Please use `BigQueryHook.get_client` method
[2022-09-18 20:12:35,596] {logging_mixin.py:103} WARNING - /home/airflow/.local/lib/python3.6/site-packages/airflow/providers/google/cloud/hooks/bigquery.py:2052 DeprecationWarning: This method is deprecated. Please use `BigQueryHook.insert_job` method.
[2022-09-18 20:12:35,638] {bigquery.py:1510} INFO - Inserting job airflow_1663531955620634_06d2bf8b43be9b79a3e89edf3b53e367
[2022-09-18 20:13:07,422] {local_task_job.py:118} INFO - Task exited with return code Negsignal.SIGKILL
[2022-09-19 02:26:18,006] {taskinstance.py:826} INFO - Dependencies all met for <TaskInstance: bigquery_dag.check_query_big_query_table 2022-09-10T03:00:00+00:00 [queued]>
[2022-09-19 02:26:18,138] {taskinstance.py:826} INFO - Dependencies all met for <TaskInstance: bigquery_dag.check_query_big_query_table 2022-09-10T03:00:00+00:00 [queued]>
[2022-09-19 02:26:18,142] {taskinstance.py:1017} INFO - 
--------------------------------------------------------------------------------
[2022-09-19 02:26:18,146] {taskinstance.py:1018} INFO - Starting attempt 1 of 3
[2022-09-19 02:26:18,147] {taskinstance.py:1019} INFO - 
--------------------------------------------------------------------------------
[2022-09-19 02:26:18,224] {taskinstance.py:1038} INFO - Executing <Task(BigQueryCheckOperator): check_query_big_query_table> on 2022-09-10T03:00:00+00:00
[2022-09-19 02:26:18,253] {standard_task_runner.py:51} INFO - Started process 28972 to run task
[2022-09-19 02:26:18,278] {standard_task_runner.py:75} INFO - Running: ['airflow', 'tasks', 'run', 'bigquery_dag', 'check_query_big_query_table', '2022-09-10T03:00:00+00:00', '--job-id', '494', '--pool', 'default_pool', '--raw', '--subdir', 'DAGS_FOLDER/dag_with_bigquery.py', '--cfg-path', '/tmp/tmpsiu3_fj4']
[2022-09-19 02:26:18,305] {standard_task_runner.py:76} INFO - Job 494: Subtask check_query_big_query_table
[2022-09-19 02:26:18,516] {logging_mixin.py:103} INFO - Running <TaskInstance: bigquery_dag.check_query_big_query_table 2022-09-10T03:00:00+00:00 [running]> on host 27377494ab8b
[2022-09-19 02:26:18,717] {taskinstance.py:1232} INFO - Exporting the following env vars:
AIRFLOW_CTX_DAG_OWNER=Dave
AIRFLOW_CTX_DAG_ID=bigquery_dag
AIRFLOW_CTX_TASK_ID=check_query_big_query_table
AIRFLOW_CTX_EXECUTION_DATE=2022-09-10T03:00:00+00:00
AIRFLOW_CTX_DAG_RUN_ID=scheduled__2022-09-10T03:00:00+00:00
[2022-09-19 02:26:18,730] {sql.py:87} INFO - Executing SQL check: 
           select id from githubarchive.day.20220914
        
[2022-09-19 02:26:18,790] {logging_mixin.py:103} WARNING - /home/airflow/.local/lib/python3.6/site-packages/airflow/providers/google/cloud/hooks/bigquery.py:120 DeprecationWarning: This method will be deprecated. Please use `BigQueryHook.get_client` method
[2022-09-19 02:26:19,575] {logging_mixin.py:103} WARNING - /home/airflow/.local/lib/python3.6/site-packages/airflow/providers/google/cloud/hooks/bigquery.py:2052 DeprecationWarning: This method is deprecated. Please use `BigQueryHook.insert_job` method.
[2022-09-19 02:26:19,580] {bigquery.py:1510} INFO - Inserting job airflow_1663554379578700_06d2bf8b43be9b79a3e89edf3b53e367
[2022-09-19 02:26:47,192] {sql.py:90} INFO - Record: ['23990728531']
[2022-09-19 02:26:47,224] {sql.py:96} INFO - Success.
[2022-09-19 02:26:47,341] {taskinstance.py:1142} INFO - Marking task as SUCCESS. dag_id=bigquery_dag, task_id=check_query_big_query_table, execution_date=20220910T030000, start_date=20220919T022618, end_date=20220919T022647
[2022-09-19 02:26:47,971] {taskinstance.py:1195} INFO - 2 downstream tasks scheduled from follow-on schedule check
[2022-09-19 02:26:48,066] {local_task_job.py:170} WARNING - State of this instance has been externally set to success. Terminating instance.
[2022-09-19 02:26:48,130] {process_utils.py:95} INFO - Sending Signals.SIGTERM to GPID 28972
[2022-09-19 02:26:48,308] {process_utils.py:61} INFO - Process psutil.Process(pid=28972, status='terminated', exitcode=0, started='02:26:17') (28972) terminated with exit code 0
[2022-09-19 02:26:48,315] {local_task_job.py:118} INFO - Task exited with return code 0
