[2022-09-18 18:35:26,072] {taskinstance.py:826} INFO - Dependencies all met for <TaskInstance: bigquery_dag.check_query_big_query_table 2022-09-18T18:32:47.448239+00:00 [None]>
[2022-09-18 18:35:26,140] {taskinstance.py:826} INFO - Dependencies all met for <TaskInstance: bigquery_dag.check_query_big_query_table 2022-09-18T18:32:47.448239+00:00 [None]>
[2022-09-18 18:35:26,142] {taskinstance.py:1017} INFO - 
--------------------------------------------------------------------------------
[2022-09-18 18:35:26,152] {taskinstance.py:1018} INFO - Starting attempt 2 of 3
[2022-09-18 18:35:26,154] {taskinstance.py:1019} INFO - 
--------------------------------------------------------------------------------
[2022-09-18 18:35:26,221] {taskinstance.py:1038} INFO - Executing <Task(BigQueryCheckOperator): check_query_big_query_table> on 2022-09-18T18:32:47.448239+00:00
[2022-09-18 18:35:26,234] {standard_task_runner.py:51} INFO - Started process 3388 to run task
[2022-09-18 18:35:26,266] {standard_task_runner.py:75} INFO - Running: ['airflow', 'tasks', 'run', 'bigquery_dag', 'check_query_big_query_table', '2022-09-18T18:32:47.448239+00:00', '--job-id', '293', '--pool', 'default_pool', '--raw', '--subdir', 'DAGS_FOLDER/dag_with_bigquery.py', '--cfg-path', '/tmp/tmp6vuvihbl']
[2022-09-18 18:35:26,310] {standard_task_runner.py:76} INFO - Job 293: Subtask check_query_big_query_table
[2022-09-18 18:35:26,564] {logging_mixin.py:103} INFO - Running <TaskInstance: bigquery_dag.check_query_big_query_table 2022-09-18T18:32:47.448239+00:00 [running]> on host 27377494ab8b
[2022-09-18 18:35:26,874] {taskinstance.py:1232} INFO - Exporting the following env vars:
AIRFLOW_CTX_DAG_OWNER=Dave
AIRFLOW_CTX_DAG_ID=bigquery_dag
AIRFLOW_CTX_TASK_ID=check_query_big_query_table
AIRFLOW_CTX_EXECUTION_DATE=2022-09-18T18:32:47.448239+00:00
[2022-09-18 18:35:26,891] {sql.py:87} INFO - Executing SQL check: 
           select id from githubarchive.day.20220914
        
[2022-09-18 18:35:26,983] {logging_mixin.py:103} WARNING - /home/airflow/.local/lib/python3.6/site-packages/airflow/providers/google/cloud/hooks/bigquery.py:120 DeprecationWarning: This method will be deprecated. Please use `BigQueryHook.get_client` method
[2022-09-18 18:35:27,951] {logging_mixin.py:103} WARNING - /home/airflow/.local/lib/python3.6/site-packages/airflow/providers/google/cloud/hooks/bigquery.py:2052 DeprecationWarning: This method is deprecated. Please use `BigQueryHook.insert_job` method.
[2022-09-18 18:35:27,964] {bigquery.py:1510} INFO - Inserting job airflow_1663526127960942_06d2bf8b43be9b79a3e89edf3b53e367
[2022-09-18 18:35:56,096] {sql.py:90} INFO - Record: ['23992050950']
[2022-09-18 18:35:56,121] {sql.py:96} INFO - Success.
[2022-09-18 18:35:56,278] {taskinstance.py:1142} INFO - Marking task as SUCCESS. dag_id=bigquery_dag, task_id=check_query_big_query_table, execution_date=20220918T183247, start_date=20220918T183526, end_date=20220918T183556
[2022-09-18 18:35:56,724] {local_task_job.py:118} INFO - Task exited with return code 1
