[2022-09-18 19:34:03,954] {taskinstance.py:826} INFO - Dependencies all met for <TaskInstance: bigquery_dag.check_query_big_query_table 2022-09-18T19:33:05.034310+00:00 [queued]>
[2022-09-18 19:34:04,146] {taskinstance.py:826} INFO - Dependencies all met for <TaskInstance: bigquery_dag.check_query_big_query_table 2022-09-18T19:33:05.034310+00:00 [queued]>
[2022-09-18 19:34:04,155] {taskinstance.py:1017} INFO - 
--------------------------------------------------------------------------------
[2022-09-18 19:34:04,158] {taskinstance.py:1018} INFO - Starting attempt 1 of 3
[2022-09-18 19:34:04,159] {taskinstance.py:1019} INFO - 
--------------------------------------------------------------------------------
[2022-09-18 19:34:04,249] {taskinstance.py:1038} INFO - Executing <Task(BigQueryCheckOperator): check_query_big_query_table> on 2022-09-18T19:33:05.034310+00:00
[2022-09-18 19:34:04,281] {standard_task_runner.py:51} INFO - Started process 408 to run task
[2022-09-18 19:34:04,412] {standard_task_runner.py:75} INFO - Running: ['airflow', 'tasks', 'run', 'bigquery_dag', 'check_query_big_query_table', '2022-09-18T19:33:05.034310+00:00', '--job-id', '388', '--pool', 'default_pool', '--raw', '--subdir', 'DAGS_FOLDER/dag_with_bigquery.py', '--cfg-path', '/tmp/tmpa0mynop9']
[2022-09-18 19:34:04,447] {standard_task_runner.py:76} INFO - Job 388: Subtask check_query_big_query_table
[2022-09-18 19:34:04,937] {logging_mixin.py:103} INFO - Running <TaskInstance: bigquery_dag.check_query_big_query_table 2022-09-18T19:33:05.034310+00:00 [running]> on host 27377494ab8b
[2022-09-18 19:34:05,935] {taskinstance.py:1232} INFO - Exporting the following env vars:
AIRFLOW_CTX_DAG_OWNER=Dave
AIRFLOW_CTX_DAG_ID=bigquery_dag
AIRFLOW_CTX_TASK_ID=check_query_big_query_table
AIRFLOW_CTX_EXECUTION_DATE=2022-09-18T19:33:05.034310+00:00
AIRFLOW_CTX_DAG_RUN_ID=manual__2022-09-18T19:33:05.034310+00:00
[2022-09-18 19:34:06,146] {sql.py:87} INFO - Executing SQL check: 
           select id from githubarchive.day.20220914
        
[2022-09-18 19:34:06,698] {logging_mixin.py:103} WARNING - /home/airflow/.local/lib/python3.6/site-packages/airflow/providers/google/cloud/hooks/bigquery.py:120 DeprecationWarning: This method will be deprecated. Please use `BigQueryHook.get_client` method
[2022-09-18 19:34:11,809] {logging_mixin.py:103} WARNING - /home/airflow/.local/lib/python3.6/site-packages/airflow/providers/google/cloud/hooks/bigquery.py:2052 DeprecationWarning: This method is deprecated. Please use `BigQueryHook.insert_job` method.
[2022-09-18 19:34:11,856] {bigquery.py:1510} INFO - Inserting job airflow_1663529651850384_06d2bf8b43be9b79a3e89edf3b53e367
[2022-09-18 19:34:25,737] {local_task_job.py:118} INFO - Task exited with return code Negsignal.SIGKILL
