[2022-09-17 01:35:34,429] {taskinstance.py:826} INFO - Dependencies all met for <TaskInstance: bigquery_dag.query_big_query_table 2022-09-12T03:00:00+00:00 [queued]>
[2022-09-17 01:35:34,532] {taskinstance.py:826} INFO - Dependencies all met for <TaskInstance: bigquery_dag.query_big_query_table 2022-09-12T03:00:00+00:00 [queued]>
[2022-09-17 01:35:34,537] {taskinstance.py:1017} INFO - 
--------------------------------------------------------------------------------
[2022-09-17 01:35:34,541] {taskinstance.py:1018} INFO - Starting attempt 1 of 3
[2022-09-17 01:35:34,543] {taskinstance.py:1019} INFO - 
--------------------------------------------------------------------------------
[2022-09-17 01:35:34,648] {taskinstance.py:1038} INFO - Executing <Task(BigQueryOperator): query_big_query_table> on 2022-09-12T03:00:00+00:00
[2022-09-17 01:35:34,677] {standard_task_runner.py:51} INFO - Started process 394 to run task
[2022-09-17 01:35:34,724] {standard_task_runner.py:75} INFO - Running: ['airflow', 'tasks', 'run', 'bigquery_dag', 'query_big_query_table', '2022-09-12T03:00:00+00:00', '--job-id', '147', '--pool', 'default_pool', '--raw', '--subdir', 'DAGS_FOLDER/dag_with_bigquery.py', '--cfg-path', '/tmp/tmpvgg9e6ly']
[2022-09-17 01:35:34,762] {standard_task_runner.py:76} INFO - Job 147: Subtask query_big_query_table
[2022-09-17 01:35:35,059] {logging_mixin.py:103} INFO - Running <TaskInstance: bigquery_dag.query_big_query_table 2022-09-12T03:00:00+00:00 [running]> on host 27377494ab8b
[2022-09-17 01:35:35,411] {taskinstance.py:1232} INFO - Exporting the following env vars:
AIRFLOW_CTX_DAG_OWNER=Dave
AIRFLOW_CTX_DAG_ID=bigquery_dag
AIRFLOW_CTX_TASK_ID=query_big_query_table
AIRFLOW_CTX_EXECUTION_DATE=2022-09-12T03:00:00+00:00
AIRFLOW_CTX_DAG_RUN_ID=scheduled__2022-09-12T03:00:00+00:00
[2022-09-17 01:35:35,435] {bigquery.py:680} INFO - Executing: 
           select id from githubarchive.day.20220914
        
[2022-09-17 01:35:35,615] {logging_mixin.py:103} WARNING - /home/airflow/.local/lib/python3.6/site-packages/airflow/providers/google/cloud/hooks/bigquery.py:2052 DeprecationWarning: This method is deprecated. Please use `BigQueryHook.insert_job` method.
[2022-09-17 01:35:35,626] {taskinstance.py:1396} ERROR - [Errno 2] No such file or directory: '/airflow-data/support/keys/quick-keel-213611-3a513d19a935.json'
Traceback (most recent call last):
  File "/home/airflow/.local/lib/python3.6/site-packages/airflow/models/taskinstance.py", line 1086, in _run_raw_task
    self._prepare_and_execute_task_with_callbacks(context, task)
  File "/home/airflow/.local/lib/python3.6/site-packages/airflow/models/taskinstance.py", line 1260, in _prepare_and_execute_task_with_callbacks
    result = self._execute_task(context, task_copy)
  File "/home/airflow/.local/lib/python3.6/site-packages/airflow/models/taskinstance.py", line 1300, in _execute_task
    result = task_copy.execute(context=context)
  File "/home/airflow/.local/lib/python3.6/site-packages/airflow/providers/google/cloud/operators/bigquery.py", line 706, in execute
    encryption_configuration=self.encryption_configuration,
  File "/home/airflow/.local/lib/python3.6/site-packages/airflow/providers/google/cloud/hooks/bigquery.py", line 2054, in run_query
    if not self.project_id:
  File "/home/airflow/.local/lib/python3.6/site-packages/airflow/providers/google/common/hooks/base_google.py", line 307, in project_id
    _, project_id = self._get_credentials_and_project_id()
  File "/home/airflow/.local/lib/python3.6/site-packages/airflow/providers/google/common/hooks/base_google.py", line 237, in _get_credentials_and_project_id
    delegates=delegates,
  File "/home/airflow/.local/lib/python3.6/site-packages/airflow/providers/google/cloud/utils/credentials_provider.py", line 309, in get_credentials_and_project_id
    return _CredentialProvider(*args, **kwargs).get_credentials_and_project()
  File "/home/airflow/.local/lib/python3.6/site-packages/airflow/providers/google/cloud/utils/credentials_provider.py", line 238, in get_credentials_and_project
    credentials, project_id = self._get_credentials_using_key_path()
  File "/home/airflow/.local/lib/python3.6/site-packages/airflow/providers/google/cloud/utils/credentials_provider.py", line 286, in _get_credentials_using_key_path
    self.key_path, scopes=self.scopes
  File "/home/airflow/.local/lib/python3.6/site-packages/google/oauth2/service_account.py", line 234, in from_service_account_file
    filename, require=["client_email", "token_uri"]
  File "/home/airflow/.local/lib/python3.6/site-packages/google/auth/_service_account_info.py", line 72, in from_filename
    with io.open(filename, "r", encoding="utf-8") as json_file:
FileNotFoundError: [Errno 2] No such file or directory: '/airflow-data/support/keys/quick-keel-213611-3a513d19a935.json'
[2022-09-17 01:35:35,686] {taskinstance.py:1440} INFO - Marking task as UP_FOR_RETRY. dag_id=bigquery_dag, task_id=query_big_query_table, execution_date=20220912T030000, start_date=20220917T013534, end_date=20220917T013535
[2022-09-17 01:35:35,836] {local_task_job.py:118} INFO - Task exited with return code 1
[2022-09-17 01:37:36,890] {taskinstance.py:826} INFO - Dependencies all met for <TaskInstance: bigquery_dag.query_big_query_table 2022-09-12T03:00:00+00:00 [queued]>
[2022-09-17 01:37:36,997] {taskinstance.py:826} INFO - Dependencies all met for <TaskInstance: bigquery_dag.query_big_query_table 2022-09-12T03:00:00+00:00 [queued]>
[2022-09-17 01:37:36,999] {taskinstance.py:1017} INFO - 
--------------------------------------------------------------------------------
[2022-09-17 01:37:37,001] {taskinstance.py:1018} INFO - Starting attempt 1 of 3
[2022-09-17 01:37:37,003] {taskinstance.py:1019} INFO - 
--------------------------------------------------------------------------------
[2022-09-17 01:37:37,078] {taskinstance.py:1038} INFO - Executing <Task(BigQueryOperator): query_big_query_table> on 2022-09-12T03:00:00+00:00
[2022-09-17 01:37:37,098] {standard_task_runner.py:51} INFO - Started process 1504 to run task
[2022-09-17 01:37:37,129] {standard_task_runner.py:75} INFO - Running: ['airflow', 'tasks', 'run', 'bigquery_dag', 'query_big_query_table', '2022-09-12T03:00:00+00:00', '--job-id', '160', '--pool', 'default_pool', '--raw', '--subdir', 'DAGS_FOLDER/dag_with_bigquery.py', '--cfg-path', '/tmp/tmpcy5sue6u']
[2022-09-17 01:37:37,154] {standard_task_runner.py:76} INFO - Job 160: Subtask query_big_query_table
[2022-09-17 01:37:37,421] {logging_mixin.py:103} INFO - Running <TaskInstance: bigquery_dag.query_big_query_table 2022-09-12T03:00:00+00:00 [running]> on host 27377494ab8b
[2022-09-17 01:37:37,773] {taskinstance.py:1232} INFO - Exporting the following env vars:
AIRFLOW_CTX_DAG_OWNER=Dave
AIRFLOW_CTX_DAG_ID=bigquery_dag
AIRFLOW_CTX_TASK_ID=query_big_query_table
AIRFLOW_CTX_EXECUTION_DATE=2022-09-12T03:00:00+00:00
AIRFLOW_CTX_DAG_RUN_ID=scheduled__2022-09-12T03:00:00+00:00
[2022-09-17 01:37:37,790] {bigquery.py:680} INFO - Executing: 
           select id from githubarchive.day.20220914
        
[2022-09-17 01:37:37,883] {logging_mixin.py:103} WARNING - /home/airflow/.local/lib/python3.6/site-packages/airflow/providers/google/cloud/hooks/bigquery.py:2052 DeprecationWarning: This method is deprecated. Please use `BigQueryHook.insert_job` method.
[2022-09-17 01:37:37,890] {taskinstance.py:1396} ERROR - [Errno 2] No such file or directory: '/Users/david/Documents/airflow_pr/airflow-docker/airflow-data/support/keys/quick-keel-213611-3a513d19a935.json'
Traceback (most recent call last):
  File "/home/airflow/.local/lib/python3.6/site-packages/airflow/models/taskinstance.py", line 1086, in _run_raw_task
    self._prepare_and_execute_task_with_callbacks(context, task)
  File "/home/airflow/.local/lib/python3.6/site-packages/airflow/models/taskinstance.py", line 1260, in _prepare_and_execute_task_with_callbacks
    result = self._execute_task(context, task_copy)
  File "/home/airflow/.local/lib/python3.6/site-packages/airflow/models/taskinstance.py", line 1300, in _execute_task
    result = task_copy.execute(context=context)
  File "/home/airflow/.local/lib/python3.6/site-packages/airflow/providers/google/cloud/operators/bigquery.py", line 706, in execute
    encryption_configuration=self.encryption_configuration,
  File "/home/airflow/.local/lib/python3.6/site-packages/airflow/providers/google/cloud/hooks/bigquery.py", line 2054, in run_query
    if not self.project_id:
  File "/home/airflow/.local/lib/python3.6/site-packages/airflow/providers/google/common/hooks/base_google.py", line 307, in project_id
    _, project_id = self._get_credentials_and_project_id()
  File "/home/airflow/.local/lib/python3.6/site-packages/airflow/providers/google/common/hooks/base_google.py", line 237, in _get_credentials_and_project_id
    delegates=delegates,
  File "/home/airflow/.local/lib/python3.6/site-packages/airflow/providers/google/cloud/utils/credentials_provider.py", line 309, in get_credentials_and_project_id
    return _CredentialProvider(*args, **kwargs).get_credentials_and_project()
  File "/home/airflow/.local/lib/python3.6/site-packages/airflow/providers/google/cloud/utils/credentials_provider.py", line 238, in get_credentials_and_project
    credentials, project_id = self._get_credentials_using_key_path()
  File "/home/airflow/.local/lib/python3.6/site-packages/airflow/providers/google/cloud/utils/credentials_provider.py", line 286, in _get_credentials_using_key_path
    self.key_path, scopes=self.scopes
  File "/home/airflow/.local/lib/python3.6/site-packages/google/oauth2/service_account.py", line 234, in from_service_account_file
    filename, require=["client_email", "token_uri"]
  File "/home/airflow/.local/lib/python3.6/site-packages/google/auth/_service_account_info.py", line 72, in from_filename
    with io.open(filename, "r", encoding="utf-8") as json_file:
FileNotFoundError: [Errno 2] No such file or directory: '/Users/david/Documents/airflow_pr/airflow-docker/airflow-data/support/keys/quick-keel-213611-3a513d19a935.json'
[2022-09-17 01:37:37,930] {taskinstance.py:1440} INFO - Marking task as UP_FOR_RETRY. dag_id=bigquery_dag, task_id=query_big_query_table, execution_date=20220912T030000, start_date=20220917T013736, end_date=20220917T013737
[2022-09-17 01:37:38,200] {local_task_job.py:118} INFO - Task exited with return code 1
[2022-09-17 01:40:59,108] {taskinstance.py:826} INFO - Dependencies all met for <TaskInstance: bigquery_dag.query_big_query_table 2022-09-12T03:00:00+00:00 [queued]>
[2022-09-17 01:40:59,342] {taskinstance.py:826} INFO - Dependencies all met for <TaskInstance: bigquery_dag.query_big_query_table 2022-09-12T03:00:00+00:00 [queued]>
[2022-09-17 01:40:59,345] {taskinstance.py:1017} INFO - 
--------------------------------------------------------------------------------
[2022-09-17 01:40:59,347] {taskinstance.py:1018} INFO - Starting attempt 1 of 3
[2022-09-17 01:40:59,353] {taskinstance.py:1019} INFO - 
--------------------------------------------------------------------------------
[2022-09-17 01:40:59,488] {taskinstance.py:1038} INFO - Executing <Task(BigQueryOperator): query_big_query_table> on 2022-09-12T03:00:00+00:00
[2022-09-17 01:40:59,515] {standard_task_runner.py:51} INFO - Started process 3374 to run task
[2022-09-17 01:40:59,552] {standard_task_runner.py:75} INFO - Running: ['airflow', 'tasks', 'run', 'bigquery_dag', 'query_big_query_table', '2022-09-12T03:00:00+00:00', '--job-id', '181', '--pool', 'default_pool', '--raw', '--subdir', 'DAGS_FOLDER/dag_with_bigquery.py', '--cfg-path', '/tmp/tmp9p3ncb1r']
[2022-09-17 01:40:59,589] {standard_task_runner.py:76} INFO - Job 181: Subtask query_big_query_table
[2022-09-17 01:41:00,020] {logging_mixin.py:103} INFO - Running <TaskInstance: bigquery_dag.query_big_query_table 2022-09-12T03:00:00+00:00 [running]> on host 27377494ab8b
[2022-09-17 01:41:00,511] {taskinstance.py:1232} INFO - Exporting the following env vars:
AIRFLOW_CTX_DAG_OWNER=Dave
AIRFLOW_CTX_DAG_ID=bigquery_dag
AIRFLOW_CTX_TASK_ID=query_big_query_table
AIRFLOW_CTX_EXECUTION_DATE=2022-09-12T03:00:00+00:00
AIRFLOW_CTX_DAG_RUN_ID=scheduled__2022-09-12T03:00:00+00:00
[2022-09-17 01:41:00,549] {bigquery.py:680} INFO - Executing: 
           select id from githubarchive.day.20220914
        
[2022-09-17 01:41:00,695] {logging_mixin.py:103} WARNING - /home/airflow/.local/lib/python3.6/site-packages/airflow/providers/google/cloud/hooks/bigquery.py:2052 DeprecationWarning: This method is deprecated. Please use `BigQueryHook.insert_job` method.
[2022-09-17 01:41:00,703] {taskinstance.py:1396} ERROR - [Errno 2] No such file or directory: '/opt/airflow/support/keys/quick-keel-213611-3a513d19a935.json'
Traceback (most recent call last):
  File "/home/airflow/.local/lib/python3.6/site-packages/airflow/models/taskinstance.py", line 1086, in _run_raw_task
    self._prepare_and_execute_task_with_callbacks(context, task)
  File "/home/airflow/.local/lib/python3.6/site-packages/airflow/models/taskinstance.py", line 1260, in _prepare_and_execute_task_with_callbacks
    result = self._execute_task(context, task_copy)
  File "/home/airflow/.local/lib/python3.6/site-packages/airflow/models/taskinstance.py", line 1300, in _execute_task
    result = task_copy.execute(context=context)
  File "/home/airflow/.local/lib/python3.6/site-packages/airflow/providers/google/cloud/operators/bigquery.py", line 706, in execute
    encryption_configuration=self.encryption_configuration,
  File "/home/airflow/.local/lib/python3.6/site-packages/airflow/providers/google/cloud/hooks/bigquery.py", line 2054, in run_query
    if not self.project_id:
  File "/home/airflow/.local/lib/python3.6/site-packages/airflow/providers/google/common/hooks/base_google.py", line 307, in project_id
    _, project_id = self._get_credentials_and_project_id()
  File "/home/airflow/.local/lib/python3.6/site-packages/airflow/providers/google/common/hooks/base_google.py", line 237, in _get_credentials_and_project_id
    delegates=delegates,
  File "/home/airflow/.local/lib/python3.6/site-packages/airflow/providers/google/cloud/utils/credentials_provider.py", line 309, in get_credentials_and_project_id
    return _CredentialProvider(*args, **kwargs).get_credentials_and_project()
  File "/home/airflow/.local/lib/python3.6/site-packages/airflow/providers/google/cloud/utils/credentials_provider.py", line 238, in get_credentials_and_project
    credentials, project_id = self._get_credentials_using_key_path()
  File "/home/airflow/.local/lib/python3.6/site-packages/airflow/providers/google/cloud/utils/credentials_provider.py", line 286, in _get_credentials_using_key_path
    self.key_path, scopes=self.scopes
  File "/home/airflow/.local/lib/python3.6/site-packages/google/oauth2/service_account.py", line 234, in from_service_account_file
    filename, require=["client_email", "token_uri"]
  File "/home/airflow/.local/lib/python3.6/site-packages/google/auth/_service_account_info.py", line 72, in from_filename
    with io.open(filename, "r", encoding="utf-8") as json_file:
FileNotFoundError: [Errno 2] No such file or directory: '/opt/airflow/support/keys/quick-keel-213611-3a513d19a935.json'
[2022-09-17 01:41:00,752] {taskinstance.py:1440} INFO - Marking task as UP_FOR_RETRY. dag_id=bigquery_dag, task_id=query_big_query_table, execution_date=20220912T030000, start_date=20220917T014059, end_date=20220917T014100
[2022-09-17 01:41:00,945] {local_task_job.py:118} INFO - Task exited with return code 1
[2022-09-17 01:45:36,403] {taskinstance.py:826} INFO - Dependencies all met for <TaskInstance: bigquery_dag.query_big_query_table 2022-09-12T03:00:00+00:00 [queued]>
[2022-09-17 01:45:36,533] {taskinstance.py:826} INFO - Dependencies all met for <TaskInstance: bigquery_dag.query_big_query_table 2022-09-12T03:00:00+00:00 [queued]>
[2022-09-17 01:45:36,540] {taskinstance.py:1017} INFO - 
--------------------------------------------------------------------------------
[2022-09-17 01:45:36,547] {taskinstance.py:1018} INFO - Starting attempt 1 of 3
[2022-09-17 01:45:36,548] {taskinstance.py:1019} INFO - 
--------------------------------------------------------------------------------
[2022-09-17 01:45:36,650] {taskinstance.py:1038} INFO - Executing <Task(BigQueryOperator): query_big_query_table> on 2022-09-12T03:00:00+00:00
[2022-09-17 01:45:36,673] {standard_task_runner.py:51} INFO - Started process 6635 to run task
[2022-09-17 01:45:36,683] {standard_task_runner.py:75} INFO - Running: ['airflow', 'tasks', 'run', 'bigquery_dag', 'query_big_query_table', '2022-09-12T03:00:00+00:00', '--job-id', '202', '--pool', 'default_pool', '--raw', '--subdir', 'DAGS_FOLDER/dag_with_bigquery.py', '--cfg-path', '/tmp/tmpowxabvq8']
[2022-09-17 01:45:36,716] {standard_task_runner.py:76} INFO - Job 202: Subtask query_big_query_table
[2022-09-17 01:45:36,943] {logging_mixin.py:103} INFO - Running <TaskInstance: bigquery_dag.query_big_query_table 2022-09-12T03:00:00+00:00 [running]> on host 27377494ab8b
[2022-09-17 01:45:37,229] {taskinstance.py:1232} INFO - Exporting the following env vars:
AIRFLOW_CTX_DAG_OWNER=Dave
AIRFLOW_CTX_DAG_ID=bigquery_dag
AIRFLOW_CTX_TASK_ID=query_big_query_table
AIRFLOW_CTX_EXECUTION_DATE=2022-09-12T03:00:00+00:00
AIRFLOW_CTX_DAG_RUN_ID=scheduled__2022-09-12T03:00:00+00:00
[2022-09-17 01:45:37,237] {bigquery.py:680} INFO - Executing: 
           select id from githubarchive.day.20220914
        
[2022-09-17 01:45:37,339] {logging_mixin.py:103} WARNING - /home/airflow/.local/lib/python3.6/site-packages/airflow/providers/google/cloud/hooks/bigquery.py:2052 DeprecationWarning: This method is deprecated. Please use `BigQueryHook.insert_job` method.
[2022-09-17 01:45:37,501] {bigquery.py:1510} INFO - Inserting job airflow_1663379137499166_06d2bf8b43be9b79a3e89edf3b53e367
[2022-09-17 01:45:42,931] {taskinstance.py:1142} INFO - Marking task as SUCCESS. dag_id=bigquery_dag, task_id=query_big_query_table, execution_date=20220912T030000, start_date=20220917T014536, end_date=20220917T014542
[2022-09-17 01:45:43,585] {taskinstance.py:1195} INFO - 0 downstream tasks scheduled from follow-on schedule check
[2022-09-17 01:45:43,676] {local_task_job.py:118} INFO - Task exited with return code 0
[2022-09-18 18:42:05,582] {taskinstance.py:826} INFO - Dependencies all met for <TaskInstance: bigquery_dag.query_big_query_table 2022-09-12T03:00:00+00:00 [queued]>
[2022-09-18 18:42:05,692] {taskinstance.py:826} INFO - Dependencies all met for <TaskInstance: bigquery_dag.query_big_query_table 2022-09-12T03:00:00+00:00 [queued]>
[2022-09-18 18:42:05,695] {taskinstance.py:1017} INFO - 
--------------------------------------------------------------------------------
[2022-09-18 18:42:05,696] {taskinstance.py:1018} INFO - Starting attempt 1 of 3
[2022-09-18 18:42:05,698] {taskinstance.py:1019} INFO - 
--------------------------------------------------------------------------------
[2022-09-18 18:42:05,779] {taskinstance.py:1038} INFO - Executing <Task(BigQueryOperator): query_big_query_table> on 2022-09-12T03:00:00+00:00
[2022-09-18 18:42:05,799] {standard_task_runner.py:51} INFO - Started process 1985 to run task
[2022-09-18 18:42:05,862] {standard_task_runner.py:75} INFO - Running: ['airflow', 'tasks', 'run', 'bigquery_dag', 'query_big_query_table', '2022-09-12T03:00:00+00:00', '--job-id', '323', '--pool', 'default_pool', '--raw', '--subdir', 'DAGS_FOLDER/dag_with_bigquery.py', '--cfg-path', '/tmp/tmpvzg0r2lw']
[2022-09-18 18:42:05,886] {standard_task_runner.py:76} INFO - Job 323: Subtask query_big_query_table
[2022-09-18 18:42:06,213] {logging_mixin.py:103} INFO - Running <TaskInstance: bigquery_dag.query_big_query_table 2022-09-12T03:00:00+00:00 [running]> on host 27377494ab8b
[2022-09-18 18:42:06,630] {taskinstance.py:1232} INFO - Exporting the following env vars:
AIRFLOW_CTX_DAG_OWNER=Dave
AIRFLOW_CTX_DAG_ID=bigquery_dag
AIRFLOW_CTX_TASK_ID=query_big_query_table
AIRFLOW_CTX_EXECUTION_DATE=2022-09-12T03:00:00+00:00
AIRFLOW_CTX_DAG_RUN_ID=scheduled__2022-09-12T03:00:00+00:00
[2022-09-18 18:42:06,649] {bigquery.py:680} INFO - Executing: 
           select id from githubarchive.day.20220914
        
[2022-09-18 18:42:06,828] {logging_mixin.py:103} WARNING - /home/airflow/.local/lib/python3.6/site-packages/airflow/providers/google/cloud/hooks/bigquery.py:2052 DeprecationWarning: This method is deprecated. Please use `BigQueryHook.insert_job` method.
[2022-09-18 18:42:07,021] {bigquery.py:1510} INFO - Inserting job airflow_1663526527017085_06d2bf8b43be9b79a3e89edf3b53e367
[2022-09-18 18:42:08,751] {taskinstance.py:1142} INFO - Marking task as SUCCESS. dag_id=bigquery_dag, task_id=query_big_query_table, execution_date=20220912T030000, start_date=20220918T184205, end_date=20220918T184208
[2022-09-18 18:42:09,777] {taskinstance.py:1195} INFO - 0 downstream tasks scheduled from follow-on schedule check
[2022-09-18 18:42:09,887] {local_task_job.py:118} INFO - Task exited with return code 0
[2022-09-18 19:40:13,496] {taskinstance.py:826} INFO - Dependencies all met for <TaskInstance: bigquery_dag.query_big_query_table 2022-09-12T03:00:00+00:00 [queued]>
[2022-09-18 19:40:13,631] {taskinstance.py:826} INFO - Dependencies all met for <TaskInstance: bigquery_dag.query_big_query_table 2022-09-12T03:00:00+00:00 [queued]>
[2022-09-18 19:40:13,633] {taskinstance.py:1017} INFO - 
--------------------------------------------------------------------------------
[2022-09-18 19:40:13,634] {taskinstance.py:1018} INFO - Starting attempt 1 of 3
[2022-09-18 19:40:13,636] {taskinstance.py:1019} INFO - 
--------------------------------------------------------------------------------
[2022-09-18 19:40:13,772] {taskinstance.py:1038} INFO - Executing <Task(BigQueryOperator): query_big_query_table> on 2022-09-12T03:00:00+00:00
[2022-09-18 19:40:13,830] {standard_task_runner.py:51} INFO - Started process 2867 to run task
[2022-09-18 19:40:13,932] {standard_task_runner.py:75} INFO - Running: ['airflow', 'tasks', 'run', 'bigquery_dag', 'query_big_query_table', '2022-09-12T03:00:00+00:00', '--job-id', '418', '--pool', 'default_pool', '--raw', '--subdir', 'DAGS_FOLDER/dag_with_bigquery.py', '--cfg-path', '/tmp/tmpa1sd16hu']
[2022-09-18 19:40:13,961] {standard_task_runner.py:76} INFO - Job 418: Subtask query_big_query_table
[2022-09-18 19:40:14,373] {logging_mixin.py:103} INFO - Running <TaskInstance: bigquery_dag.query_big_query_table 2022-09-12T03:00:00+00:00 [running]> on host 27377494ab8b
[2022-09-18 19:40:14,705] {taskinstance.py:1232} INFO - Exporting the following env vars:
AIRFLOW_CTX_DAG_OWNER=Dave
AIRFLOW_CTX_DAG_ID=bigquery_dag
AIRFLOW_CTX_TASK_ID=query_big_query_table
AIRFLOW_CTX_EXECUTION_DATE=2022-09-12T03:00:00+00:00
AIRFLOW_CTX_DAG_RUN_ID=scheduled__2022-09-12T03:00:00+00:00
[2022-09-18 19:40:14,737] {bigquery.py:680} INFO - Executing: 
           select id from githubarchive.day.20220914
        
[2022-09-18 19:40:14,905] {logging_mixin.py:103} WARNING - /home/airflow/.local/lib/python3.6/site-packages/airflow/providers/google/cloud/hooks/bigquery.py:2052 DeprecationWarning: This method is deprecated. Please use `BigQueryHook.insert_job` method.
[2022-09-18 19:40:15,076] {bigquery.py:1510} INFO - Inserting job airflow_1663530015070868_06d2bf8b43be9b79a3e89edf3b53e367
[2022-09-18 19:40:16,931] {taskinstance.py:1142} INFO - Marking task as SUCCESS. dag_id=bigquery_dag, task_id=query_big_query_table, execution_date=20220912T030000, start_date=20220918T194013, end_date=20220918T194016
[2022-09-18 19:40:17,901] {taskinstance.py:1195} INFO - 0 downstream tasks scheduled from follow-on schedule check
[2022-09-18 19:40:18,019] {local_task_job.py:118} INFO - Task exited with return code 0
[2022-09-18 20:17:48,888] {taskinstance.py:826} INFO - Dependencies all met for <TaskInstance: bigquery_dag.query_big_query_table 2022-09-12T03:00:00+00:00 [queued]>
[2022-09-18 20:17:48,993] {taskinstance.py:826} INFO - Dependencies all met for <TaskInstance: bigquery_dag.query_big_query_table 2022-09-12T03:00:00+00:00 [queued]>
[2022-09-18 20:17:49,008] {taskinstance.py:1017} INFO - 
--------------------------------------------------------------------------------
[2022-09-18 20:17:49,024] {taskinstance.py:1018} INFO - Starting attempt 1 of 3
[2022-09-18 20:17:49,028] {taskinstance.py:1019} INFO - 
--------------------------------------------------------------------------------
[2022-09-18 20:17:49,185] {taskinstance.py:1038} INFO - Executing <Task(BigQueryOperator): query_big_query_table> on 2022-09-12T03:00:00+00:00
[2022-09-18 20:17:49,229] {standard_task_runner.py:51} INFO - Started process 1958 to run task
[2022-09-18 20:17:49,307] {standard_task_runner.py:75} INFO - Running: ['airflow', 'tasks', 'run', 'bigquery_dag', 'query_big_query_table', '2022-09-12T03:00:00+00:00', '--job-id', '482', '--pool', 'default_pool', '--raw', '--subdir', 'DAGS_FOLDER/dag_with_bigquery.py', '--cfg-path', '/tmp/tmpab_uugzx']
[2022-09-18 20:17:49,337] {standard_task_runner.py:76} INFO - Job 482: Subtask query_big_query_table
[2022-09-18 20:17:49,690] {logging_mixin.py:103} INFO - Running <TaskInstance: bigquery_dag.query_big_query_table 2022-09-12T03:00:00+00:00 [running]> on host 27377494ab8b
[2022-09-18 20:17:50,372] {taskinstance.py:1232} INFO - Exporting the following env vars:
AIRFLOW_CTX_DAG_OWNER=Dave
AIRFLOW_CTX_DAG_ID=bigquery_dag
AIRFLOW_CTX_TASK_ID=query_big_query_table
AIRFLOW_CTX_EXECUTION_DATE=2022-09-12T03:00:00+00:00
AIRFLOW_CTX_DAG_RUN_ID=scheduled__2022-09-12T03:00:00+00:00
[2022-09-18 20:17:50,458] {bigquery.py:680} INFO - Executing: 
           select id from githubarchive.day.20220914
        
[2022-09-18 20:17:50,803] {logging_mixin.py:103} WARNING - /home/airflow/.local/lib/python3.6/site-packages/airflow/providers/google/cloud/hooks/bigquery.py:2052 DeprecationWarning: This method is deprecated. Please use `BigQueryHook.insert_job` method.
[2022-09-18 20:17:51,137] {bigquery.py:1510} INFO - Inserting job airflow_1663532271121905_06d2bf8b43be9b79a3e89edf3b53e367
[2022-09-18 20:17:52,985] {taskinstance.py:1142} INFO - Marking task as SUCCESS. dag_id=bigquery_dag, task_id=query_big_query_table, execution_date=20220912T030000, start_date=20220918T201748, end_date=20220918T201752
[2022-09-18 20:17:53,578] {taskinstance.py:1195} INFO - 0 downstream tasks scheduled from follow-on schedule check
[2022-09-18 20:17:53,660] {local_task_job.py:118} INFO - Task exited with return code 0
