[2022-09-13 14:36:07,104] {taskinstance.py:826} INFO - Dependencies all met for <TaskInstance: postgres_dag.create_employee_table 2022-09-13T14:36:03.653539+00:00 [queued]>
[2022-09-13 14:36:07,144] {taskinstance.py:826} INFO - Dependencies all met for <TaskInstance: postgres_dag.create_employee_table 2022-09-13T14:36:03.653539+00:00 [queued]>
[2022-09-13 14:36:07,145] {taskinstance.py:1017} INFO - 
--------------------------------------------------------------------------------
[2022-09-13 14:36:07,146] {taskinstance.py:1018} INFO - Starting attempt 1 of 3
[2022-09-13 14:36:07,147] {taskinstance.py:1019} INFO - 
--------------------------------------------------------------------------------
[2022-09-13 14:36:07,178] {taskinstance.py:1038} INFO - Executing <Task(PostgresOperator): create_employee_table> on 2022-09-13T14:36:03.653539+00:00
[2022-09-13 14:36:07,192] {standard_task_runner.py:51} INFO - Started process 31756 to run task
[2022-09-13 14:36:07,206] {standard_task_runner.py:75} INFO - Running: ['airflow', 'tasks', 'run', 'postgres_dag', 'create_employee_table', '2022-09-13T14:36:03.653539+00:00', '--job-id', '72', '--pool', 'default_pool', '--raw', '--subdir', 'DAGS_FOLDER/dag_with_postgres.py', '--cfg-path', '/tmp/tmpjkxbtqt6']
[2022-09-13 14:36:07,213] {standard_task_runner.py:76} INFO - Job 72: Subtask create_employee_table
[2022-09-13 14:36:07,366] {logging_mixin.py:103} INFO - Running <TaskInstance: postgres_dag.create_employee_table 2022-09-13T14:36:03.653539+00:00 [running]> on host 27377494ab8b
[2022-09-13 14:36:07,601] {taskinstance.py:1232} INFO - Exporting the following env vars:
AIRFLOW_CTX_DAG_OWNER=Dave
AIRFLOW_CTX_DAG_ID=postgres_dag
AIRFLOW_CTX_TASK_ID=create_employee_table
AIRFLOW_CTX_EXECUTION_DATE=2022-09-13T14:36:03.653539+00:00
AIRFLOW_CTX_DAG_RUN_ID=manual__2022-09-13T14:36:03.653539+00:00
[2022-09-13 14:36:07,613] {postgres.py:69} INFO - Executing: 
            create table if not exists employee(
                emp_id varchar,
                first_name varchar,
                last_name varchar,
                designation varchar,
                primary key (emp_id)
            )
        
[2022-09-13 14:36:07,705] {base.py:74} INFO - Using connection to: id: local_postgres. Host: host.docker.internal, Port: 5432, Schema: student, Login: postgres, Password: XXXXXXXX, extra: None
[2022-09-13 14:36:08,121] {dbapi.py:180} INFO - Running statement: 
            create table if not exists employee(
                emp_id varchar,
                first_name varchar,
                last_name varchar,
                designation varchar,
                primary key (emp_id)
            )
        , parameters: None
[2022-09-13 14:36:08,199] {dbapi.py:186} INFO - Rows affected: -1
[2022-09-13 14:36:08,244] {taskinstance.py:1142} INFO - Marking task as SUCCESS. dag_id=postgres_dag, task_id=create_employee_table, execution_date=20220913T143603, start_date=20220913T143607, end_date=20220913T143608
[2022-09-13 14:36:08,753] {taskinstance.py:1195} INFO - 1 downstream tasks scheduled from follow-on schedule check
[2022-09-13 14:36:08,797] {local_task_job.py:118} INFO - Task exited with return code 0
