[2022-09-17 01:45:40,550] {taskinstance.py:826} INFO - Dependencies all met for <TaskInstance: bigquery_dag.query_big_query_table 2022-09-17T01:45:25.036349+00:00 [queued]>
[2022-09-17 01:45:40,645] {taskinstance.py:826} INFO - Dependencies all met for <TaskInstance: bigquery_dag.query_big_query_table 2022-09-17T01:45:25.036349+00:00 [queued]>
[2022-09-17 01:45:40,648] {taskinstance.py:1017} INFO - 
--------------------------------------------------------------------------------
[2022-09-17 01:45:40,653] {taskinstance.py:1018} INFO - Starting attempt 1 of 3
[2022-09-17 01:45:40,655] {taskinstance.py:1019} INFO - 
--------------------------------------------------------------------------------
[2022-09-17 01:45:40,689] {taskinstance.py:1038} INFO - Executing <Task(BigQueryOperator): query_big_query_table> on 2022-09-17T01:45:25.036349+00:00
[2022-09-17 01:45:40,708] {standard_task_runner.py:51} INFO - Started process 6689 to run task
[2022-09-17 01:45:40,734] {standard_task_runner.py:75} INFO - Running: ['airflow', 'tasks', 'run', 'bigquery_dag', 'query_big_query_table', '2022-09-17T01:45:25.036349+00:00', '--job-id', '205', '--pool', 'default_pool', '--raw', '--subdir', 'DAGS_FOLDER/dag_with_bigquery.py', '--cfg-path', '/tmp/tmppvn_bq0i']
[2022-09-17 01:45:40,745] {standard_task_runner.py:76} INFO - Job 205: Subtask query_big_query_table
[2022-09-17 01:45:40,860] {logging_mixin.py:103} INFO - Running <TaskInstance: bigquery_dag.query_big_query_table 2022-09-17T01:45:25.036349+00:00 [running]> on host 27377494ab8b
[2022-09-17 01:45:40,945] {taskinstance.py:1232} INFO - Exporting the following env vars:
AIRFLOW_CTX_DAG_OWNER=Dave
AIRFLOW_CTX_DAG_ID=bigquery_dag
AIRFLOW_CTX_TASK_ID=query_big_query_table
AIRFLOW_CTX_EXECUTION_DATE=2022-09-17T01:45:25.036349+00:00
AIRFLOW_CTX_DAG_RUN_ID=manual__2022-09-17T01:45:25.036349+00:00
[2022-09-17 01:45:40,952] {bigquery.py:680} INFO - Executing: 
           select id from githubarchive.day.20220914
        
[2022-09-17 01:45:40,991] {logging_mixin.py:103} WARNING - /home/airflow/.local/lib/python3.6/site-packages/airflow/providers/google/cloud/hooks/bigquery.py:2052 DeprecationWarning: This method is deprecated. Please use `BigQueryHook.insert_job` method.
[2022-09-17 01:45:41,056] {bigquery.py:1510} INFO - Inserting job airflow_1663379141053811_06d2bf8b43be9b79a3e89edf3b53e367
[2022-09-17 01:45:42,687] {taskinstance.py:1142} INFO - Marking task as SUCCESS. dag_id=bigquery_dag, task_id=query_big_query_table, execution_date=20220917T014525, start_date=20220917T014540, end_date=20220917T014542
[2022-09-17 01:45:43,217] {taskinstance.py:1195} INFO - 0 downstream tasks scheduled from follow-on schedule check
[2022-09-17 01:45:43,319] {local_task_job.py:118} INFO - Task exited with return code 0
