[2022-09-18 18:33:16,641] {taskinstance.py:826} INFO - Dependencies all met for <TaskInstance: bigquery_dag.write_query_big_query_table 2022-09-13T03:00:00+00:00 [queued]>
[2022-09-18 18:33:17,129] {taskinstance.py:826} INFO - Dependencies all met for <TaskInstance: bigquery_dag.write_query_big_query_table 2022-09-13T03:00:00+00:00 [queued]>
[2022-09-18 18:33:17,144] {taskinstance.py:1017} INFO - 
--------------------------------------------------------------------------------
[2022-09-18 18:33:17,148] {taskinstance.py:1018} INFO - Starting attempt 1 of 3
[2022-09-18 18:33:17,153] {taskinstance.py:1019} INFO - 
--------------------------------------------------------------------------------
[2022-09-18 18:33:17,621] {taskinstance.py:1038} INFO - Executing <Task(BigQueryOperator): write_query_big_query_table> on 2022-09-13T03:00:00+00:00
[2022-09-18 18:33:17,785] {standard_task_runner.py:75} INFO - Running: ['airflow', 'tasks', 'run', 'bigquery_dag', 'write_query_big_query_table', '2022-09-13T03:00:00+00:00', '--job-id', '285', '--pool', 'default_pool', '--raw', '--subdir', 'DAGS_FOLDER/dag_with_bigquery.py', '--cfg-path', '/tmp/tmp79e9uy2_']
[2022-09-18 18:33:17,816] {standard_task_runner.py:76} INFO - Job 285: Subtask write_query_big_query_table
[2022-09-18 18:33:17,768] {standard_task_runner.py:51} INFO - Started process 2100 to run task
[2022-09-18 18:33:18,693] {logging_mixin.py:103} INFO - Running <TaskInstance: bigquery_dag.write_query_big_query_table 2022-09-13T03:00:00+00:00 [running]> on host 27377494ab8b
[2022-09-18 18:33:19,756] {taskinstance.py:1232} INFO - Exporting the following env vars:
AIRFLOW_CTX_DAG_OWNER=Dave
AIRFLOW_CTX_DAG_ID=bigquery_dag
AIRFLOW_CTX_TASK_ID=write_query_big_query_table
AIRFLOW_CTX_EXECUTION_DATE=2022-09-13T03:00:00+00:00
AIRFLOW_CTX_DAG_RUN_ID=scheduled__2022-09-13T03:00:00+00:00
[2022-09-18 18:33:19,889] {bigquery.py:680} INFO - Executing: 
        select * from githubarchive.day.20220914 where actor.id=66800817
            
[2022-09-18 18:33:23,241] {logging_mixin.py:103} WARNING - /home/airflow/.local/lib/python3.6/site-packages/airflow/providers/google/cloud/hooks/bigquery.py:2052 DeprecationWarning: This method is deprecated. Please use `BigQueryHook.insert_job` method.
[2022-09-18 18:33:23,767] {bigquery.py:1510} INFO - Inserting job airflow_1663526003759380_4e8e27051e4b7eda1ea1c14d0ba14e9a
[2022-09-18 18:33:27,309] {taskinstance.py:1396} ERROR - 403 Access Denied: Table githubarchive:day.20220914: User does not have permission to query table githubarchive:day.20220914, or perhaps it does not exist in location northamerica-northeast1.

(job ID: airflow_1663526003759380_4e8e27051e4b7eda1ea1c14d0ba14e9a)

                       -----Query Job SQL Follows-----                       

    |    .    |    .    |    .    |    .    |    .    |    .    |    .    |
   1:
   2:        select * from githubarchive.day.20220914 where actor.id=66800817
   3:            
    |    .    |    .    |    .    |    .    |    .    |    .    |    .    |
Traceback (most recent call last):
  File "/home/airflow/.local/lib/python3.6/site-packages/airflow/models/taskinstance.py", line 1086, in _run_raw_task
    self._prepare_and_execute_task_with_callbacks(context, task)
  File "/home/airflow/.local/lib/python3.6/site-packages/airflow/models/taskinstance.py", line 1260, in _prepare_and_execute_task_with_callbacks
    result = self._execute_task(context, task_copy)
  File "/home/airflow/.local/lib/python3.6/site-packages/airflow/models/taskinstance.py", line 1300, in _execute_task
    result = task_copy.execute(context=context)
  File "/home/airflow/.local/lib/python3.6/site-packages/airflow/providers/google/cloud/operators/bigquery.py", line 706, in execute
    encryption_configuration=self.encryption_configuration,
  File "/home/airflow/.local/lib/python3.6/site-packages/airflow/providers/google/cloud/hooks/bigquery.py", line 2186, in run_query
    job = self.insert_job(configuration=configuration, project_id=self.project_id)
  File "/home/airflow/.local/lib/python3.6/site-packages/airflow/providers/google/common/hooks/base_google.py", line 425, in inner_wrapper
    return func(self, *args, **kwargs)
  File "/home/airflow/.local/lib/python3.6/site-packages/airflow/providers/google/cloud/hooks/bigquery.py", line 1512, in insert_job
    job.result()
  File "/home/airflow/.local/lib/python3.6/site-packages/google/cloud/bigquery/job/query.py", line 1159, in result
    super(QueryJob, self).result(retry=retry, timeout=timeout)
  File "/home/airflow/.local/lib/python3.6/site-packages/google/cloud/bigquery/job/base.py", line 631, in result
    return super(_AsyncJob, self).result(timeout=timeout, **kwargs)
  File "/home/airflow/.local/lib/python3.6/site-packages/google/api_core/future/polling.py", line 134, in result
    raise self._exception
google.api_core.exceptions.Forbidden: 403 Access Denied: Table githubarchive:day.20220914: User does not have permission to query table githubarchive:day.20220914, or perhaps it does not exist in location northamerica-northeast1.

(job ID: airflow_1663526003759380_4e8e27051e4b7eda1ea1c14d0ba14e9a)

                       -----Query Job SQL Follows-----                       

    |    .    |    .    |    .    |    .    |    .    |    .    |    .    |
   1:
   2:        select * from githubarchive.day.20220914 where actor.id=66800817
   3:            
    |    .    |    .    |    .    |    .    |    .    |    .    |    .    |
[2022-09-18 18:33:27,974] {taskinstance.py:1440} INFO - Marking task as UP_FOR_RETRY. dag_id=bigquery_dag, task_id=write_query_big_query_table, execution_date=20220913T030000, start_date=20220918T183316, end_date=20220918T183327
[2022-09-18 18:33:29,634] {local_task_job.py:118} INFO - Task exited with return code 1
[2022-09-18 18:42:54,963] {taskinstance.py:826} INFO - Dependencies all met for <TaskInstance: bigquery_dag.write_query_big_query_table 2022-09-13T03:00:00+00:00 [queued]>
[2022-09-18 18:42:55,048] {taskinstance.py:826} INFO - Dependencies all met for <TaskInstance: bigquery_dag.write_query_big_query_table 2022-09-13T03:00:00+00:00 [queued]>
[2022-09-18 18:42:55,051] {taskinstance.py:1017} INFO - 
--------------------------------------------------------------------------------
[2022-09-18 18:42:55,053] {taskinstance.py:1018} INFO - Starting attempt 1 of 3
[2022-09-18 18:42:55,055] {taskinstance.py:1019} INFO - 
--------------------------------------------------------------------------------
[2022-09-18 18:42:55,136] {taskinstance.py:1038} INFO - Executing <Task(BigQueryOperator): write_query_big_query_table> on 2022-09-13T03:00:00+00:00
[2022-09-18 18:42:55,227] {standard_task_runner.py:51} INFO - Started process 2668 to run task
[2022-09-18 18:42:55,245] {standard_task_runner.py:75} INFO - Running: ['airflow', 'tasks', 'run', 'bigquery_dag', 'write_query_big_query_table', '2022-09-13T03:00:00+00:00', '--job-id', '330', '--pool', 'default_pool', '--raw', '--subdir', 'DAGS_FOLDER/dag_with_bigquery.py', '--cfg-path', '/tmp/tmpg5cxtsmk']
[2022-09-18 18:42:55,271] {standard_task_runner.py:76} INFO - Job 330: Subtask write_query_big_query_table
[2022-09-18 18:42:55,569] {logging_mixin.py:103} INFO - Running <TaskInstance: bigquery_dag.write_query_big_query_table 2022-09-13T03:00:00+00:00 [running]> on host 27377494ab8b
[2022-09-18 18:42:55,755] {taskinstance.py:1232} INFO - Exporting the following env vars:
AIRFLOW_CTX_DAG_OWNER=Dave
AIRFLOW_CTX_DAG_ID=bigquery_dag
AIRFLOW_CTX_TASK_ID=write_query_big_query_table
AIRFLOW_CTX_EXECUTION_DATE=2022-09-13T03:00:00+00:00
AIRFLOW_CTX_DAG_RUN_ID=scheduled__2022-09-13T03:00:00+00:00
[2022-09-18 18:42:55,766] {bigquery.py:680} INFO - Executing: 
        select * from githubarchive.day.20220914 where actor.id=66800817
            
[2022-09-18 18:42:55,835] {logging_mixin.py:103} WARNING - /home/airflow/.local/lib/python3.6/site-packages/airflow/providers/google/cloud/hooks/bigquery.py:2052 DeprecationWarning: This method is deprecated. Please use `BigQueryHook.insert_job` method.
[2022-09-18 18:42:55,906] {bigquery.py:1510} INFO - Inserting job airflow_1663526575903249_4e8e27051e4b7eda1ea1c14d0ba14e9a
[2022-09-18 18:42:57,580] {taskinstance.py:1396} ERROR - 403 Access Denied: Table githubarchive:day.20220914: User does not have permission to query table githubarchive:day.20220914, or perhaps it does not exist in location northamerica-northeast1.

(job ID: airflow_1663526575903249_4e8e27051e4b7eda1ea1c14d0ba14e9a)

                       -----Query Job SQL Follows-----                       

    |    .    |    .    |    .    |    .    |    .    |    .    |    .    |
   1:
   2:        select * from githubarchive.day.20220914 where actor.id=66800817
   3:            
    |    .    |    .    |    .    |    .    |    .    |    .    |    .    |
Traceback (most recent call last):
  File "/home/airflow/.local/lib/python3.6/site-packages/airflow/models/taskinstance.py", line 1086, in _run_raw_task
    self._prepare_and_execute_task_with_callbacks(context, task)
  File "/home/airflow/.local/lib/python3.6/site-packages/airflow/models/taskinstance.py", line 1260, in _prepare_and_execute_task_with_callbacks
    result = self._execute_task(context, task_copy)
  File "/home/airflow/.local/lib/python3.6/site-packages/airflow/models/taskinstance.py", line 1300, in _execute_task
    result = task_copy.execute(context=context)
  File "/home/airflow/.local/lib/python3.6/site-packages/airflow/providers/google/cloud/operators/bigquery.py", line 706, in execute
    encryption_configuration=self.encryption_configuration,
  File "/home/airflow/.local/lib/python3.6/site-packages/airflow/providers/google/cloud/hooks/bigquery.py", line 2186, in run_query
    job = self.insert_job(configuration=configuration, project_id=self.project_id)
  File "/home/airflow/.local/lib/python3.6/site-packages/airflow/providers/google/common/hooks/base_google.py", line 425, in inner_wrapper
    return func(self, *args, **kwargs)
  File "/home/airflow/.local/lib/python3.6/site-packages/airflow/providers/google/cloud/hooks/bigquery.py", line 1512, in insert_job
    job.result()
  File "/home/airflow/.local/lib/python3.6/site-packages/google/cloud/bigquery/job/query.py", line 1159, in result
    super(QueryJob, self).result(retry=retry, timeout=timeout)
  File "/home/airflow/.local/lib/python3.6/site-packages/google/cloud/bigquery/job/base.py", line 631, in result
    return super(_AsyncJob, self).result(timeout=timeout, **kwargs)
  File "/home/airflow/.local/lib/python3.6/site-packages/google/api_core/future/polling.py", line 134, in result
    raise self._exception
google.api_core.exceptions.Forbidden: 403 Access Denied: Table githubarchive:day.20220914: User does not have permission to query table githubarchive:day.20220914, or perhaps it does not exist in location northamerica-northeast1.

(job ID: airflow_1663526575903249_4e8e27051e4b7eda1ea1c14d0ba14e9a)

                       -----Query Job SQL Follows-----                       

    |    .    |    .    |    .    |    .    |    .    |    .    |    .    |
   1:
   2:        select * from githubarchive.day.20220914 where actor.id=66800817
   3:            
    |    .    |    .    |    .    |    .    |    .    |    .    |    .    |
[2022-09-18 18:42:57,634] {taskinstance.py:1440} INFO - Marking task as UP_FOR_RETRY. dag_id=bigquery_dag, task_id=write_query_big_query_table, execution_date=20220913T030000, start_date=20220918T184254, end_date=20220918T184257
[2022-09-18 18:42:57,828] {local_task_job.py:118} INFO - Task exited with return code 1
[2022-09-18 19:42:21,773] {taskinstance.py:826} INFO - Dependencies all met for <TaskInstance: bigquery_dag.write_query_big_query_table 2022-09-13T03:00:00+00:00 [queued]>
[2022-09-18 19:42:21,827] {taskinstance.py:826} INFO - Dependencies all met for <TaskInstance: bigquery_dag.write_query_big_query_table 2022-09-13T03:00:00+00:00 [queued]>
[2022-09-18 19:42:21,829] {taskinstance.py:1017} INFO - 
--------------------------------------------------------------------------------
[2022-09-18 19:42:21,830] {taskinstance.py:1018} INFO - Starting attempt 1 of 3
[2022-09-18 19:42:21,834] {taskinstance.py:1019} INFO - 
--------------------------------------------------------------------------------
[2022-09-18 19:42:21,893] {taskinstance.py:1038} INFO - Executing <Task(BigQueryOperator): write_query_big_query_table> on 2022-09-13T03:00:00+00:00
[2022-09-18 19:42:21,903] {standard_task_runner.py:51} INFO - Started process 4235 to run task
[2022-09-18 19:42:21,931] {standard_task_runner.py:75} INFO - Running: ['airflow', 'tasks', 'run', 'bigquery_dag', 'write_query_big_query_table', '2022-09-13T03:00:00+00:00', '--job-id', '439', '--pool', 'default_pool', '--raw', '--subdir', 'DAGS_FOLDER/dag_with_bigquery.py', '--cfg-path', '/tmp/tmpd879ei3d']
[2022-09-18 19:42:21,943] {standard_task_runner.py:76} INFO - Job 439: Subtask write_query_big_query_table
[2022-09-18 19:42:22,114] {logging_mixin.py:103} INFO - Running <TaskInstance: bigquery_dag.write_query_big_query_table 2022-09-13T03:00:00+00:00 [running]> on host 27377494ab8b
[2022-09-18 19:42:22,290] {taskinstance.py:1232} INFO - Exporting the following env vars:
AIRFLOW_CTX_DAG_OWNER=Dave
AIRFLOW_CTX_DAG_ID=bigquery_dag
AIRFLOW_CTX_TASK_ID=write_query_big_query_table
AIRFLOW_CTX_EXECUTION_DATE=2022-09-13T03:00:00+00:00
AIRFLOW_CTX_DAG_RUN_ID=scheduled__2022-09-13T03:00:00+00:00
[2022-09-18 19:42:22,297] {bigquery.py:680} INFO - Executing: 
        select * from githubarchive.day.20220914 where actor.id=66800817
            
[2022-09-18 19:42:22,385] {logging_mixin.py:103} WARNING - /home/airflow/.local/lib/python3.6/site-packages/airflow/providers/google/cloud/hooks/bigquery.py:2052 DeprecationWarning: This method is deprecated. Please use `BigQueryHook.insert_job` method.
[2022-09-18 19:42:22,478] {bigquery.py:1510} INFO - Inserting job airflow_1663530142474830_4e8e27051e4b7eda1ea1c14d0ba14e9a
[2022-09-18 19:42:23,554] {taskinstance.py:1396} ERROR - 403 Access Denied: Table githubarchive:day.20220914: User does not have permission to query table githubarchive:day.20220914, or perhaps it does not exist in location northamerica-northeast1.

(job ID: airflow_1663530142474830_4e8e27051e4b7eda1ea1c14d0ba14e9a)

                       -----Query Job SQL Follows-----                       

    |    .    |    .    |    .    |    .    |    .    |    .    |    .    |
   1:
   2:        select * from githubarchive.day.20220914 where actor.id=66800817
   3:            
    |    .    |    .    |    .    |    .    |    .    |    .    |    .    |
Traceback (most recent call last):
  File "/home/airflow/.local/lib/python3.6/site-packages/airflow/models/taskinstance.py", line 1086, in _run_raw_task
    self._prepare_and_execute_task_with_callbacks(context, task)
  File "/home/airflow/.local/lib/python3.6/site-packages/airflow/models/taskinstance.py", line 1260, in _prepare_and_execute_task_with_callbacks
    result = self._execute_task(context, task_copy)
  File "/home/airflow/.local/lib/python3.6/site-packages/airflow/models/taskinstance.py", line 1300, in _execute_task
    result = task_copy.execute(context=context)
  File "/home/airflow/.local/lib/python3.6/site-packages/airflow/providers/google/cloud/operators/bigquery.py", line 706, in execute
    encryption_configuration=self.encryption_configuration,
  File "/home/airflow/.local/lib/python3.6/site-packages/airflow/providers/google/cloud/hooks/bigquery.py", line 2186, in run_query
    job = self.insert_job(configuration=configuration, project_id=self.project_id)
  File "/home/airflow/.local/lib/python3.6/site-packages/airflow/providers/google/common/hooks/base_google.py", line 425, in inner_wrapper
    return func(self, *args, **kwargs)
  File "/home/airflow/.local/lib/python3.6/site-packages/airflow/providers/google/cloud/hooks/bigquery.py", line 1512, in insert_job
    job.result()
  File "/home/airflow/.local/lib/python3.6/site-packages/google/cloud/bigquery/job/query.py", line 1159, in result
    super(QueryJob, self).result(retry=retry, timeout=timeout)
  File "/home/airflow/.local/lib/python3.6/site-packages/google/cloud/bigquery/job/base.py", line 631, in result
    return super(_AsyncJob, self).result(timeout=timeout, **kwargs)
  File "/home/airflow/.local/lib/python3.6/site-packages/google/api_core/future/polling.py", line 134, in result
    raise self._exception
google.api_core.exceptions.Forbidden: 403 Access Denied: Table githubarchive:day.20220914: User does not have permission to query table githubarchive:day.20220914, or perhaps it does not exist in location northamerica-northeast1.

(job ID: airflow_1663530142474830_4e8e27051e4b7eda1ea1c14d0ba14e9a)

                       -----Query Job SQL Follows-----                       

    |    .    |    .    |    .    |    .    |    .    |    .    |    .    |
   1:
   2:        select * from githubarchive.day.20220914 where actor.id=66800817
   3:            
    |    .    |    .    |    .    |    .    |    .    |    .    |    .    |
[2022-09-18 19:42:23,610] {taskinstance.py:1440} INFO - Marking task as UP_FOR_RETRY. dag_id=bigquery_dag, task_id=write_query_big_query_table, execution_date=20220913T030000, start_date=20220918T194221, end_date=20220918T194223
[2022-09-18 19:42:23,838] {local_task_job.py:118} INFO - Task exited with return code 1
