[2022-09-19 02:26:17,801] {taskinstance.py:826} INFO - Dependencies all met for <TaskInstance: bigquery_dag.check_query_big_query_table 2022-09-19T02:26:03.316311+00:00 [queued]>
[2022-09-19 02:26:17,891] {taskinstance.py:826} INFO - Dependencies all met for <TaskInstance: bigquery_dag.check_query_big_query_table 2022-09-19T02:26:03.316311+00:00 [queued]>
[2022-09-19 02:26:17,894] {taskinstance.py:1017} INFO - 
--------------------------------------------------------------------------------
[2022-09-19 02:26:17,896] {taskinstance.py:1018} INFO - Starting attempt 1 of 3
[2022-09-19 02:26:17,899] {taskinstance.py:1019} INFO - 
--------------------------------------------------------------------------------
[2022-09-19 02:26:17,950] {taskinstance.py:1038} INFO - Executing <Task(BigQueryCheckOperator): check_query_big_query_table> on 2022-09-19T02:26:03.316311+00:00
[2022-09-19 02:26:17,973] {standard_task_runner.py:51} INFO - Started process 28970 to run task
[2022-09-19 02:26:18,008] {standard_task_runner.py:75} INFO - Running: ['airflow', 'tasks', 'run', 'bigquery_dag', 'check_query_big_query_table', '2022-09-19T02:26:03.316311+00:00', '--job-id', '493', '--pool', 'default_pool', '--raw', '--subdir', 'DAGS_FOLDER/dag_with_bigquery.py', '--cfg-path', '/tmp/tmp2x_qwlj5']
[2022-09-19 02:26:18,025] {standard_task_runner.py:76} INFO - Job 493: Subtask check_query_big_query_table
[2022-09-19 02:26:18,253] {logging_mixin.py:103} INFO - Running <TaskInstance: bigquery_dag.check_query_big_query_table 2022-09-19T02:26:03.316311+00:00 [running]> on host 27377494ab8b
[2022-09-19 02:26:18,529] {taskinstance.py:1232} INFO - Exporting the following env vars:
AIRFLOW_CTX_DAG_OWNER=Dave
AIRFLOW_CTX_DAG_ID=bigquery_dag
AIRFLOW_CTX_TASK_ID=check_query_big_query_table
AIRFLOW_CTX_EXECUTION_DATE=2022-09-19T02:26:03.316311+00:00
AIRFLOW_CTX_DAG_RUN_ID=manual__2022-09-19T02:26:03.316311+00:00
[2022-09-19 02:26:18,552] {sql.py:87} INFO - Executing SQL check: 
           select id from githubarchive.day.20220914
        
[2022-09-19 02:26:18,639] {logging_mixin.py:103} WARNING - /home/airflow/.local/lib/python3.6/site-packages/airflow/providers/google/cloud/hooks/bigquery.py:120 DeprecationWarning: This method will be deprecated. Please use `BigQueryHook.get_client` method
[2022-09-19 02:26:19,640] {logging_mixin.py:103} WARNING - /home/airflow/.local/lib/python3.6/site-packages/airflow/providers/google/cloud/hooks/bigquery.py:2052 DeprecationWarning: This method is deprecated. Please use `BigQueryHook.insert_job` method.
[2022-09-19 02:26:19,645] {bigquery.py:1510} INFO - Inserting job airflow_1663554379643420_06d2bf8b43be9b79a3e89edf3b53e367
[2022-09-19 02:26:49,954] {sql.py:90} INFO - Record: ['23990728531']
[2022-09-19 02:26:49,978] {sql.py:96} INFO - Success.
[2022-09-19 02:26:50,050] {taskinstance.py:1142} INFO - Marking task as SUCCESS. dag_id=bigquery_dag, task_id=check_query_big_query_table, execution_date=20220919T022603, start_date=20220919T022617, end_date=20220919T022650
[2022-09-19 02:26:50,468] {taskinstance.py:1195} INFO - 2 downstream tasks scheduled from follow-on schedule check
[2022-09-19 02:26:50,585] {local_task_job.py:170} WARNING - State of this instance has been externally set to success. Terminating instance.
[2022-09-19 02:26:50,623] {process_utils.py:95} INFO - Sending Signals.SIGTERM to GPID 28970
[2022-09-19 02:26:50,685] {process_utils.py:61} INFO - Process psutil.Process(pid=28970, status='terminated', exitcode=0, started='02:26:17') (28970) terminated with exit code 0
[2022-09-19 02:26:50,694] {local_task_job.py:118} INFO - Task exited with return code 0
