[2022-09-17 01:35:34,529] {taskinstance.py:826} INFO - Dependencies all met for <TaskInstance: bigquery_dag.query_big_query_table 2022-09-10T03:00:00+00:00 [queued]>
[2022-09-17 01:35:34,617] {taskinstance.py:826} INFO - Dependencies all met for <TaskInstance: bigquery_dag.query_big_query_table 2022-09-10T03:00:00+00:00 [queued]>
[2022-09-17 01:35:34,620] {taskinstance.py:1017} INFO - 
--------------------------------------------------------------------------------
[2022-09-17 01:35:34,621] {taskinstance.py:1018} INFO - Starting attempt 1 of 3
[2022-09-17 01:35:34,625] {taskinstance.py:1019} INFO - 
--------------------------------------------------------------------------------
[2022-09-17 01:35:34,689] {taskinstance.py:1038} INFO - Executing <Task(BigQueryOperator): query_big_query_table> on 2022-09-10T03:00:00+00:00
[2022-09-17 01:35:34,701] {standard_task_runner.py:51} INFO - Started process 396 to run task
[2022-09-17 01:35:34,732] {standard_task_runner.py:75} INFO - Running: ['airflow', 'tasks', 'run', 'bigquery_dag', 'query_big_query_table', '2022-09-10T03:00:00+00:00', '--job-id', '148', '--pool', 'default_pool', '--raw', '--subdir', 'DAGS_FOLDER/dag_with_bigquery.py', '--cfg-path', '/tmp/tmp1nw6n_bl']
[2022-09-17 01:35:34,742] {standard_task_runner.py:76} INFO - Job 148: Subtask query_big_query_table
[2022-09-17 01:35:34,946] {logging_mixin.py:103} INFO - Running <TaskInstance: bigquery_dag.query_big_query_table 2022-09-10T03:00:00+00:00 [running]> on host 27377494ab8b
[2022-09-17 01:35:35,234] {taskinstance.py:1232} INFO - Exporting the following env vars:
AIRFLOW_CTX_DAG_OWNER=Dave
AIRFLOW_CTX_DAG_ID=bigquery_dag
AIRFLOW_CTX_TASK_ID=query_big_query_table
AIRFLOW_CTX_EXECUTION_DATE=2022-09-10T03:00:00+00:00
AIRFLOW_CTX_DAG_RUN_ID=scheduled__2022-09-10T03:00:00+00:00
[2022-09-17 01:35:35,250] {bigquery.py:680} INFO - Executing: 
           select id from githubarchive.day.20220914
        
[2022-09-17 01:35:35,433] {logging_mixin.py:103} WARNING - /home/airflow/.local/lib/python3.6/site-packages/airflow/providers/google/cloud/hooks/bigquery.py:2052 DeprecationWarning: This method is deprecated. Please use `BigQueryHook.insert_job` method.
[2022-09-17 01:35:35,444] {taskinstance.py:1396} ERROR - [Errno 2] No such file or directory: '/airflow-data/support/keys/quick-keel-213611-3a513d19a935.json'
Traceback (most recent call last):
  File "/home/airflow/.local/lib/python3.6/site-packages/airflow/models/taskinstance.py", line 1086, in _run_raw_task
    self._prepare_and_execute_task_with_callbacks(context, task)
  File "/home/airflow/.local/lib/python3.6/site-packages/airflow/models/taskinstance.py", line 1260, in _prepare_and_execute_task_with_callbacks
    result = self._execute_task(context, task_copy)
  File "/home/airflow/.local/lib/python3.6/site-packages/airflow/models/taskinstance.py", line 1300, in _execute_task
    result = task_copy.execute(context=context)
  File "/home/airflow/.local/lib/python3.6/site-packages/airflow/providers/google/cloud/operators/bigquery.py", line 706, in execute
    encryption_configuration=self.encryption_configuration,
  File "/home/airflow/.local/lib/python3.6/site-packages/airflow/providers/google/cloud/hooks/bigquery.py", line 2054, in run_query
    if not self.project_id:
  File "/home/airflow/.local/lib/python3.6/site-packages/airflow/providers/google/common/hooks/base_google.py", line 307, in project_id
    _, project_id = self._get_credentials_and_project_id()
  File "/home/airflow/.local/lib/python3.6/site-packages/airflow/providers/google/common/hooks/base_google.py", line 237, in _get_credentials_and_project_id
    delegates=delegates,
  File "/home/airflow/.local/lib/python3.6/site-packages/airflow/providers/google/cloud/utils/credentials_provider.py", line 309, in get_credentials_and_project_id
    return _CredentialProvider(*args, **kwargs).get_credentials_and_project()
  File "/home/airflow/.local/lib/python3.6/site-packages/airflow/providers/google/cloud/utils/credentials_provider.py", line 238, in get_credentials_and_project
    credentials, project_id = self._get_credentials_using_key_path()
  File "/home/airflow/.local/lib/python3.6/site-packages/airflow/providers/google/cloud/utils/credentials_provider.py", line 286, in _get_credentials_using_key_path
    self.key_path, scopes=self.scopes
  File "/home/airflow/.local/lib/python3.6/site-packages/google/oauth2/service_account.py", line 234, in from_service_account_file
    filename, require=["client_email", "token_uri"]
  File "/home/airflow/.local/lib/python3.6/site-packages/google/auth/_service_account_info.py", line 72, in from_filename
    with io.open(filename, "r", encoding="utf-8") as json_file:
FileNotFoundError: [Errno 2] No such file or directory: '/airflow-data/support/keys/quick-keel-213611-3a513d19a935.json'
[2022-09-17 01:35:35,468] {taskinstance.py:1440} INFO - Marking task as UP_FOR_RETRY. dag_id=bigquery_dag, task_id=query_big_query_table, execution_date=20220910T030000, start_date=20220917T013534, end_date=20220917T013535
[2022-09-17 01:35:35,665] {local_task_job.py:118} INFO - Task exited with return code 1
[2022-09-17 01:37:34,900] {taskinstance.py:826} INFO - Dependencies all met for <TaskInstance: bigquery_dag.query_big_query_table 2022-09-10T03:00:00+00:00 [queued]>
[2022-09-17 01:37:35,111] {taskinstance.py:826} INFO - Dependencies all met for <TaskInstance: bigquery_dag.query_big_query_table 2022-09-10T03:00:00+00:00 [queued]>
[2022-09-17 01:37:35,126] {taskinstance.py:1017} INFO - 
--------------------------------------------------------------------------------
[2022-09-17 01:37:35,129] {taskinstance.py:1018} INFO - Starting attempt 1 of 3
[2022-09-17 01:37:35,132] {taskinstance.py:1019} INFO - 
--------------------------------------------------------------------------------
[2022-09-17 01:37:35,239] {taskinstance.py:1038} INFO - Executing <Task(BigQueryOperator): query_big_query_table> on 2022-09-10T03:00:00+00:00
[2022-09-17 01:37:35,260] {standard_task_runner.py:51} INFO - Started process 1494 to run task
[2022-09-17 01:37:35,321] {standard_task_runner.py:75} INFO - Running: ['airflow', 'tasks', 'run', 'bigquery_dag', 'query_big_query_table', '2022-09-10T03:00:00+00:00', '--job-id', '158', '--pool', 'default_pool', '--raw', '--subdir', 'DAGS_FOLDER/dag_with_bigquery.py', '--cfg-path', '/tmp/tmpie7fdcxd']
[2022-09-17 01:37:35,343] {standard_task_runner.py:76} INFO - Job 158: Subtask query_big_query_table
[2022-09-17 01:37:35,788] {logging_mixin.py:103} INFO - Running <TaskInstance: bigquery_dag.query_big_query_table 2022-09-10T03:00:00+00:00 [running]> on host 27377494ab8b
[2022-09-17 01:37:36,116] {taskinstance.py:1232} INFO - Exporting the following env vars:
AIRFLOW_CTX_DAG_OWNER=Dave
AIRFLOW_CTX_DAG_ID=bigquery_dag
AIRFLOW_CTX_TASK_ID=query_big_query_table
AIRFLOW_CTX_EXECUTION_DATE=2022-09-10T03:00:00+00:00
AIRFLOW_CTX_DAG_RUN_ID=scheduled__2022-09-10T03:00:00+00:00
[2022-09-17 01:37:36,138] {bigquery.py:680} INFO - Executing: 
           select id from githubarchive.day.20220914
        
[2022-09-17 01:37:36,240] {logging_mixin.py:103} WARNING - /home/airflow/.local/lib/python3.6/site-packages/airflow/providers/google/cloud/hooks/bigquery.py:2052 DeprecationWarning: This method is deprecated. Please use `BigQueryHook.insert_job` method.
[2022-09-17 01:37:36,251] {taskinstance.py:1396} ERROR - [Errno 2] No such file or directory: '/Users/david/Documents/airflow_pr/airflow-docker/airflow-data/support/keys/quick-keel-213611-3a513d19a935.json'
Traceback (most recent call last):
  File "/home/airflow/.local/lib/python3.6/site-packages/airflow/models/taskinstance.py", line 1086, in _run_raw_task
    self._prepare_and_execute_task_with_callbacks(context, task)
  File "/home/airflow/.local/lib/python3.6/site-packages/airflow/models/taskinstance.py", line 1260, in _prepare_and_execute_task_with_callbacks
    result = self._execute_task(context, task_copy)
  File "/home/airflow/.local/lib/python3.6/site-packages/airflow/models/taskinstance.py", line 1300, in _execute_task
    result = task_copy.execute(context=context)
  File "/home/airflow/.local/lib/python3.6/site-packages/airflow/providers/google/cloud/operators/bigquery.py", line 706, in execute
    encryption_configuration=self.encryption_configuration,
  File "/home/airflow/.local/lib/python3.6/site-packages/airflow/providers/google/cloud/hooks/bigquery.py", line 2054, in run_query
    if not self.project_id:
  File "/home/airflow/.local/lib/python3.6/site-packages/airflow/providers/google/common/hooks/base_google.py", line 307, in project_id
    _, project_id = self._get_credentials_and_project_id()
  File "/home/airflow/.local/lib/python3.6/site-packages/airflow/providers/google/common/hooks/base_google.py", line 237, in _get_credentials_and_project_id
    delegates=delegates,
  File "/home/airflow/.local/lib/python3.6/site-packages/airflow/providers/google/cloud/utils/credentials_provider.py", line 309, in get_credentials_and_project_id
    return _CredentialProvider(*args, **kwargs).get_credentials_and_project()
  File "/home/airflow/.local/lib/python3.6/site-packages/airflow/providers/google/cloud/utils/credentials_provider.py", line 238, in get_credentials_and_project
    credentials, project_id = self._get_credentials_using_key_path()
  File "/home/airflow/.local/lib/python3.6/site-packages/airflow/providers/google/cloud/utils/credentials_provider.py", line 286, in _get_credentials_using_key_path
    self.key_path, scopes=self.scopes
  File "/home/airflow/.local/lib/python3.6/site-packages/google/oauth2/service_account.py", line 234, in from_service_account_file
    filename, require=["client_email", "token_uri"]
  File "/home/airflow/.local/lib/python3.6/site-packages/google/auth/_service_account_info.py", line 72, in from_filename
    with io.open(filename, "r", encoding="utf-8") as json_file:
FileNotFoundError: [Errno 2] No such file or directory: '/Users/david/Documents/airflow_pr/airflow-docker/airflow-data/support/keys/quick-keel-213611-3a513d19a935.json'
[2022-09-17 01:37:36,301] {taskinstance.py:1440} INFO - Marking task as UP_FOR_RETRY. dag_id=bigquery_dag, task_id=query_big_query_table, execution_date=20220910T030000, start_date=20220917T013734, end_date=20220917T013736
[2022-09-17 01:37:36,525] {local_task_job.py:118} INFO - Task exited with return code 1
[2022-09-17 01:40:56,646] {taskinstance.py:826} INFO - Dependencies all met for <TaskInstance: bigquery_dag.query_big_query_table 2022-09-10T03:00:00+00:00 [queued]>
[2022-09-17 01:40:56,802] {taskinstance.py:826} INFO - Dependencies all met for <TaskInstance: bigquery_dag.query_big_query_table 2022-09-10T03:00:00+00:00 [queued]>
[2022-09-17 01:40:56,813] {taskinstance.py:1017} INFO - 
--------------------------------------------------------------------------------
[2022-09-17 01:40:56,817] {taskinstance.py:1018} INFO - Starting attempt 1 of 3
[2022-09-17 01:40:56,821] {taskinstance.py:1019} INFO - 
--------------------------------------------------------------------------------
[2022-09-17 01:40:56,929] {taskinstance.py:1038} INFO - Executing <Task(BigQueryOperator): query_big_query_table> on 2022-09-10T03:00:00+00:00
[2022-09-17 01:40:56,981] {standard_task_runner.py:51} INFO - Started process 3355 to run task
[2022-09-17 01:40:57,043] {standard_task_runner.py:75} INFO - Running: ['airflow', 'tasks', 'run', 'bigquery_dag', 'query_big_query_table', '2022-09-10T03:00:00+00:00', '--job-id', '178', '--pool', 'default_pool', '--raw', '--subdir', 'DAGS_FOLDER/dag_with_bigquery.py', '--cfg-path', '/tmp/tmpi4mqmsve']
[2022-09-17 01:40:57,085] {standard_task_runner.py:76} INFO - Job 178: Subtask query_big_query_table
[2022-09-17 01:40:57,492] {logging_mixin.py:103} INFO - Running <TaskInstance: bigquery_dag.query_big_query_table 2022-09-10T03:00:00+00:00 [running]> on host 27377494ab8b
[2022-09-17 01:40:58,018] {taskinstance.py:1232} INFO - Exporting the following env vars:
AIRFLOW_CTX_DAG_OWNER=Dave
AIRFLOW_CTX_DAG_ID=bigquery_dag
AIRFLOW_CTX_TASK_ID=query_big_query_table
AIRFLOW_CTX_EXECUTION_DATE=2022-09-10T03:00:00+00:00
AIRFLOW_CTX_DAG_RUN_ID=scheduled__2022-09-10T03:00:00+00:00
[2022-09-17 01:40:58,066] {bigquery.py:680} INFO - Executing: 
           select id from githubarchive.day.20220914
        
[2022-09-17 01:40:58,376] {logging_mixin.py:103} WARNING - /home/airflow/.local/lib/python3.6/site-packages/airflow/providers/google/cloud/hooks/bigquery.py:2052 DeprecationWarning: This method is deprecated. Please use `BigQueryHook.insert_job` method.
[2022-09-17 01:40:58,379] {taskinstance.py:1396} ERROR - [Errno 2] No such file or directory: '/opt/airflow/support/keys/quick-keel-213611-3a513d19a935.json'
Traceback (most recent call last):
  File "/home/airflow/.local/lib/python3.6/site-packages/airflow/models/taskinstance.py", line 1086, in _run_raw_task
    self._prepare_and_execute_task_with_callbacks(context, task)
  File "/home/airflow/.local/lib/python3.6/site-packages/airflow/models/taskinstance.py", line 1260, in _prepare_and_execute_task_with_callbacks
    result = self._execute_task(context, task_copy)
  File "/home/airflow/.local/lib/python3.6/site-packages/airflow/models/taskinstance.py", line 1300, in _execute_task
    result = task_copy.execute(context=context)
  File "/home/airflow/.local/lib/python3.6/site-packages/airflow/providers/google/cloud/operators/bigquery.py", line 706, in execute
    encryption_configuration=self.encryption_configuration,
  File "/home/airflow/.local/lib/python3.6/site-packages/airflow/providers/google/cloud/hooks/bigquery.py", line 2054, in run_query
    if not self.project_id:
  File "/home/airflow/.local/lib/python3.6/site-packages/airflow/providers/google/common/hooks/base_google.py", line 307, in project_id
    _, project_id = self._get_credentials_and_project_id()
  File "/home/airflow/.local/lib/python3.6/site-packages/airflow/providers/google/common/hooks/base_google.py", line 237, in _get_credentials_and_project_id
    delegates=delegates,
  File "/home/airflow/.local/lib/python3.6/site-packages/airflow/providers/google/cloud/utils/credentials_provider.py", line 309, in get_credentials_and_project_id
    return _CredentialProvider(*args, **kwargs).get_credentials_and_project()
  File "/home/airflow/.local/lib/python3.6/site-packages/airflow/providers/google/cloud/utils/credentials_provider.py", line 238, in get_credentials_and_project
    credentials, project_id = self._get_credentials_using_key_path()
  File "/home/airflow/.local/lib/python3.6/site-packages/airflow/providers/google/cloud/utils/credentials_provider.py", line 286, in _get_credentials_using_key_path
    self.key_path, scopes=self.scopes
  File "/home/airflow/.local/lib/python3.6/site-packages/google/oauth2/service_account.py", line 234, in from_service_account_file
    filename, require=["client_email", "token_uri"]
  File "/home/airflow/.local/lib/python3.6/site-packages/google/auth/_service_account_info.py", line 72, in from_filename
    with io.open(filename, "r", encoding="utf-8") as json_file:
FileNotFoundError: [Errno 2] No such file or directory: '/opt/airflow/support/keys/quick-keel-213611-3a513d19a935.json'
[2022-09-17 01:40:58,446] {taskinstance.py:1440} INFO - Marking task as UP_FOR_RETRY. dag_id=bigquery_dag, task_id=query_big_query_table, execution_date=20220910T030000, start_date=20220917T014056, end_date=20220917T014058
[2022-09-17 01:40:58,947] {local_task_job.py:118} INFO - Task exited with return code 1
[2022-09-17 01:45:34,486] {taskinstance.py:826} INFO - Dependencies all met for <TaskInstance: bigquery_dag.query_big_query_table 2022-09-10T03:00:00+00:00 [queued]>
[2022-09-17 01:45:34,661] {taskinstance.py:826} INFO - Dependencies all met for <TaskInstance: bigquery_dag.query_big_query_table 2022-09-10T03:00:00+00:00 [queued]>
[2022-09-17 01:45:34,668] {taskinstance.py:1017} INFO - 
--------------------------------------------------------------------------------
[2022-09-17 01:45:34,670] {taskinstance.py:1018} INFO - Starting attempt 1 of 3
[2022-09-17 01:45:34,672] {taskinstance.py:1019} INFO - 
--------------------------------------------------------------------------------
[2022-09-17 01:45:34,762] {taskinstance.py:1038} INFO - Executing <Task(BigQueryOperator): query_big_query_table> on 2022-09-10T03:00:00+00:00
[2022-09-17 01:45:34,796] {standard_task_runner.py:51} INFO - Started process 6619 to run task
[2022-09-17 01:45:34,829] {standard_task_runner.py:75} INFO - Running: ['airflow', 'tasks', 'run', 'bigquery_dag', 'query_big_query_table', '2022-09-10T03:00:00+00:00', '--job-id', '200', '--pool', 'default_pool', '--raw', '--subdir', 'DAGS_FOLDER/dag_with_bigquery.py', '--cfg-path', '/tmp/tmps077j1u8']
[2022-09-17 01:45:34,844] {standard_task_runner.py:76} INFO - Job 200: Subtask query_big_query_table
[2022-09-17 01:45:35,219] {logging_mixin.py:103} INFO - Running <TaskInstance: bigquery_dag.query_big_query_table 2022-09-10T03:00:00+00:00 [running]> on host 27377494ab8b
[2022-09-17 01:45:35,480] {taskinstance.py:1232} INFO - Exporting the following env vars:
AIRFLOW_CTX_DAG_OWNER=Dave
AIRFLOW_CTX_DAG_ID=bigquery_dag
AIRFLOW_CTX_TASK_ID=query_big_query_table
AIRFLOW_CTX_EXECUTION_DATE=2022-09-10T03:00:00+00:00
AIRFLOW_CTX_DAG_RUN_ID=scheduled__2022-09-10T03:00:00+00:00
[2022-09-17 01:45:35,488] {bigquery.py:680} INFO - Executing: 
           select id from githubarchive.day.20220914
        
[2022-09-17 01:45:35,629] {logging_mixin.py:103} WARNING - /home/airflow/.local/lib/python3.6/site-packages/airflow/providers/google/cloud/hooks/bigquery.py:2052 DeprecationWarning: This method is deprecated. Please use `BigQueryHook.insert_job` method.
[2022-09-17 01:45:35,804] {bigquery.py:1510} INFO - Inserting job airflow_1663379135793481_06d2bf8b43be9b79a3e89edf3b53e367
[2022-09-17 01:45:41,925] {taskinstance.py:1142} INFO - Marking task as SUCCESS. dag_id=bigquery_dag, task_id=query_big_query_table, execution_date=20220910T030000, start_date=20220917T014534, end_date=20220917T014541
[2022-09-17 01:45:42,452] {taskinstance.py:1195} INFO - 0 downstream tasks scheduled from follow-on schedule check
[2022-09-17 01:45:42,517] {local_task_job.py:118} INFO - Task exited with return code 0
[2022-09-18 19:36:07,556] {taskinstance.py:826} INFO - Dependencies all met for <TaskInstance: bigquery_dag.query_big_query_table 2022-09-10T03:00:00+00:00 [queued]>
[2022-09-18 19:36:07,655] {taskinstance.py:826} INFO - Dependencies all met for <TaskInstance: bigquery_dag.query_big_query_table 2022-09-10T03:00:00+00:00 [queued]>
[2022-09-18 19:36:07,667] {taskinstance.py:1017} INFO - 
--------------------------------------------------------------------------------
[2022-09-18 19:36:07,675] {taskinstance.py:1018} INFO - Starting attempt 1 of 3
[2022-09-18 19:36:07,677] {taskinstance.py:1019} INFO - 
--------------------------------------------------------------------------------
[2022-09-18 19:36:07,736] {taskinstance.py:1038} INFO - Executing <Task(BigQueryOperator): query_big_query_table> on 2022-09-10T03:00:00+00:00
[2022-09-18 19:36:07,748] {standard_task_runner.py:51} INFO - Started process 687 to run task
[2022-09-18 19:36:07,781] {standard_task_runner.py:75} INFO - Running: ['airflow', 'tasks', 'run', 'bigquery_dag', 'query_big_query_table', '2022-09-10T03:00:00+00:00', '--job-id', '396', '--pool', 'default_pool', '--raw', '--subdir', 'DAGS_FOLDER/dag_with_bigquery.py', '--cfg-path', '/tmp/tmp6a1zsh8_']
[2022-09-18 19:36:07,791] {standard_task_runner.py:76} INFO - Job 396: Subtask query_big_query_table
[2022-09-18 19:36:08,010] {logging_mixin.py:103} INFO - Running <TaskInstance: bigquery_dag.query_big_query_table 2022-09-10T03:00:00+00:00 [running]> on host 27377494ab8b
[2022-09-18 19:36:08,239] {taskinstance.py:1232} INFO - Exporting the following env vars:
AIRFLOW_CTX_DAG_OWNER=Dave
AIRFLOW_CTX_DAG_ID=bigquery_dag
AIRFLOW_CTX_TASK_ID=query_big_query_table
AIRFLOW_CTX_EXECUTION_DATE=2022-09-10T03:00:00+00:00
AIRFLOW_CTX_DAG_RUN_ID=scheduled__2022-09-10T03:00:00+00:00
[2022-09-18 19:36:08,266] {bigquery.py:680} INFO - Executing: 
           select id from githubarchive.day.20220914
        
[2022-09-18 19:36:08,403] {logging_mixin.py:103} WARNING - /home/airflow/.local/lib/python3.6/site-packages/airflow/providers/google/cloud/hooks/bigquery.py:2052 DeprecationWarning: This method is deprecated. Please use `BigQueryHook.insert_job` method.
[2022-09-18 19:36:08,595] {bigquery.py:1510} INFO - Inserting job airflow_1663529768586120_06d2bf8b43be9b79a3e89edf3b53e367
[2022-09-18 19:36:10,739] {taskinstance.py:1142} INFO - Marking task as SUCCESS. dag_id=bigquery_dag, task_id=query_big_query_table, execution_date=20220910T030000, start_date=20220918T193607, end_date=20220918T193610
[2022-09-18 19:36:11,324] {taskinstance.py:1195} INFO - 0 downstream tasks scheduled from follow-on schedule check
[2022-09-18 19:36:11,423] {local_task_job.py:118} INFO - Task exited with return code 0
[2022-09-18 19:41:13,002] {taskinstance.py:826} INFO - Dependencies all met for <TaskInstance: bigquery_dag.query_big_query_table 2022-09-10T03:00:00+00:00 [queued]>
[2022-09-18 19:41:13,116] {taskinstance.py:826} INFO - Dependencies all met for <TaskInstance: bigquery_dag.query_big_query_table 2022-09-10T03:00:00+00:00 [queued]>
[2022-09-18 19:41:13,120] {taskinstance.py:1017} INFO - 
--------------------------------------------------------------------------------
[2022-09-18 19:41:13,122] {taskinstance.py:1018} INFO - Starting attempt 1 of 3
[2022-09-18 19:41:13,127] {taskinstance.py:1019} INFO - 
--------------------------------------------------------------------------------
[2022-09-18 19:41:13,241] {taskinstance.py:1038} INFO - Executing <Task(BigQueryOperator): query_big_query_table> on 2022-09-10T03:00:00+00:00
[2022-09-18 19:41:13,280] {standard_task_runner.py:51} INFO - Started process 3705 to run task
[2022-09-18 19:41:13,324] {standard_task_runner.py:75} INFO - Running: ['airflow', 'tasks', 'run', 'bigquery_dag', 'query_big_query_table', '2022-09-10T03:00:00+00:00', '--job-id', '426', '--pool', 'default_pool', '--raw', '--subdir', 'DAGS_FOLDER/dag_with_bigquery.py', '--cfg-path', '/tmp/tmpb003fwq4']
[2022-09-18 19:41:13,351] {standard_task_runner.py:76} INFO - Job 426: Subtask query_big_query_table
[2022-09-18 19:41:13,808] {logging_mixin.py:103} INFO - Running <TaskInstance: bigquery_dag.query_big_query_table 2022-09-10T03:00:00+00:00 [running]> on host 27377494ab8b
[2022-09-18 19:41:14,296] {taskinstance.py:1232} INFO - Exporting the following env vars:
AIRFLOW_CTX_DAG_OWNER=Dave
AIRFLOW_CTX_DAG_ID=bigquery_dag
AIRFLOW_CTX_TASK_ID=query_big_query_table
AIRFLOW_CTX_EXECUTION_DATE=2022-09-10T03:00:00+00:00
AIRFLOW_CTX_DAG_RUN_ID=scheduled__2022-09-10T03:00:00+00:00
[2022-09-18 19:41:14,363] {bigquery.py:680} INFO - Executing: 
           select id from githubarchive.day.20220914
        
[2022-09-18 19:41:14,611] {logging_mixin.py:103} WARNING - /home/airflow/.local/lib/python3.6/site-packages/airflow/providers/google/cloud/hooks/bigquery.py:2052 DeprecationWarning: This method is deprecated. Please use `BigQueryHook.insert_job` method.
[2022-09-18 19:41:15,057] {bigquery.py:1510} INFO - Inserting job airflow_1663530075028917_06d2bf8b43be9b79a3e89edf3b53e367
[2022-09-18 19:41:18,161] {taskinstance.py:1142} INFO - Marking task as SUCCESS. dag_id=bigquery_dag, task_id=query_big_query_table, execution_date=20220910T030000, start_date=20220918T194113, end_date=20220918T194118
[2022-09-18 19:41:18,596] {local_task_job.py:170} WARNING - State of this instance has been externally set to success. Terminating instance.
[2022-09-18 19:41:18,650] {process_utils.py:95} INFO - Sending Signals.SIGTERM to GPID 3705
[2022-09-18 19:41:18,653] {taskinstance.py:1214} ERROR - Received SIGTERM. Terminating subprocesses.
[2022-09-18 19:41:18,660] {bigquery.py:740} INFO - Cancelling running query
[2022-09-18 19:41:18,686] {logging_mixin.py:103} WARNING - /home/airflow/.local/lib/python3.6/site-packages/airflow/providers/google/cloud/hooks/bigquery.py:1371 DeprecationWarning: This method is deprecated. Please use `BigQueryHook.cancel_job`.
[2022-09-18 19:41:19,539] {bigquery.py:1398} INFO - No running BigQuery jobs to cancel.
[2022-09-18 19:41:19,865] {process_utils.py:61} INFO - Process psutil.Process(pid=3705, status='terminated', exitcode=1, started='19:41:12') (3705) terminated with exit code 1
[2022-09-18 19:41:19,912] {local_task_job.py:118} INFO - Task exited with return code 1
[2022-09-19 02:27:26,209] {taskinstance.py:826} INFO - Dependencies all met for <TaskInstance: bigquery_dag.query_big_query_table 2022-09-10T03:00:00+00:00 [queued]>
[2022-09-19 02:27:26,372] {taskinstance.py:826} INFO - Dependencies all met for <TaskInstance: bigquery_dag.query_big_query_table 2022-09-10T03:00:00+00:00 [queued]>
[2022-09-19 02:27:26,383] {taskinstance.py:1017} INFO - 
--------------------------------------------------------------------------------
[2022-09-19 02:27:26,387] {taskinstance.py:1018} INFO - Starting attempt 1 of 3
[2022-09-19 02:27:26,396] {taskinstance.py:1019} INFO - 
--------------------------------------------------------------------------------
[2022-09-19 02:27:26,458] {taskinstance.py:1038} INFO - Executing <Task(BigQueryOperator): query_big_query_table> on 2022-09-10T03:00:00+00:00
[2022-09-19 02:27:26,486] {standard_task_runner.py:51} INFO - Started process 373 to run task
[2022-09-19 02:27:26,516] {standard_task_runner.py:75} INFO - Running: ['airflow', 'tasks', 'run', 'bigquery_dag', 'query_big_query_table', '2022-09-10T03:00:00+00:00', '--job-id', '498', '--pool', 'default_pool', '--raw', '--subdir', 'DAGS_FOLDER/dag_with_bigquery.py', '--cfg-path', '/tmp/tmp43oaly1e']
[2022-09-19 02:27:26,532] {standard_task_runner.py:76} INFO - Job 498: Subtask query_big_query_table
[2022-09-19 02:27:26,749] {logging_mixin.py:103} INFO - Running <TaskInstance: bigquery_dag.query_big_query_table 2022-09-10T03:00:00+00:00 [running]> on host 27377494ab8b
[2022-09-19 02:27:26,959] {taskinstance.py:1232} INFO - Exporting the following env vars:
AIRFLOW_CTX_DAG_OWNER=Dave
AIRFLOW_CTX_DAG_ID=bigquery_dag
AIRFLOW_CTX_TASK_ID=query_big_query_table
AIRFLOW_CTX_EXECUTION_DATE=2022-09-10T03:00:00+00:00
AIRFLOW_CTX_DAG_RUN_ID=scheduled__2022-09-10T03:00:00+00:00
[2022-09-19 02:27:26,972] {bigquery.py:680} INFO - Executing: 
           select id from githubarchive.day.20220914
        
[2022-09-19 02:27:27,046] {logging_mixin.py:103} WARNING - /home/airflow/.local/lib/python3.6/site-packages/airflow/providers/google/cloud/hooks/bigquery.py:2052 DeprecationWarning: This method is deprecated. Please use `BigQueryHook.insert_job` method.
[2022-09-19 02:27:27,149] {bigquery.py:1510} INFO - Inserting job airflow_1663554447146026_06d2bf8b43be9b79a3e89edf3b53e367
[2022-09-19 02:27:28,759] {taskinstance.py:1142} INFO - Marking task as SUCCESS. dag_id=bigquery_dag, task_id=query_big_query_table, execution_date=20220910T030000, start_date=20220919T022726, end_date=20220919T022728
[2022-09-19 02:27:29,253] {taskinstance.py:1195} INFO - 0 downstream tasks scheduled from follow-on schedule check
[2022-09-19 02:27:29,324] {local_task_job.py:118} INFO - Task exited with return code 0
